        Episode           Step   Epsilon  Get_resultnum     MeanReward     MeanLength       MeanLoss     MeanQValue      TimeDelta DDPGn  PPOn DPGnn  DQNn DDQNn MSANn                Time
              0            306     0.999              5         -0.617          3.060          0.000          0.000          3.391    54    40    68    74    70     0 2024-11-14T18:03:22
              1            604     0.998             10         -0.526          2.980          0.000          0.000          0.953    54    43    64    84    52     1 2024-11-14T18:03:23
              2            897     0.998              7         -0.606          2.930          0.000          0.000          0.939    46    43    69    76    58     1 2024-11-14T18:03:24
              3           1208     0.997              3         -0.673          3.110          0.044         -0.039          1.384    49    50    71    67    71     3 2024-11-14T18:03:26
              4           1529     0.996              6         -0.579          3.210          0.052         -0.064          1.340    51    46    65    73    66    20 2024-11-14T18:03:27
              5           1865     0.995              7         -0.525          3.360          0.056         -0.050          1.499    64    51    78    54    62    27 2024-11-14T18:03:29
              6           2243     0.994             12         -0.327          3.780          0.099         -0.061          1.746    53    66    70    76    61    52 2024-11-14T18:03:30
              7           2611     0.993             15         -0.274          3.680          0.087         -0.048          1.585    60    60    64    70    57    57 2024-11-14T18:03:32
              8           2979     0.993             10         -0.402          3.680          0.100         -0.047          1.681    60    63    60    58    71    56 2024-11-14T18:03:34
              9           3399     0.992             24          0.041          4.200          0.080         -0.033          1.728   101    52    51    83    60    73 2024-11-14T18:03:35
             10           3803     0.991             21         -0.064          4.040          0.072         -0.053          1.708    93    49    64    63    67    68 2024-11-14T18:03:37
             11           4225     0.989             29          0.160          4.220          0.045         -0.031          1.496    82    67    55    71    62    85 2024-11-14T18:03:38
             12           4637     0.988             23         -0.006          4.120          0.043         -0.040          1.532   105    59    66    56    48    78 2024-11-14T18:03:40
             13           5111     0.987             41          0.558          4.740          0.029         -0.029          1.754   140    61    62    47    72    92 2024-11-14T18:03:42
             14           5561     0.986             42          0.534          4.500          0.011         -0.032          1.581   153    49    45    46    51   106 2024-11-14T18:03:43
             15           6005     0.985             35          0.352          4.440          0.022         -0.023          1.606    89    54   102    42    60    97 2024-11-14T18:03:45
             16           6475     0.984             36          0.428          4.700          0.021         -0.016          1.627   102    55    69    84    48   112 2024-11-14T18:03:47
             17           6947     0.983             41          0.553          4.720          0.030         -0.020          1.752   103    76    72    74    43   104 2024-11-14T18:03:48
             18           7419     0.982             45          0.650          4.720          0.015         -0.024          1.650    81    70    85    68    56   112 2024-11-14T18:03:50
             19           7873     0.981             36          0.395          4.540          0.033         -0.016          1.651    88    55    75    74    85    77 2024-11-14T18:03:52
             20           8315     0.979             29          0.207          4.420          0.037         -0.010          1.638    97    49    60    62    83    91 2024-11-14T18:03:53
             21           8765     0.978             33          0.313          4.500          0.041         -0.016          1.753    76    52    63    90    79    90 2024-11-14T18:03:55
             22           9245     0.977             37          0.472          4.800          0.038         -0.005          1.739   117    34   101    99    42    87 2024-11-14T18:03:57
             23           9695     0.976             38          0.437          4.500          0.027         -0.022          1.710    80    52    72    62   113    71 2024-11-14T18:03:58
             24          10149     0.975             41          0.513          4.540          0.041         -0.007          1.654   119    51    74    75    53    82 2024-11-14T18:04:00
             25          10663     0.974             54          0.948          5.140          0.034          0.002          1.716   102    88    64    45    96   119 2024-11-14T18:04:02
             26          11115     0.973             37          0.417          4.520          0.039         -0.006          1.654   140    42    72    60    57    81 2024-11-14T18:04:03
             27          11623     0.971             62          1.132          5.080          0.055          0.004          1.904   192    71    40    45    31   129 2024-11-14T18:04:05
             28          12127     0.970             61          1.100          5.040          0.033         -0.012          1.810   142   103    33    36    28   162 2024-11-14T18:04:07
             29          12615     0.969             60          1.040          4.880          0.050          0.005          1.754   101    92    66    40    36   153 2024-11-14T18:04:09
             30          13121     0.968             60          1.078          5.060          0.046          0.007          1.817   154    75    54    63    31   129 2024-11-14T18:04:11
             31          13639     0.966             67          1.272          5.180          0.019         -0.004          1.699    54   180    44    46    28   166 2024-11-14T18:04:12
             32          14153     0.965             63          1.165          5.140          0.048         -0.003          1.841   182    76    26    54    29   147 2024-11-14T18:04:14
             33          14645     0.964             60          1.051          4.920          0.056          0.011          1.861   189    82    45    29    24   123 2024-11-14T18:04:16
             34          15177     0.963             69          1.352          5.320          0.061          0.018          2.065   213    65    23    48    36   147 2024-11-14T18:04:18
             35          15697     0.962             70          1.345          5.200          0.055          0.009          1.924   123   129    42    37    17   172 2024-11-14T18:04:20
             36          16231     0.960             71          1.403          5.340          0.036          0.008          2.005   261    39    39    27    34   134 2024-11-14T18:04:22
             37          16747     0.959             63          1.172          5.160          0.036          0.011          1.743   205    71    23    37    42   138 2024-11-14T18:04:24
             38          17273     0.958             67          1.294          5.260          0.044          0.015          1.835   261    39    27    32    38   129 2024-11-14T18:04:26
             39          17837     0.956             84          1.773          5.640          0.032          0.014          1.847   117   181    26    23     8   209 2024-11-14T18:04:28
             40          18407     0.955             90          1.932          5.700          0.023          0.010          1.755   184   153    15     8     6   204 2024-11-14T18:04:29
             41          18971     0.954             83          1.750          5.640          0.038          0.014          1.913   109   208    22    11    11   203 2024-11-14T18:04:31
             42          19519     0.952             78          1.597          5.480          0.007          0.006          1.725   296    26    17    41    17   151 2024-11-14T18:04:33
             43          20067     0.951             75          1.528          5.480          0.070          0.044          2.245   185    97    44    26    25   171 2024-11-14T18:04:35
             44          20591     0.950             68          1.305          5.240          0.049          0.035          1.972   242    52    29    32    30   139 2024-11-14T18:04:37
             45          21143     0.949             81          1.677          5.520          0.037          0.022          1.944   222   104    18    30    25   153 2024-11-14T18:04:39
             46          21695     0.947             81          1.677          5.520          0.029          0.020          1.846    31   242    41     9    16   213 2024-11-14T18:04:41
             47          22263     0.946             85          1.808          5.680          0.017          0.015          1.959   116   196    11    18    15   212 2024-11-14T18:04:43
             48          22849     0.944             94          2.059          5.860          0.038          0.033          2.087   124   200     3     9     2   248 2024-11-14T18:04:45
             49          23365     0.943             66          1.244          5.160          0.029          0.023          1.748   170   103    29    20    41   153 2024-11-14T18:04:47
             50          23891     0.942             65          1.239          5.260          0.035          0.033          2.010   169    93    47    40    34   143 2024-11-14T18:04:49
             51          24423     0.941             75          1.495          5.320          0.007          0.009          1.672   207    91    39    13    29   153 2024-11-14T18:04:50
             52          24940     0.940             65          1.220          5.170          0.035          0.041          1.935   112   124    37    45    44   155 2024-11-14T18:04:52
             53          25498     0.938             84          1.763          5.580          0.029          0.022          1.933   132   189    11    13     6   207 2024-11-14T18:04:54
             54          26028     0.937             66          1.275          5.300          0.040          0.057          2.119    91   168    32    28    41   170 2024-11-14T18:04:56
             55          26500     0.936             45          0.652          4.720          0.008          0.027          1.702   133    61    68    71    51    88 2024-11-14T18:04:58
             56          26984     0.935             49          0.773          4.840          0.029          0.048          1.902   132    75    73    49    44   111 2024-11-14T18:05:00
             57          27456     0.934             50          0.774          4.720          0.030          0.049          1.825   101   113    47    62    38   111 2024-11-14T18:05:02
             58          27892     0.933             37          0.384          4.360          0.019          0.045          1.695    86    93    60    39    66    92 2024-11-14T18:05:04
             59          28312     0.932             33          0.257          4.200          0.008          0.031          1.569    83    96    71    41    57    72 2024-11-14T18:05:05
             60          28756     0.931             43          0.553          4.440          0.018          0.043          1.652    73    89   101    64    33    84 2024-11-14T18:05:07
             61          29208     0.930             34          0.352          4.520          0.019          0.046          1.627    44   118    66    56    82    86 2024-11-14T18:05:08
             62          29648     0.929             31          0.254          4.400         -0.004          0.039          1.608    57   110    62    69    51    91 2024-11-14T18:05:10
             63          30088     0.928             43          0.546          4.400          0.015          0.054          1.714    28   130    48    68    67    99 2024-11-14T18:05:12
             64          30576     0.926             54          0.901          4.880          0.012          0.068          1.902    41   175    61    37    41   133 2024-11-14T18:05:14
             65          31084     0.925             63          1.163          5.080          0.009          0.099          2.103    24   209    43    39    28   165 2024-11-14T18:05:16
             66          31570     0.924             57          0.971          4.860         -0.003          0.079          1.935    22   195    72    37    25   135 2024-11-14T18:05:18
             67          32122     0.923             80          1.652          5.520         -0.003          0.011          1.756    14   259    24    26    14   215 2024-11-14T18:05:19
             68          32614     0.922             60          1.053          4.920          0.011          0.053          1.717    27   203    34    29    51   148 2024-11-14T18:05:21
             69          33172     0.920             75          1.554          5.580         -0.006          0.092          2.303    20   251    36    46    28   177 2024-11-14T18:05:23
             70          33718     0.919             73          1.478          5.460         -0.016          0.127          2.202    15   239    37    27    41   187 2024-11-14T18:05:26
             71          34216     0.918             62          1.113          4.980         -0.039          0.139          2.090    91   186    27    25    30   139 2024-11-14T18:05:28
             72          34770     0.917             80          1.661          5.540         -0.011          0.078          2.060    16   266    31    17     9   215 2024-11-14T18:05:30
             73          35302     0.916             75          1.499          5.320         -0.002          0.026          1.752   288   101    20    43    16    64 2024-11-14T18:05:32
             74          35864     0.914             81          1.702          5.620          0.002          0.023          1.854   410    37    44    20    13    38 2024-11-14T18:05:33
             75          36456     0.913             95          2.096          5.920         -0.008          0.114          2.280   526    25    10     6     4    21 2024-11-14T18:05:36
             76          37056     0.912            100          2.233          6.000         -0.106          0.259          2.917   600     0     0     0     0     0 2024-11-14T18:05:39
             77          37656     0.910            100          2.233          6.000         -0.118          0.281          2.907   600     0     0     0     0     0 2024-11-14T18:05:42
             78          38256     0.909            100          2.233          6.000         -0.115          0.291          2.942   600     0     0     0     0     0 2024-11-14T18:05:44
             79          38856     0.907            100          2.233          6.000         -0.164          0.281          2.960   600     0     0     0     0     0 2024-11-14T18:05:47
             80          39456     0.906            100          2.233          6.000         -0.189          0.294          2.929   600     0     0     0     0     0 2024-11-14T18:05:50
             81          40056     0.905            100          2.233          6.000         -0.118          0.318          2.789   600     0     0     0     0     0 2024-11-14T18:05:53
             82          40656     0.903            100          2.233          6.000         -0.095          0.310          3.093   600     0     0     0     0     0 2024-11-14T18:05:56
             83          41256     0.902            100          2.233          6.000         -0.056          0.331          2.953   600     0     0     0     0     0 2024-11-14T18:05:59
             84          41856     0.901            100          2.233          6.000          0.087          0.330          2.752   600     0     0     0     0     0 2024-11-14T18:06:02
             85          42456     0.899            100          2.233          6.000          0.232          0.321          2.838   600     0     0     0     0     0 2024-11-14T18:06:05
             86          43056     0.898            100          2.233          6.000          0.405          0.350          2.946   600     0     0     0     0     0 2024-11-14T18:06:08
             87          43656     0.897            100          2.233          6.000          0.729          0.371          2.797   600     0     0     0     0     0 2024-11-14T18:06:11
             88          44256     0.895            100          2.233          6.000          1.156          0.365          2.806   600     0     0     0     0     0 2024-11-14T18:06:13
             89          44856     0.894            100          2.233          6.000          1.555          0.368          2.827   600     0     0     0     0     0 2024-11-14T18:06:16
             90          45456     0.893            100          2.233          6.000          2.223          0.372          2.885   600     0     0     0     0     0 2024-11-14T18:06:19
             91          46056     0.891            100          2.233          6.000          2.649          0.383          2.804   600     0     0     0     0     0 2024-11-14T18:06:22
             92          46656     0.890            100          2.233          6.000          3.708          0.398          2.765   600     0     0     0     0     0 2024-11-14T18:06:25
             93          47256     0.889            100          2.233          6.000          4.980          0.401          2.652   600     0     0     0     0     0 2024-11-14T18:06:27
             94          47856     0.887            100          2.233          6.000          6.012          0.395          2.853   600     0     0     0     0     0 2024-11-14T18:06:30
             95          48456     0.886            100          2.233          6.000          7.818          0.408          2.804   600     0     0     0     0     0 2024-11-14T18:06:33
             96          49056     0.885            100          2.233          6.000          9.668          0.421          2.782   600     0     0     0     0     0 2024-11-14T18:06:36
             97          49656     0.883            100          2.233          6.000         11.408          0.418          2.790   600     0     0     0     0     0 2024-11-14T18:06:38
             98          50256     0.882            100          2.233          6.000         13.784          0.412          2.807   600     0     0     0     0     0 2024-11-14T18:06:41
             99          50856     0.881            100          2.233          6.000         16.478          0.435          2.829   600     0     0     0     0     0 2024-11-14T18:06:44
            100          51456     0.879            100          2.233          6.000         19.637          0.437          2.815   600     0     0     0     0     0 2024-11-14T18:06:47
            101          52056     0.878            100          2.233          6.000         24.660          0.456          2.815   600     0     0     0     0     0 2024-11-14T18:06:50
            102          52656     0.877            100          2.233          6.000         27.308          0.445          2.814   600     0     0     0     0     0 2024-11-14T18:06:53
            103          53256     0.875            100          2.233          6.000         32.348          0.445          2.875   600     0     0     0     0     0 2024-11-14T18:06:55
            104          53856     0.874            100          2.233          6.000         36.312          0.474          2.887   600     0     0     0     0     0 2024-11-14T18:06:58
            105          54456     0.873            100          2.233          6.000         40.937          0.469          2.915   600     0     0     0     0     0 2024-11-14T18:07:01
            106          55056     0.871            100          2.233          6.000         48.020          0.475          3.025   600     0     0     0     0     0 2024-11-14T18:07:04
            107          55656     0.870            100          2.233          6.000         52.495          0.480          2.851   600     0     0     0     0     0 2024-11-14T18:07:07
