 Episode    Step   Epsilon  Get_resultnum     MeanReward     MeanLength       MeanLoss     MeanQValue      TimeDelta                Time
       0       9     1.000              0         -0.970          1.800          0.000          0.000          2.853 2023-03-23T15:50:00
       1      22     1.000              0         -0.953          2.200          0.000          0.000          0.292 2023-03-23T15:50:00
       2      58     0.999              0         -0.787          4.900          0.000          0.000          0.322 2023-03-23T15:50:00
       3      91     0.998              0         -0.712          6.900          0.000          0.000          0.302 2023-03-23T15:50:01
       4     111     0.998              0         -0.839          5.300          0.000          0.000          0.255 2023-03-23T15:50:01
       5     125     0.997              0         -0.914          3.400          0.000          0.000          0.213 2023-03-23T15:50:01
       6     135     0.997              0         -0.949          2.400          0.000          0.000          0.200 2023-03-23T15:50:01
       7     147     0.997              0         -0.952          2.200          0.000          0.000          0.200 2023-03-23T15:50:01
       8     158     0.996              0         -0.948          2.300          0.000          0.000          0.202 2023-03-23T15:50:02
       9     173     0.996              0         -0.941          2.600          0.000          0.000          0.238 2023-03-23T15:50:02
      10     183     0.996              0         -0.944          2.500          0.000          0.000          0.196 2023-03-23T15:50:02
      11     202     0.995              0         -0.928          2.900          0.000          0.000          0.240 2023-03-23T15:50:02
      12     231     0.995              0         -0.838          4.800          0.000          0.000          0.278 2023-03-23T15:50:03
      13     245     0.995              0         -0.860          4.300          0.000          0.000          0.231 2023-03-23T15:50:03
      14     258     0.994              0         -0.942          2.700          0.000          0.000          0.212 2023-03-23T15:50:03
      15     272     0.994              0         -0.941          2.700          0.000          0.000          0.220 2023-03-23T15:50:03
      16     286     0.994              0         -0.938          2.800          0.000          0.000          0.220 2023-03-23T15:50:03
      17     297     0.993              0         -0.946          2.500          0.000          0.000          0.204 2023-03-23T15:50:04
      18     311     0.993              0         -0.946          2.500          0.000          0.000          0.225 2023-03-23T15:50:04
      19     337     0.992              0         -0.880          4.000          0.000          0.000          0.266 2023-03-23T15:50:04
      20     352     0.992              0         -0.877          4.100          0.000          0.000          0.225 2023-03-23T15:50:04
      21     362     0.992              0         -0.947          2.500          0.000          0.000          0.210 2023-03-23T15:50:05
      22     377     0.992              0         -0.948          2.500          0.000          0.000          0.243 2023-03-23T15:50:05
      23     418     0.991              0         -0.754          5.600          0.000          0.000          0.344 2023-03-23T15:50:05
      24     430     0.990              0         -0.759          5.300          0.000          0.000          0.223 2023-03-23T15:50:05
      25     442     0.990              0         -0.943          2.400          0.000          0.000          0.219 2023-03-23T15:50:06
      26     458     0.990              0         -0.933          2.800          0.000          0.000          0.236 2023-03-23T15:50:06
      27     471     0.989              0         -0.934          2.900          0.000          0.000          0.225 2023-03-23T15:50:06
      28     482     0.989              0         -0.949          2.400          0.000          0.000          0.212 2023-03-23T15:50:06
      29     492     0.989              0         -0.958          2.100          0.000          0.000          0.215 2023-03-23T15:50:07
      30     513     0.989              0         -0.920          3.100          0.000          0.000          0.267 2023-03-23T15:50:07
      31     542     0.988              0         -0.852          5.000          0.000          0.000          0.302 2023-03-23T15:50:07
      32     569     0.987              0         -0.820          5.600          0.000          0.000          0.310 2023-03-23T15:50:07
      33     591     0.987              0         -0.841          4.900          0.000          0.000          0.289 2023-03-23T15:50:08
      34     601     0.987              0         -0.915          3.200          0.000          0.000          0.226 2023-03-23T15:50:08
      35     617     0.986              0         -0.945          2.600          0.000          0.000          0.253 2023-03-23T15:50:08
      36     633     0.986              0         -0.932          3.200          0.000          0.000          0.260 2023-03-23T15:50:08
      37     656     0.985              0         -0.897          3.900          0.000          0.000          0.297 2023-03-23T15:50:09
      38     666     0.985              0         -0.910          3.300          0.000          0.000          0.226 2023-03-23T15:50:09
      39     709     0.984              0         -0.818          5.300          0.000          0.000          0.392 2023-03-23T15:50:09
      40     719     0.984              0         -0.820          5.300          0.000          0.000          0.224 2023-03-23T15:50:10
      41     734     0.984              0         -0.946          2.500          0.000          0.000          0.265 2023-03-23T15:50:10
      42     745     0.983              0         -0.939          2.600          0.000          0.000          0.227 2023-03-23T15:50:10
      43     758     0.983              0         -0.951          2.400          0.000          0.000          0.242 2023-03-23T15:50:10
      44     778     0.983              0         -0.924          3.300          0.000          0.000          0.282 2023-03-23T15:50:11
      45     790     0.982              0         -0.921          3.200          0.000          0.000          0.254 2023-03-23T15:50:11
      46     806     0.982              0         -0.938          2.800          0.000          0.000          0.261 2023-03-23T15:50:11
      47     821     0.982              0         -0.928          3.100          0.000          0.000          0.239 2023-03-23T15:50:11
      48     836     0.981              0         -0.928          3.000          0.000          0.000          0.258 2023-03-23T15:50:12
      49     849     0.981              0         -0.938          2.800          0.000          0.000          0.256 2023-03-23T15:50:12
      50     858     0.981              0         -0.959          2.200          0.000          0.000          0.213 2023-03-23T15:50:12
      51     879     0.980              0         -0.927          3.000          0.000          0.000          0.281 2023-03-23T15:50:12
      52     889     0.980              0         -0.924          3.100          0.000          0.000          0.218 2023-03-23T15:50:13
      53     908     0.980              0         -0.932          2.900          0.000          0.000          0.277 2023-03-23T15:50:13
      54     918     0.980              0         -0.930          2.900          0.000          0.000          0.222 2023-03-23T15:50:13
      55     930     0.979              0         -0.952          2.200          0.000          0.000          0.231 2023-03-23T15:50:13
      56     985     0.978              0         -0.554          6.700          0.000          0.000          0.463 2023-03-23T15:50:14
      57     996     0.978              0         -0.559          6.600          0.000          0.000          0.225 2023-03-23T15:50:14
      58    1011     0.978              0         -0.941          2.600          0.000          0.000          0.253 2023-03-23T15:50:14
      59    1035     0.977              0         -0.897          3.900          0.000          0.000          0.289 2023-03-23T15:50:15
      60    1047     0.977              0         -0.904          3.600          0.000          0.000          0.235 2023-03-23T15:50:15
      61    1062     0.976              0         -0.936          2.700          0.000          0.000          0.247 2023-03-23T15:50:15
      62    1084     0.976              0         -0.897          3.700          0.000          0.000          0.285 2023-03-23T15:50:15
      63    1098     0.976              0         -0.896          3.600          0.000          0.000          0.238 2023-03-23T15:50:16
      64    1121     0.975              0         -0.893          3.700          0.000          0.000          0.295 2023-03-23T15:50:16
      65    1140     0.975              0         -0.880          4.200          0.000          0.000          0.271 2023-03-23T15:50:16
      66    1164     0.974              0         -0.876          4.300          0.000          0.000          0.296 2023-03-23T15:50:16
      67    1179     0.974              0         -0.890          3.900          0.000          0.000          0.247 2023-03-23T15:50:17
      68    1191     0.974              0         -0.936          2.700          0.000          0.000          0.246 2023-03-23T15:50:17
      69    1216     0.973              0         -0.888          3.700          0.000          0.000          0.299 2023-03-23T15:50:17
      70    1234     0.973              0         -0.870          4.300          0.000          0.000          0.261 2023-03-23T15:50:17
      71    1244     0.972              0         -0.934          2.800          0.000          0.000          0.219 2023-03-23T15:50:18
      72    1258     0.972              0         -0.951          2.400          0.000          0.000          0.255 2023-03-23T15:50:18
      73    1268     0.972              0         -0.952          2.400          0.000          0.000          0.220 2023-03-23T15:50:18
      74    1279     0.972              0         -0.958          2.100          0.000          0.000          0.230 2023-03-23T15:50:18
      75    1289     0.971              0         -0.957          2.100          0.000          0.000          0.220 2023-03-23T15:50:19
      76    1302     0.971              0         -0.954          2.300          0.000          0.000          0.248 2023-03-23T15:50:19
      77    1312     0.971              0         -0.956          2.300          0.000          0.000          0.219 2023-03-23T15:50:19
      78    1338     0.970              0         -0.894          3.600          0.000          0.000          0.306 2023-03-23T15:50:19
      79    1362     0.970              0         -0.845          5.000          0.000          0.000          0.296 2023-03-23T15:50:20
      80    1388     0.969              0         -0.844          5.000          0.000          0.000          0.312 2023-03-23T15:50:20
      81    1410     0.969              0         -0.848          4.800          0.000          0.000          0.299 2023-03-23T15:50:20
      82    1424     0.968              0         -0.906          3.600          0.000          0.000          0.241 2023-03-23T15:50:21
      83    1436     0.968              0         -0.941          2.600          0.000          0.000          0.233 2023-03-23T15:50:21
      84    1459     0.968              0         -0.912          3.500          0.000          0.000          0.295 2023-03-23T15:50:21
      85    1473     0.967              0         -0.909          3.700          0.000          0.000          0.241 2023-03-23T15:50:21
      86    1486     0.967              0         -0.941          2.700          0.000          0.000          0.237 2023-03-23T15:50:22
      87    1519     0.966              0         -0.833          4.600          0.000          0.000          0.348 2023-03-23T15:50:22
      88    1530     0.966              0         -0.838          4.400          0.000          0.000          0.232 2023-03-23T15:50:22
      89    1545     0.966              0         -0.950          2.600          0.000          0.000          0.258 2023-03-23T15:50:22
      90    1558     0.966              0         -0.947          2.800          0.000          0.000          0.236 2023-03-23T15:50:23
      91    1570     0.965              0         -0.946          2.500          0.000          0.000          0.243 2023-03-23T15:50:23
      92    1580     0.965              0         -0.952          2.200          0.000          0.000          0.222 2023-03-23T15:50:23
      93    1592     0.965              0         -0.953          2.200          0.000          0.000          0.232 2023-03-23T15:50:23
      94    1607     0.964              0         -0.940          2.700          0.000          0.000          0.247 2023-03-23T15:50:24
      95    1633     0.964              0         -0.878          4.100          0.000          0.000          0.304 2023-03-23T15:50:24
      96    1649     0.964              0         -0.875          4.200          0.000          0.000          0.248 2023-03-23T15:50:24
      97    1661     0.963              0         -0.937          2.800          0.000          0.000          0.245 2023-03-23T15:50:24
      98    1669     0.963              0         -0.963          2.000          0.000          0.000          0.211 2023-03-23T15:50:25
      99    1688     0.963              0         -0.940          2.700          0.000          0.000          0.271 2023-03-23T15:50:25
     100    1704     0.962              0         -0.914          3.500          0.000          0.000          0.250 2023-03-23T15:50:25
     101    1714     0.962              0         -0.945          2.600          0.000          0.000          0.234 2023-03-23T15:50:25
     102    1726     0.962              0         -0.960          2.200          0.000          0.000          0.242 2023-03-23T15:50:26
     103    1737     0.962              0         -0.955          2.300          0.000          0.000          0.236 2023-03-23T15:50:26
     104    1757     0.961              0         -0.922          3.100          0.000          0.000          0.284 2023-03-23T15:50:26
     105    1782     0.961              0         -0.861          4.500          0.000          0.000          0.295 2023-03-23T15:50:26
     106    1794     0.960              0         -0.893          3.700          0.000          0.000          0.231 2023-03-23T15:50:27
     107    1810     0.960              0         -0.938          2.800          0.000          0.000          0.254 2023-03-23T15:50:27
     108    1826     0.960              0         -0.928          3.200          0.000          0.000          0.254 2023-03-23T15:50:27
     109    1836     0.960              0         -0.949          2.600          0.000          0.000          0.223 2023-03-23T15:50:27
     110    1848     0.959              0         -0.961          2.200          0.000          0.000          0.241 2023-03-23T15:50:28
     111    1868     0.959              0         -0.924          3.200          0.000          0.000          0.278 2023-03-23T15:50:28
     112    1878     0.959              0         -0.927          3.000          0.000          0.000          0.223 2023-03-23T15:50:28
     113    1895     0.958              0         -0.940          2.700          0.000          0.000          0.267 2023-03-23T15:50:28
     114    1904     0.958              0         -0.943          2.600          0.000          0.000          0.215 2023-03-23T15:50:29
     115    1921     0.958              0         -0.945          2.600          0.000          0.000          0.269 2023-03-23T15:50:29
     116    1933     0.957              0         -0.932          2.900          0.000          0.000          0.232 2023-03-23T15:50:29
     117    1953     0.957              0         -0.917          3.200          0.000          0.000          0.278 2023-03-23T15:50:29
     118    1964     0.957              0         -0.922          3.100          0.000          0.000          0.228 2023-03-23T15:50:30
     119    1976     0.957              0         -0.948          2.300          0.000          0.000          0.241 2023-03-23T15:50:30
     120    1996     0.956              0         -0.925          3.200          0.000          0.000          0.282 2023-03-23T15:50:30
     121    2013     0.956              0         -0.915          3.700          0.000          0.000          0.274 2023-03-23T15:50:30
     122    2026     0.955              0         -0.934          3.000          0.000          0.000          0.241 2023-03-23T15:50:31
     123    2048     0.955              0         -0.919          3.500          0.000          0.000          0.284 2023-03-23T15:50:31
     124    2071     0.954              0         -0.877          4.500          0.000          0.000          0.304 2023-03-23T15:50:31
     125    2084     0.954              0         -0.904          3.600          0.000          0.000          0.239 2023-03-23T15:50:31
     126    2094     0.954              0         -0.954          2.300          0.000          0.000          0.222 2023-03-23T15:50:32
     127    2110     0.954              0         -0.945          2.600          0.000          0.000          0.269 2023-03-23T15:50:32
     128    2122     0.953              0         -0.936          2.800          0.000          0.000          0.240 2023-03-23T15:50:32
     129    2133     0.953              0         -0.948          2.300          0.000          0.000          0.235 2023-03-23T15:50:32
     130    2152     0.953              0         -0.925          3.000          0.000          0.000          0.278 2023-03-23T15:50:33
     131    2166     0.952              0         -0.919          3.300          0.000          0.000          0.250 2023-03-23T15:50:33
     132    2179     0.952              0         -0.946          2.700          0.000          0.000          0.240 2023-03-23T15:50:33
     133    2192     0.952              0         -0.947          2.600          0.000          0.000          0.256 2023-03-23T15:50:33
     134    2200     0.952              0         -0.961          2.100          0.000          0.000          0.225 2023-03-23T15:50:34
     135    2215     0.951              0         -0.955          2.300          0.000          0.000          0.252 2023-03-23T15:50:34
     136    2226     0.951              0         -0.943          2.600          0.000          0.000          0.225 2023-03-23T15:50:34
     137    2234     0.951              0         -0.967          1.900          0.000          0.000          0.221 2023-03-23T15:50:34
     138    2248     0.951              0         -0.959          2.200          0.000          0.000          0.249 2023-03-23T15:50:35
     139    2262     0.950              0         -0.938          2.800          0.000          0.000          0.252 2023-03-23T15:50:35
     140    2272     0.950              0         -0.951          2.400          0.000          0.000          0.224 2023-03-23T15:50:35
     141    2282     0.950              0         -0.963          2.000          0.000          0.000          0.223 2023-03-23T15:50:35
     142    2292     0.950              0         -0.969          2.000          0.000          0.000          0.228 2023-03-23T15:50:36
     143    2309     0.949              0         -0.951          2.700          0.000          0.000          0.276 2023-03-23T15:50:36
     144    2323     0.949              0         -0.927          3.100          0.000          0.000          0.253 2023-03-23T15:50:36
     145    2335     0.949              0         -0.937          2.600          0.000          0.000          0.238 2023-03-23T15:50:36
     146    2352     0.948              0         -0.932          2.900          0.000          0.000          0.262 2023-03-23T15:50:37
     147    2369     0.948              0         -0.917          3.400          0.000          0.000          0.260 2023-03-23T15:50:37
     148    2381     0.948              0         -0.932          2.900          0.000          0.000          0.235 2023-03-23T15:50:37
     149    2392     0.948              0         -0.952          2.300          0.000          0.000          0.236 2023-03-23T15:50:37
     150    2404     0.947              0         -0.950          2.300          0.000          0.000          0.242 2023-03-23T15:50:38
     151    2421     0.947              0         -0.930          2.900          0.000          0.000          0.274 2023-03-23T15:50:38
     152    2432     0.947              0         -0.935          2.800          0.000          0.000          0.231 2023-03-23T15:50:38
     153    2444     0.946              0         -0.948          2.300          0.000          0.000          0.237 2023-03-23T15:50:38
     154    2461     0.946              0         -0.930          2.900          0.000          0.000          0.263 2023-03-23T15:50:39
     155    2484     0.946              0         -0.888          4.000          0.000          0.000          0.298 2023-03-23T15:50:39
     156    2497     0.945              0         -0.898          3.600          0.000          0.000          0.248 2023-03-23T15:50:39
     157    2508     0.945              0         -0.947          2.400          0.000          0.000          0.233 2023-03-23T15:50:39
     158    2519     0.945              0         -0.955          2.200          0.000          0.000          0.237 2023-03-23T15:50:40
     159    2531     0.945              0         -0.954          2.300          0.000          0.000          0.231 2023-03-23T15:50:40
     160    2543     0.944              0         -0.951          2.400          0.000          0.000          0.239 2023-03-23T15:50:40
     161    2567     0.944              0         -0.898          3.600          0.000          0.000          0.309 2023-03-23T15:50:40
     162    2578     0.944              0         -0.900          3.500          0.000          0.000          0.229 2023-03-23T15:50:41
     163    2596     0.943              0         -0.929          2.900          0.000          0.000          0.283 2023-03-23T15:50:41
     164    2606     0.943              0         -0.935          2.800          0.000          0.000          0.224 2023-03-23T15:50:41
     165    2621     0.943              0         -0.946          2.500          0.000          0.000          0.271 2023-03-23T15:50:41
     166    2630     0.943              0         -0.949          2.400          0.000          0.000          0.227 2023-03-23T15:50:42
     167    2654     0.942              0         -0.910          3.300          0.000          0.000          0.314 2023-03-23T15:50:42
     168    2667     0.942              0         -0.891          3.700          0.000          0.000          0.252 2023-03-23T15:50:42
     169    2687     0.941              0         -0.912          3.300          0.000          0.000          0.283 2023-03-23T15:50:42
     170    2699     0.941              0         -0.923          3.200          0.000          0.000          0.234 2023-03-23T15:50:43
     171    2724     0.941              0         -0.898          3.700          0.000          0.000          0.310 2023-03-23T15:50:43
     172    2734     0.940              0         -0.902          3.500          0.000          0.000          0.219 2023-03-23T15:50:43
     173    2745     0.940              0         -0.958          2.100          0.000          0.000          0.240 2023-03-23T15:50:43
     174    2755     0.940              0         -0.957          2.100          0.000          0.000          0.226 2023-03-23T15:50:44
     175    2772     0.940              0         -0.941          2.700          0.000          0.000          0.272 2023-03-23T15:50:44
     176    2782     0.939              0         -0.943          2.700          0.000          0.000          0.223 2023-03-23T15:50:44
     177    2793     0.939              0         -0.958          2.100          0.000          0.000          0.231 2023-03-23T15:50:44
     178    2804     0.939              0         -0.952          2.200          0.000          0.000          0.231 2023-03-23T15:50:45
     179    2815     0.939              0         -0.952          2.200          0.000          0.000          0.236 2023-03-23T15:50:45
     180    2832     0.938              0         -0.935          2.800          0.000          0.000          0.260 2023-03-23T15:50:45
     181    2843     0.938              0         -0.935          2.800          0.000          0.000          0.236 2023-03-23T15:50:45
     182    2857     0.938              0         -0.946          2.500          0.000          0.000          0.244 2023-03-23T15:50:46
     183    2884     0.937              0         -0.891          4.100          0.000          0.000          0.318 2023-03-23T15:50:46
     184    2897     0.937              0         -0.896          4.000          0.000          0.000          0.244 2023-03-23T15:50:46
     185    2913     0.937              0         -0.938          2.900          0.000          0.000          0.257 2023-03-23T15:50:46
     186    2931     0.936              0         -0.917          3.400          0.000          0.000          0.259 2023-03-23T15:50:47
     187    2942     0.936              0         -0.930          2.900          0.000          0.000          0.236 2023-03-23T15:50:47
     188    2953     0.936              0         -0.953          2.200          0.000          0.000          0.242 2023-03-23T15:50:47
     189    2964     0.935              0         -0.955          2.200          0.000          0.000          0.237 2023-03-23T15:50:47
     190    3012     0.934              0         -0.686          5.900          0.000          0.000          0.424 2023-03-23T15:50:48
     191    3036     0.934              0         -0.632          7.200          0.000          0.000          0.279 2023-03-23T15:50:48
     192    3075     0.933              0         -0.751          6.300          0.000          0.000          0.371 2023-03-23T15:50:48
     193    3086     0.933              0         -0.803          5.000          0.000          0.000          0.223 2023-03-23T15:50:49
     194    3098     0.933              0         -0.954          2.300          0.000          0.000          0.228 2023-03-23T15:50:49
     195    3106     0.933              0         -0.967          2.000          0.000          0.000          0.206 2023-03-23T15:50:49
     196    3116     0.932              0         -0.972          1.800          0.000          0.000          0.225 2023-03-23T15:50:49
     197    3129     0.932              0         -0.956          2.300          0.000          0.000          0.237 2023-03-23T15:50:50
     198    3141     0.932              0         -0.952          2.500          0.000          0.000          0.240 2023-03-23T15:50:50
     199    3151     0.932              0         -0.960          2.200          0.000          0.000          0.224 2023-03-23T15:50:50
     200    3165     0.931              0         -0.951          2.400          0.000          0.000          0.253 2023-03-23T15:50:50
     201    3175     0.931              0         -0.951          2.400          0.000          0.000          0.223 2023-03-23T15:50:50
     202    3200     0.931              0         -0.896          3.500          0.000          0.000          0.313 2023-03-23T15:50:51
     203    3215     0.930              0         -0.878          4.000          0.000          0.000          0.247 2023-03-23T15:50:51
     204    3265     0.929              0         -0.630          6.500          0.000          0.000          0.432 2023-03-23T15:50:51
     205    3281     0.929              0         -0.626          6.600          0.000          0.000          0.251 2023-03-23T15:50:52
     206    3294     0.929              0         -0.935          2.900          0.000          0.000          0.219 2023-03-23T15:50:52
     207    3315     0.928              0         -0.912          3.400          0.000          0.000          0.257 2023-03-23T15:50:52
     208    3326     0.928              0         -0.915          3.200          0.000          0.000          0.215 2023-03-23T15:50:52
     209    3343     0.928              0         -0.935          2.800          0.000          0.000          0.242 2023-03-23T15:50:53
     210    3356     0.927              0         -0.933          3.000          0.000          0.000          0.234 2023-03-23T15:50:53
     211    3379     0.927              0         -0.904          3.600          0.000          0.000          0.266 2023-03-23T15:50:53
     212    3414     0.926              0         -0.788          5.800          0.000          0.000          0.337 2023-03-23T15:50:54
     213    3425     0.926              0         -0.835          4.600          0.000          0.000          0.226 2023-03-23T15:50:54
     214    3434     0.926              0         -0.962          2.000          0.000          0.000          0.209 2023-03-23T15:50:54
     215    3447     0.925              0         -0.960          2.200          0.000          0.000          0.231 2023-03-23T15:50:54
     216    3458     0.925              0         -0.951          2.400          0.000          0.000          0.223 2023-03-23T15:50:54
     217    3484     0.925              0         -0.888          3.700          0.000          0.000          0.302 2023-03-23T15:50:55
     218    3494     0.924              0         -0.891          3.600          0.000          0.000          0.228 2023-03-23T15:50:55
     219    3507     0.924              0         -0.955          2.300          0.000          0.000          0.240 2023-03-23T15:50:55
     220    3516     0.924              0         -0.960          2.200          0.000          0.000          0.225 2023-03-23T15:50:55
     221    3526     0.924              0         -0.967          1.900          0.000          0.000          0.227 2023-03-23T15:50:56
     222    3535     0.924              0         -0.967          1.900          0.000          0.000          0.236 2023-03-23T15:50:56
     223    3546     0.923              0         -0.962          2.000          0.000          0.000          0.232 2023-03-23T15:50:56
     224    3559     0.923              0         -0.951          2.400          0.000          0.000          0.238 2023-03-23T15:50:56
     225    3583     0.923              0         -0.899          3.700          0.000          0.000          0.312 2023-03-23T15:50:57
     226    3608     0.922              0         -0.841          4.900          0.000          0.000          0.295 2023-03-23T15:50:57
     227    3628     0.922              0         -0.867          4.500          0.000          0.000          0.268 2023-03-23T15:50:57
     228    3645     0.921              0         -0.913          3.700          0.000          0.000          0.280 2023-03-23T15:50:57
     229    3659     0.921              0         -0.934          3.100          0.000          0.000          0.249 2023-03-23T15:50:58
     230    3676     0.921              0         -0.930          3.100          0.000          0.000          0.267 2023-03-23T15:50:58
     231    3690     0.920              0         -0.927          3.100          0.000          0.000          0.241 2023-03-23T15:50:58
     232    3704     0.920              0         -0.938          2.800          0.000          0.000          0.248 2023-03-23T15:50:58
     233    3715     0.920              0         -0.946          2.500          0.000          0.000          0.248 2023-03-23T15:50:59
     234    3737     0.919              0         -0.910          3.300          0.000          0.000          0.294 2023-03-23T15:50:59
     235    3775     0.919              0         -0.765          6.000          0.000          0.000          0.379 2023-03-23T15:50:59
     236    3786     0.918              0         -0.809          4.900          0.000          0.000          0.232 2023-03-23T15:51:00
     237    3798     0.918              0         -0.956          2.300          0.000          0.000          0.240 2023-03-23T15:51:00
     238    3812     0.918              0         -0.955          2.600          0.000          0.000          0.251 2023-03-23T15:51:00
     239    3842     0.917              0         -0.860          4.400          0.000          0.000          0.332 2023-03-23T15:51:00
     240    3852     0.917              0         -0.867          4.000          0.000          0.000          0.222 2023-03-23T15:51:01
     241    3865     0.917              0         -0.956          2.300          0.000          0.000          0.256 2023-03-23T15:51:01
     242    3877     0.916              0         -0.952          2.500          0.000          0.000          0.236 2023-03-23T15:51:01
     243    3904     0.916              0         -0.883          3.900          0.000          0.000          0.318 2023-03-23T15:51:01
     244    3926     0.915              0         -0.849          4.900          0.000          0.000          0.312 2023-03-23T15:51:02
     245    3937     0.915              0         -0.920          3.300          0.000          0.000          0.231 2023-03-23T15:51:02
     246    3946     0.915              0         -0.962          2.000          0.000          0.000          0.217 2023-03-23T15:51:02
     247    3957     0.915              0         -0.962          2.000          0.000          0.000          0.234 2023-03-23T15:51:02
     248    3968     0.915              0         -0.960          2.200          0.000          0.000          0.239 2023-03-23T15:51:03
     249    3986     0.914              0         -0.937          2.900          0.000          0.000          0.280 2023-03-23T15:51:03
     250    4000     0.914              0         -0.921          3.200          0.000          0.000          0.252 2023-03-23T15:51:03
     251    4030     0.913              0         -0.876          4.400          0.000          0.000          0.326 2023-03-23T15:51:04
     252    4054     0.913              0         -0.844          5.400          0.000          0.000          0.308 2023-03-23T15:51:04
     253    4068     0.913              0         -0.903          3.800          0.000          0.000          0.250 2023-03-23T15:51:04
     254    4079     0.912              0         -0.952          2.500          0.000          0.000          0.226 2023-03-23T15:51:04
     255    4090     0.912              0         -0.960          2.200          0.000          0.000          0.225 2023-03-23T15:51:05
     256    4100     0.912              0         -0.958          2.100          0.000          0.000          0.237 2023-03-23T15:51:05
     257    4115     0.912              0         -0.947          2.500          0.000          0.000          0.255 2023-03-23T15:51:05
     258    4129     0.911              0         -0.933          2.900          0.000          0.000          0.254 2023-03-23T15:51:05
     259    4140     0.911              0         -0.944          2.500          0.000          0.000          0.222 2023-03-23T15:51:06
     260    4150     0.911              0         -0.958          2.100          0.000          0.000          0.232 2023-03-23T15:51:06
     261    4168     0.910              0         -0.938          2.800          0.000          0.000          0.281 2023-03-23T15:51:06
     262    4195     0.910              0         -0.854          4.500          0.000          0.000          0.301 2023-03-23T15:51:06
     263    4224     0.909              0         -0.812          5.600          0.000          0.000          0.322 2023-03-23T15:51:07
     264    4233     0.909              0         -0.899          3.800          0.000          0.000          0.222 2023-03-23T15:51:07
     265    4245     0.909              0         -0.965          2.100          0.000          0.000          0.241 2023-03-23T15:51:07
     266    4275     0.908              0         -0.854          4.200          0.000          0.000          0.329 2023-03-23T15:51:07
     267    4286     0.908              0         -0.857          4.100          0.000          0.000          0.233 2023-03-23T15:51:08
     268    4296     0.908              0         -0.965          2.100          0.000          0.000          0.228 2023-03-23T15:51:08
     269    4305     0.908              0         -0.967          1.900          0.000          0.000          0.234 2023-03-23T15:51:08
     270    4314     0.907              0         -0.970          1.800          0.000          0.000          0.223 2023-03-23T15:51:08
     271    4329     0.907              0         -0.949          2.400          0.000          0.000          0.245 2023-03-23T15:51:09
     272    4339     0.907              0         -0.946          2.500          0.000          0.000          0.235 2023-03-23T15:51:09
     273    4349     0.907              0         -0.963          2.000          0.000          0.000          0.237 2023-03-23T15:51:09
     274    4361     0.907              0         -0.960          2.200          0.000          0.000          0.239 2023-03-23T15:51:09
     275    4376     0.906              0         -0.944          2.700          0.000          0.000          0.250 2023-03-23T15:51:10
     276    4386     0.906              0         -0.947          2.500          0.000          0.000          0.233 2023-03-23T15:51:10
     277    4399     0.906              0         -0.957          2.300          0.000          0.000          0.247 2023-03-23T15:51:10
     278    4408     0.906              0         -0.961          2.200          0.000          0.000          0.220 2023-03-23T15:51:10
     279    4420     0.905              0         -0.957          2.100          0.000          0.000          0.238 2023-03-23T15:51:11
     280    4447     0.905              0         -0.879          3.900          0.000          0.000          0.333 2023-03-23T15:51:11
     281    4457     0.905              0         -0.889          3.700          0.000          0.000          0.224 2023-03-23T15:51:11
     282    4475     0.904              0         -0.935          2.800          0.000          0.000          0.272 2023-03-23T15:51:11
     283    4487     0.904              0         -0.933          3.000          0.000          0.000          0.224 2023-03-23T15:51:12
     284    4503     0.904              0         -0.944          2.800          0.000          0.000          0.270 2023-03-23T15:51:12
     285    4518     0.903              0         -0.930          3.100          0.000          0.000          0.266 2023-03-23T15:51:12
     286    4530     0.903              0         -0.938          2.700          0.000          0.000          0.244 2023-03-23T15:51:12
     287    4542     0.903              0         -0.952          2.400          0.000          0.000          0.236 2023-03-23T15:51:13
     288    4552     0.903              0         -0.961          2.200          0.000          0.000          0.234 2023-03-23T15:51:13
     289    4565     0.902              0         -0.956          2.300          0.000          0.000          0.250 2023-03-23T15:51:13
     290    4575     0.902              0         -0.962          2.300          0.000          0.000          0.225 2023-03-23T15:51:13
     291    4588     0.902              0         -0.961          2.300          0.000          0.000          0.252 2023-03-23T15:51:14
     292    4598     0.902              0         -0.957          2.300          0.000          0.000          0.239 2023-03-23T15:51:14
     293    4612     0.901              0         -0.952          2.400          0.000          0.000          0.253 2023-03-23T15:51:14
     294    4621     0.901              0         -0.954          2.300          0.000          0.000          0.215 2023-03-23T15:51:14
     295    4637     0.901              0         -0.953          2.500          0.000          0.000          0.263 2023-03-23T15:51:15
     296    4653     0.901              0         -0.935          3.200          0.000          0.000          0.269 2023-03-23T15:51:15
     297    4665     0.900              0         -0.939          2.800          0.000          0.000          0.239 2023-03-23T15:51:15
     298    4678     0.900              0         -0.944          2.500          0.000          0.000          0.237 2023-03-23T15:51:15
     299    4696     0.900              0         -0.926          3.100          0.000          0.000          0.261 2023-03-23T15:51:16
     300    4708     0.899              0         -0.933          3.000          0.000          0.000          0.248 2023-03-23T15:51:16
     301    4716     0.899              0         -0.969          2.000          0.000          0.000          0.213 2023-03-23T15:51:16
     302    4736     0.899              0         -0.941          2.800          0.000          0.000          0.289 2023-03-23T15:51:16
     303    4747     0.899              0         -0.927          3.100          0.000          0.000          0.220 2023-03-23T15:51:17
     304    4761     0.898              0         -0.946          2.500          0.000          0.000          0.254 2023-03-23T15:51:17
     305    4771     0.898              0         -0.951          2.400          0.000          0.000          0.228 2023-03-23T15:51:17
     306    4794     0.898              0         -0.913          3.300          0.000          0.000          0.294 2023-03-23T15:51:17
     307    4808     0.897              0         -0.901          3.700          0.000          0.000          0.238 2023-03-23T15:51:18
     308    4828     0.897              0         -0.914          3.400          0.000          0.000          0.284 2023-03-23T15:51:18
     309    4851     0.897              0         -0.879          4.300          0.000          0.000          0.294 2023-03-23T15:51:18
     310    4859     0.896              0         -0.923          3.100          0.000          0.000          0.218 2023-03-23T15:51:18
     311    4870     0.896              0         -0.967          1.900          0.000          0.000          0.227 2023-03-23T15:51:19
     312    4893     0.896              0         -0.906          3.400          0.000          0.000          0.301 2023-03-23T15:51:19
     313    4905     0.896              0         -0.901          3.500          0.000          0.000          0.244 2023-03-23T15:51:19
     314    4914     0.895              0         -0.957          2.100          0.000          0.000          0.219 2023-03-23T15:51:19
     315    4925     0.895              0         -0.962          2.000          0.000          0.000          0.223 2023-03-23T15:51:20
     316    4934     0.895              0         -0.963          2.000          0.000          0.000          0.239 2023-03-23T15:51:20
     317    4943     0.895              0         -0.973          1.800          0.000          0.000          0.221 2023-03-23T15:51:20
     318    4954     0.895              0         -0.963          2.000          0.000          0.000          0.240 2023-03-23T15:51:20
     319    4972     0.894              0         -0.930          2.900          0.000          0.000          0.263 2023-03-23T15:51:21
     320    4983     0.894              0         -0.930          2.900          0.000          0.000          0.228 2023-03-23T15:51:21
     321    5000     0.894              0         -0.935          2.800        297.339          0.476          0.682 2023-03-23T15:51:21
     322    5031     0.893              0         -0.855          4.800       1287.060          4.702          0.300 2023-03-23T15:51:22
     323    5041     0.893              0         -0.878          4.100        989.721          4.226          0.196 2023-03-23T15:51:22
     324    5051     0.893              0         -0.963          2.000          0.000          0.000          0.194 2023-03-23T15:51:22
     325    5078     0.892              0         -0.887          3.700          0.000          0.000          0.247 2023-03-23T15:51:22
     326    5087     0.892              0         -0.890          3.600          0.000          0.000          0.186 2023-03-23T15:51:23
     327    5102     0.892              0         -0.959          2.400          0.000          0.000          0.213 2023-03-23T15:51:23
     328    5147     0.891              0         -0.740          6.000          0.000          0.000          0.308 2023-03-23T15:51:23
     329    5157     0.890              0         -0.748          5.500         44.939          0.470          0.298 2023-03-23T15:51:23
     330    5168     0.890              0         -0.960          2.100         44.939          0.470          0.200 2023-03-23T15:51:24
     331    5176     0.890              0         -0.967          1.900          0.000          0.000          0.194 2023-03-23T15:51:24
     332    5187     0.890              0         -0.967          1.900          0.000          0.000          0.204 2023-03-23T15:51:24
     333    5199     0.890              0         -0.952          2.300          0.000          0.000          0.212 2023-03-23T15:51:24
     334    5213     0.889              0         -0.942          2.600          0.000          0.000          0.222 2023-03-23T15:51:24
     335    5223     0.889              0         -0.951          2.400        150.302          0.181          0.344 2023-03-23T15:51:25
     336    5235     0.889              0         -0.955          2.200        150.302          0.181          0.218 2023-03-23T15:51:25
     337    5246     0.889              0         -0.952          2.300          0.000          0.000          0.211 2023-03-23T15:51:25
     338    5254     0.889              0         -0.968          1.900          0.000          0.000          0.192 2023-03-23T15:51:25
     339    5264     0.888              0         -0.972          1.800          0.000          0.000          0.201 2023-03-23T15:51:26
     340    5276     0.888              0         -0.955          2.200        204.122          3.540          0.360 2023-03-23T15:51:26
     341    5288     0.888              0         -0.947          2.400       1557.116          4.665          0.265 2023-03-23T15:51:26
     342    5299     0.888              0         -0.950          2.300       1443.469          1.626          0.296 2023-03-23T15:51:26
     343    5309     0.887              0         -0.958          2.100         90.475          0.501          0.191 2023-03-23T15:51:27
     344    5321     0.887              0         -0.955          2.200          0.000          0.000          0.199 2023-03-23T15:51:27
     345    5331     0.887              0         -0.955          2.200          0.000          0.000          0.192 2023-03-23T15:51:27
     346    5349     0.887              0         -0.937          2.800          0.000          0.000          0.217 2023-03-23T15:51:27
     347    5360     0.886              0         -0.933          2.900        200.581          0.054          0.246 2023-03-23T15:51:28
     348    5378     0.886              0         -0.933          2.900        200.581          0.054          0.224 2023-03-23T15:51:28
     349    5392     0.886              0         -0.926          3.200       1103.104          0.732          0.318 2023-03-23T15:51:28
     350    5406     0.885              0         -0.941          2.800       1103.104          0.732          0.203 2023-03-23T15:51:28
     351    5429     0.885              0         -0.918          3.700        175.778          0.489          0.296 2023-03-23T15:51:29
     352    5451     0.885              0         -0.885          4.500        175.778          0.489          0.236 2023-03-23T15:51:29
     353    5461     0.884              0         -0.920          3.200          0.000          0.000          0.190 2023-03-23T15:51:29
     354    5472     0.884              0         -0.960          2.100         55.671          0.057          0.241 2023-03-23T15:51:29
     355    5502     0.884              0         -0.865          4.100         55.671          0.057          0.256 2023-03-23T15:51:29
     356    5536     0.883              0         -0.777          6.400          0.000          0.000          0.302 2023-03-23T15:51:30
     357    5560     0.882              0         -0.824          5.800        431.167          0.439          0.407 2023-03-23T15:51:30
     358    5592     0.882              0         -0.802          5.600        619.255          0.870          0.337 2023-03-23T15:51:31
     359    5609     0.881              0         -0.823          4.900        188.088          0.431          0.225 2023-03-23T15:51:31
     360    5645     0.881              0         -0.824          5.300          0.467          0.031          0.346 2023-03-23T15:51:31
     361    5712     0.879              0         -0.285         10.300        986.636          0.732          0.528 2023-03-23T15:51:32
     362    5766     0.878              0         -0.036         12.100        986.170          0.702          0.368 2023-03-23T15:51:32
     363    5789     0.878              0         -0.560          7.700        142.523          0.443          0.296 2023-03-23T15:51:32
     364    5819     0.877              0         -0.861          5.300        458.507          0.737          0.393 2023-03-23T15:51:33
     365    5836     0.877              0         -0.881          4.700        315.984          0.294          0.218 2023-03-23T15:51:33
     366    5851     0.877              0         -0.926          3.200        527.174          0.181          0.241 2023-03-23T15:51:33
     367    5867     0.876              0         -0.929          3.100        527.174          0.181          0.215 2023-03-23T15:51:33
     368    5900     0.876              0         -0.868          4.900        308.834          0.513          0.389 2023-03-23T15:51:34
     369    5925     0.875              0         -0.836          5.800        308.834          0.513          0.247 2023-03-23T15:51:34
     370    5943     0.875              0         -0.887          4.300        115.760          0.173          0.296 2023-03-23T15:51:34
     371    5976     0.874              0         -0.818          5.100        115.760          0.173          0.279 2023-03-23T15:51:35
     372    6007     0.874              0         -0.774          6.400          0.000          0.000          0.275 2023-03-23T15:51:35
     373    6053     0.873              0         -0.622          7.700          0.000          0.000          0.338 2023-03-23T15:51:35
     374    6071     0.872              0         -0.666          6.400          0.000          0.000          0.218 2023-03-23T15:51:35
     375    6091     0.872              0         -0.909          3.800          0.000          0.000          0.225 2023-03-23T15:51:36
     376    6158     0.871              0         -0.491          8.700        124.425          0.093          0.462 2023-03-23T15:51:36
     377    6181     0.870              0         -0.482          9.000        242.889          0.513          0.408 2023-03-23T15:51:37
     378    6198     0.870              0         -0.904          4.000        118.464          0.420          0.217 2023-03-23T15:51:37
     379    6220     0.869              0         -0.903          3.900        472.331          0.196          0.348 2023-03-23T15:51:37
     380    6250     0.869              0         -0.860          5.200        615.052          0.588          0.329 2023-03-23T15:51:37
     381    6273     0.868              0         -0.859          5.300        208.310          0.417          0.295 2023-03-23T15:51:38
     382    6294     0.868              0         -0.890          4.400        186.493          0.081          0.303 2023-03-23T15:51:38
     383    6316     0.868              0         -0.893          4.300        203.573          0.121          0.269 2023-03-23T15:51:38
     384    6334     0.867              0         -0.903          4.000         82.668          0.064          0.224 2023-03-23T15:51:38
     385    6361     0.867              0         -0.880          4.500          0.000          0.000          0.255 2023-03-23T15:51:39
     386    6385     0.866              0         -0.856          5.100          0.000          0.000          0.240 2023-03-23T15:51:39
     387    6401     0.866              0         -0.901          4.000          0.000          0.000          0.214 2023-03-23T15:51:39
     388    6419     0.866              0         -0.925          3.400          0.000          0.000          0.227 2023-03-23T15:51:39
     389    6436     0.865              0         -0.918          3.500          0.000          0.000          0.216 2023-03-23T15:51:40
     390    6451     0.865              0         -0.926          3.200          0.000          0.000          0.213 2023-03-23T15:51:40
     391    6480     0.864              0         -0.869          4.400         92.251          0.341          0.390 2023-03-23T15:51:40
     392    6499     0.864              0         -0.856          4.800        219.208          0.379          0.332 2023-03-23T15:51:41
     393    6516     0.864              0         -0.916          3.600        126.958          0.037          0.241 2023-03-23T15:51:41
     394    6531     0.863              0         -0.929          3.200          0.000          0.000          0.225 2023-03-23T15:51:41
     395    6556     0.863              0         -0.895          4.000        141.877          0.101          0.394 2023-03-23T15:51:41
     396    6577     0.862              0         -0.877          4.600        141.877          0.101          0.231 2023-03-23T15:51:42
     397    6596     0.862              0         -0.900          4.000        246.117          0.066          0.263 2023-03-23T15:51:42
     398    6616     0.862              0         -0.903          3.900        246.117          0.066          0.231 2023-03-23T15:51:42
     399    6635     0.861              0         -0.904          3.900          0.000          0.000          0.220 2023-03-23T15:51:42
     400    6664     0.861              0         -0.868          4.800          0.000          0.000          0.271 2023-03-23T15:51:43
     401    6679     0.860              0         -0.880          4.400          0.000          0.000          0.216 2023-03-23T15:51:43
     402    6694     0.860              0         -0.931          3.000         81.528          0.378          0.274 2023-03-23T15:51:43
     403    6718     0.860              0         -0.907          3.900        118.544          0.377          0.330 2023-03-23T15:51:43
     404    6743     0.859              0         -0.876          4.900         37.016         -0.000          0.249 2023-03-23T15:51:44
     405    6758     0.859              0         -0.900          4.000        153.459          0.066          0.286 2023-03-23T15:51:44
     406    6778     0.859              0         -0.920          3.500        261.814          0.154          0.257 2023-03-23T15:51:44
     407    6793     0.858              0         -0.918          3.500        190.673          0.447          0.271 2023-03-23T15:51:45
     408    6812     0.858              0         -0.917          3.400         82.318          0.358          0.225 2023-03-23T15:51:45
     409    6835     0.857              0         -0.890          4.200          0.000          0.000          0.238 2023-03-23T15:51:45
     410    6853     0.857              0         -0.895          4.100          0.000          0.000          0.220 2023-03-23T15:51:45
     411    6872     0.857              0         -0.911          3.700          0.000          0.000          0.222 2023-03-23T15:51:45
     412    6891     0.856              0         -0.906          3.800         92.401          0.012          0.277 2023-03-23T15:51:46
     413    6913     0.856              0         -0.900          4.100        204.143          0.086          0.376 2023-03-23T15:51:46
     414    6926     0.856              0         -0.921          3.500        111.742          0.075          0.201 2023-03-23T15:51:46
     415    6939     0.855              0         -0.948          2.600          0.000          0.000          0.202 2023-03-23T15:51:47
     416    6962     0.855              0         -0.919          3.600          0.000          0.000          0.245 2023-03-23T15:51:47
     417    6986     0.855              0         -0.888          4.700          0.000          0.000          0.243 2023-03-23T15:51:47
     418    7004     0.854              0         -0.901          4.200        553.016          0.146          0.250 2023-03-23T15:51:47
     419    7024     0.854              0         -0.903          3.800        553.016          0.146          0.226 2023-03-23T15:51:47
     420    7049     0.853              0         -0.880          4.500          0.000          0.000          0.245 2023-03-23T15:51:48
     421    7067     0.853              0         -0.893          4.300          0.000          0.000          0.232 2023-03-23T15:51:48
     422    7084     0.853              0         -0.918          3.500         46.456          0.351          0.342 2023-03-23T15:51:48
     423    7106     0.852              0         -0.903          3.900        122.350          0.348          0.324 2023-03-23T15:51:49
     424    7127     0.852              0         -0.890          4.300         75.894         -0.003          0.254 2023-03-23T15:51:49
     425    7145     0.851              0         -0.905          3.900          0.000          0.000          0.237 2023-03-23T15:51:49
     426    7157     0.851              0         -0.931          3.000        111.485          0.045          0.335 2023-03-23T15:51:49
     427    7173     0.851              0         -0.934          2.800        398.129          0.472          0.302 2023-03-23T15:51:50
     428    7192     0.851              0         -0.913          3.500        359.409          0.418          0.273 2023-03-23T15:51:50
     429    7212     0.850              0         -0.907          3.900        198.213          0.028          0.305 2023-03-23T15:51:50
     430    7225     0.850              0         -0.928          3.300        125.448          0.037          0.204 2023-03-23T15:51:51
     431    7246     0.850              0         -0.925          3.400        105.597          0.360          0.315 2023-03-23T15:51:51
     432    7273     0.849              0         -0.881          4.800        169.999          0.347          0.304 2023-03-23T15:51:51
     433    7291     0.849              0         -0.888          4.500         64.402         -0.013          0.231 2023-03-23T15:51:51
     434    7304     0.848              0         -0.933          3.100         37.105          0.019          0.283 2023-03-23T15:51:52
     435    7323     0.848              0         -0.927          3.200         37.105          0.019          0.228 2023-03-23T15:51:52
     436    7342     0.848              0         -0.906          3.800          0.000          0.000          0.225 2023-03-23T15:51:52
     437    7370     0.847              0         -0.866          4.700        159.523          0.033          0.286 2023-03-23T15:51:52
     438    7386     0.847              0         -0.882          4.400        159.523          0.033          0.214 2023-03-23T15:51:53
     439    7406     0.847              0         -0.921          3.600         51.149          0.341          0.289 2023-03-23T15:51:53
     440    7431     0.846              0         -0.887          4.500         51.149          0.341          0.245 2023-03-23T15:51:53
     441    7454     0.846              0         -0.877          4.800          0.000          0.000          0.238 2023-03-23T15:51:53
     442    7475     0.845              0         -0.890          4.400         57.954         -0.002          0.329 2023-03-23T15:51:54
     443    7490     0.845              0         -0.920          3.600        130.267          0.027          0.350 2023-03-23T15:51:54
     444    7503     0.845              0         -0.940          2.800        123.387          0.044          0.261 2023-03-23T15:51:54
     445    7519     0.844              0         -0.936          2.900         51.075          0.016          0.230 2023-03-23T15:51:55
     446    7546     0.844              0         -0.892          4.300          0.000          0.000          0.273 2023-03-23T15:51:55
     447    7562     0.844              0         -0.885          4.300          0.000          0.000          0.221 2023-03-23T15:51:55
     448    7590     0.843              0         -0.880          4.400         46.917          0.340          0.363 2023-03-23T15:51:55
     449    7603     0.843              0         -0.887          4.100         46.917          0.340          0.204 2023-03-23T15:51:56
     450    7625     0.842              0         -0.916          3.500         68.057          0.002          0.291 2023-03-23T15:51:56
     451    7642     0.842              0         -0.911          3.900         68.057          0.002          0.212 2023-03-23T15:51:56
     452    7665     0.842              0         -0.910          4.000        168.125          0.064          0.317 2023-03-23T15:51:56
     453    7681     0.841              0         -0.908          3.900        301.864          0.101          0.244 2023-03-23T15:51:57
     454    7694     0.841              0         -0.935          2.900        166.704          0.373          0.271 2023-03-23T15:51:57
     455    7709     0.841              0         -0.940          2.800         32.965          0.336          0.208 2023-03-23T15:51:57
     456    7734     0.840              0         -0.895          4.000          0.000          0.000          0.248 2023-03-23T15:51:57
     457    7746     0.840              0         -0.903          3.700          0.000          0.000          0.198 2023-03-23T15:51:58
     458    7773     0.840              0         -0.892          3.900          0.000          0.000          0.257 2023-03-23T15:51:58
     459    7794     0.839              0         -0.868          4.800        270.531          0.028          0.277 2023-03-23T15:51:58
     460    7808     0.839              0         -0.918          3.500        338.583          0.053          0.339 2023-03-23T15:51:58
     461    7822     0.839              0         -0.938          2.800        193.767          0.047          0.243 2023-03-23T15:51:59
     462    7835     0.838              0         -0.945          2.700        125.715          0.022          0.204 2023-03-23T15:51:59
     463    7867     0.838              0         -0.869          4.500          0.000          0.000          0.325 2023-03-23T15:51:59
     464    7886     0.837              0         -0.846          5.100          0.000          0.000          0.221 2023-03-23T15:51:59
     465    7902     0.837              0         -0.913          3.500         37.869          0.338          0.277 2023-03-23T15:52:00
     466    7915     0.837              0         -0.935          2.900         37.869          0.338          0.204 2023-03-23T15:52:00
     467    7927     0.837              0         -0.951          2.500          0.000          0.000          0.197 2023-03-23T15:52:00
     468    7958     0.836              0         -0.872          4.300        195.430          0.033          0.359 2023-03-23T15:52:00
     469    7978     0.836              0         -0.849          5.100        354.862          0.084          0.338 2023-03-23T15:52:01
     470    7998     0.835              0         -0.909          4.000        210.843          0.384          0.286 2023-03-23T15:52:01
     471    8017     0.835              0         -0.912          3.900         51.411          0.333          0.223 2023-03-23T15:52:01
     472    8039     0.835              0         -0.903          4.100          0.000          0.000          0.239 2023-03-23T15:52:02
     473    8052     0.834              0         -0.919          3.500        129.275          0.012          0.260 2023-03-23T15:52:02
     474    8068     0.834              0         -0.935          2.900        129.275          0.012          0.215 2023-03-23T15:52:02
     475    8085     0.834              0         -0.922          3.300        130.396          0.044          0.344 2023-03-23T15:52:02
     476    8106     0.833              0         -0.912          3.800        154.732          0.078          0.270 2023-03-23T15:52:03
     477    8119     0.833              0         -0.925          3.400         63.005          0.369          0.273 2023-03-23T15:52:03
     478    8140     0.833              0         -0.921          3.400        204.915          0.376          0.357 2023-03-23T15:52:03
     479    8167     0.832              0         -0.877          4.800        166.246          0.041          0.249 2023-03-23T15:52:04
     480    8185     0.832              0         -0.887          4.500          0.000          0.000          0.230 2023-03-23T15:52:04
     481    8201     0.831              0         -0.918          3.400          0.000          0.000          0.217 2023-03-23T15:52:04
     482    8216     0.831              0         -0.926          3.100          0.000          0.000          0.212 2023-03-23T15:52:04
     483    8235     0.831              0         -0.918          3.400          0.000          0.000          0.221 2023-03-23T15:52:04
     484    8255     0.830              0         -0.908          3.900          0.000          0.000          0.229 2023-03-23T15:52:05
     485    8269     0.830              0         -0.926          3.400          0.000          0.000          0.216 2023-03-23T15:52:05
     486    8302     0.830              0         -0.855          4.700        167.143          0.038          0.306 2023-03-23T15:52:05
     487    8331     0.829              0         -0.800          6.200        167.143          0.038          0.276 2023-03-23T15:52:05
     488    8355     0.829              0         -0.858          5.300          0.000          0.000          0.258 2023-03-23T15:52:06
     489    8368     0.828              0         -0.915          3.700         75.324          0.341          0.324 2023-03-23T15:52:06
     490    8384     0.828              0         -0.942          2.900        392.504          0.391          0.349 2023-03-23T15:52:06
     491    8401     0.828              0         -0.931          3.300        317.180          0.050          0.217 2023-03-23T15:52:07
     492    8423     0.827              0         -0.908          3.900          0.000          0.000          0.246 2023-03-23T15:52:07
     493    8437     0.827              0         -0.916          3.600          0.000          0.000          0.209 2023-03-23T15:52:07
     494    8456     0.827              0         -0.923          3.300          0.000          0.000          0.228 2023-03-23T15:52:07
     495    8472     0.826              0         -0.913          3.500          0.000          0.000          0.218 2023-03-23T15:52:08
     496    8490     0.826              0         -0.917          3.400         73.117          0.012          0.263 2023-03-23T15:52:08
     497    8505     0.826              0         -0.922          3.300         73.117          0.012          0.217 2023-03-23T15:52:08
     498    8522     0.826              0         -0.929          3.200         85.431          0.342          0.315 2023-03-23T15:52:08
     499    8541     0.825              0         -0.917          3.600         85.431          0.342          0.230 2023-03-23T15:52:09
     500    8559     0.825              0         -0.911          3.700          0.000          0.000          0.241 2023-03-23T15:52:09
     501    8574     0.825              0         -0.923          3.300          0.000          0.000          0.219 2023-03-23T15:52:09
     502    8588     0.824              0         -0.936          2.900          0.000          0.000          0.224 2023-03-23T15:52:09
     503    8604     0.824              0         -0.931          3.000          0.000          0.000          0.227 2023-03-23T15:52:09
     504    8629     0.824              0         -0.895          4.100         39.592         -0.011          0.351 2023-03-23T15:52:10
     505    8647     0.823              0         -0.890          4.300         39.592         -0.011          0.240 2023-03-23T15:52:10
     506    8664     0.823              0         -0.915          3.500         84.384          0.023          0.365 2023-03-23T15:52:10
     507    8726     0.822              0         -0.613          7.900         84.384          0.023          0.395 2023-03-23T15:52:11
     508    8753     0.821              0         -0.583          8.900          0.000          0.000          0.267 2023-03-23T15:52:11
     509    8776     0.821              0         -0.874          5.000          0.000          0.000          0.252 2023-03-23T15:52:11
     510    8793     0.820              0         -0.904          4.000        139.719          0.017          0.250 2023-03-23T15:52:12
     511    8816     0.820              0         -0.906          4.000        410.020          0.383          0.303 2023-03-23T15:52:12
     512    8837     0.820              0         -0.892          4.400        350.715          0.365          0.287 2023-03-23T15:52:12
     513    8852     0.819              0         -0.911          3.600        161.017          0.016          0.297 2023-03-23T15:52:12
     514    8865     0.819              0         -0.940          2.800         80.604          0.018          0.204 2023-03-23T15:52:13
     515    8879     0.819              0         -0.943          2.700          0.000          0.000          0.217 2023-03-23T15:52:13
     516    8898     0.819              0         -0.922          3.300          0.000          0.000          0.238 2023-03-23T15:52:13
     517    8921     0.818              0         -0.895          4.200         89.351          0.017          0.304 2023-03-23T15:52:13
     518    8936     0.818              0         -0.908          3.800         89.351          0.017          0.218 2023-03-23T15:52:14
     519    8951     0.818              0         -0.930          3.000          0.000          0.000          0.228 2023-03-23T15:52:14
     520    8972     0.817              0         -0.915          3.600          0.000          0.000          0.254 2023-03-23T15:52:14
     521    8995     0.817              0         -0.889          4.400          0.000          0.000          0.262 2023-03-23T15:52:14
     522    9013     0.816              0         -0.895          4.100          0.000          0.000          0.237 2023-03-23T15:52:15
     523    9032     0.816              0         -0.917          3.700          0.000          0.000          0.247 2023-03-23T15:52:15
     524    9049     0.816              0         -0.921          3.600         95.109          0.345          0.348 2023-03-23T15:52:15
     525    9064     0.816              0         -0.927          3.200         95.109          0.345          0.225 2023-03-23T15:52:15
     526    9079     0.815              0         -0.931          3.000          0.000          0.000          0.223 2023-03-23T15:52:16
     527    9101     0.815              0         -0.908          3.700          0.000          0.000          0.263 2023-03-23T15:52:16
     528    9120     0.814              0         -0.895          4.100         77.685         -0.013          0.327 2023-03-23T15:52:16
     529    9141     0.814              0         -0.900          4.000         77.685         -0.013          0.251 2023-03-23T15:52:16
     530    9168     0.814              0         -0.866          4.800          0.000          0.000          0.271 2023-03-23T15:52:17
     531    9187     0.813              0         -0.871          4.600         80.507          0.014          0.351 2023-03-23T15:52:17
     532    9209     0.813              0         -0.898          4.100         80.507          0.014          0.232 2023-03-23T15:52:17
     533    9227     0.813              0         -0.903          4.000          0.000          0.000          0.221 2023-03-23T15:52:18
     534    9241     0.812              0         -0.928          3.200          0.000          0.000          0.212 2023-03-23T15:52:18
     535    9266     0.812              0         -0.901          3.900          0.000          0.000          0.246 2023-03-23T15:52:18
     536    9285     0.811              0         -0.883          4.400          0.000          0.000          0.226 2023-03-23T15:52:18
     537    9299     0.811              0         -0.923          3.300          0.000          0.000          0.210 2023-03-23T15:52:18
     538    9315     0.811              0         -0.931          3.000        264.131          0.033          0.250 2023-03-23T15:52:19
     539    9344     0.810              0         -0.880          4.500        333.950          0.370          0.369 2023-03-23T15:52:19
     540    9368     0.810              0         -0.855          5.300         69.819          0.337          0.252 2023-03-23T15:52:19
     541    9425     0.809              0         -0.607          8.100         63.925         -0.013          0.430 2023-03-23T15:52:20
     542    9445     0.809              0         -0.625          7.700         63.925         -0.013          0.229 2023-03-23T15:52:20
     543    9480     0.808              0         -0.825          5.500         86.254          0.014          0.364 2023-03-23T15:52:20
     544    9501     0.808              0         -0.819          5.600         86.254          0.014          0.234 2023-03-23T15:52:21
     545    9522     0.807              0         -0.895          4.200        162.488          0.014          0.266 2023-03-23T15:52:21
     546    9536     0.807              0         -0.918          3.500        162.488          0.014          0.205 2023-03-23T15:52:21
     547    9562     0.806              0         -0.892          4.000          0.000          0.000          0.252 2023-03-23T15:52:21
     548    9581     0.806              0         -0.875          4.500          0.000          0.000          0.227 2023-03-23T15:52:22
     549    9596     0.806              0         -0.918          3.400          0.000          0.000          0.215 2023-03-23T15:52:22
     550    9609     0.806              0         -0.940          2.800          0.000          0.000          0.206 2023-03-23T15:52:22
     551    9622     0.805              0         -0.948          2.600         72.254          0.317          0.319 2023-03-23T15:52:22
     552    9639     0.805              0         -0.935          3.000        136.646          0.331          0.306 2023-03-23T15:52:23
     553    9652     0.805              0         -0.935          3.000        179.853          0.026          0.240 2023-03-23T15:52:23
     554    9665     0.805              0         -0.942          2.600        285.233          0.362          0.266 2023-03-23T15:52:23
     555    9703     0.804              0         -0.813          5.100        196.046          0.336          0.338 2023-03-23T15:52:23
     556    9720     0.804              0         -0.806          5.500        219.645          0.007          0.297 2023-03-23T15:52:24
     557    9735     0.803              0         -0.927          3.200        299.435          0.032          0.241 2023-03-23T15:52:24
     558    9749     0.803              0         -0.936          2.900        106.064          0.013          0.208 2023-03-23T15:52:24
     559    9760     0.803              0         -0.947          2.500        149.623          0.322          0.307 2023-03-23T15:52:24
     560    9782     0.802              0         -0.922          3.300        237.785          0.332          0.324 2023-03-23T15:52:25
     561    9795     0.802              0         -0.913          3.500         88.161          0.010          0.204 2023-03-23T15:52:25
     562    9813     0.802              0         -0.926          3.100          0.000          0.000          0.220 2023-03-23T15:52:25
     563    9844     0.801              0         -0.853          4.900          0.000          0.000          0.261 2023-03-23T15:52:25
     564    9857     0.801              0         -0.863          4.400          0.000          0.000          0.205 2023-03-23T15:52:26
     565    9877     0.801              0         -0.918          3.300          0.000          0.000          0.227 2023-03-23T15:52:26
     566    9895     0.800              0         -0.908          3.800          0.000          0.000          0.223 2023-03-23T15:52:26
     567    9919     0.800              0         -0.895          4.200          0.000          0.000          0.242 2023-03-23T15:52:26
     568    9941     0.800              0         -0.882          4.600          0.000          0.000          0.235 2023-03-23T15:52:27
     569    9959     0.799              0         -0.903          4.000          0.000          0.000          0.241 2023-03-23T15:52:27
     570    9974     0.799              0         -0.923          3.300        183.233          0.022          0.282 2023-03-23T15:52:27
     571    9993     0.799              0         -0.918          3.400        348.817          0.342          0.430 2023-03-23T15:52:28
     572   10018     0.798              0         -0.888          4.400        165.584          0.321          0.269 2023-03-23T15:52:28
     573   10037     0.798              0         -0.888          4.400          0.000          0.000          0.242 2023-03-23T15:52:28
     574   10053     0.798              0         -0.913          3.500          0.000          0.000          0.231 2023-03-23T15:52:28
     575   10075     0.797              0         -0.906          3.800          0.000          0.000          0.245 2023-03-23T15:52:29
     576   10094     0.797              0         -0.898          4.100          0.000          0.000          0.248 2023-03-23T15:52:29
     577   10116     0.796              0         -0.895          4.100          0.000          0.000          0.260 2023-03-23T15:52:29
     578   10131     0.796              0         -0.908          3.700          0.000          0.000          0.226 2023-03-23T15:52:29
     579   10159     0.796              0         -0.887          4.300          0.000          0.000          0.279 2023-03-23T15:52:30
     580   10186     0.795              0         -0.851          5.500        130.386          0.019          0.431 2023-03-23T15:52:30
     581   10198     0.795              0         -0.903          3.900        220.550          0.028          0.232 2023-03-23T15:52:30
     582   10221     0.795              0         -0.915          3.500        182.872          0.346          0.305 2023-03-23T15:52:31
     583   10247     0.794              0         -0.866          4.900        219.197          0.327          0.307 2023-03-23T15:52:31
     584   10266     0.794              0         -0.877          4.500        495.930          0.018          0.333 2023-03-23T15:52:31
     585   10284     0.793              0         -0.908          3.700        434.868          0.359          0.291 2023-03-23T15:52:31
     586   10307     0.793              0         -0.897          4.100         65.428          0.331          0.238 2023-03-23T15:52:32
     587   10331     0.793              0         -0.881          4.700          0.000          0.000          0.249 2023-03-23T15:52:32
     588   10356     0.792              0         -0.874          4.900         71.773         -0.013          0.349 2023-03-23T15:52:32
     589   10385     0.792              0         -0.826          5.400        170.297         -0.001          0.357 2023-03-23T15:52:33
     590   10518     0.789              0          1.255         16.200         98.524          0.013          0.678 2023-03-23T15:52:33
     591   10558     0.789              0          1.289         17.300        144.499          0.013          0.338 2023-03-23T15:52:34
     592   10590     0.788              0         -0.734          7.200        182.023          0.346          0.344 2023-03-23T15:52:34
     593   10605     0.788              0         -0.842          4.700         37.524          0.332          0.213 2023-03-23T15:52:34
     594   10618     0.787              0         -0.934          2.800        109.236         -0.012          0.256 2023-03-23T15:52:35
     595   10655     0.787              0         -0.832          5.000        109.236         -0.012          0.315 2023-03-23T15:52:35
     596   10683     0.786              0         -0.766          6.500         96.845          0.016          0.410 2023-03-23T15:52:35
     597   10709     0.786              0         -0.815          5.400         96.845          0.016          0.256 2023-03-23T15:52:35
     598   10769     0.785              0         -0.439          8.600          0.000          0.000          0.390 2023-03-23T15:52:36
     599   10786     0.785              0         -0.481          7.700          0.000          0.000          0.214 2023-03-23T15:52:36
     600   10854     0.783              0         -0.542          8.500          0.000          0.000          0.426 2023-03-23T15:52:37
     601   10866     0.783              0         -0.560          8.000          0.000          0.000          0.202 2023-03-23T15:52:37
     602   10896     0.783              0         -0.860          4.200          0.000          0.000          0.272 2023-03-23T15:52:37
     603   10954     0.782              0         -0.526          8.800          0.000          0.000          0.428 2023-03-23T15:52:37
     604   11000     0.781              0         -0.374         10.400         68.227          0.006          0.429 2023-03-23T15:52:38
     605   11061     0.780              0         -0.256         10.700         68.227          0.006          0.455 2023-03-23T15:52:38
     606   11163     0.778              0          0.761         16.300          0.000          0.000          0.661 2023-03-23T15:52:39
     607   11197     0.777              0          0.397         13.600         68.373          0.336          0.427 2023-03-23T15:52:39
     608   11268     0.776              0         -0.464         10.500        168.665          0.320          0.595 2023-03-23T15:52:40
     609   11295     0.776              0         -0.487          9.800        141.560         -0.009          0.398 2023-03-23T15:52:40
     610   11363     0.774              0         -0.410          9.500         41.268          0.007          0.422 2023-03-23T15:52:41
     611   11387     0.774              0         -0.441          9.200          0.000          0.000          0.241 2023-03-23T15:52:41
     612   11713     0.768              1         13.195         35.000        107.938          0.006          1.558 2023-03-23T15:52:43
     613   12726     0.751              3         57.245        133.900        107.938          0.006          5.045 2023-03-23T15:52:48
     614   12738     0.751              0         43.137        102.500          0.000          0.000          0.212 2023-03-23T15:52:48
     615   13944     0.731              4         55.203        121.800          0.000          0.000          6.003 2023-03-23T15:52:54
     616   14305     0.725              1         69.594        156.700          0.000          0.000          1.934 2023-03-23T15:52:56
     617   15805     0.701              5         83.618        186.100          0.000          0.000          7.614 2023-03-23T15:53:03
     618   16174     0.695              1         73.750        186.900         45.360          0.341          2.076 2023-03-23T15:53:05
     619   17674     0.672              5         88.750         216.900         45.360          0.341          7.763 2023-03-23T15:53:13
     620   19174     0.650              5         99.401        300.000          0.000          0.000          7.624 2023-03-23T15:53:21
     621   20674     0.628              5        139.401        300.000          0.000          0.000          7.699 2023-03-23T15:53:29
     622   22174     0.607              5        139.401        300.000          0.000          0.000          7.752 2023-03-23T15:53:36
     623   23674     0.587              5        139.401        300.000          0.000          0.000          7.783 2023-03-23T15:53:44
     624   25174     0.568              5        123.401        300.000          0.000          0.000          7.771 2023-03-23T15:53:52
     625   26674     0.549              5        139.401        300.000          0.000          0.000          7.778 2023-03-23T15:54:00
     626   28174     0.531              5        139.401        300.000          0.000          0.000          7.773 2023-03-23T15:54:07
     627   29674     0.513              5        139.401        300.000          0.000          0.000          7.777 2023-03-23T15:54:15
     628   31174     0.496              5        139.401        300.000          0.000          0.000          7.752 2023-03-23T15:54:23
     629   32674     0.479              5        139.401        300.000          0.000          0.000          7.772 2023-03-23T15:54:31
     630   34174     0.464              5        139.401        300.000          0.000          0.000          7.774 2023-03-23T15:54:39
     631   35674     0.448              5        139.401        300.000          0.000          0.000          7.772 2023-03-23T15:54:46
     632   37174     0.433              5        139.401        300.000          0.000          0.000          7.787 2023-03-23T15:54:54
     633   38674     0.419              5        139.401        300.000          0.000          0.000          7.757 2023-03-23T15:55:02
     634   40174     0.405              5        139.401        300.000          0.000          0.000          7.739 2023-03-23T15:55:10
     635   41674     0.392              5        139.401        300.000          0.000          0.000          7.795 2023-03-23T15:55:17
     636   43174     0.379              5        139.401        300.000          0.000          0.000          9.243 2023-03-23T15:55:27
     620   19174     0.650              5        139.401        300.000          0.000          0.000          7.624 2023-03-23T15:53:21
     621   20674     0.628              5        139.401        300.000          0.000          0.000          7.699 2023-03-23T15:53:29
     622   22174     0.607              5        139.401        300.000          0.000          0.000          7.752 2023-03-23T15:53:36
     623   23674     0.587              5        139.401        300.000          0.000          0.000          7.783 2023-03-23T15:53:44
     624   25174     0.568              5        139.401        300.000          0.000          0.000          7.771 2023-03-23T15:53:52
     625   26674     0.549              5        139.401        300.000          0.000          0.000          7.778 2023-03-23T15:54:00
     626   28174     0.531              5        139.401        300.000          0.000          0.000          7.773 2023-03-23T15:54:07
     627   29674     0.513              5        139.401        300.000          0.000          0.000          7.777 2023-03-23T15:54:15
     628   31174     0.496              5        139.401        300.000          0.000          0.000          7.752 2023-03-23T15:54:23
     629   32674     0.479              5        139.401        300.000          0.000          0.000          7.772 2023-03-23T15:54:31
     630   34174     0.464              5        139.401        300.000          0.000          0.000          7.774 2023-03-23T15:54:39
     631   35674     0.448              5        139.401        300.000          0.000          0.000          7.772 2023-03-23T15:54:46
     632   37174     0.433              5        139.401        300.000          0.000          0.000          7.787 2023-03-23T15:54:54
     633   38674     0.419              5        139.401        300.000          0.000          0.000          7.757 2023-03-23T15:55:02
     634   40174     0.405              5        139.401        300.000          0.000          0.000          7.739 2023-03-23T15:55:10
     635   41674     0.392              5        139.401        300.000          0.000          0.000          7.795 2023-03-23T15:55:17
     636   43174     0.379              5        139.401        300.000          0.000          0.000          9.243 2023-03-23T15:55:27
     620   19174     0.650              5        139.401        300.000          0.000          0.000          7.624 2023-03-23T15:53:21
     621   20674     0.628              5        139.401        300.000          0.000          0.000          7.699 2023-03-23T15:53:29
     622   22174     0.607              5        139.401        300.000          0.000          0.000          7.752 2023-03-23T15:53:36
     623   23674     0.587              5        139.401        300.000          0.000          0.000          7.783 2023-03-23T15:53:44
     624   25174     0.568              5        139.401        300.000          0.000          0.000          7.771 2023-03-23T15:53:52
     625   26674     0.549              5        139.401        300.000          0.000          0.000          7.778 2023-03-23T15:54:00
     626   28174     0.531              5        139.401        300.000          0.000          0.000          7.773 2023-03-23T15:54:07
     627   29674     0.513              5        139.401        300.000          0.000          0.000          7.777 2023-03-23T15:54:15
     628   31174     0.496              5        139.401        300.000          0.000          0.000          7.752 2023-03-23T15:54:23
     629   32674     0.479              5        139.401        300.000          0.000          0.000          7.772 2023-03-23T15:54:31
     630   34174     0.464              5        139.401        300.000          0.000          0.000          7.774 2023-03-23T15:54:39
     631   35674     0.448              5        139.401        300.000          0.000          0.000          7.772 2023-03-23T15:54:46
     632   37174     0.433              5        139.401        300.000          0.000          0.000          7.787 2023-03-23T15:54:54
     633   38674     0.419              5        139.401        300.000          0.000          0.000          7.757 2023-03-23T15:55:02
     634   40174     0.405              5        139.401        300.000          0.000          0.000          7.739 2023-03-23T15:55:10
     635   41674     0.392              5        139.401        300.000          0.000          0.000          7.795 2023-03-23T15:55:17
     636   43174     0.379              5        139.401        300.000          0.000          0.000          9.243 2023-03-23T15:55:27