 Episode    Step   Epsilon  Get_resultnum     MeanReward     MeanLength       MeanLoss     MeanQValue      TimeDelta                Time
       0      23     0.999              0         -0.872          4.600          0.000          0.000          2.620 2023-03-23T22:18:48
       1      56     0.999              0         -0.835          5.600          0.000          0.000          0.270 2023-03-23T22:18:48
       2      71     0.998              0         -0.866          4.800          0.000          0.000          0.214 2023-03-23T22:18:48
       3     120     0.997              0         -0.777          6.400          0.000          0.000          0.349 2023-03-23T22:18:48
       4     152     0.997              0         -0.703          8.100          0.000          0.000          0.274 2023-03-23T22:18:49
       5     165     0.996              0         -0.860          4.500          0.000          0.000          0.216 2023-03-23T22:18:49
       6     178     0.996              0         -0.940          2.600          0.000          0.000          0.212 2023-03-23T22:18:49
       7     193     0.996              0         -0.937          2.800          0.000          0.000          0.213 2023-03-23T22:18:49
       8     211     0.995              0         -0.920          3.300          0.000          0.000          0.227 2023-03-23T22:18:49
       9     226     0.995              0         -0.920          3.300          0.000          0.000          0.225 2023-03-23T22:18:50
      10     255     0.994              0         -0.876          4.400          0.000          0.000          0.281 2023-03-23T22:18:50
      11     285     0.994              0         -0.822          5.900          0.000          0.000          0.274 2023-03-23T22:18:50
      12     308     0.993              0         -0.839          5.300          0.000          0.000          0.249 2023-03-23T22:18:51
      13     325     0.993              0         -0.888          4.000          0.000          0.000          0.233 2023-03-23T22:18:51
      14     335     0.992              0         -0.938          2.700          0.000          0.000          0.206 2023-03-23T22:18:51
      15     365     0.992              0         -0.889          4.000          0.000          0.000          0.295 2023-03-23T22:18:51
      16     394     0.991              0         -0.830          5.900          0.000          0.000          0.297 2023-03-23T22:18:52
      17     415     0.991              0         -0.866          5.000          0.000          0.000          0.257 2023-03-23T22:18:52
      18     441     0.990              0         -0.857          4.700          0.000          0.000          0.285 2023-03-23T22:18:52
      19     468     0.990              0         -0.828          5.300          0.000          0.000          0.287 2023-03-23T22:18:52
      20     494     0.989              0         -0.828          5.300          0.000          0.000          0.299 2023-03-23T22:18:53
      21     509     0.989              0         -0.875          4.100          0.000          0.000          0.244 2023-03-23T22:18:53
      22     541     0.988              0         -0.844          4.700          0.000          0.000          0.326 2023-03-23T22:18:53
      23     556     0.988              0         -0.844          4.700          0.000          0.000          0.230 2023-03-23T22:18:53
      24     571     0.987              0         -0.928          3.000          0.000          0.000          0.244 2023-03-23T22:18:54
      25     592     0.987              0         -0.910          3.600          0.000          0.000          0.268 2023-03-23T22:18:54
      26     608     0.986              0         -0.908          3.700          0.000          0.000          0.241 2023-03-23T22:18:54
      27     630     0.986              0         -0.903          3.800          0.000          0.000          0.282 2023-03-23T22:18:55
      28     644     0.986              0         -0.904          3.600          0.000          0.000          0.247 2023-03-23T22:18:55
      29     668     0.985              0         -0.899          3.800          0.000          0.000          0.291 2023-03-23T22:18:55
      30     693     0.985              0         -0.862          4.900          0.000          0.000          0.296 2023-03-23T22:18:55
      31     714     0.984              0         -0.875          4.600          0.000          0.000          0.261 2023-03-23T22:18:56
      32     726     0.984              0         -0.920          3.300          0.000          0.000          0.230 2023-03-23T22:18:56
      33     759     0.983              0         -0.860          4.500          0.000          0.000          0.328 2023-03-23T22:18:56
      34     772     0.983              0         -0.860          4.600          0.000          0.000          0.224 2023-03-23T22:18:56
      35     799     0.982              0         -0.895          4.000          0.000          0.000          0.305 2023-03-23T22:18:57
      36     823     0.982              0         -0.847          5.100          0.000          0.000          0.298 2023-03-23T22:18:57
      37     866     0.981              0         -0.757          6.700          0.000          0.000          0.381 2023-03-23T22:18:57
      38     888     0.980              0         -0.766          6.500          0.000          0.000          0.272 2023-03-23T22:18:58
      39     915     0.980              0         -0.855          4.900          0.000          0.000          0.309 2023-03-23T22:18:58
      40     937     0.979              0         -0.863          4.900          0.000          0.000          0.285 2023-03-23T22:18:58
      41     949     0.979              0         -0.912          3.400          0.000          0.000          0.220 2023-03-23T22:18:58
      42     964     0.979              0         -0.942          2.700          0.000          0.000          0.251 2023-03-23T22:18:59
      43     980     0.978              0         -0.929          3.100          0.000          0.000          0.246 2023-03-23T22:18:59
      44     997     0.978              0         -0.920          3.300          0.000          0.000          0.252 2023-03-23T22:18:59
      45    1025     0.977              0         -0.884          4.500          0.000          0.000          0.305 2023-03-23T22:19:00
      46    1040     0.977              0         -0.888          4.300          0.000          0.000          0.251 2023-03-23T22:19:00
      47    1067     0.976              0         -0.890          4.200          0.000          0.000          0.304 2023-03-23T22:19:00
      48    1079     0.976              0         -0.897          3.900          0.000          0.000          0.225 2023-03-23T22:19:00
      49    1097     0.976              0         -0.925          3.000          0.000          0.000          0.261 2023-03-23T22:19:01
      50    1113     0.975              0         -0.915          3.400          0.000          0.000          0.248 2023-03-23T22:19:01
      51    1145     0.975              0         -0.862          4.800          0.000          0.000          0.325 2023-03-23T22:19:01
      52    1165     0.974              0         -0.846          5.200          0.000          0.000          0.269 2023-03-23T22:19:01
      53    1190     0.974              0         -0.878          4.500          0.000          0.000          0.304 2023-03-23T22:19:02
      54    1209     0.973              0         -0.882          4.400          0.000          0.000          0.267 2023-03-23T22:19:02
      55    1249     0.972              0         -0.814          5.900          0.000          0.000          0.377 2023-03-23T22:19:02
      56    1264     0.972              0         -0.835          5.500          0.000          0.000          0.242 2023-03-23T22:19:03
      57    1283     0.972              0         -0.924          3.400          0.000          0.000          0.268 2023-03-23T22:19:03
      58    1296     0.971              0         -0.926          3.200          0.000          0.000          0.228 2023-03-23T22:19:03
      59    1321     0.971              0         -0.905          3.800          0.000          0.000          0.290 2023-03-23T22:19:03
      60    1333     0.970              0         -0.906          3.700          0.000          0.000          0.225 2023-03-23T22:19:04
      61    1364     0.970              0         -0.867          4.300          0.000          0.000          0.324 2023-03-23T22:19:04
      62    1380     0.969              0         -0.855          4.700          0.000          0.000          0.244 2023-03-23T22:19:04
      63    1400     0.969              0         -0.915          3.600          0.000          0.000          0.269 2023-03-23T22:19:04
      64    1414     0.969              0         -0.922          3.400          0.000          0.000          0.227 2023-03-23T22:19:05
      65    1434     0.968              0         -0.914          3.400          0.000          0.000          0.264 2023-03-23T22:19:05
      66    1465     0.968              0         -0.832          5.100          0.000          0.000          0.327 2023-03-23T22:19:05
      67    1481     0.967              0         -0.845          4.700          0.000          0.000          0.247 2023-03-23T22:19:06
      68    1499     0.967              0         -0.912          3.400          0.000          0.000          0.255 2023-03-23T22:19:06
      69    1516     0.966              0         -0.915          3.500          0.000          0.000          0.246 2023-03-23T22:19:06
      70    1530     0.966              0         -0.928          3.100          0.000          0.000          0.238 2023-03-23T22:19:06
      71    1558     0.966              0         -0.879          4.200          0.000          0.000          0.307 2023-03-23T22:19:07
      72    1573     0.965              0         -0.876          4.300          0.000          0.000          0.242 2023-03-23T22:19:07
      73    1610     0.964              0         -0.840          5.200          0.000          0.000          0.359 2023-03-23T22:19:07
      74    1632     0.964              0         -0.817          5.900          0.000          0.000          0.279 2023-03-23T22:19:07
      75    1668     0.963              0         -0.821          5.800          0.000          0.000          0.352 2023-03-23T22:19:08
      76    1690     0.963              0         -0.824          5.800          0.000          0.000          0.278 2023-03-23T22:19:08
      77    1709     0.962              0         -0.895          4.100          0.000          0.000          0.256 2023-03-23T22:19:08
      78    1758     0.961              0         -0.620          6.800          0.000          0.000          0.428 2023-03-23T22:19:09
      79    1780     0.961              0         -0.610          7.100          0.000          0.000          0.282 2023-03-23T22:19:09
      80    1791     0.961              0         -0.917          3.300          0.000          0.000          0.221 2023-03-23T22:19:09
      81    1816     0.960              0         -0.916          3.600          0.000          0.000          0.275 2023-03-23T22:19:10
      82    1830     0.960              0         -0.909          3.900          0.000          0.000          0.242 2023-03-23T22:19:10
      83    1854     0.959              0         -0.903          3.800          0.000          0.000          0.280 2023-03-23T22:19:10
      84    1893     0.958              0         -0.738          6.300          0.000          0.000          0.357 2023-03-23T22:19:10
      85    1927     0.958              0         -0.688          7.300          0.000          0.000          0.334 2023-03-23T22:19:11
      86    1946     0.957              0         -0.832          5.300          0.000          0.000          0.260 2023-03-23T22:19:11
      87    1965     0.957              0         -0.897          3.800          0.000          0.000          0.255 2023-03-23T22:19:11
      88    1989     0.956              0         -0.883          4.300          0.000          0.000          0.301 2023-03-23T22:19:12
      89    2004     0.956              0         -0.898          3.900          0.000          0.000          0.238 2023-03-23T22:19:12
      90    2012     0.956              0         -0.954          2.300          0.000          0.000          0.216 2023-03-23T22:19:12
      91    2036     0.955              0         -0.928          3.200          0.000          0.000          0.291 2023-03-23T22:19:12
      92    2049     0.955              0         -0.905          3.700          0.000          0.000          0.238 2023-03-23T22:19:13
      93    2065     0.955              0         -0.927          2.900          0.000          0.000          0.248 2023-03-23T22:19:13
      94    2076     0.954              0         -0.936          2.700          0.000          0.000          0.225 2023-03-23T22:19:13
      95    2098     0.954              0         -0.916          3.300          0.000          0.000          0.282 2023-03-23T22:19:13
      96    2118     0.953              0         -0.886          4.200          0.000          0.000          0.271 2023-03-23T22:19:14
      97    2176     0.952              0         -0.628          7.800          0.000          0.000          0.487 2023-03-23T22:19:14
      98    2207     0.952              0         -0.579          8.900          0.000          0.000          0.323 2023-03-23T22:19:14
      99    2238     0.951              0         -0.776          6.200          0.000          0.000          0.328 2023-03-23T22:19:15
     100    2267     0.950              0         -0.784          6.000          0.000          0.000          0.328 2023-03-23T22:19:15
     101    2295     0.950              0         -0.830          5.700          0.000          0.000          0.311 2023-03-23T22:19:15
     102    2313     0.949              0         -0.885          4.600          0.000          0.000          0.264 2023-03-23T22:19:16
     103    2341     0.949              0         -0.880          4.600          0.000          0.000          0.306 2023-03-23T22:19:16
     104    2353     0.948              0         -0.892          4.000          0.000          0.000          0.226 2023-03-23T22:19:16
     105    2374     0.948              0         -0.912          3.300          0.000          0.000          0.269 2023-03-23T22:19:16
     106    2389     0.948              0         -0.911          3.600          0.000          0.000          0.253 2023-03-23T22:19:17
     107    2411     0.947              0         -0.913          3.700          0.000          0.000          0.295 2023-03-23T22:19:17
     108    2428     0.947              0         -0.905          3.900          0.000          0.000          0.266 2023-03-23T22:19:17
     109    2455     0.946              0         -0.884          4.400          0.000          0.000          0.301 2023-03-23T22:19:18
     110    2468     0.946              0         -0.895          4.000          0.000          0.000          0.230 2023-03-23T22:19:18
     111    2493     0.945              0         -0.896          3.800          0.000          0.000          0.296 2023-03-23T22:19:18
     112    2505     0.945              0         -0.902          3.700          0.000          0.000          0.239 2023-03-23T22:19:18
     113    2535     0.945              0         -0.893          4.200          0.000          0.000          0.312 2023-03-23T22:19:19
     114    2548     0.944              0         -0.887          4.300          0.000          0.000          0.240 2023-03-23T22:19:19
     115    2566     0.944              0         -0.926          3.100          0.000          0.000          0.254 2023-03-23T22:19:19
     116    2590     0.943              0         -0.886          4.200          0.000          0.000          0.296 2023-03-23T22:19:19
     117    2617     0.943              0         -0.860          5.100          0.000          0.000          0.304 2023-03-23T22:19:20
     118    2630     0.943              0         -0.900          4.000          0.000          0.000          0.234 2023-03-23T22:19:20
     119    2650     0.942              0         -0.925          3.300          0.000          0.000          0.274 2023-03-23T22:19:20
     120    2688     0.941              0         -0.811          5.800          0.000          0.000          0.365 2023-03-23T22:19:21
     121    2722     0.941              0         -0.747          7.200          0.000          0.000          0.343 2023-03-23T22:19:21
     122    2734     0.940              0         -0.866          4.600          0.000          0.000          0.221 2023-03-23T22:19:21
     123    2756     0.940              0         -0.925          3.400          0.000          0.000          0.276 2023-03-23T22:19:21
     124    2770     0.940              0         -0.916          3.600          0.000          0.000          0.241 2023-03-23T22:19:22
     125    2794     0.939              0         -0.909          3.800          0.000          0.000          0.291 2023-03-23T22:19:22
     126    2804     0.939              0         -0.920          3.400          0.000          0.000          0.219 2023-03-23T22:19:22
     127    2831     0.938              0         -0.908          3.700          0.000          0.000          0.307 2023-03-23T22:19:22
     128    2843     0.938              0         -0.901          3.900          0.000          0.000          0.237 2023-03-23T22:19:23
     129    2872     0.937              0         -0.871          4.100          0.000          0.000          0.321 2023-03-23T22:19:23
     130    2886     0.937              0         -0.865          4.300          0.000          0.000          0.238 2023-03-23T22:19:23
     131    2898     0.937              0         -0.939          2.600          0.000          0.000          0.236 2023-03-23T22:19:23
     132    2908     0.937              0         -0.952          2.200          0.000          0.000          0.219 2023-03-23T22:19:24
     133    2934     0.936              0         -0.891          3.600          0.000          0.000          0.308 2023-03-23T22:19:24
     134    2947     0.936              0         -0.883          3.900          0.000          0.000          0.232 2023-03-23T22:19:24
     135    2987     0.935              0         -0.828          5.300          0.000          0.000          0.370 2023-03-23T22:19:25
     136    3039     0.934              0         -0.520          9.200          0.000          0.000          0.445 2023-03-23T22:19:25
     137    3061     0.933              0         -0.605          7.400          0.000          0.000          0.256 2023-03-23T22:19:25
     138    3090     0.933              0         -0.852          5.100          0.000          0.000          0.301 2023-03-23T22:19:26
     139    3115     0.932              0         -0.839          5.400          0.000          0.000          0.284 2023-03-23T22:19:26
     140    3140     0.932              0         -0.848          5.000          0.000          0.000          0.272 2023-03-23T22:19:26
     141    3155     0.931              0         -0.885          4.000          0.000          0.000          0.234 2023-03-23T22:19:26
     142    3182     0.931              0         -0.883          4.200          0.000          0.000          0.299 2023-03-23T22:19:27
     143    3206     0.930              0         -0.852          5.100          0.000          0.000          0.290 2023-03-23T22:19:27
     144    3221     0.930              0         -0.897          3.900          0.000          0.000          0.239 2023-03-23T22:19:27
     145    3249     0.930              0         -0.876          4.300          0.000          0.000          0.322 2023-03-23T22:19:28
     146    3275     0.929              0         -0.839          5.400          0.000          0.000          0.307 2023-03-23T22:19:28
     147    3288     0.929              0         -0.900          3.900          0.000          0.000          0.223 2023-03-23T22:19:28
     148    3303     0.928              0         -0.936          2.800          0.000          0.000          0.241 2023-03-23T22:19:28
     149    3324     0.928              0         -0.910          3.600          0.000          0.000          0.263 2023-03-23T22:19:29
     150    3340     0.928              0         -0.910          3.700          0.000          0.000          0.248 2023-03-23T22:19:29
     151    3354     0.927              0         -0.933          3.000          0.000          0.000          0.245 2023-03-23T22:19:29
     152    3364     0.927              0         -0.949          2.400          0.000          0.000          0.225 2023-03-23T22:19:29
     153    3382     0.927              0         -0.936          2.800          0.000          0.000          0.265 2023-03-23T22:19:30
     154    3413     0.926              0         -0.842          4.900          0.000          0.000          0.335 2023-03-23T22:19:30
     155    3433     0.926              0         -0.831          5.100          0.000          0.000          0.274 2023-03-23T22:19:30
     156    3470     0.925              0         -0.821          5.700          0.000          0.000          0.369 2023-03-23T22:19:31
     157    3492     0.924              0         -0.809          5.900          0.000          0.000          0.287 2023-03-23T22:19:31
     158    3506     0.924              0         -0.903          3.600          0.000          0.000          0.238 2023-03-23T22:19:31
     159    3519     0.924              0         -0.942          2.700          0.000          0.000          0.229 2023-03-23T22:19:31
     160    3536     0.924              0         -0.934          3.000          0.000          0.000          0.274 2023-03-23T22:19:32
     161    3552     0.923              0         -0.921          3.300          0.000          0.000          0.251 2023-03-23T22:19:32
     162    3568     0.923              0         -0.921          3.200          0.000          0.000          0.251 2023-03-23T22:19:32
     163    3585     0.923              0         -0.928          3.300          0.000          0.000          0.248 2023-03-23T22:19:32
     164    3598     0.922              0         -0.934          3.000          0.000          0.000          0.235 2023-03-23T22:19:33
     165    3622     0.922              0         -0.906          3.700          0.000          0.000          0.291 2023-03-23T22:19:33
     166    3651     0.921              0         -0.826          5.300          0.000          0.000          0.322 2023-03-23T22:19:33
     167    3692     0.920              0         -0.736          7.000          0.000          0.000          0.374 2023-03-23T22:19:34
     168    3711     0.920              0         -0.807          6.000          0.000          0.000          0.289 2023-03-23T22:19:34
     169    3732     0.919              0         -0.904          4.000          0.000          0.000          0.267 2023-03-23T22:19:34
     170    3745     0.919              0         -0.919          3.400          0.000          0.000          0.236 2023-03-23T22:19:34
     171    3779     0.918              0         -0.858          4.700          0.000          0.000          0.349 2023-03-23T22:19:35
     172    3803     0.918              0         -0.809          5.800          0.000          0.000          0.297 2023-03-23T22:19:35
     173    3832     0.917              0         -0.813          5.300          0.000          0.000          0.308 2023-03-23T22:19:35
     174    3851     0.917              0         -0.837          4.800          0.000          0.000          0.259 2023-03-23T22:19:36
     175    3870     0.917              0         -0.897          3.800          0.000          0.000          0.264 2023-03-23T22:19:36
     176    3896     0.916              0         -0.860          4.500          0.000          0.000          0.302 2023-03-23T22:19:36
     177    3913     0.916              0         -0.873          4.300          0.000          0.000          0.250 2023-03-23T22:19:36
     178    3933     0.915              0         -0.918          3.700          0.000          0.000          0.265 2023-03-23T22:19:37
     179    3965     0.915              0         -0.839          5.200          0.000          0.000          0.333 2023-03-23T22:19:37
     180    3984     0.914              0         -0.841          5.100          0.000          0.000          0.276 2023-03-23T22:19:37
     181    4006     0.914              0         -0.908          4.100          0.000          0.000          0.271 2023-03-23T22:19:38
     182    4034     0.913              0         -0.869          5.000          0.000          0.000          0.314 2023-03-23T22:19:38
     183    4059     0.913              0         -0.853          5.300          0.000          0.000          0.291 2023-03-23T22:19:38
     184    4071     0.912              0         -0.911          3.700          0.000          0.000          0.229 2023-03-23T22:19:38
     185    4098     0.912              0         -0.894          3.900          0.000          0.000          0.298 2023-03-23T22:19:39
     186    4108     0.912              0         -0.897          3.700          0.000          0.000          0.227 2023-03-23T22:19:39
     187    4120     0.911              0         -0.958          2.200          0.000          0.000          0.232 2023-03-23T22:19:39
     188    4131     0.911              0         -0.956          2.300          0.000          0.000          0.233 2023-03-23T22:19:39
     189    4150     0.911              0         -0.936          3.000          0.000          0.000          0.261 2023-03-23T22:19:40
     190    4168     0.910              0         -0.910          3.700          0.000          0.000          0.260 2023-03-23T22:19:40
     191    4183     0.910              0         -0.916          3.300          0.000          0.000          0.235 2023-03-23T22:19:40
     192    4194     0.910              0         -0.941          2.600          0.000          0.000          0.222 2023-03-23T22:19:40
     193    4221     0.909              0         -0.894          3.800          0.000          0.000          0.303 2023-03-23T22:19:41
     194    4235     0.909              0         -0.886          4.100          0.000          0.000          0.250 2023-03-23T22:19:41
     195    4259     0.909              0         -0.897          3.800          0.000          0.000          0.284 2023-03-23T22:19:41
     196    4273     0.908              0         -0.897          3.800          0.000          0.000          0.232 2023-03-23T22:19:41
     197    4309     0.908              0         -0.855          5.000          0.000          0.000          0.356 2023-03-23T22:19:42
     198    4323     0.907              0         -0.859          5.000          0.000          0.000          0.240 2023-03-23T22:19:42
     199    4340     0.907              0         -0.936          3.100          0.000          0.000          0.256 2023-03-23T22:19:42
     200    4349     0.907              0         -0.947          2.600          0.000          0.000          0.219 2023-03-23T22:19:42
     201    4363     0.906              0         -0.954          2.300          0.000          0.000          0.241 2023-03-23T22:19:43
     202    4383     0.906              0         -0.928          3.400          0.000          0.000          0.275 2023-03-23T22:19:43
     203    4407     0.906              0         -0.884          4.400          0.000          0.000          0.286 2023-03-23T22:19:43
     204    4421     0.905              0         -0.896          3.800          0.000          0.000          0.241 2023-03-23T22:19:44
     205    4440     0.905              0         -0.928          3.300          0.000          0.000          0.269 2023-03-23T22:19:44
     206    4451     0.905              0         -0.932          3.000          0.000          0.000          0.218 2023-03-23T22:19:44
     207    4464     0.904              0         -0.942          2.400          0.000          0.000          0.235 2023-03-23T22:19:44
     208    4479     0.904              0         -0.931          2.800          0.000          0.000          0.256 2023-03-23T22:19:44
     209    4512     0.903              0         -0.864          4.800          0.000          0.000          0.343 2023-03-23T22:19:45
     210    4527     0.903              0         -0.869          4.800          0.000          0.000          0.239 2023-03-23T22:19:45
     211    4544     0.903              0         -0.929          3.200          0.000          0.000          0.258 2023-03-23T22:19:45
     212    4557     0.903              0         -0.933          3.000          0.000          0.000          0.239 2023-03-23T22:19:46
     213    4575     0.902              0         -0.926          3.100          0.000          0.000          0.262 2023-03-23T22:19:46
     214    4583     0.902              0         -0.942          2.600          0.000          0.000          0.201 2023-03-23T22:19:46
     215    4601     0.902              0         -0.942          2.600          0.000          0.000          0.259 2023-03-23T22:19:46
     216    4611     0.901              0         -0.935          2.800          0.000          0.000          0.216 2023-03-23T22:19:47
     217    4639     0.901              0         -0.911          3.800          0.000          0.000          0.320 2023-03-23T22:19:47
     218    4659     0.900              0         -0.878          4.800          0.000          0.000          0.267 2023-03-23T22:19:47
     219    4678     0.900              0         -0.900          3.900          0.000          0.000          0.260 2023-03-23T22:19:47
     220    4692     0.900              0         -0.920          3.300          0.000          0.000          0.236 2023-03-23T22:19:48
     221    4709     0.899              0         -0.930          3.100          0.000          0.000          0.268 2023-03-23T22:19:48
     222    4724     0.899              0         -0.925          3.200          0.000          0.000          0.243 2023-03-23T22:19:48
     223    4738     0.899              0         -0.933          2.900          0.000          0.000          0.235 2023-03-23T22:19:48
     224    4758     0.898              0         -0.914          3.400          0.000          0.000          0.270 2023-03-23T22:19:49
     225    4769     0.898              0         -0.922          3.100          0.000          0.000          0.226 2023-03-23T22:19:49
     226    4785     0.898              0         -0.938          2.700          0.000          0.000          0.254 2023-03-23T22:19:49
     227    4812     0.897              0         -0.879          4.300          0.000          0.000          0.307 2023-03-23T22:19:49
     228    4823     0.897              0         -0.894          3.800          0.000          0.000          0.234 2023-03-23T22:19:50
     229    4843     0.897              0         -0.926          3.100          0.000          0.000          0.283 2023-03-23T22:19:50
     230    4856     0.896              0         -0.921          3.300          0.000          0.000          0.229 2023-03-23T22:19:50
     231    4877     0.896              0         -0.918          3.400          0.000          0.000          0.266 2023-03-23T22:19:50
     232    4889     0.896              0         -0.924          3.300          0.000          0.000          0.230 2023-03-23T22:19:51
     233    4917     0.895              0         -0.895          4.000          0.000          0.000          0.319 2023-03-23T22:19:51
     234    4924     0.895              0         -0.909          3.500          0.000          0.000          0.202 2023-03-23T22:19:51
     235    4946     0.895              0         -0.935          2.900          0.000          0.000          0.284 2023-03-23T22:19:51
     236    4961     0.894              0         -0.914          3.700          0.000          0.000          0.249 2023-03-23T22:19:52
     237    4978     0.894              0         -0.929          3.200          0.000          0.000          0.253 2023-03-23T22:19:52
     238    4991     0.894              0         -0.932          3.000          0.000          0.000          0.233 2023-03-23T22:19:52
     239    5006     0.893              0         -0.937          2.800          0.000          0.000          0.232 2023-03-23T22:19:52
     240    5019     0.893              0         -0.939          2.800          0.000          0.000          0.245 2023-03-23T22:19:53
     241    5042     0.893              0         -0.904          3.600        141.922          2.326          0.688 2023-03-23T22:19:53
     242    5063     0.892              0         -0.877          4.400        399.170         11.098          0.256 2023-03-23T22:19:54
     243    5080     0.892              0         -0.909          3.800        509.256          9.845          0.298 2023-03-23T22:19:54
     244    5088     0.892              0         -0.950          2.500        252.007          1.073          0.183 2023-03-23T22:19:54
     245    5103     0.892              0         -0.960          2.300          0.000          0.000          0.209 2023-03-23T22:19:54
     246    5118     0.891              0         -0.940          3.000          0.000          0.000          0.204 2023-03-23T22:19:54
     247    5126     0.891              0         -0.959          2.300        269.883          1.421          0.261 2023-03-23T22:19:55
     248    5138     0.891              0         -0.962          2.000        269.883          1.421          0.196 2023-03-23T22:19:55
     249    5149     0.891              0         -0.948          2.300          0.000          0.000          0.188 2023-03-23T22:19:55
     250    5158     0.890              0         -0.962          2.000        297.612          2.753          0.258 2023-03-23T22:19:55
     251    5167     0.890              0         -0.972          1.800        697.050          4.248          0.214 2023-03-23T22:19:56
     252    5177     0.890              0         -0.968          1.900        399.438          1.495          0.193 2023-03-23T22:19:56
     253    5187     0.890              0         -0.963          2.000        265.084          0.872          0.248 2023-03-23T22:19:56
     254    5198     0.890              0         -0.965          2.100        265.084          0.872          0.192 2023-03-23T22:19:56
     255    5207     0.889              0         -0.968          2.000          0.000          0.000          0.184 2023-03-23T22:19:56
     256    5219     0.889              0         -0.958          2.100          0.000          0.000          0.194 2023-03-23T22:19:57
     257    5231     0.889              0         -0.945          2.400          0.000          0.000          0.193 2023-03-23T22:19:57
     258    5244     0.889              0         -0.946          2.500          0.000          0.000          0.193 2023-03-23T22:19:57
     259    5253     0.889              0         -0.961          2.200        175.203          0.612          0.280 2023-03-23T22:19:57
     260    5262     0.888              0         -0.973          1.800        403.929          1.891          0.330 2023-03-23T22:19:58
     261    5270     0.888              0         -0.977          1.700        419.320          3.588          0.215 2023-03-23T22:19:58
     262    5279     0.888              0         -0.975          1.700        190.593          2.310          0.187 2023-03-23T22:19:58
     263    5292     0.888              0         -0.957          2.200          0.000          0.000          0.198 2023-03-23T22:19:58
     264    5305     0.887              0         -0.946          2.600          0.000          0.000          0.201 2023-03-23T22:19:58
     265    5314     0.887              0         -0.957          2.200        148.603          0.783          0.247 2023-03-23T22:19:59
     266    5327     0.887              0         -0.957          2.200        198.594          1.014          0.261 2023-03-23T22:19:59
     267    5335     0.887              0         -0.964          2.100         49.991          0.231          0.184 2023-03-23T22:19:59
     268    5353     0.887              0         -0.947          2.600          0.000          0.000          0.217 2023-03-23T22:19:59
     269    5385     0.886              0         -0.823          5.000          0.000          0.000          0.274 2023-03-23T22:20:00
     270    5407     0.885              0         -0.806          5.400          0.000          0.000          0.246 2023-03-23T22:20:00
     271    5423     0.885              0         -0.900          3.800        258.357          1.209          0.349 2023-03-23T22:20:00
     272    5435     0.885              0         -0.932          2.800        258.357          1.209          0.199 2023-03-23T22:20:00
     273    5462     0.884              0         -0.899          3.900        297.566          2.071          0.342 2023-03-23T22:20:01
     274    5478     0.884              0         -0.888          4.300        297.566          2.071          0.218 2023-03-23T22:20:01
     275    5502     0.884              0         -0.885          4.000          0.000          0.000          0.239 2023-03-23T22:20:01
     276    5521     0.883              0         -0.877          4.300          0.000          0.000          0.224 2023-03-23T22:20:01
     277    5543     0.883              0         -0.893          4.100        312.743          0.376          0.291 2023-03-23T22:20:02
     278    5556     0.882              0         -0.908          3.500        312.743          0.376          0.201 2023-03-23T22:20:02
     279    5578     0.882              0         -0.912          3.500          0.000          0.000          0.240 2023-03-23T22:20:02
     280    5590     0.882              0         -0.917          3.400        301.215          0.870          0.336 2023-03-23T22:20:02
     281    5607     0.881              0         -0.935          2.900        506.015          1.512          0.243 2023-03-23T22:20:03
     282    5619     0.881              0         -0.935          2.900        204.800          0.642          0.202 2023-03-23T22:20:03
     283    5635     0.881              0         -0.943          2.800        127.465          0.695          0.270 2023-03-23T22:20:03
     284    5651     0.881              0         -0.937          3.200        449.884          2.305          0.332 2023-03-23T22:20:04
     285    5658     0.880              0         -0.960          2.300        322.419          1.610          0.178 2023-03-23T22:20:04
     286    5668     0.880              0         -0.975          1.700        318.797          1.279          0.221 2023-03-23T22:20:04
     287    5682     0.880              0         -0.951          2.400        318.797          1.279          0.201 2023-03-23T22:20:04
     288    5702     0.880              0         -0.920          3.400          0.000          0.000          0.225 2023-03-23T22:20:04
     289    5712     0.879              0         -0.932          3.000        285.390          0.766          0.245 2023-03-23T22:20:05
     290    5724     0.879              0         -0.961          2.200        376.730          1.306          0.250 2023-03-23T22:20:05
     291    5737     0.879              0         -0.954          2.500        334.762          1.463          0.273 2023-03-23T22:20:05
     292    5746     0.879              0         -0.959          2.200        400.616          1.397          0.216 2023-03-23T22:20:05
     293    5756     0.879              0         -0.967          1.900        207.599          1.014          0.247 2023-03-23T22:20:06
     294    5765     0.878              0         -0.968          1.900        210.658          0.768          0.246 2023-03-23T22:20:06
     295    5783     0.878              0         -0.943          2.700        325.686          1.509          0.292 2023-03-23T22:20:06
     296    5793     0.878              0         -0.936          2.800        165.433          1.281          0.191 2023-03-23T22:20:06
     297    5803     0.878              0         -0.962          2.000        349.127          0.575          0.221 2023-03-23T22:20:07
     298    5813     0.877              0         -0.963          2.000        349.127          0.575          0.190 2023-03-23T22:20:07
     299    5826     0.877              0         -0.956          2.300          0.000          0.000          0.204 2023-03-23T22:20:07
     300    5837     0.877              0         -0.958          2.400          0.000          0.000          0.196 2023-03-23T22:20:07
     301    5850     0.877              0         -0.958          2.400        135.678          0.651          0.349 2023-03-23T22:20:07
     302    5859     0.876              0         -0.961          2.200        135.678          0.651          0.186 2023-03-23T22:20:08
     303    5871     0.876              0         -0.958          2.100          0.000          0.000          0.202 2023-03-23T22:20:08
     304    5879     0.876              0         -0.962          2.000          0.000          0.000          0.182 2023-03-23T22:20:08
     305    5902     0.876              0         -0.930          3.100          0.000          0.000          0.232 2023-03-23T22:20:08
     306    5913     0.875              0         -0.917          3.400          0.000          0.000          0.191 2023-03-23T22:20:08
     307    5928     0.875              0         -0.941          2.600        190.722          0.753          0.290 2023-03-23T22:20:09
     308    5959     0.875              0         -0.882          4.600        537.755          1.617          0.361 2023-03-23T22:20:09
     309    5982     0.874              0         -0.856          5.400        347.033          0.865          0.241 2023-03-23T22:20:09
     310    6000     0.874              0         -0.896          4.100        171.915          0.206          0.271 2023-03-23T22:20:10
     311    6021     0.873              0         -0.906          3.900        171.915          0.206          0.237 2023-03-23T22:20:10
     312    6048     0.873              0         -0.860          4.800          0.000          0.000          0.259 2023-03-23T22:20:10
     313    6091     0.872              0         -0.742          7.000        395.466          1.040          0.396 2023-03-23T22:20:11
     314    6131     0.871              0         -0.702          8.300        543.141          1.302          0.340 2023-03-23T22:20:11
     315    6158     0.871              0         -0.800          6.700        147.675          0.262          0.254 2023-03-23T22:20:11
     316    6190     0.870              0         -0.827          5.900        244.338          0.702          0.386 2023-03-23T22:20:11
     317    6236     0.869              0         -0.733          7.800        244.338          0.702          0.343 2023-03-23T22:20:12
     318    6269     0.868              0         -0.737          7.900          0.000          0.000          0.275 2023-03-23T22:20:12
     319    6298     0.868              0         -0.819          6.200          0.000          0.000          0.277 2023-03-23T22:20:12
     320    6343     0.867              0         -0.745          7.400          0.000          0.000          0.355 2023-03-23T22:20:13
     321    6378     0.866              0         -0.739          8.000        191.550          0.574          0.437 2023-03-23T22:20:13
     322    6396     0.866              0         -0.866          5.300        357.302          0.811          0.270 2023-03-23T22:20:13
     323    6417     0.866              0         -0.905          3.900        288.406          0.720          0.298 2023-03-23T22:20:14
     324    6441     0.865              0         -0.894          4.500        295.537          0.641          0.300 2023-03-23T22:20:14
     325    6459     0.865              0         -0.900          4.200        172.882          0.157          0.224 2023-03-23T22:20:14
     326    6478     0.864              0         -0.909          3.700          0.000          0.000          0.226 2023-03-23T22:20:15
     327    6503     0.864              0         -0.889          4.400          0.000          0.000          0.247 2023-03-23T22:20:15
     328    6527     0.863              0         -0.876          4.900          0.000          0.000          0.251 2023-03-23T22:20:15
     329    6542     0.863              0         -0.905          3.900        462.374          0.991          0.372 2023-03-23T22:20:15
     330    6558     0.863              0         -0.926          3.100        462.374          0.991          0.211 2023-03-23T22:20:16
     331    6573     0.863              0         -0.925          3.100         68.125          0.411          0.278 2023-03-23T22:20:16
     332    6600     0.862              0         -0.893          4.200        122.795          0.502          0.306 2023-03-23T22:20:16
     333    6624     0.862              0         -0.869          5.100         54.670          0.091          0.242 2023-03-23T22:20:16
     334    6644     0.861              0         -0.887          4.400         85.338          0.515          0.320 2023-03-23T22:20:17
     335    6672     0.861              0         -0.872          4.800         85.338          0.515          0.251 2023-03-23T22:20:17
     336    6709     0.860              0         -0.821          6.500        173.963          0.276          0.324 2023-03-23T22:20:17
     337    6731     0.859              0         -0.843          5.900        200.126          0.669          0.298 2023-03-23T22:20:18
     338    6750     0.859              0         -0.897          4.100        365.245          0.583          0.282 2023-03-23T22:20:18
     339    6762     0.859              0         -0.927          3.100        339.082          0.190          0.198 2023-03-23T22:20:18
     340    6778     0.859              0         -0.938          2.800         98.405          0.406          0.298 2023-03-23T22:20:18
     341    6790     0.858              0         -0.932          2.800        325.836          0.766          0.229 2023-03-23T22:20:19
     342    6806     0.858              0         -0.939          2.800        227.431          0.360          0.212 2023-03-23T22:20:19
     343    6821     0.858              0         -0.931          3.100          0.000          0.000          0.208 2023-03-23T22:20:19
     344    6837     0.857              0         -0.925          3.100          0.000          0.000          0.217 2023-03-23T22:20:19
     345    6852     0.857              0         -0.925          3.100         88.915          0.397          0.268 2023-03-23T22:20:20
     346    6865     0.857              0         -0.932          2.800        194.930          0.561          0.256 2023-03-23T22:20:20
     347    6887     0.856              0         -0.913          3.500        106.015          0.164          0.228 2023-03-23T22:20:20
     348    6899     0.856              0         -0.916          3.400         86.864          0.384          0.320 2023-03-23T22:20:20
     349    6914     0.856              0         -0.936          2.700         86.864          0.384          0.212 2023-03-23T22:20:21
     350    6929     0.856              0         -0.930          3.000          0.000          0.000          0.215 2023-03-23T22:20:21
     351    6944     0.855              0         -0.931          3.000          0.000          0.000          0.209 2023-03-23T22:20:21
     352    6964     0.855              0         -0.914          3.500        367.780          0.349          0.262 2023-03-23T22:20:21
     353    6978     0.855              0         -0.917          3.400        367.780          0.349          0.203 2023-03-23T22:20:21
     354    7022     0.854              0         -0.786          5.800        365.566          0.588          0.436 2023-03-23T22:20:22
     355    7047     0.853              0         -0.751          6.900        365.566          0.588          0.247 2023-03-23T22:20:22
     356    7073     0.853              0         -0.861          5.100          0.000          0.000          0.252 2023-03-23T22:20:22
     357    7109     0.852              0         -0.818          6.200          0.000          0.000          0.289 2023-03-23T22:20:23
     358    7126     0.852              0         -0.849          5.300          0.000          0.000          0.235 2023-03-23T22:20:23
     359    7147     0.851              0         -0.907          3.800        235.832          0.386          0.377 2023-03-23T22:20:23
     360    7177     0.851              0         -0.855          5.100        235.832          0.386          0.271 2023-03-23T22:20:24
     361    7195     0.851              0         -0.860          4.800        371.721          0.332          0.260 2023-03-23T22:20:24
     362    7210     0.850              0         -0.919          3.300        575.057          0.803          0.318 2023-03-23T22:20:24
     363    7223     0.850              0         -0.934          2.800        203.336          0.472          0.201 2023-03-23T22:20:24
     364    7237     0.850              0         -0.937          2.700        160.776          0.524          0.287 2023-03-23T22:20:25
     365    7248     0.850              0         -0.946          2.500        521.202          0.830          0.223 2023-03-23T22:20:25
     366    7262     0.849              0         -0.947          2.500        457.784          0.772          0.313 2023-03-23T22:20:25
     367    7285     0.849              0         -0.913          3.700        330.207          0.845          0.314 2023-03-23T22:20:25
     368    7322     0.848              0         -0.829          6.000        586.320          0.995          0.389 2023-03-23T22:20:26
     369    7361     0.847              0         -0.716          7.600        353.471          0.617          0.305 2023-03-23T22:20:26
     370    7400     0.847              0         -0.674          7.800        173.383          0.107          0.354 2023-03-23T22:20:26
     371    7431     0.846              0         -0.749          7.000        173.383          0.107          0.271 2023-03-23T22:20:27
     372    7543     0.844              0          0.031         14.300        136.038          0.359          0.672 2023-03-23T22:20:27
     373    7576     0.843              0          0.028         14.500        525.355          0.770          0.305 2023-03-23T22:20:28
     374    7611     0.843              0         -0.768          6.800        389.317          0.411          0.298 2023-03-23T22:20:28
     375    7918     0.837              0         13.021         34.200          0.000          0.000          1.419 2023-03-23T22:20:29
     376    8031     0.835              0         13.831         42.000        156.327          0.424          0.762 2023-03-23T22:20:30
     377    8281     0.830              0          8.085         36.300        156.327          0.424          1.142 2023-03-23T22:20:31
     378    8316     0.829              0          7.296         28.500          0.000          0.000          0.291 2023-03-23T22:20:32
     379    8406     0.828              0          0.197         12.500          0.000          0.000          0.553 2023-03-23T22:20:32
     380    8536     0.825              0          1.900         22.000          0.000          0.000          0.778 2023-03-23T22:20:33
     381    8560     0.825              0          0.937         15.400        246.043          0.430          0.491 2023-03-23T22:20:33
     382    8578     0.824              0         -0.883          4.200        370.920          0.537          0.246 2023-03-23T22:20:34
     383    8593     0.824              0         -0.921          3.300        172.977          0.541          0.277 2023-03-23T22:20:34
     384    8613     0.824              0         -0.912          3.500         48.099          0.433          0.228 2023-03-23T22:20:34
     385    8628     0.824              0         -0.913          3.500          0.000          0.000          0.205 2023-03-23T22:20:34
     386    8643     0.823              0         -0.931          3.000         89.345          0.127          0.281 2023-03-23T22:20:35
     387    8661     0.823              0         -0.924          3.300         89.345          0.127          0.221 2023-03-23T22:20:35
     388    8681     0.823              0         -0.907          3.800          0.000          0.000          0.226 2023-03-23T22:20:35
     389    8694     0.822              0         -0.916          3.300          0.000          0.000          0.203 2023-03-23T22:20:35
     390    8710     0.822              0         -0.929          2.900        158.737          0.236          0.362 2023-03-23T22:20:36
     391    8723     0.822              0         -0.929          2.900        295.238          0.354          0.263 2023-03-23T22:20:36
     392    9255     0.812              1         20.761         54.500        215.441          0.504          2.867 2023-03-23T22:20:39
     393   10755     0.785              5         90.929        203.200         78.940          0.386          7.007 2023-03-23T22:20:46
     394   11778     0.767              3        113.639        252.300          0.000          0.000          5.162 2023-03-23T22:20:51
     395   12311     0.758              1         65.173        155.600         99.055          0.045          2.844 2023-03-23T22:20:54
     396   12963     0.747              2         49.229        118.500         99.055          0.045          3.369 2023-03-23T22:20:57
     397   13573     0.737              2         55.597        126.200          0.000          0.000          3.219 2023-03-23T22:21:00
     398   15073     0.712              5         97.303        211.000          0.000          0.000          7.686 2023-03-23T22:21:08
     399   16573     0.689              5        139.401        300.000          0.000          0.000          7.740 2023-03-23T22:21:16
     400   17103     0.681              1         92.928        203.000        130.458          0.174          2.992 2023-03-23T22:21:19
     401   18603     0.658              5         98.928        203.000        130.458          0.174          7.053 2023-03-23T22:21:26
     402   20103     0.636              5        139.401        300.000          0.000          0.000          7.496 2023-03-23T22:21:33
     403   21603     0.615              5        139.401        300.000          0.000          0.000          7.664 2023-03-23T22:21:41
     404   23103     0.595              5        139.401        300.000          0.000          0.000          7.745 2023-03-23T22:21:49
     405   24603     0.575              5        139.401        300.000          0.000          0.000          7.811 2023-03-23T22:21:57
     406   26103     0.556              5        139.401        300.000          0.000          0.000          7.756 2023-03-23T22:22:04
     407   27603     0.537              5        139.401        300.000          0.000          0.000          7.752 2023-03-23T22:22:12
     408   29103     0.520              5        139.401        300.000          0.000          0.000          7.840 2023-03-23T22:22:20
     409   30603     0.502              5        139.401        300.000          0.000          0.000          7.571 2023-03-23T22:22:28
     410   32103     0.486              5        139.401        300.000          0.000          0.000          7.665 2023-03-23T22:22:35
     411   33603     0.470              5        139.401        300.000          0.000          0.000          7.782 2023-03-23T22:22:43
     412   35103     0.454              5        139.401        300.000          0.000          0.000          7.819 2023-03-23T22:22:51
     413   36603     0.439              5        139.401        300.000          0.000          0.000          7.830 2023-03-23T22:22:59
     414   38103     0.424              5        139.401        300.000          0.000          0.000          7.907 2023-03-23T22:23:07
     415   39603     0.410              5        139.401        300.000          0.000          0.000          7.758 2023-03-23T22:23:14
     416   41103     0.397              5        139.401        300.000          0.000          0.000          7.710 2023-03-23T22:23:22
     417   42603     0.383              5        139.401        300.000          0.000          0.000          7.802 2023-03-23T22:23:30
     418   44103     0.371              5        139.401        300.000          0.000          0.000          7.736 2023-03-23T22:23:38
     419   45603     0.358              5        139.401        300.000          0.000          0.000          7.767 2023-03-23T22:23:45
     420   47103     0.347              5        139.401        300.000          0.000          0.000          7.794 2023-03-23T22:23:53
     421   48603     0.335              5        139.401        300.000          0.000          0.000          7.796 2023-03-23T22:24:01
     422   50103     0.324              5        139.401        300.000          0.000          0.000          9.377 2023-03-23T22:24:10
     399   16573     0.689              5        139.401        300.000          0.000          0.000          7.740 2023-03-23T22:21:16
     400   17103     0.681              4         86.928        203.000        130.458          0.174          2.992 2023-03-23T22:21:19
     401   18603     0.658              5         88.128        203.000        130.458          0.174          7.053 2023-03-23T22:21:26
     402   20103     0.636              5        139.401        300.000          0.000          0.000          7.496 2023-03-23T22:21:33
     403   21603     0.615              5        139.401        300.000          0.000          0.000          7.664 2023-03-23T22:21:41
     404   23103     0.595              5        139.401        300.000          0.000          0.000          7.745 2023-03-23T22:21:49
     405   24603     0.575              5        139.401        300.000          0.000          0.000          7.811 2023-03-23T22:21:57
     406   26103     0.556              5        139.401        300.000          0.000          0.000          7.756 2023-03-23T22:22:04
     407   27603     0.537              5        139.401        300.000          0.000          0.000          7.752 2023-03-23T22:22:12
     408   29103     0.520              5        139.401        300.000          0.000          0.000          7.840 2023-03-23T22:22:20
     409   30603     0.502              5        139.401        300.000          0.000          0.000          7.571 2023-03-23T22:22:28
     410   32103     0.486              5        139.401        300.000          0.000          0.000          7.665 2023-03-23T22:22:35
     411   33603     0.470              5        139.401        300.000          0.000          0.000          7.782 2023-03-23T22:22:43
     412   35103     0.454              5        139.401        300.000          0.000          0.000          7.819 2023-03-23T22:22:51
     413   36603     0.439              5        139.401        300.000          0.000          0.000          7.830 2023-03-23T22:22:59
     414   38103     0.424              5        139.401        300.000          0.000          0.000          7.907 2023-03-23T22:23:07
     415   39603     0.410              5        139.401        300.000          0.000          0.000          7.758 2023-03-23T22:23:14
     416   41103     0.397              5        139.401        300.000          0.000          0.000          7.710 2023-03-23T22:23:22
     417   42603     0.383              5        139.401        300.000          0.000          0.000          7.802 2023-03-23T22:23:30
     418   44103     0.371              5        139.401        300.000          0.000          0.000          7.736 2023-03-23T22:23:38
     419   45603     0.358              5        139.401        300.000          0.000          0.000          7.767 2023-03-23T22:23:45
     420   47103     0.347              5        139.401        300.000          0.000          0.000          7.794 2023-03-23T22:23:53
     421   48603     0.335              5        139.401        300.000          0.000          0.000          7.796 2023-03-23T22:24:01
     422   50103     0.324              5        139.401        300.000          0.000          0.000          9.377 2023-03-23T22:24:10
     399   16573     0.689              5        139.401        300.000          0.000          0.000          7.740 2023-03-23T22:21:16
     401   18603     0.658              5         126.928        203.000        130.458          0.174          7.053 2023-03-23T22:21:26
     402   20103     0.636              5        139.401        300.000          0.000          0.000          7.496 2023-03-23T22:21:33
     403   21603     0.615              5        139.401        300.000          0.000          0.000          7.664 2023-03-23T22:21:41
     404   23103     0.595              5        139.401        300.000          0.000          0.000          7.745 2023-03-23T22:21:49
     405   24603     0.575              5        139.401        300.000          0.000          0.000          7.811 2023-03-23T22:21:57
     406   26103     0.556              5        139.401        300.000          0.000          0.000          7.756 2023-03-23T22:22:04
     407   27603     0.537              5        139.401        300.000          0.000          0.000          7.752 2023-03-23T22:22:12
     408   29103     0.520              5        139.401        300.000          0.000          0.000          7.840 2023-03-23T22:22:20
     409   30603     0.502              5        139.401        300.000          0.000          0.000          7.571 2023-03-23T22:22:28
     410   32103     0.486              5        139.401        300.000          0.000          0.000          7.665 2023-03-23T22:22:35
     411   33603     0.470              5        139.401        300.000          0.000          0.000          7.782 2023-03-23T22:22:43
     412   35103     0.454              5        139.401        300.000          0.000          0.000          7.819 2023-03-23T22:22:51
     413   36603     0.439              5        139.401        300.000          0.000          0.000          7.830 2023-03-23T22:22:59
     414   38103     0.424              5        139.401        300.000          0.000          0.000          7.907 2023-03-23T22:23:07
     415   39603     0.410              5        139.401        300.000          0.000          0.000          7.758 2023-03-23T22:23:14
     416   41103     0.397              5        139.401        300.000          0.000          0.000          7.710 2023-03-23T22:23:22
     417   42603     0.383              5        139.401        300.000          0.000          0.000          7.802 2023-03-23T22:23:30
     418   44103     0.371              5        139.401        300.000          0.000          0.000          7.736 2023-03-23T22:23:38
     419   45603     0.358              5        139.401        300.000          0.000          0.000          7.767 2023-03-23T22:23:45
     420   47103     0.347              5        139.401        300.000          0.000          0.000          7.794 2023-03-23T22:23:53
     421   48603     0.335              5        139.401        300.000          0.000          0.000          7.796 2023-03-23T22:24:01
     422   50103     0.324              5        139.401        300.000          0.000          0.000          9.377 2023-03-23T22:24:10
