   Episode      Step   Epsilon  Get_resultnum     MeanReward     MeanLength       MeanLoss     MeanQValue      TimeDelta                Time
         0     280   1.000             0       -0.903        2.800        0.000        0.000        1.302 2023-01-19T12:49:13
        10    3274   0.999             0       -0.887        2.976        0.000        0.000       12.122 2023-01-19T12:49:25
        20    6251   0.998             0       -0.884        2.977        0.000        0.000        8.604 2023-01-19T12:49:34
        30    9249   0.998             0       -0.883        2.984        0.000        0.000        9.349 2023-01-19T12:49:43
        40   12220   0.997             0       -0.884        2.980        0.020       -0.062       12.826 2023-01-19T12:49:56
        50   15267   0.996             0       -0.883        2.994        0.023       -0.113       14.133 2023-01-19T12:50:10
        60   18285   0.995             0       -0.882        2.998        0.023       -0.147       16.116 2023-01-19T12:50:26
        70   21178   0.995             0       -0.883        2.983        0.023       -0.174       16.172 2023-01-19T12:50:42
        80   24062   0.994             0       -0.885        2.971        0.023       -0.192       16.264 2023-01-19T12:50:59
        90   27065   0.993             0       -0.885        2.974        0.022       -0.208       15.764 2023-01-19T12:51:14
       100   30096   0.993             0       -0.884        2.982        0.022       -0.221       16.464 2023-01-19T12:51:31
       110   32981   0.992             0       -0.885        2.971        0.023       -0.254       16.367 2023-01-19T12:51:47
       120   35927   0.991             0       -0.885        2.968        0.025       -0.288       15.628 2023-01-19T12:52:03
       130   38885   0.990             0       -0.886        2.964        0.026       -0.319       16.640 2023-01-19T12:52:20
       140   41809   0.990             0       -0.887        2.959        0.020       -0.322       15.952 2023-01-19T12:52:36
       150   44838   0.989             0       -0.887        2.957        0.018       -0.313       16.413 2023-01-19T12:52:52
       160   47740   0.988             0       -0.889        2.946        0.017       -0.306       16.414 2023-01-19T12:53:08
       170   50755   0.987             0       -0.887        2.958        0.017       -0.296       16.498 2023-01-19T12:53:25
       180   53796   0.987             0       -0.885        2.973        0.016       -0.286       16.183 2023-01-19T12:53:41
       190   56756   0.986             0       -0.885        2.969        0.016       -0.275       16.573 2023-01-19T12:53:58
       200   59736   0.985             0       -0.886        2.964        0.016       -0.267       16.391 2023-01-19T12:54:14
       210   62654   0.984             0       -0.885        2.967        0.015       -0.260       15.926 2023-01-19T12:54:30
       220   65577   0.984             0       -0.885        2.965        0.015       -0.251       15.940 2023-01-19T12:54:46
       230   68533   0.983             0       -0.885        2.965        0.015       -0.246       16.237 2023-01-19T12:55:02
       240   71545   0.982             0       -0.883        2.974        0.015       -0.244       16.906 2023-01-19T12:55:19
       250   74516   0.982             0       -0.883        2.968        0.014       -0.248       17.118 2023-01-19T12:55:36
       260   77406   0.981             0       -0.883        2.967        0.014       -0.252       16.268 2023-01-19T12:55:52
       270   80453   0.980             0       -0.883        2.970        0.014       -0.257       16.186 2023-01-19T12:56:09
       280   83513   0.979             0       -0.883        2.972        0.014       -0.262       16.407 2023-01-19T12:56:25
       290   86490   0.979             0       -0.883        2.973        0.014       -0.269       15.961 2023-01-19T12:56:41
       300   89480   0.978             0       -0.883        2.974        0.014       -0.275       16.546 2023-01-19T12:56:58
       310   92429   0.977             0       -0.882        2.978        0.014       -0.280       16.629 2023-01-19T12:57:14
       320   95447   0.976             0       -0.881        2.987        0.014       -0.284       16.227 2023-01-19T12:57:30
       330   98475   0.976             0       -0.881        2.994        0.014       -0.289       16.593 2023-01-19T12:57:47
       340  101466   0.975             0       -0.882        2.992        0.014       -0.289       16.776 2023-01-19T12:58:04
       350  104504   0.974             0       -0.881        2.999        0.014       -0.286       16.699 2023-01-19T12:58:20
       360  107515   0.973             0       -0.879        3.011        0.014       -0.283       16.834 2023-01-19T12:58:37
       370  110589   0.973             0       -0.879        3.014        0.014       -0.279       16.616 2023-01-19T12:58:54
       380  113590   0.972             0       -0.880        3.008        0.014       -0.278       16.161 2023-01-19T12:59:10
       390  116614   0.971             0       -0.879        3.012        0.013       -0.276       16.613 2023-01-19T12:59:27
       400  119662   0.971             0       -0.879        3.018        0.013       -0.273       16.329 2023-01-19T12:59:43
       410  122727   0.970             0       -0.878        3.030        0.013       -0.265       16.414 2023-01-19T12:59:59
       420  125804   0.969             0       -0.878        3.036        0.013       -0.256       17.182 2023-01-19T13:00:17
       430  128840   0.968             0       -0.878        3.036        0.013       -0.248       16.563 2023-01-19T13:00:33
       440  132020   0.968             0       -0.875        3.055        0.013       -0.239       16.838 2023-01-19T13:00:50
       450  135094   0.967             0       -0.875        3.059        0.013       -0.232       16.603 2023-01-19T13:01:07
       460  138090   0.966             0       -0.875        3.058        0.013       -0.223       16.493 2023-01-19T13:01:23
       470  141224   0.965             0       -0.875        3.064        0.014       -0.215       17.001 2023-01-19T13:01:40
       480  144305   0.965             0       -0.874        3.071        0.014       -0.204       16.971 2023-01-19T13:01:57
       490  147437   0.964             0       -0.872        3.082        0.014       -0.193       16.560 2023-01-19T13:02:14
       500  150539   0.963             0       -0.872        3.088        0.015       -0.181       16.882 2023-01-19T13:02:30
       510  153520   0.962             0       -0.872        3.079        0.015       -0.168       16.700 2023-01-19T13:02:47
       520  156562   0.962             0       -0.873        3.076        0.015       -0.154       16.525 2023-01-19T13:03:04
       530  159599   0.961             0       -0.872        3.076        0.016       -0.143       16.565 2023-01-19T13:03:20
       540  162762   0.960             0       -0.873        3.074        0.016       -0.136       17.150 2023-01-19T13:03:37
       550  165924   0.959             0       -0.871        3.083        0.015       -0.131       16.831 2023-01-19T13:03:54
       560  169118   0.959             0       -0.868        3.103        0.015       -0.126       17.073 2023-01-19T13:04:11
       570  172119   0.958             0       -0.870        3.089        0.016       -0.114       16.962 2023-01-19T13:04:28
       580  175168   0.957             0       -0.870        3.086        0.017       -0.103       16.847 2023-01-19T13:04:45
       590  178136   0.956             0       -0.872        3.070        0.018       -0.091       17.140 2023-01-19T13:05:02
       600  181092   0.956             0       -0.874        3.055        0.019       -0.075       16.355 2023-01-19T13:05:19
       610  184121   0.955             0       -0.874        3.060        0.019       -0.060       16.268 2023-01-19T13:05:35
       620  187093   0.954             0       -0.874        3.053        0.020       -0.047       16.705 2023-01-19T13:05:52
       630  190066   0.954             0       -0.875        3.047        0.021       -0.033       16.455 2023-01-19T13:06:08
       640  193078   0.953             0       -0.877        3.032        0.022       -0.019       15.744 2023-01-19T13:06:24
       650  196117   0.952             0       -0.878        3.019        0.022       -0.003       16.299 2023-01-19T13:06:40
       660  199034   0.951             0       -0.882        2.992        0.023        0.010       16.816 2023-01-19T13:06:57
       670  201982   0.951             0       -0.883        2.986        0.024        0.024       16.739 2023-01-19T13:07:14
       680  204970   0.950             0       -0.884        2.980        0.025        0.041       16.800 2023-01-19T13:07:30
       690  207933   0.949             0       -0.884        2.980        0.026        0.054       16.886 2023-01-19T13:07:47
       700  210901   0.949             0       -0.883        2.981        0.026        0.069       16.390 2023-01-19T13:08:04
       710  214081   0.948             0       -0.881        2.996        0.027        0.088       16.760 2023-01-19T13:08:21
       720  217038   0.947             0       -0.881        2.994        0.028        0.104       16.748 2023-01-19T13:08:37
       730  220099   0.946             0       -0.880        3.003        0.029        0.122       15.799 2023-01-19T13:08:53
       740  223240   0.946             0       -0.879        3.016        0.030        0.141       17.096 2023-01-19T13:09:10
       750  226400   0.945             0       -0.877        3.028        0.031        0.156       17.429 2023-01-19T13:09:28
       760  229512   0.944             0       -0.875        3.048        0.032        0.174       16.954 2023-01-19T13:09:45
       770  232577   0.944             0       -0.873        3.059        0.032        0.186       16.520 2023-01-19T13:10:01
       780  235605   0.943             0       -0.873        3.064        0.032        0.194       16.864 2023-01-19T13:10:18
       790  238565   0.942             0       -0.872        3.063        0.032        0.204       16.558 2023-01-19T13:10:34
       800  241525   0.941             0       -0.872        3.062        0.033        0.209       16.638 2023-01-19T13:10:51
       810  244662   0.941             0       -0.872        3.058        0.032        0.204       17.060 2023-01-19T13:11:08
       820  247772   0.940             0       -0.870        3.073        0.032        0.200       16.817 2023-01-19T13:11:25
       830  250776   0.939             0       -0.871        3.068        0.033        0.202       16.799 2023-01-19T13:11:42
       840  253906   0.938             0       -0.871        3.067        0.034        0.214       16.349 2023-01-19T13:11:58
       850  256939   0.938             0       -0.872        3.054        0.035        0.224       16.988 2023-01-19T13:12:15
       860  259946   0.937             0       -0.873        3.043        0.035        0.235       16.527 2023-01-19T13:12:32
       870  263101   0.936             0       -0.872        3.052        0.035        0.242       17.042 2023-01-19T13:12:49
       880  266124   0.936             0       -0.872        3.052        0.035        0.250       16.857 2023-01-19T13:13:06
       890  269180   0.935             0       -0.872        3.061        0.035        0.258       16.946 2023-01-19T13:13:23
       900  272120   0.934             0       -0.872        3.059        0.035        0.273       16.925 2023-01-19T13:13:39
       910  275304   0.933             0       -0.872        3.064        0.036        0.289       17.288 2023-01-19T13:13:57
       920  278422   0.933             0       -0.873        3.065        0.037        0.303       17.056 2023-01-19T13:14:14
       930  281550   0.932             0       -0.871        3.077        0.037        0.314       16.883 2023-01-19T13:14:31
       940  284687   0.931             0       -0.871        3.078        0.036        0.314       16.439 2023-01-19T13:14:47
       950  287824   0.931             0       -0.870        3.089        0.036        0.315       17.065 2023-01-19T13:15:04
       960  290779   0.930             0       -0.870        3.083        0.036        0.322       17.128 2023-01-19T13:15:21
       970  293764   0.929             0       -0.873        3.066        0.037        0.338       16.852 2023-01-19T13:15:38
       980  296839   0.928             0       -0.872        3.071        0.037        0.355       17.204 2023-01-19T13:15:55
       990  299936   0.928             0       -0.871        3.076        0.038        0.369       17.359 2023-01-19T13:16:13
      1000  302978   0.927             0       -0.871        3.086        0.037        0.376       16.645 2023-01-19T13:16:29
      1010  306043   0.926             0       -0.873        3.074        0.037        0.383       17.212 2023-01-19T13:16:47
      1020  309231   0.926             0       -0.871        3.081        0.037        0.390       17.314 2023-01-19T13:17:04
      1030  312542   0.925             0       -0.869        3.099        0.037        0.397       17.617 2023-01-19T13:17:21
      1040  315605   0.924             0       -0.869        3.092        0.037        0.404       16.345 2023-01-19T13:17:38
      1050  318668   0.923             0       -0.871        3.084        0.037        0.414       16.757 2023-01-19T13:17:55
      1060  321734   0.923             0       -0.869        3.095        0.037        0.416       16.942 2023-01-19T13:18:12
      1070  324771   0.922             0       -0.868        3.101        0.036        0.411       16.769 2023-01-19T13:18:28
      1080  327780   0.921             0       -0.869        3.094        0.036        0.407       16.856 2023-01-19T13:18:45
      1090  330897   0.921             0       -0.869        3.096        0.036        0.404       17.051 2023-01-19T13:19:02
      1100  333981   0.920             0       -0.869        3.100        0.036        0.401       16.847 2023-01-19T13:19:19
      1110  337160   0.919             0       -0.866        3.112        0.035        0.395       16.625 2023-01-19T13:19:36
      1120  340260   0.918             0       -0.867        3.103        0.035        0.394       16.861 2023-01-19T13:19:53
      1130  343329   0.918             0       -0.870        3.079        0.035        0.390       16.317 2023-01-19T13:20:09
      1140  346464   0.917             0       -0.870        3.086        0.034        0.385       16.876 2023-01-19T13:20:26
      1150  349595   0.916             0       -0.868        3.093        0.034        0.384       17.425 2023-01-19T13:20:43
      1160  352753   0.916             0       -0.868        3.102        0.034        0.386       17.525 2023-01-19T13:21:01
      1170  355921   0.915             0       -0.866        3.115        0.033        0.385       16.960 2023-01-19T13:21:18
      1180  359089   0.914             0       -0.864        3.131        0.032        0.383       17.442 2023-01-19T13:21:35
      1190  362174   0.913             0       -0.864        3.128        0.033        0.383       17.360 2023-01-19T13:21:52
      1200  365318   0.913             0       -0.863        3.134        0.032        0.379       17.358 2023-01-19T13:22:10
      1210  368394   0.912             0       -0.865        3.123        0.032        0.377       16.613 2023-01-19T13:22:26
      1220  371468   0.911             0       -0.865        3.121        0.033        0.382       16.783 2023-01-19T13:22:43
      1230  374483   0.911             0       -0.864        3.115        0.033        0.395       15.875 2023-01-19T13:22:59
      1240  377500   0.910             0       -0.865        3.104        0.033        0.408       17.113 2023-01-19T13:23:16
      1250  380448   0.909             0       -0.866        3.085        0.032        0.415       16.296 2023-01-19T13:23:32
      1260  383527   0.909             0       -0.866        3.077        0.032        0.422       16.891 2023-01-19T13:23:49
      1270  386722   0.908             0       -0.865        3.080        0.033        0.430       17.088 2023-01-19T13:24:06
      1280  389779   0.907             0       -0.866        3.069        0.034        0.439       17.571 2023-01-19T13:24:24
      1290  392801   0.906             0       -0.866        3.063        0.035        0.462       16.670 2023-01-19T13:24:41
      1300  395842   0.906             0       -0.867        3.052        0.037        0.483       17.027 2023-01-19T13:24:58
      1310  398918   0.905             0       -0.866        3.052        0.038        0.507       16.983 2023-01-19T13:25:15
      1320  401951   0.904             0       -0.866        3.048        0.039        0.529       15.989 2023-01-19T13:25:31
      1330  405150   0.904             0       -0.866        3.067        0.041        0.549       16.951 2023-01-19T13:25:48
      1340  408287   0.903             0       -0.865        3.079        0.043        0.568       16.979 2023-01-19T13:26:05
      1350  411405   0.902             0       -0.864        3.096        0.044        0.597       17.195 2023-01-19T13:26:22
      1360  414502   0.902             0       -0.865        3.098        0.046        0.627       17.198 2023-01-19T13:26:39
      1370  417567   0.901             0       -0.866        3.084        0.046        0.655       16.870 2023-01-19T13:26:56
      1380  420511   0.900             0       -0.867        3.073        0.046        0.686       16.533 2023-01-19T13:27:12
      1390  423491   0.900             0       -0.868        3.069        0.045        0.713       16.863 2023-01-19T13:27:29
      1400  426502   0.899             0       -0.869        3.066        0.045        0.747       17.054 2023-01-19T13:27:46
      1410  429545   0.898             0       -0.870        3.063        0.045        0.777       15.639 2023-01-19T13:28:02
      1420  432589   0.897             0       -0.870        3.064        0.043        0.797       16.857 2023-01-19T13:28:19
      1430  435709   0.897             0       -0.871        3.056        0.042        0.811       17.320 2023-01-19T13:28:36
      1440  438896   0.896             0       -0.871        3.061        0.040        0.828       17.268 2023-01-19T13:28:53
      1450  442112   0.895             0       -0.869        3.071        0.040        0.845       17.728 2023-01-19T13:29:11
      1460  445323   0.895             0       -0.868        3.082        0.039        0.862       16.902 2023-01-19T13:29:28
      1470  448538   0.894             0       -0.868        3.097        0.040        0.883       17.406 2023-01-19T13:29:45
      1480  451732   0.893             0       -0.865        3.122        0.040        0.895       16.989 2023-01-19T13:30:02
      1490  454843   0.893             0       -0.863        3.135        0.041        0.900       16.952 2023-01-19T13:30:19
      1500  458007   0.892             0       -0.862        3.151        0.042        0.904       17.533 2023-01-19T13:30:37
      1510  461138   0.891             0       -0.860        3.159        0.042        0.906       17.040 2023-01-19T13:30:54
      1520  464309   0.890             0       -0.859        3.172        0.042        0.909       16.454 2023-01-19T13:31:10
      1530  467382   0.890             0       -0.861        3.167        0.043        0.914       16.988 2023-01-19T13:31:27
      1540  470552   0.889             0       -0.861        3.166        0.044        0.919       17.335 2023-01-19T13:31:45
      1550  473721   0.888             0       -0.862        3.161        0.044        0.916       17.291 2023-01-19T13:32:02
      1560  476774   0.888             0       -0.864        3.145        0.044        0.908       17.052 2023-01-19T13:32:19
      1570  479950   0.887             0       -0.865        3.141        0.043        0.901       17.694 2023-01-19T13:32:37
      1580  483107   0.886             0       -0.866        3.138        0.043        0.898       17.660 2023-01-19T13:32:54
      1590  486214   0.886             0       -0.866        3.137        0.041        0.893       17.438 2023-01-19T13:33:12
      1600  489237   0.885             0       -0.868        3.123        0.041        0.887       17.212 2023-01-19T13:33:29
      1610  492364   0.884             0       -0.868        3.123        0.041        0.888       16.588 2023-01-19T13:33:46
      1620  495455   0.884             0       -0.868        3.115        0.041        0.887       16.367 2023-01-19T13:34:02
      1630  498649   0.883             0       -0.866        3.127        0.042        0.887       17.430 2023-01-19T13:34:20
      1640  501765   0.882             0       -0.866        3.121        0.042        0.893       18.338 2023-01-19T13:34:38
      1650  504935   0.881             0       -0.866        3.121        0.042        0.909       17.890 2023-01-19T13:34:56
      1660  507986   0.881             0       -0.866        3.121        0.042        0.927       17.222 2023-01-19T13:35:13
      1670  511142   0.880             0       -0.866        3.119        0.043        0.944       17.295 2023-01-19T13:35:30
      1680  514423   0.879             0       -0.865        3.132        0.046        0.968       17.292 2023-01-19T13:35:48
      1690  517704   0.879             0       -0.863        3.149        0.047        0.989       17.282 2023-01-19T13:36:05
      1700  520931   0.878             0       -0.860        3.169        0.048        1.011       16.972 2023-01-19T13:36:22
      1710  524289   0.877             0       -0.857        3.192        0.048        1.027       17.968 2023-01-19T13:36:40
      1720  527545   0.876             0       -0.855        3.209        0.048        1.044       17.506 2023-01-19T13:36:57
      1730  530709   0.876             0       -0.856        3.206        0.047        1.063       17.260 2023-01-19T13:37:15
      1740  533991   0.875             0       -0.853        3.223        0.047        1.078       17.287 2023-01-19T13:37:32
      1750  537388   0.874             0       -0.849        3.245        0.047        1.083       17.812 2023-01-19T13:37:50
      1760  540596   0.874             0       -0.846        3.261        0.047        1.085       16.794 2023-01-19T13:38:06
      1770  543841   0.873             0       -0.845        3.270        0.046        1.085       17.560 2023-01-19T13:38:24
      1780  547000   0.872             0       -0.846        3.258        0.045        1.081       17.228 2023-01-19T13:38:41
      1790  550359   0.871             0       -0.846        3.266        0.045        1.078       17.508 2023-01-19T13:38:59
      1800  553484   0.871             0       -0.848        3.255        0.044        1.079       17.305 2023-01-19T13:39:16
      1810  556568   0.870             0       -0.852        3.228        0.044        1.080       17.072 2023-01-19T13:39:33
      1820  559830   0.869             0       -0.852        3.229        0.044        1.081       17.770 2023-01-19T13:39:51
      1830  563172   0.869             0       -0.850        3.246        0.044        1.079       17.742 2023-01-19T13:40:09
      1840  566424   0.868             0       -0.851        3.243        0.044        1.075       17.683 2023-01-19T13:40:26
      1850  569705   0.867             0       -0.853        3.232        0.043        1.072       17.694 2023-01-19T13:40:44
      1860  573151   0.867             0       -0.850        3.256        0.044        1.083       18.103 2023-01-19T13:41:02
      1870  576602   0.866             0       -0.848        3.276        0.044        1.091       18.092 2023-01-19T13:41:20
      1880  579834   0.865             0       -0.848        3.283        0.043        1.094       17.801 2023-01-19T13:41:38
      1890  583020   0.864             0       -0.849        3.266        0.042        1.104       17.251 2023-01-19T13:41:55
      1900  586377   0.864             0       -0.846        3.289        0.044        1.111       17.863 2023-01-19T13:42:13
      1910  589678   0.863             0       -0.843        3.311        0.044        1.120       17.156 2023-01-19T13:42:30
      1920  592865   0.862             0       -0.843        3.304        0.045        1.144       17.214 2023-01-19T13:42:47
      1930  596151   0.862             0       -0.845        3.298        0.046        1.167       17.524 2023-01-19T13:43:05
      1940  599401   0.861             0       -0.845        3.298        0.046        1.187       17.262 2023-01-19T13:43:22
      1950  602625   0.860             0       -0.846        3.292        0.047        1.208       17.623 2023-01-19T13:43:40
      1960  605802   0.859             0       -0.850        3.265        0.047        1.217       17.656 2023-01-19T13:43:58
      1970  608921   0.859             0       -0.854        3.232        0.048        1.231       17.675 2023-01-19T13:44:15
      1980  612195   0.858             0       -0.852        3.236        0.049        1.246       17.406 2023-01-19T13:44:33
      1990  615386   0.857             0       -0.852        3.237        0.049        1.251       17.293 2023-01-19T13:44:50
      2000  618701   0.857             0       -0.852        3.232        0.048        1.258       18.067 2023-01-19T13:45:08
      2010  622005   0.856             0       -0.853        3.233        0.047        1.264       17.370 2023-01-19T13:45:25
      2020  625231   0.855             0       -0.852        3.237        0.046        1.259       17.847 2023-01-19T13:45:43
      2030  628357   0.855             0       -0.854        3.221        0.046        1.253       17.631 2023-01-19T13:46:01
      2040  631601   0.854             0       -0.854        3.220        0.047        1.247       17.706 2023-01-19T13:46:19
      2050  634663   0.853             0       -0.856        3.204        0.046        1.242       16.813 2023-01-19T13:46:35
      2060  637801   0.853             0       -0.856        3.200        0.046        1.240       17.446 2023-01-19T13:46:53
      2070  641090   0.852             0       -0.854        3.217        0.046        1.234       17.848 2023-01-19T13:47:11
      2080  644305   0.851             0       -0.855        3.211        0.046        1.232       17.461 2023-01-19T13:47:28
      2090  647462   0.851             0       -0.855        3.208        0.048        1.230       17.351 2023-01-19T13:47:45
      2100  650748   0.850             0       -0.856        3.205        0.049        1.232       17.609 2023-01-19T13:48:03
      2110  653932   0.849             0       -0.857        3.193        0.051        1.247       17.395 2023-01-19T13:48:20
      2120  657141   0.848             0       -0.856        3.191        0.053        1.255       17.689 2023-01-19T13:48:38
      2130  660416   0.848             0       -0.854        3.206        0.053        1.266       18.204 2023-01-19T13:48:56
      2140  663713   0.847             0       -0.853        3.211        0.054        1.280       17.625 2023-01-19T13:49:14
      2150  666954   0.846             0       -0.851        3.229        0.054        1.293       17.770 2023-01-19T13:49:32
      2160  670100   0.846             0       -0.850        3.230        0.054        1.305       17.914 2023-01-19T13:49:50
      2170  673342   0.845             0       -0.851        3.225        0.054        1.314       17.611 2023-01-19T13:50:07
      2180  676435   0.844             0       -0.852        3.213        0.054        1.321       16.997 2023-01-19T13:50:24
      2190  679819   0.844             0       -0.850        3.236        0.053        1.327       17.898 2023-01-19T13:50:42
      2200  683031   0.843             0       -0.851        3.228        0.052        1.332       18.118 2023-01-19T13:51:00
      2210  686246   0.842             0       -0.850        3.231        0.050        1.322       17.700 2023-01-19T13:51:18
      2220  689314   0.842             0       -0.852        3.217        0.049        1.318       17.457 2023-01-19T13:51:35
      2230  692496   0.841             0       -0.854        3.208        0.049        1.311       17.687 2023-01-19T13:51:53
      2240  695668   0.840             0       -0.855        3.196        0.048        1.306       17.171 2023-01-19T13:52:10
      2250  698855   0.840             0       -0.856        3.190        0.049        1.296       17.809 2023-01-19T13:52:28
      2260  702042   0.839             0       -0.855        3.194        0.050        1.287       17.835 2023-01-19T13:52:46
      2270  705307   0.838             0       -0.855        3.196        0.050        1.283       18.365 2023-01-19T13:53:04
      2280  708512   0.838             0       -0.853        3.208        0.051        1.279       17.793 2023-01-19T13:53:22
      2290  711822   0.837             0       -0.853        3.200        0.052        1.286       18.515 2023-01-19T13:53:41
      2300  715066   0.836             0       -0.852        3.204        0.053        1.291       18.288 2023-01-19T13:53:59
      2310  718597   0.836             0       -0.849        3.235        0.053        1.297       18.375 2023-01-19T13:54:17
      2320  721970   0.835             0       -0.844        3.266        0.054        1.304       17.824 2023-01-19T13:54:35
      2330  725299   0.834             0       -0.843        3.280        0.054        1.310       17.429 2023-01-19T13:54:53
      2340  728622   0.833             0       -0.842        3.295        0.054        1.314       17.996 2023-01-19T13:55:11
      2350  732011   0.833             0       -0.840        3.316        0.056        1.323       18.648 2023-01-19T13:55:29
      2360  735302   0.832             0       -0.838        3.326        0.054        1.329       18.077 2023-01-19T13:55:47
      2370  738614   0.831             0       -0.837        3.331        0.054        1.332       17.874 2023-01-19T13:56:05
      2380  741801   0.831             0       -0.838        3.329        0.053        1.337       17.676 2023-01-19T13:56:23
      2390  745047   0.830             0       -0.839        3.322        0.053        1.334       17.597 2023-01-19T13:56:40
      2400  748352   0.829             0       -0.838        3.329        0.052        1.331       18.554 2023-01-19T13:56:59
      2410  751723   0.829             0       -0.840        3.313        0.052        1.328       17.591 2023-01-19T13:57:17
      2420  755011   0.828             0       -0.842        3.304        0.051        1.326       17.637 2023-01-19T13:57:34
      2430  758268   0.827             0       -0.843        3.297        0.051        1.325       17.743 2023-01-19T13:57:52
      2440  761386   0.827             0       -0.845        3.276        0.051        1.324       17.561 2023-01-19T13:58:09
      2450  764612   0.826             0       -0.846        3.260        0.050        1.324       18.131 2023-01-19T13:58:28
      2460  767905   0.825             0       -0.846        3.260        0.050        1.322       18.124 2023-01-19T13:58:46
      2470  771308   0.825             0       -0.846        3.269        0.051        1.326       18.078 2023-01-19T13:59:04
      2480  774594   0.824             0       -0.844        3.279        0.052        1.327       17.802 2023-01-19T13:59:22
      2490  777811   0.823             0       -0.844        3.276        0.052        1.328       17.816 2023-01-19T13:59:39
      2500  781049   0.823             0       -0.845        3.270        0.052        1.326       17.382 2023-01-19T13:59:57
      2510  784191   0.822             0       -0.848        3.247        0.053        1.327       17.268 2023-01-19T14:00:14
      2520  787528   0.821             0       -0.846        3.252        0.054        1.324       17.367 2023-01-19T14:00:31
      2530  790764   0.821             0       -0.846        3.250        0.054        1.327       18.034 2023-01-19T14:00:49
      2540  794078   0.820             0       -0.844        3.269        0.054        1.339       17.568 2023-01-19T14:01:07
      2550  797389   0.819             0       -0.842        3.278        0.054        1.342       17.734 2023-01-19T14:01:25
      2560  800664   0.819             0       -0.843        3.276        0.053        1.353       18.242 2023-01-19T14:01:43
      2570  803952   0.818             0       -0.845        3.264        0.053        1.365       18.058 2023-01-19T14:02:01
      2580  807140   0.817             0       -0.846        3.255        0.054        1.381       17.865 2023-01-19T14:02:19
      2590  810529   0.817             0       -0.844        3.272        0.055        1.400       18.432 2023-01-19T14:02:37
      2600  813837   0.816             0       -0.842        3.279        0.057        1.426       17.796 2023-01-19T14:02:55
      2610  817160   0.815             0       -0.840        3.297        0.059        1.448       17.683 2023-01-19T14:03:13
      2620  820586   0.815             0       -0.838        3.306        0.058        1.466       17.990 2023-01-19T14:03:31
      2630  823980   0.814             0       -0.837        3.322        0.058        1.488       18.080 2023-01-19T14:03:49
      2640  827247   0.813             0       -0.837        3.317        0.059        1.490       17.710 2023-01-19T14:04:07
      2650  830580   0.812             0       -0.838        3.319        0.059        1.500       17.918 2023-01-19T14:04:25
      2660  834000   0.812             0       -0.835        3.334        0.061        1.509       18.107 2023-01-19T14:04:43
      2670  837412   0.811             0       -0.833        3.346        0.061        1.514       18.532 2023-01-19T14:05:01
      2680  840840   0.810             0       -0.830        3.370        0.060        1.514       18.289 2023-01-19T14:05:20
      2690  844140   0.810             0       -0.832        3.361        0.060        1.516       18.279 2023-01-19T14:05:38
      2700  847460   0.809             0       -0.832        3.362        0.059        1.505       18.215 2023-01-19T14:05:56
      2710  850803   0.808             0       -0.830        3.364        0.059        1.499       17.740 2023-01-19T14:06:14
      2720  854169   0.808             0       -0.832        3.358        0.060        1.500       17.787 2023-01-19T14:06:32
      2730  857513   0.807             0       -0.832        3.353        0.059        1.496       17.807 2023-01-19T14:06:49
      2740  860868   0.806             0       -0.830        3.362        0.060        1.502       18.063 2023-01-19T14:07:07
      2750  864307   0.806             0       -0.829        3.373        0.060        1.521       18.276 2023-01-19T14:07:26
      2760  867724   0.805             0       -0.829        3.372        0.059        1.530       18.350 2023-01-19T14:07:44
      2770  870980   0.804             0       -0.832        3.357        0.059        1.543       18.214 2023-01-19T14:08:02
      2780  874442   0.804             0       -0.830        3.360        0.058        1.553       18.402 2023-01-19T14:08:21
      2790  877796   0.803             0       -0.829        3.366        0.059        1.562       17.901 2023-01-19T14:08:39
      2800  881045   0.802             0       -0.831        3.359        0.057        1.575       17.979 2023-01-19T14:08:57
      2810  884501   0.802             0       -0.830        3.370        0.056        1.586       17.759 2023-01-19T14:09:14
      2820  887824   0.801             0       -0.830        3.365        0.054        1.596       17.930 2023-01-19T14:09:32
      2830  891241   0.800             0       -0.830        3.373        0.055        1.609       18.098 2023-01-19T14:09:50
      2840  894631   0.800             0       -0.830        3.376        0.057        1.620       18.429 2023-01-19T14:10:09
      2850  898004   0.799             0       -0.831        3.370        0.058        1.618       18.079 2023-01-19T14:10:27
      2860  901467   0.798             0       -0.831        3.374        0.058        1.619       18.307 2023-01-19T14:10:45
      2870  904959   0.798             0       -0.828        3.398        0.059        1.621       18.429 2023-01-19T14:11:04
      2880  908313   0.797             0       -0.830        3.387        0.060        1.626       17.914 2023-01-19T14:11:21
      2890  911732   0.796             0       -0.829        3.394        0.061        1.627       18.446 2023-01-19T14:11:40
      2900  915128   0.796             0       -0.827        3.408        0.062        1.629       18.034 2023-01-19T14:11:58
      2910  918481   0.795             0       -0.829        3.398        0.063        1.632       18.568 2023-01-19T14:12:17
      2920  922067   0.794             0       -0.825        3.424        0.064        1.634       18.413 2023-01-19T14:12:35
      2930  925427   0.793             0       -0.826        3.419        0.063        1.635       18.061 2023-01-19T14:12:53
      2940  928907   0.793             0       -0.824        3.428        0.062        1.634       17.955 2023-01-19T14:13:11
      2950  932372   0.792             0       -0.823        3.437        0.061        1.634       18.448 2023-01-19T14:13:29
      2960  935872   0.791             0       -0.823        3.441        0.061        1.632       18.192 2023-01-19T14:13:48
      2970  939487   0.791             0       -0.822        3.453        0.060        1.631       18.704 2023-01-19T14:14:06
      2980  942757   0.790             0       -0.823        3.444        0.060        1.628       17.778 2023-01-19T14:14:24
      2990  946363   0.789             0       -0.820        3.463        0.060        1.629       18.564 2023-01-19T14:14:43
      3000  949622   0.789             0       -0.822        3.449        0.060        1.627       18.059 2023-01-19T14:15:01
      3010  952850   0.788             0       -0.823        3.437        0.060        1.628       17.715 2023-01-19T14:15:18
      3020  956155   0.787             0       -0.827        3.409        0.061        1.630       17.908 2023-01-19T14:15:36
      3030  959387   0.787             0       -0.829        3.396        0.062        1.628       18.001 2023-01-19T14:15:54
      3040  962758   0.786             0       -0.830        3.385        0.062        1.628       18.542 2023-01-19T14:16:13
      3050  966041   0.785             0       -0.832        3.367        0.062        1.624       18.240 2023-01-19T14:16:31
      3060  969472   0.785             0       -0.832        3.360        0.063        1.621       18.234 2023-01-19T14:16:49
      3070  972959   0.784             0       -0.834        3.347        0.064        1.634       18.476 2023-01-19T14:17:08
      3080  976293   0.783             0       -0.832        3.354        0.064        1.651       18.379 2023-01-19T14:17:26
      3090  979654   0.783             0       -0.836        3.329        0.064        1.662       18.474 2023-01-19T14:17:45
      3100  983100   0.782             0       -0.833        3.348        0.064        1.676       18.478 2023-01-19T14:18:03
      3110  986478   0.781             0       -0.831        3.363        0.063        1.690       18.159 2023-01-19T14:18:21
      3120  989846   0.781             0       -0.831        3.369        0.062        1.700       17.895 2023-01-19T14:18:39
      3130  993198   0.780             0       -0.830        3.381        0.060        1.710       18.281 2023-01-19T14:18:57
      3140  996603   0.779             0       -0.830        3.385        0.059        1.718       17.868 2023-01-19T14:19:15
      3150  999881   0.779             0       -0.830        3.384        0.058        1.727       17.411 2023-01-19T14:19:33
      3160 1003268   0.778             0       -0.832        3.380        0.057        1.737       17.901 2023-01-19T14:19:51
      3170 1006588   0.778             0       -0.833        3.363        0.057        1.733       18.356 2023-01-19T14:20:09
      3180 1009917   0.777             0       -0.833        3.362        0.055        1.723       17.441 2023-01-19T14:20:26
      3190 1013251   0.776             0       -0.832        3.360        0.054        1.715       18.173 2023-01-19T14:20:45
      3200 1016655   0.776             0       -0.834        3.356        0.054        1.712       18.078 2023-01-19T14:21:03
      3210 1019940   0.775             0       -0.835        3.346        0.053        1.706       17.738 2023-01-19T14:21:20
      3220 1023499   0.774             0       -0.831        3.365        0.053        1.704       18.227 2023-01-19T14:21:39
      3230 1026695   0.774             0       -0.833        3.350        0.053        1.696       17.687 2023-01-19T14:21:56
      3240 1030039   0.773             0       -0.834        3.344        0.054        1.691       18.455 2023-01-19T14:22:15
      3250 1033362   0.772             0       -0.833        3.348        0.054        1.691       18.626 2023-01-19T14:22:33
      3260 1036626   0.772             0       -0.835        3.336        0.054        1.692       17.759 2023-01-19T14:22:51
      3270 1039883   0.771             0       -0.836        3.329        0.054        1.686       17.671 2023-01-19T14:23:09
      3280 1043289   0.770             0       -0.835        3.337        0.055        1.684       18.515 2023-01-19T14:23:27
      3290 1046617   0.770             0       -0.835        3.337        0.055        1.686       18.259 2023-01-19T14:23:46
      3300 1049855   0.769             0       -0.837        3.320        0.056        1.678       17.655 2023-01-19T14:24:03
      3310 1053062   0.769             0       -0.838        3.312        0.056        1.672       17.833 2023-01-19T14:24:21
      3320 1056401   0.768             0       -0.840        3.290        0.056        1.662       18.297 2023-01-19T14:24:39
      3330 1059674   0.767             0       -0.838        3.298        0.056        1.663       17.983 2023-01-19T14:24:57
      3340 1063070   0.767             0       -0.838        3.303        0.057        1.667       18.346 2023-01-19T14:25:16
      3350 1066592   0.766             0       -0.835        3.323        0.058        1.672       18.684 2023-01-19T14:25:34
      3360 1070056   0.765             0       -0.831        3.343        0.058        1.673       18.370 2023-01-19T14:25:53
      3370 1073588   0.765             0       -0.828        3.371        0.059        1.677       18.919 2023-01-19T14:26:12
      3380 1077224   0.764             0       -0.826        3.394        0.059        1.681       18.924 2023-01-19T14:26:31
      3390 1080741   0.763             0       -0.825        3.412        0.058        1.682       18.571 2023-01-19T14:26:49
      3400 1084243   0.763             0       -0.823        3.439        0.058        1.685       18.304 2023-01-19T14:27:08
      3410 1087728   0.762             0       -0.819        3.467        0.059        1.685       18.619 2023-01-19T14:27:26
      3420 1091186   0.761             0       -0.819        3.479        0.059        1.689       18.590 2023-01-19T14:27:45
      3430 1094624   0.761             0       -0.817        3.495        0.059        1.694       18.738 2023-01-19T14:28:03
      3440 1098066   0.760             0       -0.817        3.500        0.057        1.689       17.960 2023-01-19T14:28:21
      3450 1101490   0.759             0       -0.818        3.490        0.056        1.683       18.057 2023-01-19T14:28:39
      3460 1104871   0.759             0       -0.820        3.481        0.055        1.682       18.387 2023-01-19T14:28:58
      3470 1108366   0.758             0       -0.820        3.478        0.053        1.679       18.164 2023-01-19T14:29:16
      3480 1111872   0.757             0       -0.821        3.465        0.052        1.671       18.664 2023-01-19T14:29:35
      3490 1115224   0.757             0       -0.824        3.448        0.051        1.665       18.049 2023-01-19T14:29:53
      3500 1118650   0.756             0       -0.823        3.441        0.051        1.664       18.040 2023-01-19T14:30:11
      3510 1122132   0.755             0       -0.823        3.440        0.050        1.666       18.681 2023-01-19T14:30:29
      3520 1125476   0.755             0       -0.824        3.429        0.049        1.665       18.464 2023-01-19T14:30:48
      3530 1128788   0.754             0       -0.825        3.416        0.049        1.660       17.887 2023-01-19T14:31:06
      3540 1132254   0.753             0       -0.824        3.419        0.048        1.652       18.990 2023-01-19T14:31:25
      3550 1135601   0.753             0       -0.826        3.411        0.047        1.649       17.902 2023-01-19T14:31:43
      3560 1138994   0.752             0       -0.825        3.412        0.047        1.642       18.430 2023-01-19T14:32:01
      3570 1142291   0.752             0       -0.827        3.393        0.048        1.648       18.052 2023-01-19T14:32:19
      3580 1145645   0.751             0       -0.829        3.377        0.050        1.659       18.120 2023-01-19T14:32:37
      3590 1149240   0.750             0       -0.825        3.402        0.049        1.663       18.782 2023-01-19T14:32:56
      3600 1152654   0.750             1       -0.825        3.400        0.049        1.670       18.643 2023-01-19T14:33:15
