   Episode      Step   Epsilon  Get_resultnum     MeanReward     MeanLength       MeanLoss     MeanQValue      TimeDelta                Time
         0     295   1.000             0       -0.887        2.950        0.000        0.000        1.194 2023-01-23T23:53:18
        10    3301   0.999             0       -0.883        3.001        0.000        0.000       15.609 2023-01-23T23:53:34
        20    6288   0.998             0       -0.883        2.994        0.000        0.000       13.155 2023-01-23T23:53:47
        30    9335   0.998             0       -0.881        3.011        0.000        0.000       12.541 2023-01-23T23:53:59
        40   12238   0.997             0       -0.884        2.985        0.019       -0.058       14.768 2023-01-23T23:54:14
        50   15234   0.996             0       -0.884        2.987        0.021       -0.108       15.508 2023-01-23T23:54:30
        60   18187   0.995             0       -0.884        2.981        0.021       -0.144       16.186 2023-01-23T23:54:46
        70   21139   0.995             0       -0.885        2.977        0.021       -0.169       15.964 2023-01-23T23:55:02
        80   24065   0.994             0       -0.886        2.971        0.020       -0.189       15.893 2023-01-23T23:55:18
        90   27023   0.993             0       -0.886        2.970        0.019       -0.205       15.843 2023-01-23T23:55:34
       100   30047   0.993             0       -0.885        2.975        0.019       -0.219       16.426 2023-01-23T23:55:50
       110   33060   0.992             0       -0.884        2.976        0.020       -0.252       16.267 2023-01-23T23:56:06
       120   36008   0.991             0       -0.885        2.972        0.021       -0.284       16.304 2023-01-23T23:56:23
       130   39002   0.990             0       -0.886        2.967        0.022       -0.318       16.691 2023-01-23T23:56:39
       140   42014   0.990             0       -0.884        2.978        0.016       -0.326       16.560 2023-01-23T23:56:56
       150   45029   0.989             0       -0.884        2.979        0.014       -0.327       16.532 2023-01-23T23:57:12
       160   47989   0.988             0       -0.884        2.980        0.013       -0.327       16.238 2023-01-23T23:57:29
       170   50964   0.987             0       -0.883        2.982        0.012       -0.327       16.484 2023-01-23T23:57:45
       180   53892   0.987             0       -0.883        2.983        0.011       -0.326       16.354 2023-01-23T23:58:01
       190   56814   0.986             0       -0.884        2.979        0.011       -0.325       16.203 2023-01-23T23:58:18
       200   59742   0.985             0       -0.885        2.970        0.010       -0.325       16.335 2023-01-23T23:58:34
       210   62715   0.984             0       -0.886        2.966        0.011       -0.347       16.697 2023-01-23T23:58:51
       220   65642   0.984             0       -0.886        2.963        0.011       -0.373       16.488 2023-01-23T23:59:07
       230   68513   0.983             0       -0.887        2.951        0.012       -0.398       16.344 2023-01-23T23:59:24
       240   71413   0.982             0       -0.888        2.940        0.012       -0.424       16.633 2023-01-23T23:59:40
       250   74307   0.982             0       -0.890        2.928        0.013       -0.450       16.461 2023-01-23T23:59:57
       260   77225   0.981             0       -0.891        2.924        0.013       -0.476       16.544 2023-01-24T00:00:13
       270   80136   0.980             0       -0.891        2.917        0.014       -0.502       16.313 2023-01-24T00:00:29
       280   83029   0.979             0       -0.891        2.914        0.014       -0.528       16.505 2023-01-24T00:00:46
       290   85939   0.979             0       -0.891        2.913        0.015       -0.554       16.501 2023-01-24T00:01:03
       300   88860   0.978             0       -0.891        2.912        0.015       -0.581       16.618 2023-01-24T00:01:19
       310   91745   0.977             0       -0.892        2.903        0.015       -0.584       16.478 2023-01-24T00:01:36
       320   94631   0.977             0       -0.893        2.899        0.014       -0.585       16.873 2023-01-24T00:01:52
       330   97455   0.976             0       -0.893        2.894        0.014       -0.585       16.452 2023-01-24T00:02:09
       340  100346   0.975             0       -0.892        2.893        0.014       -0.585       17.103 2023-01-24T00:02:26
       350  103148   0.975             0       -0.893        2.884        0.014       -0.586       16.587 2023-01-24T00:02:43
       360  106021   0.974             0       -0.893        2.880        0.014       -0.586       16.577 2023-01-24T00:02:59
       370  108888   0.973             0       -0.893        2.875        0.014       -0.587       16.507 2023-01-24T00:03:16
       380  111820   0.972             0       -0.893        2.879        0.013       -0.594       16.486 2023-01-24T00:03:32
       390  114703   0.972             0       -0.893        2.876        0.013       -0.605       16.564 2023-01-24T00:03:49
       400  117546   0.971             0       -0.894        2.869        0.012       -0.616       16.420 2023-01-24T00:04:05
       410  120370   0.970             0       -0.894        2.862        0.012       -0.627       16.510 2023-01-24T00:04:22
       420  123293   0.970             0       -0.894        2.866        0.011       -0.638       16.679 2023-01-24T00:04:38
       430  126178   0.969             0       -0.894        2.872        0.011       -0.650       16.714 2023-01-24T00:04:55
       440  129091   0.968             0       -0.894        2.874        0.010       -0.661       17.036 2023-01-24T00:05:12
       450  132032   0.968             0       -0.892        2.888        0.010       -0.672       16.821 2023-01-24T00:05:29
       460  134871   0.967             0       -0.893        2.885        0.009       -0.683       17.036 2023-01-24T00:05:46
       470  137715   0.966             0       -0.893        2.883        0.009       -0.694       16.278 2023-01-24T00:06:02
       480  140615   0.965             0       -0.894        2.879        0.008       -0.700       16.675 2023-01-24T00:06:19
       490  143441   0.965             0       -0.894        2.874        0.008       -0.704       16.445 2023-01-24T00:06:35
       500  146359   0.964             0       -0.893        2.881        0.008       -0.708       16.822 2023-01-24T00:06:52
       510  149273   0.963             0       -0.892        2.890        0.008       -0.713       17.245 2023-01-24T00:07:09
       520  152115   0.963             0       -0.893        2.882        0.008       -0.717       16.956 2023-01-24T00:07:26
       530  154963   0.962             0       -0.892        2.879        0.007       -0.721       16.599 2023-01-24T00:07:43
       540  157761   0.961             0       -0.894        2.867        0.007       -0.725       16.758 2023-01-24T00:08:00
       550  160580   0.961             0       -0.895        2.855        0.007       -0.729       16.859 2023-01-24T00:08:17
       560  163467   0.960             0       -0.894        2.860        0.007       -0.735       16.657 2023-01-24T00:08:33
       570  166363   0.959             0       -0.894        2.865        0.007       -0.741       16.889 2023-01-24T00:08:50
       580  169133   0.959             0       -0.895        2.852        0.007       -0.746       16.412 2023-01-24T00:09:07
       590  172045   0.958             0       -0.894        2.860        0.007       -0.749       17.116 2023-01-24T00:09:24
       600  174858   0.957             0       -0.895        2.850        0.007       -0.751       16.604 2023-01-24T00:09:40
       610  177686   0.957             0       -0.896        2.841        0.007       -0.753       16.685 2023-01-24T00:09:57
       620  180485   0.956             0       -0.896        2.837        0.006       -0.755       17.106 2023-01-24T00:10:14
       630  183279   0.955             0       -0.897        2.832        0.007       -0.760       16.738 2023-01-24T00:10:31
       640  186157   0.955             0       -0.896        2.840        0.007       -0.765       16.747 2023-01-24T00:10:48
       650  188936   0.954             0       -0.895        2.836        0.007       -0.769       16.824 2023-01-24T00:11:04
       660  191710   0.953             0       -0.897        2.824        0.006       -0.772       16.486 2023-01-24T00:11:21
       670  194514   0.953             0       -0.898        2.815        0.006       -0.775       16.554 2023-01-24T00:11:37
       680  197298   0.952             0       -0.897        2.816        0.006       -0.777       16.667 2023-01-24T00:11:54
       690  200152   0.951             0       -0.898        2.811        0.006       -0.780       16.729 2023-01-24T00:12:11
       700  202985   0.951             0       -0.898        2.813        0.006       -0.782       16.492 2023-01-24T00:12:27
       710  205813   0.950             0       -0.898        2.813        0.006       -0.785       16.677 2023-01-24T00:12:44
       720  208703   0.949             0       -0.897        2.822        0.006       -0.787       16.749 2023-01-24T00:13:01
       730  211522   0.948             0       -0.897        2.824        0.006       -0.787       16.555 2023-01-24T00:13:17
       740  214314   0.948             0       -0.897        2.816        0.006       -0.788       16.311 2023-01-24T00:13:34
       750  217080   0.947             0       -0.898        2.814        0.007       -0.789       16.743 2023-01-24T00:13:50
       760  219907   0.947             0       -0.896        2.820        0.007       -0.791       16.675 2023-01-24T00:14:07
       770  222791   0.946             0       -0.895        2.828        0.007       -0.792       16.815 2023-01-24T00:14:24
       780  225584   0.945             0       -0.895        2.829        0.007       -0.793       16.300 2023-01-24T00:14:40
       790  228401   0.944             0       -0.895        2.825        0.007       -0.795       16.643 2023-01-24T00:14:57
       800  231161   0.944             0       -0.896        2.818        0.007       -0.796       16.577 2023-01-24T00:15:13
       810  233890   0.943             0       -0.897        2.808        0.007       -0.798       16.506 2023-01-24T00:15:30
       820  236591   0.943             0       -0.899        2.789        0.007       -0.799       16.438 2023-01-24T00:15:46
       830  239367   0.942             0       -0.899        2.784        0.007       -0.801       16.039 2023-01-24T00:16:02
       840  242191   0.941             0       -0.899        2.788        0.007       -0.800       16.466 2023-01-24T00:16:19
       850  244968   0.941             0       -0.899        2.789        0.007       -0.799       16.660 2023-01-24T00:16:35
       860  247759   0.940             0       -0.900        2.785        0.006       -0.798       16.721 2023-01-24T00:16:52
       870  250493   0.939             0       -0.902        2.770        0.006       -0.797       16.832 2023-01-24T00:17:09
       880  253300   0.939             0       -0.902        2.772        0.006       -0.796       16.532 2023-01-24T00:17:26
       890  256071   0.938             0       -0.902        2.767        0.006       -0.795       16.843 2023-01-24T00:17:42
       900  258881   0.937             0       -0.901        2.772        0.006       -0.794       16.776 2023-01-24T00:17:59
       910  261629   0.937             0       -0.901        2.774        0.006       -0.792       16.512 2023-01-24T00:18:16
       920  264451   0.936             0       -0.900        2.786        0.006       -0.791       16.584 2023-01-24T00:18:32
       930  267216   0.935             0       -0.900        2.785        0.005       -0.789       16.706 2023-01-24T00:18:49
       940  269960   0.935             0       -0.901        2.777        0.005       -0.789       16.671 2023-01-24T00:19:06
       950  272667   0.934             0       -0.901        2.770        0.005       -0.789       16.410 2023-01-24T00:19:22
       960  275455   0.933             0       -0.902        2.770        0.005       -0.789       16.494 2023-01-24T00:19:39
       970  278207   0.933             0       -0.901        2.771        0.005       -0.790       16.379 2023-01-24T00:19:55
       980  280939   0.932             0       -0.902        2.764        0.005       -0.790       16.448 2023-01-24T00:20:11
       990  283679   0.932             0       -0.902        2.761        0.005       -0.790       16.211 2023-01-24T00:20:28
      1000  286424   0.931             0       -0.903        2.754        0.005       -0.791       16.611 2023-01-24T00:20:44
      1010  289136   0.930             0       -0.903        2.751        0.005       -0.793       16.548 2023-01-24T00:21:01
      1020  291872   0.930             0       -0.904        2.742        0.005       -0.794       16.458 2023-01-24T00:21:17
      1030  294639   0.929             0       -0.903        2.742        0.005       -0.795       16.893 2023-01-24T00:21:34
      1040  297440   0.928             0       -0.902        2.748        0.005       -0.795       16.586 2023-01-24T00:21:51
      1050  300193   0.928             0       -0.902        2.753        0.005       -0.797       16.403 2023-01-24T00:22:07
      1060  302941   0.927             0       -0.902        2.749        0.005       -0.798       16.688 2023-01-24T00:22:24
      1070  305663   0.926             0       -0.902        2.746        0.005       -0.798       16.186 2023-01-24T00:22:40
      1080  308490   0.926             0       -0.901        2.755        0.005       -0.798       16.609 2023-01-24T00:22:57
      1090  311252   0.925             0       -0.901        2.757        0.005       -0.798       16.584 2023-01-24T00:23:13
      1100  314004   0.925             0       -0.900        2.758        0.005       -0.797       16.492 2023-01-24T00:23:30
      1110  316912   0.924             0       -0.898        2.778        0.005       -0.795       16.780 2023-01-24T00:23:46
      1120  319740   0.923             0       -0.897        2.787        0.005       -0.794       16.516 2023-01-24T00:24:03
      1130  322561   0.923             0       -0.896        2.792        0.005       -0.792       16.748 2023-01-24T00:24:20
      1140  325343   0.922             0       -0.896        2.790        0.005       -0.790       16.835 2023-01-24T00:24:37
      1150  328224   0.921             0       -0.895        2.803        0.005       -0.788       16.688 2023-01-24T00:24:53
      1160  331037   0.921             0       -0.894        2.810        0.005       -0.787       16.540 2023-01-24T00:25:10
      1170  333929   0.920             0       -0.892        2.827        0.004       -0.786       16.765 2023-01-24T00:25:27
      1180  336779   0.919             0       -0.891        2.829        0.004       -0.784       16.735 2023-01-24T00:25:43
      1190  339680   0.919             0       -0.889        2.843        0.004       -0.782       17.014 2023-01-24T00:26:00
      1200  342515   0.918             0       -0.889        2.851        0.004       -0.782       16.593 2023-01-24T00:26:17
      1210  345512   0.917             0       -0.888        2.860        0.004       -0.781       16.826 2023-01-24T00:26:34
      1220  348401   0.917             0       -0.887        2.866        0.004       -0.780       16.782 2023-01-24T00:26:50
      1230  351258   0.916             0       -0.887        2.870        0.004       -0.779       16.617 2023-01-24T00:27:07
      1240  354137   0.915             0       -0.886        2.879        0.004       -0.779       17.121 2023-01-24T00:27:24
      1250  357085   0.915             0       -0.885        2.886        0.004       -0.778       17.104 2023-01-24T00:27:41
      1260  360051   0.914             0       -0.883        2.901        0.004       -0.777       16.738 2023-01-24T00:27:58
      1270  362970   0.913             0       -0.883        2.904        0.004       -0.777       16.984 2023-01-24T00:28:15
      1280  365890   0.913             0       -0.882        2.911        0.004       -0.776       16.631 2023-01-24T00:28:32
      1290  368835   0.912             0       -0.882        2.916        0.004       -0.775       17.019 2023-01-24T00:28:49
      1300  371648   0.911             0       -0.882        2.913        0.004       -0.774       16.827 2023-01-24T00:29:06
      1310  374539   0.911             0       -0.883        2.903        0.004       -0.774       16.334 2023-01-24T00:29:22
      1320  377371   0.910             0       -0.884        2.897        0.004       -0.772       16.594 2023-01-24T00:29:38
      1330  380225   0.909             0       -0.884        2.897        0.004       -0.772       17.010 2023-01-24T00:29:55
      1340  383162   0.909             0       -0.883        2.902        0.004       -0.770       17.069 2023-01-24T00:30:13
      1350  385997   0.908             0       -0.884        2.891        0.004       -0.770       16.469 2023-01-24T00:30:29
      1360  388985   0.907             0       -0.884        2.893        0.004       -0.769       17.037 2023-01-24T00:30:46
      1370  391811   0.907             0       -0.885        2.884        0.004       -0.768       16.555 2023-01-24T00:31:03
      1380  394569   0.906             0       -0.887        2.868        0.005       -0.767       16.510 2023-01-24T00:31:19
      1390  397568   0.905             0       -0.886        2.873        0.005       -0.767       17.004 2023-01-24T00:31:36
      1400  400487   0.905             0       -0.885        2.884        0.005       -0.766       17.414 2023-01-24T00:31:54
      1410  403447   0.904             0       -0.885        2.891        0.005       -0.765       17.092 2023-01-24T00:32:11
      1420  406333   0.903             0       -0.883        2.896        0.005       -0.765       16.649 2023-01-24T00:32:27
      1430  409172   0.903             0       -0.884        2.895        0.005       -0.764       16.824 2023-01-24T00:32:44
      1440  412060   0.902             0       -0.885        2.890        0.005       -0.763       16.816 2023-01-24T00:33:01
      1450  415017   0.901             0       -0.883        2.902        0.005       -0.762       16.870 2023-01-24T00:33:18
      1460  418000   0.901             0       -0.882        2.901        0.005       -0.762       17.285 2023-01-24T00:33:35
      1470  421112   0.900             0       -0.879        2.930        0.005       -0.762       17.088 2023-01-24T00:33:52
      1480  424077   0.899             0       -0.876        2.951        0.005       -0.761       17.129 2023-01-24T00:34:09
      1490  427094   0.899             0       -0.876        2.953        0.005       -0.761       17.101 2023-01-24T00:34:26
      1500  430115   0.898             0       -0.875        2.963        0.005       -0.760       17.088 2023-01-24T00:34:43
      1510  433165   0.897             0       -0.874        2.972        0.005       -0.761       17.235 2023-01-24T00:35:01
      1520  436193   0.897             0       -0.873        2.986        0.006       -0.760       17.129 2023-01-24T00:35:18
      1530  439029   0.896             0       -0.873        2.986        0.006       -0.760       16.817 2023-01-24T00:35:35
      1540  442084   0.895             0       -0.871        3.002        0.006       -0.760       17.506 2023-01-24T00:35:52
      1550  445045   0.895             0       -0.871        3.003        0.006       -0.760       17.287 2023-01-24T00:36:09
      1560  448218   0.894             0       -0.869        3.022        0.006       -0.759       17.468 2023-01-24T00:36:27
      1570  451206   0.893             0       -0.870        3.009        0.006       -0.758       17.367 2023-01-24T00:36:44
      1580  453964   0.893             0       -0.873        2.989        0.006       -0.757       16.751 2023-01-24T00:37:01
      1590  456885   0.892             0       -0.874        2.979        0.006       -0.755       16.932 2023-01-24T00:37:18
      1600  459662   0.891             0       -0.877        2.955        0.005       -0.754       16.541 2023-01-24T00:37:34
      1610  462660   0.891             0       -0.877        2.950        0.005       -0.755       17.046 2023-01-24T00:37:52
      1620  465542   0.890             0       -0.879        2.935        0.005       -0.755       16.976 2023-01-24T00:38:09
      1630  468365   0.890             0       -0.878        2.934        0.006       -0.756       16.870 2023-01-24T00:38:25
      1640  471208   0.889             0       -0.880        2.912        0.006       -0.757       16.593 2023-01-24T00:38:42
      1650  474156   0.888             0       -0.880        2.911        0.006       -0.758       16.896 2023-01-24T00:38:59
      1660  477177   0.888             0       -0.882        2.896        0.005       -0.759       17.057 2023-01-24T00:39:16
      1670  480228   0.887             0       -0.882        2.902        0.005       -0.760       17.048 2023-01-24T00:39:33
      1680  483087   0.886             0       -0.881        2.912        0.005       -0.761       16.912 2023-01-24T00:39:50
      1690  485932   0.886             0       -0.882        2.905        0.005       -0.762       16.731 2023-01-24T00:40:07
      1700  488843   0.885             0       -0.880        2.918        0.005       -0.763       17.327 2023-01-24T00:40:24
      1710  491681   0.884             0       -0.881        2.902        0.005       -0.761       16.836 2023-01-24T00:40:41
      1720  494611   0.884             0       -0.880        2.907        0.005       -0.760       16.910 2023-01-24T00:40:58
      1730  497430   0.883             0       -0.880        2.906        0.005       -0.759       16.834 2023-01-24T00:41:15
      1740  500286   0.882             0       -0.879        2.908        0.005       -0.758       16.973 2023-01-24T00:41:32
      1750  503122   0.882             0       -0.881        2.897        0.005       -0.757       16.926 2023-01-24T00:41:48
      1760  506053   0.881             0       -0.881        2.888        0.005       -0.755       17.011 2023-01-24T00:42:05
      1770  508997   0.881             0       -0.882        2.877        0.005       -0.753       16.891 2023-01-24T00:42:22
      1780  511946   0.880             0       -0.881        2.886        0.005       -0.753       17.054 2023-01-24T00:42:39
      1790  514785   0.879             0       -0.881        2.885        0.005       -0.752       16.839 2023-01-24T00:42:56
      1800  517771   0.879             0       -0.881        2.893        0.005       -0.752       17.156 2023-01-24T00:43:13
      1810  520785   0.878             0       -0.878        2.910        0.005       -0.751       17.017 2023-01-24T00:43:30
      1820  523638   0.877             0       -0.879        2.903        0.005       -0.751       16.914 2023-01-24T00:43:47
      1830  526513   0.877             0       -0.879        2.908        0.005       -0.752       16.839 2023-01-24T00:44:04
      1840  529489   0.876             0       -0.877        2.920        0.005       -0.752       17.354 2023-01-24T00:44:22
      1850  532325   0.875             0       -0.877        2.920        0.005       -0.753       17.238 2023-01-24T00:44:39
      1860  535109   0.875             0       -0.879        2.906        0.005       -0.754       16.935 2023-01-24T00:44:56
      1870  538068   0.874             0       -0.878        2.907        0.006       -0.755       16.904 2023-01-24T00:45:13
      1880  541020   0.873             0       -0.878        2.907        0.006       -0.756       16.908 2023-01-24T00:45:29
      1890  544078   0.873             0       -0.876        2.929        0.006       -0.757       17.562 2023-01-24T00:45:47
      1900  547181   0.872             0       -0.875        2.941        0.006       -0.758       17.306 2023-01-24T00:46:04
      1910  550257   0.871             0       -0.876        2.947        0.006       -0.759       17.636 2023-01-24T00:46:22
      1920  553337   0.871             0       -0.873        2.970        0.006       -0.759       17.365 2023-01-24T00:46:39
      1930  556448   0.870             0       -0.871        2.994        0.006       -0.758       17.366 2023-01-24T00:46:57
      1940  559516   0.869             0       -0.870        3.003        0.006       -0.758       17.442 2023-01-24T00:47:14
      1950  562455   0.869             0       -0.870        3.013        0.005       -0.758       17.420 2023-01-24T00:47:32
      1960  565505   0.868             0       -0.867        3.040        0.005       -0.758       16.953 2023-01-24T00:47:49
      1970  568529   0.868             0       -0.867        3.046        0.005       -0.757       17.338 2023-01-24T00:48:06
      1980  571521   0.867             0       -0.866        3.050        0.005       -0.756       17.185 2023-01-24T00:48:23
      1990  574646   0.866             0       -0.866        3.057        0.005       -0.757       17.337 2023-01-24T00:48:40
      2000  577633   0.866             0       -0.868        3.045        0.005       -0.757       17.373 2023-01-24T00:48:58
      2010  580754   0.865             0       -0.867        3.050        0.005       -0.756       17.579 2023-01-24T00:49:15
      2020  583896   0.864             0       -0.866        3.056        0.005       -0.756       17.014 2023-01-24T00:49:32
      2030  586878   0.864             0       -0.868        3.043        0.005       -0.757       17.612 2023-01-24T00:49:50
      2040  589974   0.863             0       -0.868        3.046        0.005       -0.757       17.563 2023-01-24T00:50:08
      2050  593029   0.862             0       -0.867        3.057        0.005       -0.757       17.645 2023-01-24T00:50:25
      2060  596096   0.862             0       -0.867        3.059        0.005       -0.757       17.500 2023-01-24T00:50:43
      2070  599133   0.861             0       -0.867        3.060        0.005       -0.757       17.242 2023-01-24T00:51:00
      2080  602372   0.860             0       -0.864        3.085        0.005       -0.757       18.010 2023-01-24T00:51:18
      2090  605604   0.860             0       -0.863        3.096        0.005       -0.756       18.114 2023-01-24T00:51:36
      2100  608800   0.859             0       -0.861        3.117        0.005       -0.755       17.731 2023-01-24T00:51:54
      2110  611995   0.858             0       -0.860        3.124        0.005       -0.754       17.374 2023-01-24T00:52:11
      2120  614982   0.857             0       -0.861        3.109        0.005       -0.753       17.694 2023-01-24T00:52:29
      2130  618135   0.857             0       -0.860        3.126        0.005       -0.753       17.533 2023-01-24T00:52:46
      2140  621159   0.856             0       -0.861        3.119        0.005       -0.751       17.537 2023-01-24T00:53:04
      2150  624261   0.856             0       -0.860        3.123        0.005       -0.751       17.553 2023-01-24T00:53:21
      2160  627595   0.855             0       -0.857        3.150        0.005       -0.749       17.625 2023-01-24T00:53:39
      2170  630673   0.854             0       -0.856        3.154        0.005       -0.748       17.314 2023-01-24T00:53:56
      2180  633642   0.853             0       -0.859        3.127        0.005       -0.746       17.436 2023-01-24T00:54:14
      2190  636969   0.853             0       -0.858        3.136        0.005       -0.744       17.859 2023-01-24T00:54:32
      2200  639964   0.852             0       -0.859        3.116        0.005       -0.743       17.435 2023-01-24T00:54:49
      2210  642928   0.852             0       -0.861        3.093        0.005       -0.742       17.559 2023-01-24T00:55:07
      2220  646039   0.851             0       -0.860        3.106        0.005       -0.741       17.417 2023-01-24T00:55:24
      2230  649228   0.850             0       -0.859        3.109        0.005       -0.739       17.971 2023-01-24T00:55:42
      2240  652331   0.850             0       -0.860        3.117        0.005       -0.739       17.362 2023-01-24T00:55:59
      2250  655343   0.849             0       -0.860        3.108        0.005       -0.738       17.404 2023-01-24T00:56:17
      2260  658418   0.848             0       -0.864        3.082        0.005       -0.738       17.478 2023-01-24T00:56:34
      2270  661606   0.848             0       -0.863        3.093        0.005       -0.738       17.800 2023-01-24T00:56:52
      2280  664850   0.847             0       -0.861        3.121        0.005       -0.738       17.582 2023-01-24T00:57:10
      2290  668051   0.846             0       -0.861        3.108        0.005       -0.738       17.490 2023-01-24T00:57:27
      2300  671441   0.845             0       -0.858        3.148        0.005       -0.737       18.174 2023-01-24T00:57:45
      2310  674829   0.845             0       -0.855        3.190        0.005       -0.738       17.887 2023-01-24T00:58:03
      2320  678042   0.844             0       -0.854        3.200        0.005       -0.737       18.003 2023-01-24T00:58:21
      2330  681377   0.843             0       -0.853        3.215        0.005       -0.736       18.160 2023-01-24T00:58:39
      2340  684714   0.843             0       -0.850        3.238        0.005       -0.735       17.979 2023-01-24T00:58:57
      2350  688021   0.842             0       -0.846        3.268        0.005       -0.734       17.922 2023-01-24T00:59:15
      2360  691116   0.841             0       -0.845        3.270        0.005       -0.733       17.424 2023-01-24T00:59:33
      2370  694004   0.841             0       -0.847        3.240        0.005       -0.734       17.001 2023-01-24T00:59:50
      2380  697127   0.840             0       -0.848        3.228        0.005       -0.734       17.871 2023-01-24T01:00:08
      2390  700101   0.839             0       -0.849        3.205        0.005       -0.735       17.416 2023-01-24T01:00:25
      2400  703133   0.839             0       -0.852        3.169        0.006       -0.735       17.013 2023-01-24T01:00:42
      2410  706214   0.838             0       -0.854        3.139        0.006       -0.736       17.609 2023-01-24T01:01:00
      2420  709298   0.838             0       -0.855        3.126        0.006       -0.737       17.006 2023-01-24T01:01:17
      2430  712340   0.837             0       -0.857        3.096        0.006       -0.738       17.231 2023-01-24T01:01:34
      2440  715429   0.836             0       -0.859        3.071        0.006       -0.739       17.266 2023-01-24T01:01:51
      2450  718788   0.836             0       -0.860        3.077        0.006       -0.741       18.097 2023-01-24T01:02:09
      2460  721987   0.835             0       -0.859        3.087        0.006       -0.741       17.803 2023-01-24T01:02:27
      2470  725107   0.834             0       -0.857        3.110        0.006       -0.740       17.761 2023-01-24T01:02:45
      2480  728384   0.834             0       -0.855        3.126        0.006       -0.740       17.811 2023-01-24T01:03:03
      2490  731799   0.833             0       -0.853        3.170        0.006       -0.740       18.128 2023-01-24T01:03:21
      2500  734986   0.832             0       -0.852        3.185        0.006       -0.739       17.919 2023-01-24T01:03:39
      2510  737828   0.832             0       -0.854        3.161        0.006       -0.739       17.080 2023-01-24T01:03:56
      2520  740865   0.831             0       -0.855        3.157        0.006       -0.738       17.801 2023-01-24T01:04:14
      2530  743974   0.830             0       -0.855        3.163        0.006       -0.738       17.938 2023-01-24T01:04:32
      2540  747057   0.830             0       -0.854        3.163        0.006       -0.738       17.405 2023-01-24T01:04:49
      2550  750076   0.829             0       -0.856        3.129        0.006       -0.738       17.473 2023-01-24T01:05:06
      2560  753046   0.828             0       -0.858        3.106        0.006       -0.739       17.264 2023-01-24T01:05:24
      2570  755938   0.828             0       -0.860        3.083        0.006       -0.739       17.133 2023-01-24T01:05:41
      2580  758994   0.827             0       -0.861        3.061        0.006       -0.739       17.552 2023-01-24T01:05:58
      2590  762009   0.827             0       -0.864        3.021        0.006       -0.739       17.507 2023-01-24T01:06:16
      2600  764963   0.826             0       -0.867        2.998        0.005       -0.739       17.401 2023-01-24T01:06:33
      2610  767966   0.825             0       -0.865        3.014        0.005       -0.740       17.372 2023-01-24T01:06:51
      2620  771061   0.825             0       -0.863        3.020        0.005       -0.740       17.433 2023-01-24T01:07:08
      2630  774009   0.824             0       -0.864        3.004        0.005       -0.740       17.343 2023-01-24T01:07:25
      2640  777087   0.823             0       -0.865        3.003        0.005       -0.740       17.747 2023-01-24T01:07:43
      2650  780341   0.823             0       -0.863        3.026        0.005       -0.739       17.972 2023-01-24T01:08:01
      2660  783156   0.822             0       -0.864        3.011        0.005       -0.739       17.195 2023-01-24T01:08:18
      2670  786374   0.822             0       -0.861        3.044        0.005       -0.738       17.620 2023-01-24T01:08:36
      2680  789611   0.821             0       -0.859        3.062        0.005       -0.738       17.713 2023-01-24T01:08:54
      2690  792645   0.820             0       -0.859        3.064        0.005       -0.738       17.791 2023-01-24T01:09:11
      2700  795674   0.820             0       -0.858        3.071        0.005       -0.737       17.371 2023-01-24T01:09:29
      2710  798870   0.819             0       -0.856        3.090        0.005       -0.736       17.512 2023-01-24T01:09:46
      2720  802148   0.818             0       -0.855        3.109        0.005       -0.736       17.900 2023-01-24T01:10:04
      2730  804970   0.818             0       -0.856        3.096        0.005       -0.736       17.206 2023-01-24T01:10:21
      2740  808135   0.817             0       -0.854        3.105        0.005       -0.736       17.523 2023-01-24T01:10:39
      2750  811179   0.816             0       -0.856        3.084        0.005       -0.737       17.416 2023-01-24T01:10:56
      2760  814273   0.816             0       -0.855        3.112        0.005       -0.737       17.412 2023-01-24T01:11:14
      2770  817539   0.815             0       -0.854        3.116        0.005       -0.737       17.735 2023-01-24T01:11:32
      2780  820732   0.814             0       -0.856        3.112        0.005       -0.737       17.603 2023-01-24T01:11:49
      2790  824150   0.814             0       -0.852        3.151        0.005       -0.737       18.166 2023-01-24T01:12:07
      2800  827333   0.813             0       -0.850        3.166        0.005       -0.738       18.035 2023-01-24T01:12:25
      2810  830495   0.813             0       -0.851        3.163        0.005       -0.738       17.561 2023-01-24T01:12:43
      2820  833589   0.812             0       -0.852        3.144        0.005       -0.739       17.405 2023-01-24T01:13:00
      2830  836684   0.811             0       -0.851        3.171        0.006       -0.738       17.353 2023-01-24T01:13:18
      2840  839872   0.811             0       -0.851        3.174        0.006       -0.739       17.718 2023-01-24T01:13:35
      2850  843223   0.810             0       -0.847        3.204        0.006       -0.738       17.772 2023-01-24T01:13:53
      2860  846772   0.809             0       -0.842        3.250        0.006       -0.738       18.453 2023-01-24T01:14:12
      2870  850111   0.809             0       -0.841        3.257        0.006       -0.738       18.259 2023-01-24T01:14:30
      2880  853378   0.808             0       -0.840        3.265        0.006       -0.738       17.982 2023-01-24T01:14:48
      2890  856674   0.807             0       -0.840        3.252        0.006       -0.737       18.164 2023-01-24T01:15:06
      2900  860026   0.807             0       -0.839        3.269        0.006       -0.736       18.088 2023-01-24T01:15:24
      2910  863332   0.806             0       -0.837        3.284        0.006       -0.735       17.873 2023-01-24T01:15:42
      2920  866640   0.805             0       -0.835        3.305        0.006       -0.734       18.210 2023-01-24T01:16:00
      2930  869866   0.805             0       -0.834        3.318        0.006       -0.732       17.976 2023-01-24T01:16:18
      2940  873055   0.804             0       -0.834        3.318        0.006       -0.730       17.686 2023-01-24T01:16:36
      2950  876200   0.803             0       -0.835        3.298        0.006       -0.729       17.719 2023-01-24T01:16:54
      2960  879378   0.803             0       -0.838        3.261        0.006       -0.728       17.779 2023-01-24T01:17:11
      2970  882599   0.802             0       -0.839        3.249        0.006       -0.727       17.779 2023-01-24T01:17:29
      2980  885906   0.801             0       -0.840        3.253        0.006       -0.725       18.202 2023-01-24T01:17:47
      2990  889254   0.801             0       -0.839        3.258        0.006       -0.725       18.406 2023-01-24T01:18:06
      3000  892377   0.800             0       -0.841        3.235        0.006       -0.723       17.592 2023-01-24T01:18:23
      3010  895800   0.799             0       -0.839        3.247        0.006       -0.722       18.431 2023-01-24T01:18:42
      3020  899186   0.799             0       -0.839        3.255        0.006       -0.720       18.256 2023-01-24T01:19:00
      3030  902593   0.798             0       -0.837        3.273        0.006       -0.719       18.297 2023-01-24T01:19:18
      3040  905638   0.797             0       -0.839        3.258        0.006       -0.718       17.174 2023-01-24T01:19:35
      3050  909088   0.797             0       -0.837        3.289        0.006       -0.716       18.068 2023-01-24T01:19:54
      3060  912545   0.796             0       -0.834        3.317        0.006       -0.714       18.384 2023-01-24T01:20:12
      3070  916047   0.795             0       -0.831        3.345        0.006       -0.711       18.357 2023-01-24T01:20:30
      3080  919357   0.795             0       -0.831        3.345        0.006       -0.709       17.952 2023-01-24T01:20:48
      3090  922755   0.794             0       -0.831        3.350        0.006       -0.706       18.377 2023-01-24T01:21:07
      3100  926365   0.793             0       -0.825        3.399        0.006       -0.705       18.568 2023-01-24T01:21:25
      3110  929609   0.793             0       -0.827        3.381        0.006       -0.702       17.648 2023-01-24T01:21:43
      3120  932675   0.792             0       -0.829        3.349        0.006       -0.700       17.753 2023-01-24T01:22:01
      3130  936037   0.791             0       -0.829        3.344        0.006       -0.698       18.165 2023-01-24T01:22:19
      3140  939276   0.791             0       -0.828        3.364        0.006       -0.697       17.807 2023-01-24T01:22:37
      3150  942693   0.790             0       -0.827        3.361        0.006       -0.694       18.559 2023-01-24T01:22:55
      3160  945854   0.789             0       -0.830        3.331        0.006       -0.692       17.536 2023-01-24T01:23:13
      3170  949039   0.789             0       -0.832        3.299        0.006       -0.691       17.949 2023-01-24T01:23:31
      3180  952486   0.788             0       -0.830        3.313        0.006       -0.691       17.975 2023-01-24T01:23:49
      3190  955970   0.787             0       -0.829        3.321        0.006       -0.690       18.710 2023-01-24T01:24:07
      3200  959300   0.787             0       -0.832        3.294        0.006       -0.688       18.296 2023-01-24T01:24:26
      3210  962739   0.786             0       -0.831        3.313        0.006       -0.687       18.611 2023-01-24T01:24:44
      3220  966281   0.785             0       -0.827        3.361        0.006       -0.686       18.593 2023-01-24T01:25:03
      3230  969669   0.785             0       -0.828        3.363        0.006       -0.684       17.923 2023-01-24T01:25:21
      3240  973067   0.784             0       -0.825        3.379        0.006       -0.683       18.759 2023-01-24T01:25:39
      3250  976641   0.783             0       -0.824        3.395        0.006       -0.681       18.816 2023-01-24T01:25:58
      3260  980035   0.783             0       -0.823        3.418        0.006       -0.681       18.057 2023-01-24T01:26:16
      3270  983542   0.782             0       -0.821        3.450        0.006       -0.679       18.250 2023-01-24T01:26:35
      3280  987119   0.781             0       -0.820        3.463        0.006       -0.677       18.592 2023-01-24T01:26:53
      3290  990599   0.781             0       -0.820        3.463        0.006       -0.675       18.254 2023-01-24T01:27:11
      3300  994147   0.780             0       -0.818        3.485        0.006       -0.673       18.706 2023-01-24T01:27:30
      3310  997615   0.779             0       -0.817        3.488        0.007       -0.672       18.344 2023-01-24T01:27:49
      3320 1000900   0.779             0       -0.819        3.462        0.007       -0.671       18.513 2023-01-24T01:28:07
      3330 1004248   0.778             0       -0.819        3.458        0.007       -0.669       18.087 2023-01-24T01:28:25
      3340 1007711   0.777             0       -0.819        3.464        0.007       -0.667       18.427 2023-01-24T01:28:44
      3350 1011079   0.777             0       -0.821        3.444        0.007       -0.668       17.999 2023-01-24T01:29:02
      3360 1014185   0.776             0       -0.823        3.415        0.007       -0.671       17.583 2023-01-24T01:29:19
      3370 1016864   0.776             0       -0.830        3.332        0.007       -0.674       17.068 2023-01-24T01:29:36
      3380 1019914   0.775             0       -0.836        3.280        0.007       -0.678       17.793 2023-01-24T01:29:54
      3390 1023090   0.774             0       -0.839        3.249        0.007       -0.681       17.692 2023-01-24T01:30:12
      3400 1026274   0.774             0       -0.844        3.213        0.007       -0.685       17.882 2023-01-24T01:30:30
      3410 1029434   0.773             0       -0.847        3.182        0.007       -0.689       18.161 2023-01-24T01:30:48
      3420 1032652   0.772             0       -0.848        3.175        0.008       -0.693       17.637 2023-01-24T01:31:05
      3430 1035910   0.772             0       -0.850        3.166        0.008       -0.698       17.951 2023-01-24T01:31:23
      3440 1039136   0.771             0       -0.852        3.143        0.008       -0.702       18.130 2023-01-24T01:31:41
      3450 1042377   0.771             0       -0.852        3.130        0.008       -0.705       18.145 2023-01-24T01:32:00
      3460 1045574   0.770             0       -0.852        3.139        0.008       -0.705       17.665 2023-01-24T01:32:17
      3470 1048722   0.769             0       -0.848        3.186        0.007       -0.705       17.626 2023-01-24T01:32:35
      3480 1051760   0.769             0       -0.848        3.185        0.007       -0.706       17.495 2023-01-24T01:32:52
      3490 1054927   0.768             0       -0.847        3.184        0.007       -0.708       17.719 2023-01-24T01:33:10
      3500 1057831   0.768             0       -0.850        3.156        0.007       -0.709       17.264 2023-01-24T01:33:27
      3510 1060970   0.767             0       -0.850        3.154        0.007       -0.711       17.853 2023-01-24T01:33:45
      3520 1064296   0.766             0       -0.849        3.164        0.007       -0.713       18.141 2023-01-24T01:34:03
      3530 1067518   0.766             0       -0.849        3.161        0.007       -0.714       18.142 2023-01-24T01:34:21
      3540 1070768   0.765             0       -0.850        3.163        0.007       -0.717       17.752 2023-01-24T01:34:39
      3550 1074091   0.765             0       -0.850        3.171        0.007       -0.717       18.067 2023-01-24T01:34:57
      3560 1077330   0.764             0       -0.849        3.176        0.006       -0.719       18.323 2023-01-24T01:35:16
      3570 1080558   0.763             0       -0.848        3.184        0.006       -0.721       17.846 2023-01-24T01:35:33
      3580 1083717   0.763             0       -0.848        3.196        0.006       -0.721       17.777 2023-01-24T01:35:51
      3590 1086903   0.762             0       -0.849        3.198        0.006       -0.721       17.830 2023-01-24T01:36:09
      3600 1090140   0.761             0       -0.846        3.231        0.006       -0.720       17.881 2023-01-24T01:36:27
      3610 1093436   0.761             0       -0.844        3.247        0.006       -0.720       17.838 2023-01-24T01:36:45
      3620 1096299   0.760             0       -0.848        3.200        0.006       -0.720       17.206 2023-01-24T01:37:02
      3630 1099613   0.760             0       -0.844        3.209        0.006       -0.720       18.161 2023-01-24T01:37:20
      3640 1103123   0.759             0       -0.840        3.236        0.006       -0.720       18.506 2023-01-24T01:37:39
      3650 1106126   0.758             0       -0.842        3.204        0.005       -0.720       17.230 2023-01-24T01:37:56
      3660 1109121   0.758             0       -0.843        3.179        0.005       -0.720       17.272 2023-01-24T01:38:13
      3670 1112624   0.757             0       -0.840        3.207        0.005       -0.719       18.547 2023-01-24T01:38:32
      3680 1116167   0.757             0       -0.834        3.245        0.005       -0.718       18.379 2023-01-24T01:38:50
      3690 1119588   0.756             0       -0.831        3.269        0.005       -0.718       18.236 2023-01-24T01:39:08
      3700 1122988   0.755             0       -0.828        3.285        0.005       -0.717       18.012 2023-01-24T01:39:26
      3710 1126307   0.755             0       -0.826        3.287        0.005       -0.716       18.303 2023-01-24T01:39:45
      3720 1129828   0.754             0       -0.820        3.353        0.005       -0.714       18.965 2023-01-24T01:40:04
      3730 1133328   0.753             0       -0.821        3.371        0.005       -0.711       18.706 2023-01-24T01:40:22
      3740 1136950   0.753             0       -0.820        3.383        0.005       -0.708       18.639 2023-01-24T01:40:41
      3750 1140470   0.752             0       -0.814        3.434        0.005       -0.706       18.528 2023-01-24T01:40:59
      3760 1143799   0.751             0       -0.811        3.468        0.005       -0.703       18.364 2023-01-24T01:41:18
      3770 1147345   0.751             0       -0.810        3.472        0.005       -0.701       18.489 2023-01-24T01:41:36
      3780 1150943   0.750             0       -0.811        3.478        0.005       -0.699       18.347 2023-01-24T01:41:55
      3790 1154538   0.749             0       -0.809        3.495        0.006       -0.696       18.797 2023-01-24T01:42:13
      3800 1158096   0.749             0       -0.807        3.511        0.006       -0.693       18.704 2023-01-24T01:42:32
      3810 1161621   0.748             0       -0.806        3.531        0.006       -0.691       18.542 2023-01-24T01:42:51
      3820 1165182   0.747             0       -0.805        3.535        0.006       -0.689       18.714 2023-01-24T01:43:09
      3830 1168272   0.747             0       -0.807        3.494        0.006       -0.686       17.690 2023-01-24T01:43:27
      3840 1171981   0.746             0       -0.806        3.503        0.006       -0.685       18.449 2023-01-24T01:43:46
      3850 1175534   0.745             0       -0.807        3.506        0.006       -0.683       18.545 2023-01-24T01:44:04
      3860 1179128   0.745             0       -0.804        3.533        0.006       -0.682       19.272 2023-01-24T01:44:23
      3870 1182450   0.744             0       -0.806        3.510        0.006       -0.681       18.344 2023-01-24T01:44:42
      3880 1185875   0.743             0       -0.807        3.493        0.006       -0.681       18.444 2023-01-24T01:45:00
      3890 1189073   0.743             0       -0.811        3.454        0.006       -0.682       18.009 2023-01-24T01:45:18
      3900 1192375   0.742             0       -0.814        3.428        0.006       -0.682       18.175 2023-01-24T01:45:36
      3910 1195719   0.742             0       -0.815        3.410        0.006       -0.682       18.254 2023-01-24T01:45:55
      3920 1198739   0.741             0       -0.820        3.356        0.006       -0.682       18.038 2023-01-24T01:46:13
      3930 1201998   0.740             0       -0.820        3.373        0.006       -0.684       18.245 2023-01-24T01:46:31
      3940 1205089   0.740             0       -0.827        3.311        0.006       -0.685       17.522 2023-01-24T01:46:48
      3950 1208330   0.739             0       -0.831        3.280        0.006       -0.687       18.127 2023-01-24T01:47:07
      3960 1211459   0.739             0       -0.837        3.233        0.006       -0.688       17.946 2023-01-24T01:47:25
      3970 1214626   0.738             0       -0.839        3.218        0.006       -0.689       17.903 2023-01-24T01:47:42
      3980 1217522   0.738             0       -0.847        3.165        0.006       -0.690       17.211 2023-01-24T01:48:00
      3990 1220567   0.737             0       -0.849        3.149        0.006       -0.691       17.941 2023-01-24T01:48:18
      4000 1223914   0.736             0       -0.850        3.154        0.005       -0.693       18.030 2023-01-24T01:48:36
      4010 1227120   0.736             0       -0.854        3.140        0.005       -0.694       18.392 2023-01-24T01:48:54
      4020 1230421   0.735             0       -0.853        3.168        0.005       -0.696       18.063 2023-01-24T01:49:12
      4030 1233724   0.735             0       -0.852        3.173        0.005       -0.696       18.181 2023-01-24T01:49:30
      4040 1236991   0.734             0       -0.850        3.190        0.005       -0.697       18.288 2023-01-24T01:49:49
      4050 1240140   0.733             0       -0.853        3.181        0.005       -0.697       17.981 2023-01-24T01:50:06
      4060 1243496   0.733             0       -0.851        3.204        0.004       -0.698       18.672 2023-01-24T01:50:25
      4070 1246824   0.732             0       -0.850        3.220        0.004       -0.697       18.370 2023-01-24T01:50:44
      4080 1250128   0.732             0       -0.845        3.261        0.004       -0.697       18.209 2023-01-24T01:51:02
      4090 1253646   0.731             0       -0.841        3.308        0.004       -0.700       18.418 2023-01-24T01:51:20
      4100 1257084   0.730             0       -0.839        3.317        0.005       -0.701       18.586 2023-01-24T01:51:39
      4110 1260526   0.730             0       -0.836        3.341        0.005       -0.703       18.399 2023-01-24T01:51:57
      4120 1263988   0.729             0       -0.832        3.357        0.005       -0.705       18.660 2023-01-24T01:52:16
      4130 1267335   0.728             0       -0.832        3.361        0.005       -0.706       18.376 2023-01-24T01:52:34
      4140 1270787   0.728             0       -0.830        3.380        0.005       -0.707       18.497 2023-01-24T01:52:53
      4150 1274187   0.727             0       -0.826        3.405        0.005       -0.710       18.600 2023-01-24T01:53:11
      4160 1277729   0.727             0       -0.823        3.423        0.005       -0.712       18.530 2023-01-24T01:53:30
      4170 1281145   0.726             0       -0.820        3.432        0.005       -0.713       18.363 2023-01-24T01:53:48
      4180 1284677   0.725             0       -0.817        3.455        0.005       -0.715       18.767 2023-01-24T01:54:07
      4190 1287996   0.725             0       -0.819        3.435        0.005       -0.714       18.566 2023-01-24T01:54:26
      4200 1291423   0.724             0       -0.819        3.434        0.005       -0.714       18.805 2023-01-24T01:54:44
      4210 1295052   0.723             0       -0.817        3.453        0.005       -0.714       18.782 2023-01-24T01:55:03
      4220 1298063   0.723             0       -0.823        3.408        0.005       -0.714       17.830 2023-01-24T01:55:21
      4230 1301298   0.722             0       -0.824        3.396        0.005       -0.714       17.887 2023-01-24T01:55:39
      4240 1304887   0.722             0       -0.823        3.410        0.005       -0.714       18.784 2023-01-24T01:55:58
      4250 1308247   0.721             0       -0.825        3.406        0.005       -0.714       18.378 2023-01-24T01:56:16
      4260 1311822   0.720             0       -0.825        3.409        0.005       -0.712       18.807 2023-01-24T01:56:35
      4270 1315284   0.720             0       -0.825        3.414        0.005       -0.711       18.627 2023-01-24T01:56:53
      4280 1318672   0.719             0       -0.827        3.399        0.005       -0.709       18.503 2023-01-24T01:57:12
      4290 1322434   0.718             0       -0.823        3.444        0.006       -0.707       19.120 2023-01-24T01:57:31
      4300 1325812   0.718             0       -0.824        3.439        0.006       -0.705       18.355 2023-01-24T01:57:49
      4310 1329398   0.717             0       -0.824        3.435        0.006       -0.702       19.061 2023-01-24T01:58:08
      4320 1332835   0.717             0       -0.820        3.477        0.006       -0.699       18.490 2023-01-24T01:58:27
      4330 1336179   0.716             0       -0.820        3.488        0.006       -0.696       18.459 2023-01-24T01:58:45
      4340 1339549   0.715             0       -0.823        3.466        0.005       -0.693       18.332 2023-01-24T01:59:04
      4350 1343139   0.715             0       -0.819        3.489        0.005       -0.689       19.274 2023-01-24T01:59:23
      4360 1346629   0.714             0       -0.820        3.481        0.006       -0.686       18.586 2023-01-24T01:59:42
      4370 1350106   0.714             0       -0.822        3.482        0.005       -0.684       18.647 2023-01-24T02:00:00
      4380 1353478   0.713             0       -0.822        3.481        0.005       -0.682       18.530 2023-01-24T02:00:19
      4390 1356939   0.712             0       -0.825        3.450        0.005       -0.680       18.613 2023-01-24T02:00:37
      4400 1360374   0.712             0       -0.824        3.456        0.006       -0.679       18.086 2023-01-24T02:00:55
      4410 1363141   0.711             0       -0.830        3.374        0.006       -0.682       17.663 2023-01-24T02:01:13
      4420 1365683   0.711             0       -0.837        3.285        0.006       -0.686       17.077 2023-01-24T02:01:30
      4430 1368909   0.710             0       -0.836        3.273        0.006       -0.690       17.847 2023-01-24T02:01:48
      4440 1372001   0.710             0       -0.836        3.245        0.006       -0.695       17.655 2023-01-24T02:02:06
      4450 1375358   0.709             0       -0.836        3.222        0.006       -0.701       18.512 2023-01-24T02:02:24
      4460 1378591   0.708             0       -0.837        3.196        0.006       -0.707       18.166 2023-01-24T02:02:42
      4470 1382099   0.708             0       -0.835        3.199        0.006       -0.713       18.601 2023-01-24T02:03:01
      4480 1385667   0.707             0       -0.832        3.219        0.006       -0.719       19.088 2023-01-24T02:03:20
      4490 1389409   0.707             0       -0.829        3.247        0.006       -0.724       19.090 2023-01-24T02:03:39
      4500 1393186   0.706             0       -0.824        3.281        0.006       -0.729       19.316 2023-01-24T02:03:58
      4510 1397079   0.705             0       -0.813        3.394        0.006       -0.729       19.347 2023-01-24T02:04:18
      4520 1400910   0.705             0       -0.800        3.523        0.006       -0.728       19.328 2023-01-24T02:04:37
      4530 1404528   0.704             0       -0.797        3.562        0.006       -0.727       19.175 2023-01-24T02:04:56
      4540 1408123   0.703             0       -0.791        3.612        0.006       -0.723       18.865 2023-01-24T02:05:15
      4550 1411992   0.703             0       -0.786        3.663        0.006       -0.719       19.865 2023-01-24T02:05:35
      4560 1415943   0.702             0       -0.779        3.735        0.006       -0.715       19.269 2023-01-24T02:05:54
      4570 1419655   0.701             0       -0.777        3.756        0.006       -0.712       18.841 2023-01-24T02:06:13
      4580 1422727   0.701             0       -0.780        3.706        0.006       -0.708       17.771 2023-01-24T02:06:31
      4590 1426187   0.700             0       -0.781        3.678        0.006       -0.705       18.575 2023-01-24T02:06:50
      4600 1429345   0.700             0       -0.785        3.616        0.006       -0.702       18.056 2023-01-24T02:07:08
      4610 1432776   0.699             0       -0.791        3.570        0.006       -0.699       18.320 2023-01-24T02:07:26
      4620 1436468   0.698             0       -0.791        3.556        0.006       -0.697       19.421 2023-01-24T02:07:45
      4630 1439857   0.698             0       -0.791        3.533        0.006       -0.694       18.120 2023-01-24T02:08:03
      4640 1443265   0.697             0       -0.794        3.514        0.006       -0.691       18.420 2023-01-24T02:08:22
      4650 1446560   0.697             0       -0.798        3.457        0.006       -0.689       18.557 2023-01-24T02:08:40
      4660 1449835   0.696             0       -0.804        3.389        0.006       -0.687       18.149 2023-01-24T02:08:59
      4670 1453167   0.695             0       -0.806        3.351        0.007       -0.684       18.321 2023-01-24T02:09:17
      4680 1456830   0.695             0       -0.800        3.410        0.006       -0.681       19.105 2023-01-24T02:09:36
      4690 1460037   0.694             0       -0.804        3.385        0.006       -0.678       18.063 2023-01-24T02:09:54
      4700 1463674   0.694             0       -0.799        3.433        0.006       -0.674       19.303 2023-01-24T02:10:13
      4710 1467176   0.693             0       -0.798        3.440        0.007       -0.670       18.967 2023-01-24T02:10:32
      4720 1470692   0.692             0       -0.800        3.422        0.007       -0.667       18.542 2023-01-24T02:10:51
      4730 1474453   0.692             0       -0.796        3.460        0.006       -0.664       19.316 2023-01-24T02:11:10
      4740 1477968   0.691             0       -0.795        3.470        0.007       -0.661       19.034 2023-01-24T02:11:29
      4750 1481905   0.690             0       -0.788        3.534        0.006       -0.658       19.884 2023-01-24T02:11:49
      4760 1485611   0.690             0       -0.784        3.578        0.007       -0.655       18.726 2023-01-24T02:12:08
      4770 1489378   0.689             0       -0.781        3.621        0.007       -0.652       19.822 2023-01-24T02:12:28
      4780 1493037   0.688             0       -0.781        3.621        0.007       -0.650       19.059 2023-01-24T02:12:47
      4790 1496591   0.688             0       -0.777        3.655        0.007       -0.647       18.681 2023-01-24T02:13:05
      4800 1500327   0.687             0       -0.777        3.665        0.007       -0.645       19.301 2023-01-24T02:13:25
      4810 1503827   0.687             0       -0.774        3.665        0.007       -0.643       18.979 2023-01-24T02:13:44
      4820 1507369   0.686             0       -0.775        3.668        0.007       -0.641       19.011 2023-01-24T02:14:03
      4830 1510801   0.685             0       -0.778        3.635        0.007       -0.639       18.899 2023-01-24T02:14:22
      4840 1514530   0.685             0       -0.776        3.656        0.007       -0.638       19.478 2023-01-24T02:14:41
      4850 1518171   0.684             0       -0.780        3.627        0.007       -0.637       19.107 2023-01-24T02:15:00
      4860 1521905   0.684             0       -0.779        3.629        0.007       -0.636       19.322 2023-01-24T02:15:20
      4870 1525331   0.683             0       -0.784        3.595        0.007       -0.635       18.492 2023-01-24T02:15:38
      4880 1528848   0.682             0       -0.787        3.581        0.007       -0.634       18.834 2023-01-24T02:15:57
      4890 1532311   0.682             0       -0.788        3.572        0.007       -0.633       18.684 2023-01-24T02:16:16
      4900 1535882   0.681             0       -0.790        3.556        0.007       -0.632       19.196 2023-01-24T02:16:35
      4910 1539395   0.681             0       -0.793        3.557        0.007       -0.633       18.907 2023-01-24T02:16:54
      4920 1542897   0.680             0       -0.792        3.553        0.007       -0.634       18.451 2023-01-24T02:17:12
      4930 1546604   0.679             0       -0.787        3.580        0.007       -0.637       19.278 2023-01-24T02:17:31
      4940 1549968   0.679             0       -0.790        3.544        0.007       -0.638       18.617 2023-01-24T02:17:50
      4950 1553749   0.678             0       -0.788        3.558        0.007       -0.639       19.204 2023-01-24T02:18:09
      4960 1557090   0.678             0       -0.792        3.519        0.007       -0.641       18.622 2023-01-24T02:18:28
      4970 1560557   0.677             0       -0.792        3.523        0.007       -0.643       18.313 2023-01-24T02:18:46
      4980 1564180   0.676             0       -0.790        3.533        0.007       -0.644       19.158 2023-01-24T02:19:05
      4990 1567790   0.676             0       -0.788        3.548        0.007       -0.646       18.842 2023-01-24T02:19:24
      5000 1571338   0.675             0       -0.786        3.546        0.007       -0.648       19.121 2023-01-24T02:19:43
      5010 1575051   0.675             0       -0.783        3.566        0.007       -0.650       18.986 2023-01-24T02:20:02
      5020 1578780   0.674             0       -0.778        3.588        0.007       -0.651       19.524 2023-01-24T02:20:22
      5030 1582380   0.673             0       -0.778        3.578        0.007       -0.650       19.156 2023-01-24T02:20:41
      5040 1585964   0.673             0       -0.773        3.600        0.007       -0.650       19.046 2023-01-24T02:21:00
      5050 1589516   0.672             0       -0.776        3.577        0.007       -0.650       19.151 2023-01-24T02:21:19
      5060 1593028   0.671             0       -0.773        3.594        0.007       -0.650       18.603 2023-01-24T02:21:38
      5070 1596455   0.671             0       -0.773        3.590        0.007       -0.651       18.716 2023-01-24T02:21:56
      5080 1600069   0.670             0       -0.774        3.589        0.007       -0.651       19.043 2023-01-24T02:22:15
      5090 1603697   0.670             0       -0.774        3.591        0.007       -0.651       19.032 2023-01-24T02:22:34
      5100 1607242   0.669             0       -0.775        3.590        0.007       -0.652       18.646 2023-01-24T02:22:53
      5110 1610967   0.668             0       -0.775        3.592        0.007       -0.650       18.818 2023-01-24T02:23:12
      5120 1614529   0.668             0       -0.780        3.575        0.007       -0.648       18.850 2023-01-24T02:23:31
      5130 1618160   0.667             0       -0.783        3.578        0.006       -0.646       19.270 2023-01-24T02:23:50
      5140 1621715   0.667             0       -0.787        3.575        0.006       -0.646       18.867 2023-01-24T02:24:09
      5150 1625384   0.666             0       -0.786        3.587        0.006       -0.645       19.053 2023-01-24T02:24:28
      5160 1628997   0.665             0       -0.785        3.597        0.006       -0.644       18.927 2023-01-24T02:24:47
      5170 1632555   0.665             0       -0.783        3.610        0.006       -0.643       19.078 2023-01-24T02:25:06
      5180 1636072   0.664             0       -0.782        3.600        0.006       -0.642       19.144 2023-01-24T02:25:25
      5190 1639533   0.664             0       -0.784        3.584        0.006       -0.639       18.488 2023-01-24T02:25:44
      5200 1643128   0.663             0       -0.783        3.589        0.006       -0.636       18.848 2023-01-24T02:26:02
      5210 1646502   0.663             0       -0.788        3.554        0.006       -0.635       18.384 2023-01-24T02:26:21
      5220 1650024   0.662             0       -0.787        3.550        0.006       -0.634       19.090 2023-01-24T02:26:40
      5230 1653428   0.661             0       -0.789        3.527        0.006       -0.633       18.673 2023-01-24T02:26:59
      5240 1657211   0.661             0       -0.785        3.550        0.006       -0.630       19.568 2023-01-24T02:27:18
      5250 1660651   0.660             0       -0.788        3.527        0.006       -0.628       18.523 2023-01-24T02:27:37
      5260 1664149   0.660             0       -0.790        3.515        0.006       -0.626       18.431 2023-01-24T02:27:55
      5270 1667546   0.659             0       -0.791        3.499        0.006       -0.623       18.733 2023-01-24T02:28:14
      5280 1670952   0.659             0       -0.793        3.488        0.006       -0.621       18.346 2023-01-24T02:28:32
      5290 1674470   0.658             0       -0.792        3.494        0.006       -0.622       18.535 2023-01-24T02:28:51
      5300 1678060   0.657             0       -0.792        3.493        0.006       -0.623       19.202 2023-01-24T02:29:10
      5310 1681671   0.657             0       -0.788        3.517        0.007       -0.623       18.668 2023-01-24T02:29:29
      5320 1685333   0.656             0       -0.787        3.531        0.007       -0.624       19.165 2023-01-24T02:29:48
      5330 1688843   0.656             0       -0.787        3.541        0.007       -0.624       18.942 2023-01-24T02:30:07
      5340 1692369   0.655             0       -0.792        3.516        0.007       -0.625       19.002 2023-01-24T02:30:26
      5350 1695910   0.654             0       -0.791        3.526        0.007       -0.628       18.855 2023-01-24T02:30:45
      5360 1699259   0.654             0       -0.793        3.511        0.007       -0.629       18.620 2023-01-24T02:31:03
      5370 1702720   0.653             0       -0.794        3.517        0.007       -0.631       18.493 2023-01-24T02:31:22
      5380 1706220   0.653             0       -0.794        3.527        0.007       -0.632       18.648 2023-01-24T02:31:40
      5390 1709826   0.652             0       -0.794        3.536        0.007       -0.631       18.736 2023-01-24T02:31:59
      5400 1713438   0.652             0       -0.794        3.538        0.007       -0.630       19.396 2023-01-24T02:32:18
      5410 1717083   0.651             0       -0.794        3.541        0.007       -0.630       19.259 2023-01-24T02:32:38
      5420 1720548   0.650             0       -0.797        3.521        0.007       -0.629       19.043 2023-01-24T02:32:57
      5430 1723884   0.650             0       -0.799        3.504        0.007       -0.629       18.921 2023-01-24T02:33:16
      5440 1727366   0.649             0       -0.800        3.500        0.007       -0.627       19.409 2023-01-24T02:33:35
      5450 1730713   0.649             0       -0.802        3.480        0.007       -0.625       18.247 2023-01-24T02:33:53
      5460 1733435   0.648             0       -0.806        3.418        0.007       -0.628       17.283 2023-01-24T02:34:11
      5470 1736457   0.648             0       -0.810        3.374        0.007       -0.632       18.231 2023-01-24T02:34:29
      5480 1739803   0.647             0       -0.810        3.358        0.007       -0.636       18.494 2023-01-24T02:34:47
      5490 1743256   0.647             0       -0.811        3.343        0.008       -0.639       18.633 2023-01-24T02:35:06
      5500 1746747   0.646             0       -0.812        3.331        0.008       -0.643       18.799 2023-01-24T02:35:25
      5510 1750658   0.646             0       -0.808        3.357        0.008       -0.647       20.158 2023-01-24T02:35:45
      5520 1753888   0.645             0       -0.811        3.334        0.008       -0.650       18.574 2023-01-24T02:36:04
      5530 1757253   0.644             0       -0.810        3.337        0.009       -0.654       18.918 2023-01-24T02:36:22
      5540 1760954   0.644             0       -0.808        3.359        0.009       -0.657       19.371 2023-01-24T02:36:42
      5550 1764613   0.643             0       -0.805        3.390        0.009       -0.660       19.541 2023-01-24T02:37:01
      5560 1768197   0.643             0       -0.798        3.476        0.009       -0.660       19.106 2023-01-24T02:37:20
      5570 1771548   0.642             0       -0.793        3.509        0.009       -0.658       18.730 2023-01-24T02:37:39
      5580 1775436   0.642             0       -0.789        3.563        0.009       -0.657       19.308 2023-01-24T02:37:59
      5590 1779466   0.641             0       -0.782        3.621        0.009       -0.656       20.053 2023-01-24T02:38:19
      5600 1783032   0.640             0       -0.781        3.629        0.009       -0.655       18.905 2023-01-24T02:38:37
      5610 1786933   0.640             0       -0.782        3.627        0.009       -0.653       19.584 2023-01-24T02:38:57
      5620 1790726   0.639             0       -0.775        3.684        0.009       -0.652       19.859 2023-01-24T02:39:17
      5630 1794265   0.639             0       -0.771        3.701        0.009       -0.653       19.012 2023-01-24T02:39:36
      5640 1797816   0.638             0       -0.772        3.686        0.008       -0.653       18.835 2023-01-24T02:39:55
      5650 1801301   0.637             0       -0.774        3.669        0.008       -0.653       18.998 2023-01-24T02:40:14
      5660 1804867   0.637             0       -0.773        3.667        0.008       -0.653       18.972 2023-01-24T02:40:33
      5670 1808499   0.636             0       -0.770        3.695        0.008       -0.652       19.215 2023-01-24T02:40:52
      5680 1812251   0.636             0       -0.770        3.681        0.008       -0.651       19.610 2023-01-24T02:41:12
      5690 1815953   0.635             0       -0.774        3.649        0.008       -0.650       19.454 2023-01-24T02:41:31
      5700 1819580   0.635             0       -0.773        3.655        0.008       -0.648       18.857 2023-01-24T02:41:50
      5710 1823695   0.634             0       -0.767        3.676        0.008       -0.649       20.120 2023-01-24T02:42:10
      5720 1827342   0.633             0       -0.766        3.662        0.007       -0.648       19.228 2023-01-24T02:42:29
      5730 1831126   0.633             0       -0.763        3.686        0.007       -0.646       19.841 2023-01-24T02:42:49
      5740 1834765   0.632             0       -0.761        3.695        0.007       -0.646       18.968 2023-01-24T02:43:08
      5750 1838528   0.632             0       -0.759        3.723        0.007       -0.645       19.596 2023-01-24T02:43:28
      5760 1842492   0.631             0       -0.755        3.763        0.007       -0.643       19.866 2023-01-24T02:43:47
      5770 1846329   0.630             0       -0.753        3.783        0.007       -0.643       20.115 2023-01-24T02:44:08
      5780 1850142   0.630             0       -0.753        3.789        0.007       -0.642       20.119 2023-01-24T02:44:28
      5790 1854182   0.629             0       -0.748        3.823        0.007       -0.642       20.234 2023-01-24T02:44:48
      5800 1858129   0.628             0       -0.745        3.855        0.007       -0.641       20.372 2023-01-24T02:45:08
      5810 1861706   0.628             0       -0.754        3.801        0.007       -0.638       19.217 2023-01-24T02:45:28
      5820 1865537   0.627             0       -0.756        3.819        0.007       -0.636       19.384 2023-01-24T02:45:47
      5830 1869551   0.627             0       -0.753        3.842        0.007       -0.633       20.125 2023-01-24T02:46:07
      5840 1873320   0.626             0       -0.750        3.856        0.007       -0.631       19.195 2023-01-24T02:46:26
      5850 1876821   0.625             0       -0.750        3.829        0.007       -0.630       18.970 2023-01-24T02:46:45
      5860 1880339   0.625             0       -0.754        3.785        0.007       -0.629       18.843 2023-01-24T02:47:04
      5870 1883832   0.624             0       -0.757        3.750        0.007       -0.629       19.475 2023-01-24T02:47:24
      5880 1887281   0.624             0       -0.761        3.714        0.007       -0.628       19.343 2023-01-24T02:47:43
      5890 1891023   0.623             0       -0.763        3.684        0.007       -0.626       19.684 2023-01-24T02:48:03
      5900 1894461   0.623             0       -0.768        3.633        0.007       -0.625       19.191 2023-01-24T02:48:22
      5910 1898254   0.622             0       -0.764        3.655        0.007       -0.625       19.821 2023-01-24T02:48:42
      5920 1901946   0.622             0       -0.763        3.641        0.007       -0.625       19.211 2023-01-24T02:49:01
      5930 1905543   0.621             0       -0.767        3.599        0.007       -0.624       19.187 2023-01-24T02:49:20
      5940 1909194   0.620             0       -0.769        3.587        0.007       -0.622       19.301 2023-01-24T02:49:39
      5950 1912476   0.620             0       -0.774        3.566        0.007       -0.623       18.734 2023-01-24T02:49:58
      5960 1915950   0.619             0       -0.773        3.561        0.007       -0.624       19.161 2023-01-24T02:50:17
      5970 1919179   0.619             0       -0.779        3.535        0.007       -0.625       18.739 2023-01-24T02:50:36
      5980 1922305   0.618             0       -0.783        3.502        0.007       -0.626       18.642 2023-01-24T02:50:55
      5990 1925836   0.618             0       -0.789        3.481        0.007       -0.630       19.027 2023-01-24T02:51:14
      6000 1929313   0.617             0       -0.791        3.485        0.007       -0.632       19.547 2023-01-24T02:51:33
      6010 1932953   0.617             0       -0.795        3.470        0.007       -0.635       19.257 2023-01-24T02:51:52
      6020 1936831   0.616             0       -0.793        3.489        0.007       -0.639       20.027 2023-01-24T02:52:12
      6030 1940410   0.616             0       -0.796        3.487        0.007       -0.641       18.783 2023-01-24T02:52:31
      6040 1944069   0.615             0       -0.796        3.487        0.007       -0.645       19.467 2023-01-24T02:52:51
      6050 1947743   0.615             0       -0.793        3.527        0.007       -0.645       19.285 2023-01-24T02:53:10
      6060 1951405   0.614             0       -0.794        3.546        0.007       -0.646       19.121 2023-01-24T02:53:29
      6070 1955063   0.613             0       -0.787        3.588        0.007       -0.647       19.363 2023-01-24T02:53:48
      6080 1958743   0.613             0       -0.779        3.644        0.007       -0.649       19.363 2023-01-24T02:54:08
      6090 1962225   0.612             0       -0.777        3.639        0.007       -0.649       18.547 2023-01-24T02:54:26
      6100 1965787   0.612             0       -0.774        3.647        0.007       -0.650       19.054 2023-01-24T02:54:45
      6110 1969343   0.611             0       -0.774        3.639        0.007       -0.650       19.164 2023-01-24T02:55:05
      6120 1972693   0.611             0       -0.782        3.586        0.007       -0.649       18.650 2023-01-24T02:55:23
      6130 1976203   0.610             0       -0.781        3.579        0.007       -0.649       18.987 2023-01-24T02:55:42
      6140 1979715   0.610             0       -0.780        3.565        0.007       -0.649       19.095 2023-01-24T02:56:01
      6150 1983237   0.609             0       -0.782        3.549        0.007       -0.650       19.051 2023-01-24T02:56:20
      6160 1987002   0.609             0       -0.778        3.560        0.007       -0.649       19.978 2023-01-24T02:56:40
      6170 1990701   0.608             0       -0.776        3.564        0.007       -0.648       19.491 2023-01-24T02:57:00
      6180 1994165   0.607             0       -0.781        3.542        0.007       -0.646       18.746 2023-01-24T02:57:19
      6190 1997713   0.607             0       -0.779        3.549        0.007       -0.644       19.436 2023-01-24T02:57:38
      6200 2001306   0.606             0       -0.779        3.552        0.006       -0.641       19.588 2023-01-24T02:57:58
      6210 2005164   0.606             0       -0.773        3.582        0.006       -0.639       19.751 2023-01-24T02:58:17
      6220 2008318   0.605             0       -0.773        3.562        0.006       -0.637       18.479 2023-01-24T02:58:36
      6230 2012100   0.605             0       -0.769        3.590        0.006       -0.636       19.745 2023-01-24T02:58:56
      6240 2015603   0.604             0       -0.772        3.589        0.006       -0.634       18.820 2023-01-24T02:59:14
      6250 2019335   0.604             0       -0.767        3.610        0.006       -0.632       19.670 2023-01-24T02:59:34
