   Episode      Step   Epsilon  Get_resultnum     MeanReward     MeanLength       MeanLoss     MeanQValue      TimeDelta                Time
         0     297   1.000             0       -0.899        2.970        0.000        0.000        1.370 2023-01-25T09:34:50
        10    3216   0.999             0       -0.899        2.924        0.000        0.000       17.902 2023-01-25T09:35:08
        20    6137   0.998             0       -0.899        2.922        0.000        0.000       15.902 2023-01-25T09:35:24
        30    9126   0.998             0       -0.897        2.944        0.000        0.000       15.228 2023-01-25T09:35:39
        40   12061   0.997             0       -0.897        2.942        0.027       -0.039       18.045 2023-01-25T09:35:57
        50   15077   0.996             0       -0.896        2.956        0.029       -0.092       19.209 2023-01-25T09:36:17
        60   18043   0.995             0       -0.896        2.958        0.028       -0.131       18.695 2023-01-25T09:36:35
        70   21044   0.995             0       -0.895        2.964        0.026       -0.159       18.914 2023-01-25T09:36:54
        80   23965   0.994             0       -0.896        2.959        0.025       -0.180       19.690 2023-01-25T09:37:14
        90   26953   0.993             0       -0.895        2.962        0.024       -0.197       19.636 2023-01-25T09:37:34
       100   29969   0.993             0       -0.895        2.967        0.023       -0.213       19.520 2023-01-25T09:37:53
       110   32942   0.992             0       -0.894        2.973        0.024       -0.246       19.524 2023-01-25T09:38:13
       120   35961   0.991             0       -0.894        2.982        0.025       -0.280       19.811 2023-01-25T09:38:32
       130   39003   0.990             0       -0.893        2.988        0.026       -0.314       19.890 2023-01-25T09:38:52
       140   41994   0.990             0       -0.893        2.993        0.016       -0.332       19.611 2023-01-25T09:39:12
       150   44883   0.989             0       -0.894        2.981        0.014       -0.335       19.440 2023-01-25T09:39:31
       160   47819   0.988             0       -0.894        2.978        0.012       -0.335       19.871 2023-01-25T09:39:51
       170   50763   0.987             0       -0.895        2.972        0.013       -0.346       19.615 2023-01-25T09:40:11
       180   53747   0.987             0       -0.894        2.978        0.016       -0.397       19.924 2023-01-25T09:40:31
       190   56784   0.986             0       -0.893        2.983        0.017       -0.449       19.719 2023-01-25T09:40:51
       200   59702   0.985             0       -0.894        2.973        0.019       -0.502       19.624 2023-01-25T09:41:10
       210   62677   0.984             0       -0.894        2.974        0.021       -0.555       19.695 2023-01-25T09:41:30
       220   65665   0.984             0       -0.894        2.970        0.022       -0.607       19.819 2023-01-25T09:41:50
       230   68630   0.983             0       -0.895        2.963        0.024       -0.659       19.516 2023-01-25T09:42:09
       240   71705   0.982             0       -0.894        2.971        0.025       -0.714       19.868 2023-01-25T09:42:29
       250   74664   0.982             0       -0.893        2.978        0.025       -0.770       19.807 2023-01-25T09:42:49
       260   77662   0.981             0       -0.892        2.984        0.025       -0.827       19.774 2023-01-25T09:43:09
       270   80640   0.980             0       -0.892        2.988        0.024       -0.873       19.547 2023-01-25T09:43:28
       280   83635   0.979             0       -0.892        2.989        0.021       -0.879       19.472 2023-01-25T09:43:48
       290   86599   0.979             0       -0.893        2.981        0.019       -0.883       19.643 2023-01-25T09:44:07
       300   89572   0.978             0       -0.892        2.987        0.017       -0.887       19.918 2023-01-25T09:44:27
       310   92518   0.977             0       -0.893        2.984        0.015       -0.891       19.600 2023-01-25T09:44:47
       320   95478   0.976             0       -0.893        2.981        0.013       -0.895       19.633 2023-01-25T09:45:06
       330   98463   0.976             0       -0.893        2.983        0.011       -0.899       19.830 2023-01-25T09:45:26
       340  101324   0.975             0       -0.895        2.962        0.010       -0.901       19.994 2023-01-25T09:45:46
       350  104253   0.974             0       -0.895        2.959        0.010       -0.901       19.705 2023-01-25T09:46:06
       360  107193   0.974             0       -0.896        2.953        0.010       -0.900       19.850 2023-01-25T09:46:26
       370  110162   0.973             0       -0.895        2.952        0.010       -0.900       20.160 2023-01-25T09:46:46
       380  113083   0.972             0       -0.896        2.945        0.010       -0.900       19.584 2023-01-25T09:47:06
       390  116049   0.971             0       -0.896        2.945        0.010       -0.900       19.740 2023-01-25T09:47:25
       400  118917   0.971             0       -0.897        2.934        0.010       -0.900       19.914 2023-01-25T09:47:45
       410  121857   0.970             0       -0.897        2.934        0.010       -0.900       19.756 2023-01-25T09:48:05
       420  124919   0.969             0       -0.896        2.944        0.010       -0.901       20.125 2023-01-25T09:48:25
       430  127901   0.969             0       -0.896        2.944        0.010       -0.900       19.928 2023-01-25T09:48:45
       440  130873   0.968             0       -0.895        2.955        0.010       -0.900       19.797 2023-01-25T09:49:05
       450  133830   0.967             0       -0.895        2.958        0.010       -0.900       19.750 2023-01-25T09:49:25
       460  136767   0.966             0       -0.895        2.957        0.010       -0.900       19.591 2023-01-25T09:49:44
       470  139724   0.966             0       -0.895        2.956        0.010       -0.900       19.789 2023-01-25T09:50:04
       480  142653   0.965             0       -0.895        2.957        0.010       -0.899       19.800 2023-01-25T09:50:24
       490  145629   0.964             0       -0.895        2.958        0.009       -0.899       19.920 2023-01-25T09:50:44
       500  148592   0.964             0       -0.894        2.967        0.008       -0.898       19.851 2023-01-25T09:51:04
       510  151496   0.963             0       -0.895        2.964        0.008       -0.897       19.574 2023-01-25T09:51:23
       520  154378   0.962             0       -0.897        2.946        0.007       -0.896       19.502 2023-01-25T09:51:43
       530  157331   0.961             0       -0.897        2.943        0.007       -0.895       19.560 2023-01-25T09:52:02
       540  160355   0.961             0       -0.896        2.948        0.006       -0.894       20.095 2023-01-25T09:52:22
       550  163288   0.960             0       -0.896        2.946        0.006       -0.890       19.370 2023-01-25T09:52:42
       560  166323   0.959             0       -0.895        2.956        0.005       -0.886       19.894 2023-01-25T09:53:02
       570  169354   0.959             0       -0.895        2.963        0.005       -0.882       20.191 2023-01-25T09:53:22
       580  172317   0.958             0       -0.895        2.966        0.005       -0.879       19.243 2023-01-25T09:53:41
       590  175273   0.957             0       -0.895        2.964        0.005       -0.878       19.573 2023-01-25T09:54:01
       600  178256   0.956             0       -0.895        2.966        0.005       -0.876       19.236 2023-01-25T09:54:20
       610  181222   0.956             0       -0.894        2.973        0.005       -0.874       19.854 2023-01-25T09:54:40
       620  184204   0.955             0       -0.893        2.983        0.005       -0.871       20.226 2023-01-25T09:55:00
       630  187173   0.954             0       -0.893        2.984        0.004       -0.867       19.821 2023-01-25T09:55:20
       640  190103   0.954             0       -0.894        2.975        0.004       -0.865       19.471 2023-01-25T09:55:39
       650  193157   0.953             0       -0.893        2.987        0.004       -0.865       19.624 2023-01-25T09:55:59
       660  196048   0.952             0       -0.894        2.973        0.004       -0.865       19.828 2023-01-25T09:56:19
       670  199046   0.951             0       -0.894        2.969        0.003       -0.865       19.891 2023-01-25T09:56:39
       680  201972   0.951             0       -0.894        2.966        0.003       -0.865       19.655 2023-01-25T09:56:58
       690  204940   0.950             0       -0.894        2.967        0.003       -0.864       19.852 2023-01-25T09:57:18
       700  207983   0.949             0       -0.893        2.973        0.003       -0.863       20.023 2023-01-25T09:57:38
       710  210925   0.949             0       -0.894        2.970        0.003       -0.863       19.583 2023-01-25T09:57:58
       720  213928   0.948             0       -0.894        2.972        0.003       -0.864       19.985 2023-01-25T09:58:18
       730  216876   0.947             0       -0.894        2.970        0.004       -0.865       20.344 2023-01-25T09:58:38
       740  219884   0.947             0       -0.893        2.978        0.004       -0.866       20.422 2023-01-25T09:58:58
       750  222852   0.946             0       -0.894        2.970        0.004       -0.865       19.770 2023-01-25T09:59:18
       760  225842   0.945             0       -0.893        2.979        0.004       -0.865       19.972 2023-01-25T09:59:38
       770  228819   0.944             0       -0.893        2.977        0.004       -0.865       20.204 2023-01-25T09:59:58
       780  231806   0.944             0       -0.892        2.983        0.004       -0.863       19.899 2023-01-25T10:00:18
       790  234725   0.943             0       -0.893        2.979        0.004       -0.862       19.918 2023-01-25T10:00:38
       800  237731   0.942             0       -0.893        2.975        0.004       -0.860       19.820 2023-01-25T10:00:58
       810  240619   0.942             0       -0.894        2.969        0.004       -0.859       19.946 2023-01-25T10:01:18
       820  243595   0.941             0       -0.894        2.967        0.004       -0.858       19.937 2023-01-25T10:01:38
       830  246466   0.940             0       -0.894        2.959        0.004       -0.857       19.822 2023-01-25T10:01:58
       840  249400   0.940             0       -0.895        2.952        0.004       -0.856       19.689 2023-01-25T10:02:17
       850  252396   0.939             0       -0.895        2.954        0.004       -0.856       20.084 2023-01-25T10:02:37
       860  255312   0.938             0       -0.896        2.947        0.004       -0.856       19.931 2023-01-25T10:02:57
       870  258264   0.937             0       -0.896        2.944        0.004       -0.856       19.404 2023-01-25T10:03:17
       880  261217   0.937             0       -0.897        2.941        0.004       -0.856       20.203 2023-01-25T10:03:37
       890  264178   0.936             0       -0.897        2.945        0.004       -0.856       19.673 2023-01-25T10:03:57
       900  267111   0.935             0       -0.898        2.938        0.004       -0.855       19.943 2023-01-25T10:04:17
       910  270094   0.935             0       -0.897        2.947        0.004       -0.855       20.197 2023-01-25T10:04:37
       920  273040   0.934             0       -0.897        2.944        0.004       -0.856       19.953 2023-01-25T10:04:57
       930  275966   0.933             0       -0.897        2.950        0.003       -0.856       20.200 2023-01-25T10:05:17
       940  278936   0.933             0       -0.896        2.954        0.003       -0.857       20.394 2023-01-25T10:05:37
       950  281933   0.932             0       -0.896        2.954        0.003       -0.859       19.882 2023-01-25T10:05:57
       960  284957   0.931             0       -0.895        2.964        0.003       -0.860       20.311 2023-01-25T10:06:18
       970  287916   0.931             0       -0.895        2.965        0.003       -0.861       19.946 2023-01-25T10:06:37
       980  290883   0.930             0       -0.895        2.967        0.003       -0.863       19.868 2023-01-25T10:06:57
       990  293863   0.929             0       -0.894        2.969        0.003       -0.864       19.620 2023-01-25T10:07:17
      1000  296832   0.928             0       -0.894        2.972        0.004       -0.866       20.087 2023-01-25T10:07:37
      1010  299846   0.928             0       -0.894        2.975        0.004       -0.867       20.048 2023-01-25T10:07:57
      1020  302813   0.927             0       -0.894        2.977        0.004       -0.867       20.601 2023-01-25T10:08:18
      1030  305766   0.926             0       -0.893        2.980        0.004       -0.867       20.235 2023-01-25T10:08:38
      1040  308694   0.926             0       -0.894        2.976        0.004       -0.867       20.107 2023-01-25T10:08:58
      1050  311621   0.925             0       -0.894        2.969        0.004       -0.867       20.123 2023-01-25T10:09:18
      1060  314565   0.924             0       -0.895        2.961        0.004       -0.867       20.186 2023-01-25T10:09:38
      1070  317545   0.924             0       -0.894        2.963        0.004       -0.866       20.417 2023-01-25T10:09:59
      1080  320519   0.923             0       -0.894        2.964        0.004       -0.866       20.022 2023-01-25T10:10:19
      1090  323457   0.922             0       -0.895        2.959        0.004       -0.866       20.045 2023-01-25T10:10:39
      1100  326444   0.922             0       -0.894        2.961        0.004       -0.866       20.261 2023-01-25T10:10:59
      1110  329342   0.921             0       -0.896        2.950        0.004       -0.866       20.515 2023-01-25T10:11:20
      1120  332268   0.920             0       -0.896        2.946        0.004       -0.866       20.225 2023-01-25T10:11:40
      1130  335233   0.920             0       -0.896        2.947        0.004       -0.866       20.478 2023-01-25T10:12:00
      1140  338087   0.919             0       -0.897        2.939        0.004       -0.866       20.162 2023-01-25T10:12:20
      1150  341061   0.918             0       -0.897        2.944        0.004       -0.866       20.169 2023-01-25T10:12:41
      1160  344060   0.918             0       -0.896        2.950        0.004       -0.866       20.016 2023-01-25T10:13:01
      1170  346983   0.917             0       -0.897        2.944        0.004       -0.866       20.131 2023-01-25T10:13:21
      1180  349940   0.916             0       -0.897        2.942        0.004       -0.866       20.299 2023-01-25T10:13:41
      1190  352893   0.916             0       -0.897        2.944        0.004       -0.866       20.199 2023-01-25T10:14:01
      1200  355857   0.915             0       -0.897        2.941        0.004       -0.866       20.246 2023-01-25T10:14:22
      1210  358801   0.914             0       -0.896        2.946        0.004       -0.866       20.313 2023-01-25T10:14:42
      1220  361754   0.914             0       -0.896        2.949        0.004       -0.866       20.184 2023-01-25T10:15:02
      1230  364800   0.913             0       -0.895        2.957        0.004       -0.866       19.915 2023-01-25T10:15:22
      1240  367734   0.912             0       -0.894        2.965        0.004       -0.866       20.437 2023-01-25T10:15:42
      1250  370605   0.912             0       -0.895        2.954        0.004       -0.866       19.805 2023-01-25T10:16:02
      1260  373532   0.911             0       -0.896        2.947        0.004       -0.866       20.098 2023-01-25T10:16:22
      1270  376536   0.910             0       -0.894        2.955        0.004       -0.867       20.140 2023-01-25T10:16:42
      1280  379410   0.910             0       -0.895        2.947        0.004       -0.867       20.072 2023-01-25T10:17:02
      1290  382361   0.909             0       -0.895        2.947        0.004       -0.867       19.692 2023-01-25T10:17:22
      1300  385322   0.908             0       -0.896        2.946        0.004       -0.867       20.038 2023-01-25T10:17:42
      1310  388257   0.907             0       -0.896        2.946        0.004       -0.867       19.785 2023-01-25T10:18:02
      1320  391199   0.907             0       -0.896        2.944        0.004       -0.867       19.789 2023-01-25T10:18:22
      1330  394170   0.906             0       -0.897        2.937        0.004       -0.867       19.982 2023-01-25T10:18:42
      1340  397109   0.905             0       -0.897        2.938        0.004       -0.867       20.309 2023-01-25T10:19:02
      1350  400080   0.905             0       -0.896        2.947        0.004       -0.868       19.731 2023-01-25T10:19:22
      1360  403018   0.904             0       -0.896        2.949        0.004       -0.867       19.870 2023-01-25T10:19:42
      1370  405992   0.903             0       -0.897        2.946        0.004       -0.867       19.926 2023-01-25T10:20:02
      1380  408963   0.903             0       -0.896        2.955        0.004       -0.867       20.477 2023-01-25T10:20:22
      1390  411880   0.902             0       -0.896        2.952        0.004       -0.867       20.289 2023-01-25T10:20:42
      1400  414842   0.901             0       -0.896        2.952        0.004       -0.866       20.391 2023-01-25T10:21:03
      1410  417759   0.901             0       -0.896        2.950        0.004       -0.866       20.331 2023-01-25T10:21:23
      1420  420705   0.900             0       -0.896        2.951        0.004       -0.866       20.173 2023-01-25T10:21:43
      1430  423618   0.900             0       -0.897        2.945        0.004       -0.867       20.090 2023-01-25T10:22:03
      1440  426544   0.899             0       -0.897        2.944        0.004       -0.866       20.215 2023-01-25T10:22:24
      1450  429473   0.898             0       -0.897        2.939        0.004       -0.866       20.462 2023-01-25T10:22:44
      1460  432475   0.898             0       -0.896        2.946        0.004       -0.866       19.877 2023-01-25T10:23:04
      1470  435452   0.897             0       -0.896        2.946        0.004       -0.865       19.552 2023-01-25T10:23:23
      1480  438387   0.896             0       -0.896        2.942        0.004       -0.865       20.449 2023-01-25T10:23:44
      1490  441330   0.896             0       -0.896        2.945        0.004       -0.865       19.999 2023-01-25T10:24:04
      1500  444321   0.895             0       -0.896        2.948        0.004       -0.865       20.531 2023-01-25T10:24:24
      1510  447244   0.894             0       -0.896        2.949        0.004       -0.865       19.958 2023-01-25T10:24:44
      1520  450174   0.894             0       -0.896        2.947        0.004       -0.865       20.055 2023-01-25T10:25:04
      1530  453142   0.893             0       -0.895        2.952        0.004       -0.864       19.837 2023-01-25T10:25:24
      1540  456053   0.892             0       -0.896        2.951        0.004       -0.864       19.875 2023-01-25T10:25:44
      1550  458999   0.892             0       -0.895        2.953        0.004       -0.864       20.198 2023-01-25T10:26:04
      1560  461915   0.891             0       -0.897        2.944        0.004       -0.864       20.356 2023-01-25T10:26:25
      1570  464850   0.890             0       -0.897        2.940        0.004       -0.864       19.699 2023-01-25T10:26:44
      1580  467799   0.890             0       -0.897        2.941        0.004       -0.864       20.001 2023-01-25T10:27:04
      1590  470699   0.889             0       -0.897        2.937        0.004       -0.864       20.543 2023-01-25T10:27:25
      1600  473653   0.888             0       -0.897        2.933        0.004       -0.863       20.331 2023-01-25T10:27:45
      1610  476603   0.888             0       -0.897        2.936        0.004       -0.863       20.378 2023-01-25T10:28:06
      1620  479537   0.887             0       -0.897        2.936        0.004       -0.863       20.089 2023-01-25T10:28:26
      1630  482445   0.886             0       -0.898        2.930        0.004       -0.863       19.760 2023-01-25T10:28:46
      1640  485351   0.886             0       -0.898        2.930        0.004       -0.862       20.393 2023-01-25T10:29:06
      1650  488264   0.885             0       -0.898        2.926        0.004       -0.861       20.252 2023-01-25T10:29:26
      1660  491215   0.884             0       -0.898        2.930        0.004       -0.859       20.191 2023-01-25T10:29:46
      1670  494168   0.884             0       -0.898        2.932        0.004       -0.858       20.079 2023-01-25T10:30:06
      1680  497127   0.883             0       -0.898        2.933        0.004       -0.857       19.990 2023-01-25T10:30:26
      1690  500085   0.882             0       -0.897        2.939        0.004       -0.856       20.107 2023-01-25T10:30:47
      1700  502997   0.882             0       -0.898        2.934        0.004       -0.855       20.231 2023-01-25T10:31:07
      1710  505931   0.881             0       -0.898        2.933        0.004       -0.854       20.393 2023-01-25T10:31:27
      1720  508838   0.881             0       -0.899        2.930        0.004       -0.853       20.055 2023-01-25T10:31:47
      1730  511746   0.880             0       -0.898        2.930        0.004       -0.853       20.403 2023-01-25T10:32:08
      1740  514738   0.879             0       -0.897        2.939        0.004       -0.855       20.338 2023-01-25T10:32:28
      1750  517766   0.879             0       -0.896        2.950        0.004       -0.857       20.246 2023-01-25T10:32:48
      1760  520737   0.878             0       -0.896        2.952        0.004       -0.858       20.413 2023-01-25T10:33:09
      1770  523602   0.877             0       -0.897        2.943        0.004       -0.859       19.938 2023-01-25T10:33:29
      1780  526580   0.877             0       -0.897        2.945        0.004       -0.861       20.254 2023-01-25T10:33:49
      1790  529513   0.876             0       -0.897        2.943        0.004       -0.862       20.018 2023-01-25T10:34:09
      1800  532437   0.875             0       -0.896        2.944        0.004       -0.864       19.906 2023-01-25T10:34:29
