   Episode      Step   Epsilon  Get_resultnum     MeanReward     MeanLength       MeanLoss     MeanQValue      TimeDelta                Time
         0        54     1.000              0          0.163          5.400          0.000          0.000          3.030 2023-03-01T17:22:10
        10       580     0.997              0         -0.468          5.260          0.000          0.000          4.858 2023-03-01T17:22:15
        20      1072     0.995              0         -0.526          4.920          0.000          0.000          4.635 2023-03-01T17:22:19
        30      1596     0.992              0         -0.497          5.240          0.000          0.000          4.866 2023-03-01T17:22:24
        40      2132     0.989              0         -0.398          5.360          0.000          0.000          4.936 2023-03-01T17:22:29
        50      2648     0.987              0         -0.476          5.160          0.000          0.000          4.809 2023-03-01T17:22:34
        60      3138     0.984              0         -0.514          4.900          0.000          0.000          4.651 2023-03-01T17:22:39
        70      3602     0.982              0         -0.609          4.640          0.000          0.000          4.605 2023-03-01T17:22:43
        80      4172     0.979              1         -0.202          5.700          0.000          0.000          5.152 2023-03-01T17:22:48
        90      4671     0.976              0         -0.537          4.990          0.000          0.000          4.779 2023-03-01T17:22:53
       100      5171     0.974              0         -0.484          5.000       1237.014          6.387          5.765 2023-03-01T17:22:59
       110      5597     0.972              0         -0.647          4.260       1341.259          1.408          5.951 2023-03-01T17:23:05
       120      6187     0.969              0         -0.334          5.900       1198.407          2.205          6.613 2023-03-01T17:23:12
       130      6949     0.965              0          0.020          7.620        944.903          0.444          8.212 2023-03-01T17:23:20
       140      7730     0.961              0          0.156          7.810       1203.921          1.339          8.358 2023-03-01T17:23:28
       150      8293     0.958              0         -0.384          5.630       1065.828          0.712          6.553 2023-03-01T17:23:35
       160      8910     0.955              0         -0.191          6.170        871.246          0.506          7.205 2023-03-01T17:23:42
       170      9476     0.953              1         -0.288          5.660       1170.314          0.464          6.596 2023-03-01T17:23:49
       180      9956     0.950              0         -0.599          4.800        865.956          0.485          5.694 2023-03-01T17:23:54
       190     10531     0.947              0         -0.473          5.750       1107.764          0.142          7.894 2023-03-01T17:24:02
       200     11122     0.945              0         -0.343          5.910       1242.256          0.447          8.137 2023-03-01T17:24:10
       210     11685     0.942              0         -0.457          5.630        955.483          0.103          7.760 2023-03-01T17:24:18
       220     12280     0.939              0         -0.350          5.950        845.175          0.081          8.031 2023-03-01T17:24:26
       230     12895     0.936              0         -0.278          6.150       1372.924          0.137          8.483 2023-03-01T17:24:35
       240     13471     0.933              0         -0.392          5.760       1378.181          0.037          8.221 2023-03-01T17:24:43
       250     14018     0.931              0         -0.368          5.470       1140.975          0.000          7.935 2023-03-01T17:24:51
       260     14508     0.928              0         -0.576          4.900       1364.443          0.000          7.763 2023-03-01T17:24:58
       270     14992     0.926              0         -0.605          4.840       1087.193          0.197          7.329 2023-03-01T17:25:06
       280     15510     0.924              0         -0.526          5.180        872.877          0.018          7.580 2023-03-01T17:25:13
       290     16038     0.921              0         -0.371          5.280       1709.424          0.186          8.099 2023-03-01T17:25:21
       300     16723     0.918              1          0.091          6.850        833.425          0.021          8.976 2023-03-01T17:25:30
       310     17589     0.914              9          1.257          8.660       1145.810          0.036         10.974 2023-03-01T17:25:41
       320     18612     0.909             18          2.427         10.230        904.908          0.021         12.019 2023-03-01T17:25:53
       330     20233     0.902             33          5.440         16.210       1147.861          0.031         17.384 2023-03-01T17:26:11
       340     20904     0.898              2          0.182          6.710        499.780          0.000          8.666 2023-03-01T17:26:19
       350     21551     0.895              1          0.074          6.470        829.150          0.000          8.742 2023-03-01T17:26:28
       360     22312     0.892              5          0.650          7.610        740.756          0.401          9.665 2023-03-01T17:26:38
       370     23237     0.888              3          1.081          9.250        896.444          0.162         11.093 2023-03-01T17:26:49
       380     24170     0.883              5          1.367          9.330        450.917          0.506         11.284 2023-03-01T17:27:00
       390     24964     0.880              2          0.751          7.940        474.382          0.350          9.935 2023-03-01T17:27:10
       400     25846     0.876              3          1.022          8.820        718.952          0.024         11.194 2023-03-01T17:27:21
       410     26644     0.872              2          0.690          7.980        892.402          0.342         10.599 2023-03-01T17:27:32
       420     27465     0.869              2          0.739          8.210        491.073          0.000         52.267 2023-03-01T17:28:24
       430     28306     0.865              4          1.143          8.410        509.632          0.345         68.092 2023-03-01T17:29:32
       440     29140     0.861              3          0.960          8.340        584.527          0.004        398.820 2023-03-01T17:36:11
       450     29905     0.858              2          0.666          7.650        994.017          0.038       1181.464 2023-03-01T17:55:53
       460     30800     0.854              6          1.242          8.950        895.227          0.033        299.904 2023-03-01T18:00:53
       470     31495     0.851              1          0.513          6.950        854.484          0.020        279.762 2023-03-01T18:05:32
       480     32299     0.847              1          0.875          8.040        740.564          0.157         14.234 2023-03-01T18:05:47
       490     33157     0.844              3          0.993          8.580        644.080          0.000         13.345 2023-03-01T18:06:00
       500     33967     0.840              1          0.868          8.100        513.883          0.005         12.496 2023-03-01T18:06:12
       510     35798     0.832             42          6.650         18.310        512.045          0.498         29.066 2023-03-01T18:06:41
       520     36769     0.828              4          1.766          9.710        140.481          0.000         70.208 2023-03-01T18:07:52
       530     37622     0.825              3          1.257          8.530        183.464          0.004         65.609 2023-03-01T18:08:57
       540     38578     0.821              8          1.883          9.560        227.739          0.342        129.738 2023-03-01T18:11:07
       550     39979     0.815             23          4.139         14.010        257.082          0.157         79.589 2023-03-01T18:12:27
       560     42824     0.803             81         12.524         28.450        155.943          0.004         40.784 2023-03-01T18:13:07
       570     45688     0.791             82         12.628         28.640        307.999          0.002         35.167 2023-03-01T18:13:43
       580     47646     0.783             47          7.346         19.580        199.229          0.000         25.924 2023-03-01T18:14:08
       590     49610     0.775             45          7.309         19.640        259.757          0.359         34.376 2023-03-01T18:14:43
       600     51769     0.767             52          8.294         21.590        204.351          0.341         31.093 2023-03-01T18:15:14
       610     53444     0.760             32          5.524         16.750        119.192          0.342        153.703 2023-03-01T18:17:48
       620     55201     0.754             35          6.014         17.570        147.972          0.002        310.629 2023-03-01T18:22:58
       630     57034     0.747             41          6.521         18.330        213.750          0.020         58.439 2023-03-01T18:23:57
       640     58652     0.740             28          4.932         16.180        312.670          0.154         26.497 2023-03-01T18:24:23
       650     61163     0.731             66         10.398         25.110        142.169          0.002         29.285 2023-03-01T18:24:52
       660     63544     0.722             62          9.629         23.810        182.479          0.000         30.298 2023-03-01T18:25:23
       670     66306     0.712             76         11.802         27.620        229.476          0.494         35.241 2023-03-01T18:25:58
       680     69008     0.702             76         11.662         27.020        142.579          0.017         45.868 2023-03-01T18:26:44
       690     71316     0.694             58          9.261         23.080        235.035          0.153         43.718 2023-03-01T18:27:28
       700     74616     0.682            100         15.257         33.000        109.135          0.013         39.721 2023-03-01T18:28:07
       710     77778     0.671             94         14.386         31.620        250.815          0.018         41.603 2023-03-01T18:28:49
       720     81078     0.660            100         15.257         33.000        218.933          0.152         54.343 2023-03-01T18:29:43
       730     84378     0.649            100         15.257         33.000        108.343          0.021         47.921 2023-03-01T18:30:31
       740     87678     0.638            100         15.257         33.000        234.929          0.020         49.523 2023-03-01T18:31:21
       750     90978     0.627            100         15.257         33.000        216.550          0.152         41.845 2023-03-01T18:32:03
       760     94278     0.617            100         15.257         33.000        105.961          0.016         43.624 2023-03-01T18:32:46
       770     97578     0.606            100         15.257         33.000        204.683          0.020         45.167 2023-03-01T18:33:31
       780    100878     0.596            100         15.257         33.000        228.211          0.151         47.378 2023-03-01T18:34:19
       790    104178     0.586            100         15.257         33.000        147.971          0.017         45.416 2023-03-01T18:35:04
       800    107478     0.576            100         15.257         33.000        220.343          0.021         48.532 2023-03-01T18:35:53
       810    110778     0.567            100         15.257         33.000        239.750          0.151         49.579 2023-03-01T18:36:42
       820    114078     0.557            100         15.257         33.000         95.833          0.022         46.626 2023-03-01T18:37:29
       830    117231     0.548             94         14.348         31.530        196.356          0.022         45.097 2023-03-01T18:38:14
       840    120531     0.539            100         15.257         33.000        271.523          0.150         48.326 2023-03-01T18:39:02
       850    123831     0.530            100         15.257         33.000        123.450          0.018         49.284 2023-03-01T18:39:52
       860    127131     0.521            100         15.257         33.000        226.915          0.026         47.449 2023-03-01T18:40:39
       870    130431     0.512            100         15.257         33.000        218.092          0.150         46.468 2023-03-01T18:41:25
       880    133731     0.504            100         15.257         33.000        122.937          0.024         48.057 2023-03-01T18:42:14
       890    136920     0.496             95         14.580         31.890        214.862          0.042         46.133 2023-03-01T18:43:00
       900    140045     0.488             93         14.192         31.250        281.843          0.150         47.142 2023-03-01T18:43:47
       910    143345     0.480            100         15.257         33.000        111.106          0.019         50.038 2023-03-01T18:44:37
       920    146645     0.472            100         15.257         33.000        214.063          0.021         47.568 2023-03-01T18:45:24
       930    149945     0.464            100         15.257         33.000        182.833          0.149         56.005 2023-03-01T18:46:20
       940    153245     0.456            100         15.257         33.000        134.616          0.018         56.248 2023-03-01T18:47:17
       950    156545     0.448            100         15.257         33.000        202.613          0.021         49.676 2023-03-01T18:48:06
       960    159845     0.441            100         15.257         33.000        209.529          0.149         57.604 2023-03-01T18:49:04
       970    162854     0.434             88         13.498         30.090        134.444          0.028         41.309 2023-03-01T18:49:45
       980    164205     0.431             22          3.487         13.510        234.646          0.150         18.517 2023-03-01T18:50:04
       990    166785     0.425             70         10.838         25.800         72.764          0.026         28.932 2023-03-01T18:50:33
      1000    170085     0.418            100         15.257         33.000        218.008          0.338         35.851 2023-03-01T18:51:09
      1010    173092     0.412             88         13.492         30.070         50.176          0.002         67.747 2023-03-01T18:52:16
      1020    176392     0.405            100         15.257         33.000        108.244          0.025         67.841 2023-03-01T18:53:24
      1030    179692     0.398            100         15.257         33.000        100.800          0.339         75.197 2023-03-01T18:54:39
      1040    182922     0.392             97         14.817         32.300         90.849          0.151         67.378 2023-03-01T18:55:47
      1050    184616     0.388             37          5.629         16.940         63.057          0.029         40.211 2023-03-01T18:56:27
      1060    186597     0.384             46          7.190         19.810         54.053          0.026         34.025 2023-03-01T18:57:01
      1070    189897     0.378            100         15.257         33.000        117.500          0.022         35.424 2023-03-01T18:57:36
      1080    192892     0.372             88         13.412         29.950         82.518          0.149         33.148 2023-03-01T18:58:10
      1090    195932     0.366             88         13.570         30.400         54.203          0.024         32.349 2023-03-01T18:58:42
      1100    199232     0.360            100         15.257         33.000        107.182          0.028         34.586 2023-03-01T18:59:16
      1110    202532     0.354            100         15.257         33.000         91.561          0.148         34.570 2023-03-01T18:59:51
      1120    205832     0.348            100         15.257         33.000         49.977          0.031         34.775 2023-03-01T19:00:26
      1130    209132     0.342            100         15.257         33.000         87.200          0.030         34.922 2023-03-01T19:01:01
      1140    211065     0.339             43          6.784         19.330        107.807          0.338         22.315 2023-03-01T19:01:23
      1150    213402     0.335             61          9.384         23.370        109.942          0.339         25.697 2023-03-01T19:01:49
      1160    216702     0.329            100         15.257         33.000         42.027          0.001         34.159 2023-03-01T19:02:23
      1170    220002     0.324            100         15.257         33.000         98.265          0.025         33.905 2023-03-01T19:02:57
      1180    223168     0.319             94         14.430         31.660         95.168          0.337         33.512 2023-03-01T19:03:30
      1190    226468     0.313            100         15.257         33.000         45.484          0.001         35.030 2023-03-01T19:04:05
      1200    227652     0.311             10          2.079         11.840         76.895          0.000         15.960 2023-03-01T19:04:21
      1210    229603     0.308             46          7.083         19.510         93.566          0.026         22.769 2023-03-01T19:04:44
      1220    232532     0.304             85         12.987         29.290        104.666          0.391         31.863 2023-03-01T19:05:16
      1230    234182     0.301             31          5.057         16.500        113.805          0.031         20.081 2023-03-01T19:05:36
      1240    237197     0.297             88         13.467         30.150        108.778          0.340         32.099 2023-03-01T19:06:08
      1250    240497     0.292            100         15.257         33.000         64.577          0.001         34.264 2023-03-01T19:06:42
      1260    243358     0.287             82         12.590         28.610        162.278          0.146         31.731 2023-03-01T19:07:14
      1270    246658     0.282            100         15.257         33.000         50.571          0.025         34.397 2023-03-01T19:07:49
      1280    249257     0.279             70         10.841         25.990        104.336          0.000         28.284 2023-03-01T19:08:17
      1290    250457     0.277             16          2.509         12.000         84.442          0.147         15.258 2023-03-01T19:08:32
      1300    253025     0.273             70         10.824         25.680         37.963          0.027         27.676 2023-03-01T19:09:00
      1310    256325     0.269            100         15.257         33.000         90.293          0.338         35.014 2023-03-01T19:09:35
      1320    259625     0.264            100         15.257         33.000         49.877          0.001         34.229 2023-03-01T19:10:09
      1330    262925     0.260            100         15.257         33.000         99.747          0.034         36.172 2023-03-01T19:10:45
      1340    266225     0.256            100         15.257         33.000         90.472          0.339         34.745 2023-03-01T19:11:20
      1350    269525     0.251            100         15.257         33.000         57.823          0.001         34.571 2023-03-01T19:11:54
      1360    272438     0.248             82         12.804         29.130         82.400          0.029         31.380 2023-03-01T19:12:26
      1370    274392     0.245             42          6.855         19.540         90.938          0.032         22.375 2023-03-01T19:12:48
      1380    277512     0.241             92         14.130         31.200         98.073          0.145         33.677 2023-03-01T19:13:22
      1390    280812     0.237            100         15.257         33.000         53.065          0.021         34.888 2023-03-01T19:13:57
      1400    284112     0.233            100         15.257         33.000        113.168          0.025         34.466 2023-03-01T19:14:31
      1410    287412     0.229            100         15.257         33.000         90.031          0.145         34.513 2023-03-01T19:15:06
      1420    290564     0.226             94         14.350         31.520         36.784          0.029         33.228 2023-03-01T19:15:39
      1430    293334     0.222             76         11.896         27.700        102.045          0.145         30.120 2023-03-01T19:16:09
      1440    296634     0.219            100         15.257         33.000         47.042          0.027         34.124 2023-03-01T19:16:43
      1450    298793     0.216             52          8.167         21.590        147.166          0.146         24.186 2023-03-01T19:17:07
      1460    301399     0.213             70         10.856         26.060         49.242          0.029         27.399 2023-03-01T19:17:35
      1470    304699     0.210            100         15.257         33.000         99.767          0.145         34.049 2023-03-01T19:18:09
      1480    307999     0.206            100         15.257         33.000         53.589          0.023         33.448 2023-03-01T19:18:42
      1490    310562     0.204             70         10.708         25.630         80.940          0.031         27.034 2023-03-01T19:19:09
      1500    313862     0.200            100         15.257         33.000         95.822          0.144         34.014 2023-03-01T19:19:43
      1510    316842     0.197             87         13.291         29.800         37.533          0.027         31.162 2023-03-01T19:20:15
      1520    318168     0.196             17          2.967         13.260        101.061          0.145         16.298 2023-03-01T19:20:31
      1530    321055     0.193             82         12.702         28.870         94.698          0.145         33.371 2023-03-01T19:21:04
      1540    324355     0.190            100         15.257         33.000         56.900          0.021         33.864 2023-03-01T19:21:38
      1550    327655     0.187            100         15.257         33.000        101.737          0.026         33.564 2023-03-01T19:22:12
      1560    330955     0.183            100         15.257         33.000        103.963          0.145         33.885 2023-03-01T19:22:46
      1570    333965     0.181             88         13.454         30.100         49.879          0.028         31.072 2023-03-01T19:23:17
      1580    335668     0.179             34          5.450         17.030        103.885          0.336         19.465 2023-03-01T19:23:36
      1590    338684     0.176             88         13.462         30.160         43.151          0.025         30.628 2023-03-01T19:24:07
      1600    341984     0.173            100         15.257         33.000        102.010          0.026         33.757 2023-03-01T19:24:40
      1610    345284     0.170            100         15.257         33.000        101.583          0.144         34.135 2023-03-01T19:25:15
      1620    348584     0.168            100         15.257         33.000         42.559          0.021         33.822 2023-03-01T19:25:48
      1630    351884     0.165            100         15.257         33.000         78.085          0.030         37.017 2023-03-01T19:26:25
      1600    341984     0.173            100         15.257         33.000        102.010          0.026         33.757 2023-03-01T19:24:40
      1610    345284     0.170            100         15.257         33.000        101.583          0.144         34.135 2023-03-01T19:25:15
      1620    348584     0.168            100         15.257         33.000         42.559          0.021         33.822 2023-03-01T19:25:48
      1630    351884     0.165            100         15.257         33.000         78.085          0.030         37.017 2023-03-01T19:26:25
      1600    341984     0.173            100         15.257         33.000        102.010          0.026         33.757 2023-03-01T19:24:40
      1610    345284     0.170            100         15.257         33.000        101.583          0.144         34.135 2023-03-01T19:25:15
      1620    348584     0.168            100         15.257         33.000         42.559          0.021         33.822 2023-03-01T19:25:48
      1630    351884     0.165            100         15.257         33.000         78.085          0.030         37.017 2023-03-01T19:26:25
      1600    341984     0.173            100         15.257         33.000        102.010          0.026         33.757 2023-03-01T19:24:40
      1610    345284     0.170            100         15.257         33.000        101.583          0.144         34.135 2023-03-01T19:25:15
      1620    348584     0.168            100         15.257         33.000         42.559          0.021         33.822 2023-03-01T19:25:48
      1630    351884     0.165            100         15.257         33.000         78.085          0.030         37.017 2023-03-01T19:26:25
      1540    324355     0.190            100         15.257         33.000         56.900          0.021         33.864 2023-03-01T19:21:38
      1550    327655     0.187            100         15.257         33.000        101.737          0.026         33.564 2023-03-01T19:22:12
      1560    330955     0.183            100         15.257         33.000        103.963          0.145         33.885 2023-03-01T19:22:46
      1570    333965     0.181             88         13.454         30.100         49.879          0.028         31.072 2023-03-01T19:23:17
      1580    335668     0.179             34          5.450         17.030        103.885          0.336         19.465 2023-03-01T19:23:36
      1590    338684     0.176             88         13.462         30.160         43.151          0.025         30.628 2023-03-01T19:24:07
      1600    341984     0.173            100         15.257         33.000        102.010          0.026         33.757 2023-03-01T19:24:40
      1610    345284     0.170            100         15.257         33.000        101.583          0.144         34.135 2023-03-01T19:25:15
      1620    348584     0.168            100         15.257         33.000         42.559          0.021         33.822 2023-03-01T19:25:48
      1630    351884     0.165            100         15.257         33.000         78.085          0.030         37.017 2023-03-01T19:26:25
      1600    341984     0.173            100         15.257         33.000        102.010          0.026         33.757 2023-03-01T19:24:40
      1610    345284     0.170            100         15.257         33.000        101.583          0.144         34.135 2023-03-01T19:25:15
      1620    348584     0.168            100         15.257         33.000         42.559          0.021         33.822 2023-03-01T19:25:48
      1630    351884     0.165            100         15.257         33.000         78.085          0.030         37.017 2023-03-01T19:26:25
      1600    341984     0.173            100         15.257         33.000        102.010          0.026         33.757 2023-03-01T19:24:40
      1610    345284     0.170            100         15.257         33.000        101.583          0.144         34.135 2023-03-01T19:25:15
      1620    348584     0.168            100         15.257         33.000         42.559          0.021         33.822 2023-03-01T19:25:48
      1630    351884     0.165            100         15.257         33.000         78.085          0.030         37.017 2023-03-01T19:26:25
      1600    341984     0.173            100         15.257         33.000        102.010          0.026         33.757 2023-03-01T19:24:40
      1610    345284     0.170            100         15.257         33.000        101.583          0.144         34.135 2023-03-01T19:25:15
      1620    348584     0.168            100         15.257         33.000         42.559          0.021         33.822 2023-03-01T19:25:48
      1630    351884     0.165            100         15.257         33.000         78.085          0.030         37.017 2023-03-01T19:26:25
      1540    324355     0.190            100         15.257         33.000         56.900          0.021         33.864 2023-03-01T19:21:38
      1550    327655     0.187            100         15.257         33.000        101.737          0.026         33.564 2023-03-01T19:22:12
      1560    330955     0.183            100         15.257         33.000        103.963          0.145         33.885 2023-03-01T19:22:46
      1570    333965     0.181             88         13.454         30.100         49.879          0.028         31.072 2023-03-01T19:23:17
      1580    335668     0.179             34          5.450         17.030        103.885          0.336         19.465 2023-03-01T19:23:36
      1590    338684     0.176             88         13.462         30.160         43.151          0.025         30.628 2023-03-01T19:24:07
      1600    341984     0.173            100         15.257         33.000        102.010          0.026         33.757 2023-03-01T19:24:40
      1610    345284     0.170            100         15.257         33.000        101.583          0.144         34.135 2023-03-01T19:25:15
      1620    348584     0.168            100         15.257         33.000         42.559          0.021         33.822 2023-03-01T19:25:48
      1630    351884     0.165            100         15.257         33.000         78.085          0.030         37.017 2023-03-01T19:26:25
      1600    341984     0.173            100         15.257         33.000        102.010          0.026         33.757 2023-03-01T19:24:40
      1610    345284     0.170            100         15.257         33.000        101.583          0.144         34.135 2023-03-01T19:25:15
      1620    348584     0.168            100         15.257         33.000         42.559          0.021         33.822 2023-03-01T19:25:48
      1630    351884     0.165            100         15.257         33.000         78.085          0.030         37.017 2023-03-01T19:26:25
      1600    341984     0.173            100         15.257         33.000        102.010          0.026         33.757 2023-03-01T19:24:40
      1610    345284     0.170            100         15.257         33.000        101.583          0.144         34.135 2023-03-01T19:25:15
      1620    348584     0.168            100         15.257         33.000         42.559          0.021         33.822 2023-03-01T19:25:48
      1630    351884     0.165            100         15.257         33.000         78.085          0.030         37.017 2023-03-01T19:26:25
      1600    341984     0.173            100         15.257         33.000        102.010          0.026         33.757 2023-03-01T19:24:40
      1610    345284     0.170            100         15.257         33.000        101.583          0.144         34.135 2023-03-01T19:25:15
      1620    348584     0.168            100         15.257         33.000         42.559          0.021         33.822 2023-03-01T19:25:48
      1630    351884     0.165            100         15.257         33.000         78.085          0.030         37.017 2023-03-01T19:26:25