   Episode      Step   Epsilon  Get_resultnum     MeanReward     MeanLength       MeanLoss     MeanQValue      TimeDelta                Time
         0        53     1.000              0         -0.386          5.300          0.000          0.000          3.002 2023-03-01T20:54:24
        10       715     0.996              3          0.249          6.620          0.000          0.000          4.776 2023-03-01T20:54:28
        20      1309     0.993              1         -0.090          5.940          0.000          0.000          4.343 2023-03-01T20:54:33
        30      1889     0.990              2         -0.157          5.800          0.000          0.000          4.331 2023-03-01T20:54:37
        40      2451     0.988              0         -0.293          5.620          0.000          0.000          4.291 2023-03-01T20:54:41
        50      2997     0.985              1         -0.233          5.460          0.000          0.000          4.143 2023-03-01T20:54:45
        60      3584     0.982              2         -0.105          5.870          0.000          0.000          4.346 2023-03-01T20:54:50
        70      4058     0.979              0         -0.553          4.740          0.000          0.000          3.786 2023-03-01T20:54:54
        80      4633     0.977              1         -0.171          5.750          0.000          0.000          4.316 2023-03-01T20:54:58
        90      5122     0.974              0         -0.462          4.890       3050.488          2.818          4.231 2023-03-01T20:55:02
       100      5450     0.972              0         -0.818          3.280       9653.743          0.644          4.563 2023-03-01T20:55:07
       110      5725     0.971              0         -0.900          2.750       3158.928          0.205          3.183 2023-03-01T20:55:10
       120      6002     0.970              0         -0.905          2.770       2503.861          0.159          3.029 2023-03-01T20:55:13
       130      6255     0.968              0         -0.921          2.530       5208.621          0.756          3.660 2023-03-01T20:55:17
       140      6532     0.967              0         -0.897          2.770       3954.129          1.268          3.660 2023-03-01T20:55:20
       150      6798     0.966              0         -0.906          2.660       4302.764          0.000          3.547 2023-03-01T20:55:24
       160      7197     0.964              0         -0.715          3.990       4338.073          0.419          4.656 2023-03-01T20:55:28
       170      7788     0.961              0         -0.377          5.910       3827.485          0.214          5.701 2023-03-01T20:55:34
       180      8379     0.958              0         -0.373          5.910       2903.711          0.030          5.666 2023-03-01T20:55:40
       190      8965     0.955              0         -0.410          5.860       3641.142          0.390          5.791 2023-03-01T20:55:46
       200      9543     0.952              0         -0.382          5.780       4137.914          0.047          6.455 2023-03-01T20:55:52
       210     10191     0.949              0         -0.294          6.480       3299.819          0.000          7.560 2023-03-01T20:56:00
       220     10749     0.946              0         -0.435          5.580       2973.085          0.000          6.922 2023-03-01T20:56:07
       230     11380     0.943              0         -0.206          6.310       5040.698          0.367          8.008 2023-03-01T20:56:15
       240     11927     0.941              0         -0.471          5.470       2058.176          0.084          6.535 2023-03-01T20:56:21
       250     12423     0.938              0         -0.541          4.960       3771.605          0.113          6.648 2023-03-01T20:56:28
       260     12853     0.936              0         -0.655          4.300       3218.611          0.107          5.887 2023-03-01T20:56:34
       270     13385     0.934              0         -0.428          5.320       3474.113          0.088          6.835 2023-03-01T20:56:40
       280     13901     0.931              0         -0.470          5.160       2054.849          0.413          6.362 2023-03-01T20:56:47
       290     14582     0.928              0         -0.059          6.810       2487.513          0.000          7.734 2023-03-01T20:56:55
       300     15213     0.925              0         -0.256          6.310       3792.403          0.062          8.054 2023-03-01T20:57:03
       310     15851     0.922              0         -0.227          6.380       2909.531          0.054          7.717 2023-03-01T20:57:10
       320     16430     0.919              0         -0.344          5.790       2405.115          0.441          7.019 2023-03-01T20:57:17
       330     17009     0.917              0         -0.375          5.790       1548.670          0.000          6.756 2023-03-01T20:57:24
       340     17508     0.914              0         -0.495          4.990       2577.505          0.159          6.512 2023-03-01T20:57:31
       350     18080     0.912              1         -0.214          5.720       1854.077          0.127          6.125 2023-03-01T20:57:37
       360     18609     0.909              0         -0.428          5.290       2690.903          0.000          5.160 2023-03-01T20:57:42
       370     19155     0.906              3         -0.111          5.460       1847.073          0.214          5.495 2023-03-01T20:57:47
       380     19655     0.904              1         -0.386          5.000       1887.245          0.337          4.926 2023-03-01T20:57:52
       390     21995     0.893             73          9.865         23.400       1202.553          0.000         17.292 2023-03-01T20:58:10
       400     24100     0.884             64          8.568         21.050       7044.578          1.253         19.157 2023-03-01T20:58:29
       410     26387     0.874             70          9.532         22.870       4666.740          0.000         19.106 2023-03-01T20:58:48
       420     29387     0.860            100         13.651         30.000          0.000          0.000         21.069 2023-03-01T20:59:09
       430     32387     0.847            100         13.651         30.000          0.000          0.000         20.952 2023-03-01T20:59:30
       440     35387     0.834            100         13.651         30.000          0.000          0.000         20.966 2023-03-01T20:59:51
       450     38387     0.821            100         13.651         30.000          0.000          0.000         21.015 2023-03-01T21:00:12
       460     41387     0.809            100         13.651         30.000          0.000          0.000         21.004 2023-03-01T21:00:33
       470     44387     0.797            100         13.651         30.000          0.000          0.000         21.050 2023-03-01T21:00:54
       480     47387     0.784            100         13.651         30.000          0.000          0.000         21.209 2023-03-01T21:01:15
       490     50387     0.772            100         13.651         30.000          0.000          0.000         21.150 2023-03-01T21:01:36
       500     53387     0.761            100         13.651         30.000          0.000          0.000         21.262 2023-03-01T21:01:58
       510     56387     0.749            100         13.651         30.000          0.000          0.000         21.057 2023-03-01T21:02:19
       520     59387     0.738            100         13.651         30.000          0.000          0.000         21.082 2023-03-01T21:02:40
       530     62387     0.726            100         13.651         30.000          0.000          0.000         20.974 2023-03-01T21:03:01
       540     65387     0.715            100         13.651         30.000          0.000          0.000         21.131 2023-03-01T21:03:22
       550     68387     0.704            100         13.651         30.000          0.000          0.000         21.147 2023-03-01T21:03:43
       560     71387     0.694            100         13.651         30.000          0.000          0.000         21.239 2023-03-01T21:04:04
       570     74387     0.683            100         13.651         30.000          0.000          0.000         21.159 2023-03-01T21:04:25
       580     77387     0.673            100         13.651         30.000          0.000          0.000         21.142 2023-03-01T21:04:46
       590     80387     0.662            100         13.651         30.000          0.000          0.000         21.331 2023-03-01T21:05:08
       600     83387     0.652            100         13.651         30.000          0.000          0.000         21.118 2023-03-01T21:05:29
       610     86387     0.642            100         13.651         30.000          0.000          0.000         21.337 2023-03-01T21:05:50
       620     89387     0.632            100         13.651         30.000          0.000          0.000         21.149 2023-03-01T21:06:11
       630     92387     0.623            100         13.651         30.000          0.000          0.000         21.044 2023-03-01T21:06:32
       640     95387     0.613            100         13.651         30.000          0.000          0.000         21.214 2023-03-01T21:06:54
       650     98387     0.604            100         13.651         30.000          0.000          0.000         21.292 2023-03-01T21:07:15
       660    101387     0.595            100         13.651         30.000          0.000          0.000         21.102 2023-03-01T21:07:36
       670    104387     0.586            100         13.651         30.000          0.000          0.000         27.138 2023-03-01T21:08:03
       680    107387     0.577            100         13.651         30.000          0.000          0.000         27.894 2023-03-01T21:08:31
       690    110387     0.568            100         13.651         30.000          0.000          0.000         28.408 2023-03-01T21:08:59
       700    113387     0.559            100         13.651         30.000          0.000          0.000         22.882 2023-03-01T21:09:22
       710    116387     0.551            100         13.651         30.000          0.000          0.000         21.485 2023-03-01T21:09:44
       720    119387     0.542            100         13.651         30.000          0.000          0.000         21.462 2023-03-01T21:10:05
       730    122387     0.534            100         13.651         30.000          0.000          0.000         21.510 2023-03-01T21:10:27
       740    125387     0.526            100         13.651         30.000          0.000          0.000         21.546 2023-03-01T21:10:48
       750    128387     0.518            100         13.651         30.000          0.000          0.000         21.614 2023-03-01T21:11:10
       760    131387     0.510            100         13.651         30.000          0.000          0.000         21.310 2023-03-01T21:11:31
       770    134387     0.502            100         13.651         30.000          0.000          0.000         21.217 2023-03-01T21:11:53
       780    137387     0.495            100         13.651         30.000          0.000          0.000         21.205 2023-03-01T21:12:14
       790    140387     0.487            100         13.651         30.000          0.000          0.000         21.508 2023-03-01T21:12:35
       800    143387     0.480            100         13.651         30.000          0.000          0.000         21.656 2023-03-01T21:12:57
       810    146387     0.472            100         13.651         30.000          0.000          0.000         21.237 2023-03-01T21:13:18
       820    149387     0.465            100         13.651         30.000          0.000          0.000         22.073 2023-03-01T21:13:40
       830    152387     0.458            100         13.651         30.000          0.000          0.000         21.620 2023-03-01T21:14:02
       840    155387     0.451            100         13.651         30.000          0.000          0.000         21.705 2023-03-01T21:14:24
       850    158387     0.444            100         13.651         30.000          0.000          0.000         21.747 2023-03-01T21:14:45
       860    161387     0.437            100         13.651         30.000          0.000          0.000         21.867 2023-03-01T21:15:07
       870    164387     0.431            100         13.651         30.000          0.000          0.000         21.617 2023-03-01T21:15:29
       880    167387     0.424            100         13.651         30.000          0.000          0.000         21.616 2023-03-01T21:15:50
       890    170387     0.418            100         13.651         30.000          0.000          0.000         21.463 2023-03-01T21:16:12
       900    173387     0.411            100         13.651         30.000          0.000          0.000         21.221 2023-03-01T21:16:33
       910    176387     0.405            100         13.651         30.000          0.000          0.000         21.863 2023-03-01T21:16:55
       920    179387     0.399            100         13.651         30.000          0.000          0.000         21.800 2023-03-01T21:17:17
       930    182387     0.393            100         13.651         30.000          0.000          0.000         21.854 2023-03-01T21:17:39
       940    185387     0.387            100         13.651         30.000          0.000          0.000         21.438 2023-03-01T21:18:00
       950    188387     0.381            100         13.651         30.000          0.000          0.000         21.993 2023-03-01T21:18:22
       960    191387     0.375            100         13.651         30.000          0.000          0.000         21.867 2023-03-01T21:18:44
       970    194387     0.369            100         13.651         30.000          0.000          0.000         21.697 2023-03-01T21:19:06
       980    197387     0.364            100         13.651         30.000          0.000          0.000         21.770 2023-03-01T21:19:27
       990    200387     0.358            100         13.651         30.000          0.000          0.000         21.563 2023-03-01T21:19:49
      1000    203387     0.353            100         13.651         30.000          0.000          0.000         21.614 2023-03-01T21:20:11
      1010    206387     0.347            100         13.651         30.000          0.000          0.000         21.717 2023-03-01T21:20:32
      1020    209387     0.342            100         13.651         30.000          0.000          0.000         21.327 2023-03-01T21:20:54
      1030    212387     0.337            100         13.651         30.000          0.000          0.000         21.598 2023-03-01T21:21:15
      1040    215387     0.332            100         13.651         30.000          0.000          0.000         21.263 2023-03-01T21:21:36
      1050    218387     0.327            100         13.651         30.000          0.000          0.000         21.528 2023-03-01T21:21:58
      1060    221387     0.322            100         13.651         30.000          0.000          0.000         21.638 2023-03-01T21:22:20
      1070    224387     0.317            100         13.651         30.000          0.000          0.000         22.888 2023-03-01T21:22:42
      1080    227387     0.312            100         13.651         30.000          0.000          0.000         22.468 2023-03-01T21:23:05
      1090    230387     0.307            100         13.651         30.000          0.000          0.000         21.696 2023-03-01T21:23:27
      1100    233387     0.302            100         13.651         30.000          0.000          0.000         21.515 2023-03-01T21:23:48
      1110    236387     0.298            100         13.651         30.000          0.000          0.000         21.763 2023-03-01T21:24:10
      1120    239387     0.293            100         13.651         30.000          0.000          0.000         21.606 2023-03-01T21:24:32
      1130    242387     0.289            100         13.651         30.000          0.000          0.000         21.448 2023-03-01T21:24:53
      1140    245387     0.284            100         13.651         30.000          0.000          0.000         21.510 2023-03-01T21:25:14
      1150    248387     0.280            100         13.651         30.000          0.000          0.000         21.339 2023-03-01T21:25:36
      1160    251387     0.276            100         13.651         30.000          0.000          0.000         21.435 2023-03-01T21:25:57
      1170    254387     0.272            100         13.651         30.000          0.000          0.000         21.821 2023-03-01T21:26:19
      1180    257387     0.267            100         13.651         30.000          0.000          0.000         21.416 2023-03-01T21:26:40
      1190    260387     0.263            100         13.651         30.000          0.000          0.000         21.407 2023-03-01T21:27:02
      1200    263387     0.259            100         13.651         30.000          0.000          0.000         21.486 2023-03-01T21:27:23
      1210    266387     0.255            100         13.651         30.000          0.000          0.000         21.370 2023-03-01T21:27:45
      1220    269387     0.251            100         13.651         30.000          0.000          0.000         21.627 2023-03-01T21:28:06
      1230    272387     0.248            100         13.651         30.000          0.000          0.000         21.773 2023-03-01T21:28:28
      1240    275387     0.244            100         13.651         30.000          0.000          0.000         21.848 2023-03-01T21:28:50
      1250    278387     0.240            100         13.651         30.000          0.000          0.000         22.234 2023-03-01T21:29:12
      1260    281387     0.236            100         13.651         30.000          0.000          0.000         22.182 2023-03-01T21:29:34
      1270    284387     0.233            100         13.651         30.000          0.000          0.000         21.720 2023-03-01T21:29:56
      1280    287387     0.229            100         13.651         30.000          0.000          0.000         21.616 2023-03-01T21:30:18
      1290    290387     0.226            100         13.651         30.000          0.000          0.000         21.713 2023-03-01T21:30:39
      1300    293387     0.222            100         13.651         30.000          0.000          0.000         21.232 2023-03-01T21:31:01
