   Episode      Step   Epsilon  Get_resultnum     MeanReward     MeanLength       MeanLoss     MeanQValue      TimeDelta                Time
         0        73     0.998              0         -0.749          7.300          0.000          0.000          2.776 2023-03-19T09:26:06
        10       654     0.985              0         -0.828          5.810          0.000          0.000          7.199 2023-03-19T09:26:13
        20      1265     0.972              0         -0.801          6.110          0.000          0.000          7.596 2023-03-19T09:26:21
        30      1878     0.959              0         -0.816          6.130          0.000          0.000          7.701 2023-03-19T09:26:28
        40      2481     0.946              0         -0.811          6.030          0.000          0.000          7.587 2023-03-19T09:26:36
        50      3080     0.933              0         -0.822          5.990          0.000          0.000          7.599 2023-03-19T09:26:44
        60      3655     0.921              0         -0.831          5.750          0.000          0.000          7.483 2023-03-19T09:26:51
        70      4256     0.909              0         -0.811          6.010          0.000          0.000          7.622 2023-03-19T09:26:59
        80      4855     0.897              0         -0.822          5.990          0.000          0.000          7.696 2023-03-19T09:27:06
        90      5303     0.888              0         -0.870          4.480       2932.930          1.744          7.554 2023-03-19T09:27:14
       100      5784     0.878              0         -0.871          4.810       3262.127          0.501          7.864 2023-03-19T09:27:22
       110      6458     0.865              0         -0.778          6.740       2204.855          0.175          8.504 2023-03-19T09:27:30
       120      7069     0.853              0         -0.809          6.110       2027.108          0.137          8.111 2023-03-19T09:27:39
       130      7764     0.840              0         -0.765          6.950       2316.314          0.158          8.373 2023-03-19T09:27:47
       140      8629     0.824              0         -0.650          8.650       2811.909          0.129          9.674 2023-03-19T09:27:57
       150      9406     0.809              0         -0.695          7.770       1373.455          0.106          8.928 2023-03-19T09:28:05
       160     10368     0.792              0         -0.599          9.620       1889.325          0.113         10.145 2023-03-19T09:28:16
       170     11196     0.777              0         -0.683          8.280        975.612          0.102          9.397 2023-03-19T09:28:25
       180     11923     0.765              0         -0.747          7.270       1160.690          0.100          8.727 2023-03-19T09:28:34
       190     12594     0.753              0         -0.777          6.710       2339.987          0.140          8.395 2023-03-19T09:28:42
       200     13604     0.736              0         -0.518         10.100       1791.010          0.138         10.136 2023-03-19T09:28:52
       210     14609     0.720              0         -0.511         10.050       1333.341          0.100         10.315 2023-03-19T09:29:03
       220     15597     0.704              0         -0.555          9.880       1415.394          0.099         10.165 2023-03-19T09:29:13
       230     16330     0.693              0         -0.734          7.330       1577.247          0.133          8.943 2023-03-19T09:29:22
       240     17308     0.677              0         -0.561          9.780       1261.346          0.168         10.487 2023-03-19T09:29:32
       250     18372     0.661              0         -0.483         10.640       1159.240          0.067         10.694 2023-03-19T09:29:43
       260     19524     0.644              0         -0.445         11.520       1257.964          0.134         11.483 2023-03-19T09:29:54
       270     20427     0.632              0         -0.625          9.030        949.104          0.101          9.661 2023-03-19T09:30:04
       280     21293     0.619              0         -0.672          8.660       1151.603          0.134          9.778 2023-03-19T09:30:14
       290     22273     0.606              0         -0.592          9.800       1061.277          0.134         10.719 2023-03-19T09:30:25
       300     23279     0.592              0         -0.518         10.060       1560.154          0.136         10.326 2023-03-19T09:30:35
       310     24285     0.579              0         -0.550         10.060        822.015          0.102         10.557 2023-03-19T09:30:45
       320     25327     0.566              0         -0.538         10.420        745.011          0.102         11.191 2023-03-19T09:30:57
       330     26119     0.556              0         -0.688          7.920       1087.905          0.136          9.458 2023-03-19T09:31:06
       340     26973     0.545              0         -0.655          8.540       1039.249          0.135          9.722 2023-03-19T09:31:16
       350     28014     0.532              0         -0.487         10.410        961.678          0.170         10.630 2023-03-19T09:31:26
       360     29315     0.517              0         -0.337         13.010        959.904          0.135         12.204 2023-03-19T09:31:39
       370     30312     0.506              0         -0.566          9.970       1083.782          0.168         10.750 2023-03-19T09:31:49
       380     31514     0.492              0         -0.405         12.020        846.731          0.134         11.695 2023-03-19T09:32:01
       390     32709     0.479              0         -0.382         11.950        624.157          0.065         11.401 2023-03-19T09:32:12
       400     33958     0.466              0         -0.352         12.490        930.777          0.132         12.460 2023-03-19T09:32:25
       410     35297     0.452              0         -0.283         13.390        647.736          0.098         12.280 2023-03-19T09:32:37
       420     36486     0.440              0         -0.384         11.890        725.437          0.134         11.734 2023-03-19T09:32:49
       430     37525     0.430              0         -0.519         10.390        858.068          0.168         11.258 2023-03-19T09:33:00
       440     38851     0.417              0         -0.278         13.260        464.459          0.101         12.310 2023-03-19T09:33:13
       450     40062     0.406              0         -0.383         12.110        671.112          0.133         11.900 2023-03-19T09:33:24
       460     41266     0.395              0         -0.412         12.040        773.857          0.101         12.033 2023-03-19T09:33:36
       470     42585     0.384              0         -0.304         13.190        848.604          0.103         12.734 2023-03-19T09:33:49
       480     44221     0.370              0         -0.009         16.360        569.345          0.170         13.896 2023-03-19T09:34:03
       490     45779     0.357              0         -0.111         15.580        502.669          0.135         13.971 2023-03-19T09:34:17
       500     47290     0.345              0         -0.143         15.110        582.661          0.101         13.926 2023-03-19T09:34:31
       510     48956     0.332              0          0.039         16.660        699.971          0.100         15.197 2023-03-19T09:34:46
       520     50469     0.321              0         -0.177         15.130        680.348          0.135         13.753 2023-03-19T09:35:00
       530     51708     0.312              0         -0.384         12.390        775.503          0.137         11.983 2023-03-19T09:35:12
       540     53005     0.303              0         -0.333         12.970        568.871          0.137         12.347 2023-03-19T09:35:24
       550     54402     0.294              0         -0.261         13.970        722.704          0.102         13.068 2023-03-19T09:35:37
       560     55889     0.284              0         -0.202         14.870        333.135          0.103         13.323 2023-03-19T09:35:51
       570     57533     0.274              0          0.025         16.440        583.685          0.137         14.405 2023-03-19T09:36:05
       580     58962     0.265              0         -0.177         14.290        612.797          0.102         13.537 2023-03-19T09:36:19
       590     60545     0.256              0         -0.035         15.830        695.188          0.136         14.863 2023-03-19T09:36:33
       600     62069     0.247              0         -0.070         15.240        175.630          0.068         13.839 2023-03-19T09:36:47
       610     63558     0.239              0         -0.112         14.890        331.026          0.136         13.818 2023-03-19T09:37:01
       620     65054     0.231              0         -0.105         14.960        456.391          0.137         13.912 2023-03-19T09:37:15
       630     66719     0.223              0          0.079         16.650        454.977          0.104         14.879 2023-03-19T09:37:30
       640     68212     0.216              0         -0.145         14.930        452.600          0.101         14.073 2023-03-19T09:37:44
       650     69644     0.209              0         -0.191         14.320        315.479          0.137         13.290 2023-03-19T09:37:57
       660     71156     0.202              0         -0.110         15.120        586.561          0.136         13.827 2023-03-19T09:38:11
       670     72727     0.195              0         -0.011         15.710        653.075          0.101         14.664 2023-03-19T09:38:26
       680     74073     0.189              0         -0.267         13.460        401.375          0.102         13.043 2023-03-19T09:38:39
       690     75972     0.181              0          0.256         18.990        594.993          0.102         16.541 2023-03-19T09:38:55
       700     77524     0.175              0         -0.027         15.520        475.577          0.137         14.227 2023-03-19T09:39:10
       710     79093     0.169              0         -0.060         15.690        254.656          0.136         14.323 2023-03-19T09:39:24
       720     81045     0.161              0          0.273         19.520        268.245          0.102         16.678 2023-03-19T09:39:41
       730     83064     0.154              0          0.365         20.190        412.537          0.135         16.949 2023-03-19T09:39:58
       740     85190     0.147              0          0.462         21.260        434.644          0.136         18.154 2023-03-19T09:40:16
       750     87051     0.141              0          0.248         18.610        381.312          0.103         16.276 2023-03-19T09:40:32
       760     89060     0.135              0          0.348         20.090        260.263          0.068         17.667 2023-03-19T09:40:50
       770     91083     0.129              0          0.392         20.230        361.421          0.138         17.329 2023-03-19T09:41:07
       780     92978     0.123              0          0.269         18.950        451.848          0.137         16.508 2023-03-19T09:41:23
       790     95096     0.118              0          0.478         21.180        355.898          0.138         17.676 2023-03-19T09:41:41
       800     97390     0.112              0          0.603         22.940        348.328          0.139         19.195 2023-03-19T09:42:00
       810     99478     0.107              0          0.449         20.880        359.697          0.069         17.784 2023-03-19T09:42:18
       820    101445     0.102              0          0.372         19.670        354.783          0.137         17.233 2023-03-19T09:42:35
       830    103224     0.098              0          0.184         17.790        303.083          0.138         15.956 2023-03-19T09:42:51
       840    104867     0.094              0          0.070         16.430        223.230          0.068         14.773 2023-03-19T09:43:06
       850    106837     0.090              0          0.361         19.700        198.123          0.138         17.629 2023-03-19T09:43:24
       860    108565     0.087              0          0.188         17.280        310.573          0.102         15.253 2023-03-19T09:43:39
       870    110249     0.084              0          0.085         16.840        226.386          0.138         15.359 2023-03-19T09:43:54
       880    112056     0.080              0          0.242         18.070        168.502          0.101         16.150 2023-03-19T09:44:10
       890    114813     0.076              0          2.191         27.570        106.205          0.103         22.321 2023-03-19T09:44:33
       900    116825     0.072              0          0.432         20.120        209.743          0.138         17.811 2023-03-19T09:44:51
       910    119730     0.068              0          1.319         29.050        125.552          0.103         23.213 2023-03-19T09:45:14
       920    122995     0.063              0          2.004         32.650        333.160          0.172         25.382 2023-03-19T09:45:39
       930    128492     0.056              2         11.144         54.970        208.774          0.105         39.764 2023-03-19T09:46:19
       940    134053     0.049              3         12.446         55.610        275.537          0.106         39.775 2023-03-19T09:46:59
       950    138742     0.044              1          7.857         46.890        378.689          0.142         34.366 2023-03-19T09:47:33
       960    143772     0.039              1         10.354         50.300        401.232          0.142         36.849 2023-03-19T09:48:10
       970    148347     0.036              1          9.758         45.750        403.671          0.146         34.008 2023-03-19T09:48:44
       980    153345     0.032              3         10.820         49.980        131.744          0.072         36.406 2023-03-19T09:49:20
       990    156469     0.030              1          4.550         31.240        358.529          0.109         25.149 2023-03-19T09:49:45
      1000    161127     0.027              3         10.686         46.580        437.777          0.146         34.335 2023-03-19T09:50:20
      1010    167476     0.023              7         18.495         63.490        315.492          0.112         45.682 2023-03-19T09:51:06
      1020    173161     0.020             10         18.930         56.850        247.596          0.112         40.209 2023-03-19T09:51:46
      1030    185324     0.015             19         44.227        121.630        324.432          0.111         84.163 2023-03-19T09:53:10
      1040    191497     0.013              8         18.580         61.730        374.950          0.152         44.515 2023-03-19T09:53:54
      1050    192766     0.013              0         -0.205         12.690        371.280          0.113         13.259 2023-03-19T09:54:08
      1060    193983     0.013              0         -0.274         12.170        247.028          0.078         12.309 2023-03-19T09:54:20
      1070    195207     0.012              0         -0.280         12.240        323.296          0.151         12.883 2023-03-19T09:54:33
      1080    198015     0.012              2          4.863         28.080        371.385          0.194         22.794 2023-03-19T09:54:56
      1090    226794     0.006             85        130.178        287.790         35.965         -0.000        198.038 2023-03-19T09:58:14
      1100    258994     0.003            100        148.639        322.000          0.000          0.000        220.806 2023-03-19T10:01:54
      1110    291194     0.001            100        148.639        322.000          0.000          0.000        220.554 2023-03-19T10:05:35
      1120    323394     0.001            100        148.639        322.000          0.000          0.000        219.386 2023-03-19T10:09:14
