   Episode      Step   Epsilon  Get_resultnum     MeanReward     MeanLength       MeanLoss     MeanQValue      TimeDelta                Time
         0        44     1.000              0         -0.889          4.400          0.000          0.000          4.543 2023-03-01T19:26:56
        10       586     0.997              0         -0.837          5.420          0.000          0.000          9.153 2023-03-01T19:27:05
        20      1168     0.994              0         -0.793          5.820          0.000          0.000          9.310 2023-03-01T19:27:14
        30      1731     0.991              0         -0.824          5.630          0.000          0.000          9.017 2023-03-01T19:27:23
        40      2240     0.989              0         -0.841          5.090          0.000          0.000          8.609 2023-03-01T19:27:32
        50      2848     0.986              0         -0.807          6.080          0.000          0.000          9.414 2023-03-01T19:27:42
        60      3380     0.983              0         -0.842          5.320          0.000          0.000          8.881 2023-03-01T19:27:50
        70      3902     0.980              0         -0.828          5.220          0.000          0.000          8.791 2023-03-01T19:27:59
        80      4475     0.977              0         -0.818          5.730          0.000          0.000          9.110 2023-03-01T19:28:08
        90      5021     0.975              0         -0.832          5.460          0.000          0.000          8.992 2023-03-01T19:28:17
       100      5413     0.973              0         -0.898          3.920       3917.016          3.704          8.676 2023-03-01T19:28:26
       110      5646     0.971              0         -0.953          2.330       3571.512          1.940          7.625 2023-03-01T19:28:34
       120      5917     0.970              0         -0.942          2.710       2434.670          0.736          7.691 2023-03-01T19:28:41
       130      6196     0.969              0         -0.939          2.790       1706.207          0.608          7.490 2023-03-01T19:28:49
       140      6455     0.967              0         -0.946          2.590       2291.318          0.846          7.540 2023-03-01T19:28:56
       150      6701     0.966              0         -0.949          2.460       3099.113          0.629          7.885 2023-03-01T19:29:04
       160      6965     0.965              0         -0.944          2.640       2354.103          0.000          7.656 2023-03-01T19:29:12
       170      7222     0.964              0         -0.948          2.570       2669.680          0.142          7.823 2023-03-01T19:29:20
       180      7499     0.962              0         -0.937          2.770       2168.421          0.283          7.828 2023-03-01T19:29:28
       190      7955     0.960              0         -0.878          4.560       2589.892          0.656          9.464 2023-03-01T19:29:37
       200      8393     0.958              0         -0.884          4.380       1660.099          0.101          8.968 2023-03-01T19:29:46
       210      8812     0.956              0         -0.889          4.190       1249.037          0.000          8.800 2023-03-01T19:29:55
       220      9310     0.953              0         -0.862          4.980       1934.370          0.456          9.659 2023-03-01T19:30:04
       230      9676     0.952              0         -0.906          3.660       2321.800          0.045          8.769 2023-03-01T19:30:13
       240     10098     0.950              0         -0.887          4.220       2309.225          0.074          9.274 2023-03-01T19:30:22
       250     10426     0.948              0         -0.921          3.280       1894.421          0.000          8.259 2023-03-01T19:30:31
       260     10800     0.946              0         -0.904          3.740       1281.338          0.078          8.404 2023-03-01T19:30:39
       270     11130     0.945              0         -0.920          3.300       1668.688          0.031          8.232 2023-03-01T19:30:47
       280     11522     0.943              0         -0.896          3.920       1873.641          0.027          8.928 2023-03-01T19:30:56
       290     11904     0.941              0         -0.905          3.820       1028.584          0.029          8.384 2023-03-01T19:31:05
       300     12249     0.939              0         -0.915          3.450       1524.214          0.624          8.285 2023-03-01T19:31:13
       310     12593     0.937              0         -0.916          3.440        659.372          0.000          8.056 2023-03-01T19:31:21
       320     12912     0.936              0         -0.925          3.190       1445.218          0.000          8.247 2023-03-01T19:31:29
       330     13254     0.934              0         -0.916          3.420        968.750          0.232          8.391 2023-03-01T19:31:38
       340     13586     0.933              0         -0.919          3.320       1416.700          0.000          8.356 2023-03-01T19:31:46
       350     13923     0.931              0         -0.919          3.370       1324.694          0.021          8.606 2023-03-01T19:31:55
       360     14307     0.929              0         -0.903          3.840       1123.123          0.487          8.618 2023-03-01T19:32:03
       370     14663     0.928              0         -0.913          3.560        778.401          0.269          8.561 2023-03-01T19:32:12
       380     15016     0.926              0         -0.911          3.530       1705.138          0.000          8.812 2023-03-01T19:32:21
       390     15380     0.924              0         -0.908          3.640        668.017          0.223          8.406 2023-03-01T19:32:29
       400     15739     0.923              0         -0.910          3.590       1118.315          0.000          8.455 2023-03-01T19:32:37
       410     16118     0.921              0         -0.896          3.790       1173.425          0.015          8.774 2023-03-01T19:32:46
       420     16472     0.919              0         -0.915          3.540       1077.465          0.175          8.360 2023-03-01T19:32:55
       430     16785     0.918              0         -0.925          3.130        594.511          0.015          7.962 2023-03-01T19:33:03
       440     17139     0.916              0         -0.914          3.540        634.106          0.000          8.192 2023-03-01T19:33:11
       450     17524     0.914              0         -0.905          3.850       1118.033          0.013          8.798 2023-03-01T19:33:20
       460     17896     0.912              0         -0.909          3.720        592.859          0.000          8.359 2023-03-01T19:33:28
       470     18264     0.911              0         -0.906          3.680       1172.840          0.088          8.769 2023-03-01T19:33:37
       480     18596     0.909              0         -0.919          3.320       1088.139          0.129          8.516 2023-03-01T19:33:45
       490     18965     0.907              0         -0.906          3.690       1012.019          0.354          8.437 2023-03-01T19:33:54
       500     19343     0.906              0         -0.906          3.780        582.089          0.012          8.313 2023-03-01T19:34:02
       510     19713     0.904              0         -0.907          3.700        445.994          0.372          8.808 2023-03-01T19:34:11
       520     20176     0.902              0         -0.864          4.630        337.753          0.000          9.129 2023-03-01T19:34:20
       530     20585     0.900              0         -0.884          4.090        190.317          0.120          8.704 2023-03-01T19:34:29
       540     21063     0.898              0         -0.869          4.780        258.331          0.010          9.500 2023-03-01T19:34:38
       550     21573     0.895              0         -0.854          5.100        236.347          0.000          9.804 2023-03-01T19:34:48
       560     22028     0.893              0         -0.873          4.550        153.339          0.000          9.367 2023-03-01T19:34:57
       570     22491     0.891              0         -0.871          4.630        254.249          0.004          9.960 2023-03-01T19:35:07
       580     22986     0.889              0         -0.859          4.950        175.276          0.000          9.772 2023-03-01T19:35:17
       590     23554     0.886              0         -0.833          5.680        103.850          0.346         10.110 2023-03-01T19:35:27
       600     24021     0.884              0         -0.861          4.670        106.169          0.364          9.257 2023-03-01T19:35:36
       610     24482     0.882              0         -0.861          4.610        259.896          0.039          9.542 2023-03-01T19:35:46
       620     24986     0.880              0         -0.847          5.040        379.605          0.021         10.047 2023-03-01T19:35:56
       630     25434     0.878              0         -0.853          4.480        243.544          0.004          9.355 2023-03-01T19:36:05
       640     25918     0.876              0         -0.856          4.840        356.327          0.003         10.495 2023-03-01T19:36:16
       650     26474     0.873              0         -0.813          5.560        235.254          0.011         10.455 2023-03-01T19:36:26
       660     27056     0.871              0         -0.811          5.820        172.557          0.010         10.664 2023-03-01T19:36:37
       670     27754     0.867              0         -0.736          6.980        203.465          0.349         11.468 2023-03-01T19:36:48
       680     28366     0.865              0         -0.805          6.120         64.996          0.000         10.269 2023-03-01T19:36:59
       690     29003     0.862              0         -0.782          6.370         86.301          0.019         10.831 2023-03-01T19:37:09
       700     29547     0.859              0         -0.820          5.440        163.032          0.496         10.097 2023-03-01T19:37:20
       710     30062     0.857              0         -0.849          5.150        193.648          0.157         10.121 2023-03-01T19:37:30
       720     30625     0.855              0         -0.821          5.630         88.310          0.343         10.259 2023-03-01T19:37:40
       730     31213     0.852              0         -0.793          5.880        183.075          0.000         10.777 2023-03-01T19:37:51
       740     31882     0.849              0         -0.732          6.690        125.033          0.494         11.257 2023-03-01T19:38:02
       750     32434     0.847              0         -0.833          5.520         70.522          0.017         10.118 2023-03-01T19:38:12
       760     32979     0.844              0         -0.835          5.450        163.801          0.006         10.409 2023-03-01T19:38:22
       770     33513     0.842              0         -0.841          5.340        157.845          0.007         10.162 2023-03-01T19:38:33
       780     34088     0.840              0         -0.834          5.750         70.359          0.021         10.287 2023-03-01T19:38:43
       790     34708     0.837              0         -0.810          6.200         75.685          0.021         10.571 2023-03-01T19:38:54
       800     35343     0.834              0         -0.775          6.350        142.078          0.022         11.097 2023-03-01T19:39:05
       810     36006     0.831              0         -0.795          6.630        167.111          0.021         11.553 2023-03-01T19:39:16
       820     36676     0.829              0         -0.777          6.700        175.713          0.363         11.709 2023-03-01T19:39:28
       830     37385     0.826              0         -0.753          7.090         66.444          0.018         11.548 2023-03-01T19:39:39
       840     38074     0.823              0         -0.793          6.890         48.045          0.004         11.231 2023-03-01T19:39:51
       850     38761     0.820              0         -0.778          6.870         95.735          0.000         11.266 2023-03-01T19:40:02
       860     39385     0.817              0         -0.809          6.240        168.428          0.000         11.287 2023-03-01T19:40:13
       870     40013     0.815              0         -0.813          6.280        144.445          0.495         11.156 2023-03-01T19:40:24
       880     40623     0.812              0         -0.791          6.100        193.416          0.000         11.438 2023-03-01T19:40:36
       890     41324     0.809              0         -0.751          7.010        155.526          0.008         11.690 2023-03-01T19:40:47
       900     41959     0.807              0         -0.792          6.350        207.833          0.000         11.621 2023-03-01T19:40:59
       910     42541     0.804              0         -0.828          5.820        135.468          0.342         10.689 2023-03-01T19:41:10
       920     43361     0.801              0         -0.620          8.200        180.896          0.007         13.053 2023-03-01T19:41:23
       930     44152     0.797              0         -0.643          7.910        140.305          0.019         12.859 2023-03-01T19:41:36
       940     45143     0.793              0          0.088          9.910        144.232          0.028         14.711 2023-03-01T19:41:50
       950     45781     0.791              0         -0.768          6.380        119.976          0.006         11.398 2023-03-01T19:42:02
       960     46520     0.788              0         -0.736          7.390        119.653          0.027         12.263 2023-03-01T19:42:14
       970     47321     0.785              0         -0.689          8.010        147.561          0.152         12.969 2023-03-01T19:42:27
       980     48215     0.781              0         -0.626          8.940         97.464          0.348         13.802 2023-03-01T19:42:41
       990     48930     0.778              0         -0.732          7.150         73.506          0.151         11.918 2023-03-01T19:42:53
      1000     49621     0.775              0         -0.742          6.910         20.390          0.000         10.994 2023-03-01T19:43:04
      1010     50423     0.772              0         -0.653          8.020        131.425          0.026         12.550 2023-03-01T19:43:16
      1020     51134     0.769              0         -0.748          7.110         61.819          0.150         11.853 2023-03-01T19:43:28
      1030     51877     0.767              0         -0.732          7.430         51.116          0.000         12.368 2023-03-01T19:43:41
      1040     52668     0.763              0         -0.461          7.910         56.391          0.000         12.870 2023-03-01T19:43:53
      1050     53535     0.760              0         -0.598          8.670         23.922          0.000         12.965 2023-03-01T19:44:06
      1060     54589     0.756              0         -0.042         10.540         47.699          0.158         15.034 2023-03-01T19:44:21
      1070     55892     0.751              0          0.953         13.030         17.621          0.000         16.754 2023-03-01T19:44:38
      1080     57484     0.745              1          1.980         15.920         31.354          0.023         19.887 2023-03-01T19:44:58
      1090     60394     0.734              3          7.164         29.100         57.241          0.152         32.052 2023-03-01T19:45:30
      1100     64283     0.719              7         12.407         38.890         18.985          0.508         40.132 2023-03-01T19:46:10
      1110     69024     0.702              9         15.509         47.410         28.289          0.000         47.937 2023-03-01T19:46:58
      1120     72478     0.690              5          9.753         34.540         16.226          0.032         36.759 2023-03-01T19:47:35
      1130     73643     0.686              0         -0.188         11.650         25.554          0.000         16.295 2023-03-01T19:47:51
      1140     74391     0.683              0         -0.726          7.480         16.350          0.017         12.601 2023-03-01T19:48:04
      1150     75222     0.680              0         -0.628          8.310         11.940          0.000         13.091 2023-03-01T19:48:17
      1160     76177     0.677              0         -0.594          9.550         27.214          0.000         15.095 2023-03-01T19:48:32
      1170     79714     0.665              5          9.765         35.370         27.045          0.014         38.301 2023-03-01T19:49:10
      1180     86080     0.643             14         22.958         63.660         25.584          0.504         63.865 2023-03-01T19:50:14
      1190     92610     0.622             14         23.956         65.300         13.909          0.010         65.500 2023-03-01T19:51:20
      1200     98545     0.603             13         21.156         59.350         23.432          0.044         60.993 2023-03-01T19:52:21
      1210    106623     0.579             21         32.316         80.780         21.469          0.149         80.450 2023-03-01T19:53:41
      1220    113297     0.560             17         25.806         66.740         14.574          0.343         67.727 2023-03-01T19:54:49
      1230    123335     0.531             30         42.175        100.380         13.406          0.000        100.346 2023-03-01T19:56:29
      1240    137414     0.494             43         61.214        140.790          1.228          0.016        136.453 2023-03-01T19:58:46
      1250    153136     0.456             48         68.958        157.220         12.968          0.090        151.800 2023-03-01T20:01:17
      1260    160202     0.440             17         26.023         70.660         18.976          0.147         71.606 2023-03-01T20:02:29
      1270    163198     0.433              4          6.669         29.960         12.972          0.036         33.825 2023-03-01T20:03:03
      1280    164395     0.431              0         -0.329         11.970         10.938          0.000         16.406 2023-03-01T20:03:19
      1290    165479     0.428              0         -0.522         10.840         19.156          0.170         16.642 2023-03-01T20:03:36
      1300    167145     0.425              1          1.287         16.660          9.637          0.040         21.404 2023-03-01T20:03:57
      1310    168991     0.421              0          2.014         18.460         12.764          0.000         22.652 2023-03-01T20:04:20
      1320    171273     0.416              0          3.264         22.820         22.553          0.492         28.014 2023-03-01T20:04:48
      1330    173791     0.410              2          5.214         25.180         10.991          0.000         29.202 2023-03-01T20:05:17
      1340    176772     0.404              4          6.869         29.810         21.382          0.000         34.432 2023-03-01T20:05:52
      1350    181570     0.394             10         16.223         47.980         29.245          0.218         51.957 2023-03-01T20:06:44
      1360    193338     0.371             35         49.801        117.680         11.215          0.000        113.064 2023-03-01T20:08:37
      1370    213279     0.335             65         90.690        199.410          1.978          0.001        189.611 2023-03-01T20:11:46
      1380    231299     0.306             57         80.598        180.200          8.485          0.000        171.718 2023-03-01T20:14:38
      1390    256009     0.269             81        113.425        247.100          9.735          0.000        233.558 2023-03-01T20:18:32
      1400    279316     0.239             76        106.438        233.070          0.551          0.000        220.390 2023-03-01T20:22:12
      1410    298855     0.216             63         88.154        195.390          0.857          0.000        186.025 2023-03-01T20:25:18
      1420    312650     0.201             43         60.134        137.950         10.506          0.149        147.006 2023-03-01T20:27:45
      1430    331632     0.183             62         86.366        189.820          2.070          0.000        202.491 2023-03-01T20:31:07
      1440    361632     0.157            100        139.665        300.000          0.000          0.000        312.672 2023-03-01T20:36:20
      1450    391632     0.134            100        139.665        300.000          0.000          0.000        308.500 2023-03-01T20:41:29
      1460    421632     0.115            100        139.665        300.000          0.000          0.000        310.411 2023-03-01T20:46:39
      1470    451632     0.099            100        139.665        300.000          0.000          0.000        306.035 2023-03-01T20:51:45
