   Episode      Step   Epsilon  Get_resultnum     MeanReward     MeanLength       MeanLoss     MeanQValue      TimeDelta                Time
         0        51     1.000              0         -0.879          5.100          0.000          0.000          3.627 2023-02-28T12:48:09
        10       533     0.997              0         -0.893          4.820          0.000          0.000         10.669 2023-02-28T12:48:20
        20      1054     0.995              0         -0.878          5.210          0.000          0.000         10.900 2023-02-28T12:48:31
        30      1615     0.992              0         -0.867          5.610          0.000          0.000         11.253 2023-02-28T12:48:42
        40      2228     0.989              0         -0.851          6.130          0.000          0.000         11.576 2023-02-28T12:48:53
        50      2714     0.986              0         -0.890          4.860          0.000          0.000         10.660 2023-02-28T12:49:04
        60      3183     0.984              0         -0.896          4.690          0.000          0.000         10.529 2023-02-28T12:49:15
        70      3697     0.981              0         -0.882          5.140          0.000          0.000         10.851 2023-02-28T12:49:26
        80      4190     0.979              0         -0.890          4.930          0.000          0.000         10.756 2023-02-28T12:49:36
        90      4693     0.976              0         -0.888          5.030          0.000          0.000         10.840 2023-02-28T12:49:47
       100      5274     0.973              0         -0.859          5.810       1258.897          6.952         12.257 2023-02-28T12:49:59
       110      5619     0.972              0         -0.926          3.450       1640.108          1.673         10.614 2023-02-28T12:50:10
       120      6047     0.969              0         -0.904          4.280       1252.343          1.163         11.269 2023-02-28T12:50:21
       130      6593     0.967              0         -0.870          5.460       1468.303          0.000         12.657 2023-02-28T12:50:34
       140      7116     0.964              0         -0.881          5.230       1496.208          0.622         12.515 2023-02-28T12:50:46
       150      7719     0.961              0         -0.857          6.030       1703.398          0.269         13.677 2023-02-28T12:51:00
       160      8296     0.958              0         -0.864          5.770        652.136          0.000         12.674 2023-02-28T12:51:13
       170      8890     0.955              0         -0.857          5.940       1991.731          0.440         13.556 2023-02-28T12:51:26
       180      9438     0.953              0         -0.875          5.480       1888.648          0.503         12.876 2023-02-28T12:51:39
       190      9997     0.950              0         -0.869          5.590       1673.849          0.256         12.973 2023-02-28T12:51:52
       200     10559     0.947              0         -0.873          5.620       2446.092          0.456         13.190 2023-02-28T12:52:05
       210     11121     0.945              0         -0.868          5.620        848.681          0.214         12.711 2023-02-28T12:52:18
       220     11656     0.942              0         -0.878          5.350       1462.116          0.000         12.334 2023-02-28T12:52:30
       230     12212     0.939              0         -0.873          5.560       1069.591          0.079         12.676 2023-02-28T12:52:43
       240     12754     0.937              0         -0.874          5.420       1539.693          0.226         12.456 2023-02-28T12:52:56
       250     13303     0.934              0         -0.872          5.490       1600.187          0.387         12.914 2023-02-28T12:53:08
       260     13824     0.932              0         -0.880          5.210       1659.337          0.421         12.723 2023-02-28T12:53:21
       270     14332     0.929              0         -0.886          5.080       1595.800          0.029         12.422 2023-02-28T12:53:34
       280     14834     0.927              0         -0.883          5.020        147.922          0.000         11.387 2023-02-28T12:53:45
       290     15396     0.924              0         -0.870          5.620       1242.954          0.000         12.357 2023-02-28T12:53:57
       300     15912     0.922              0         -0.881          5.160       1467.931          0.354         12.024 2023-02-28T12:54:09
       310     16429     0.919              0         -0.881          5.170       1525.015          0.542         12.030 2023-02-28T12:54:21
       320     16980     0.917              0         -0.873          5.510       1329.450          0.363         12.171 2023-02-28T12:54:34
       330     17501     0.914              0         -0.881          5.210       1231.762          0.168         11.834 2023-02-28T12:54:45
       340     18010     0.912              0         -0.880          5.090        851.079          0.028         11.816 2023-02-28T12:54:57
       350     18558     0.909              0         -0.873          5.480       1061.830          0.000         12.090 2023-02-28T12:55:09
       360     19120     0.907              0         -0.866          5.620       1036.733          0.346         12.057 2023-02-28T12:55:21
       370     19634     0.904              0         -0.881          5.140        677.625          0.006         11.622 2023-02-28T12:55:33
       380     20179     0.902              0         -0.870          5.450        810.648          0.000         11.831 2023-02-28T12:55:45
       390     20714     0.899              0         -0.876          5.350        571.847          0.000         11.912 2023-02-28T12:55:57
       400     21235     0.897              0         -0.883          5.210        978.503          0.003         11.781 2023-02-28T12:56:09
       410     21769     0.894              0         -0.878          5.340        877.900          0.000         11.957 2023-02-28T12:56:20
       420     22247     0.892              0         -0.897          4.780       1034.531          0.496         11.642 2023-02-28T12:56:32
       430     22769     0.890              0         -0.881          5.220        551.930          0.006         11.664 2023-02-28T12:56:44
       440     23342     0.887              0         -0.868          5.730        742.771          0.000         12.146 2023-02-28T12:56:56
       450     23834     0.885              0         -0.892          4.920        496.119          0.507         11.586 2023-02-28T12:57:07
       460     24334     0.883              0         -0.885          5.000        473.228          0.002         11.328 2023-02-28T12:57:19
       470     24866     0.880              0         -0.879          5.320        905.217          0.000         11.849 2023-02-28T12:57:31
       480     25347     0.878              0         -0.894          4.810        575.659          0.005         11.410 2023-02-28T12:57:42
       490     25862     0.876              0         -0.884          5.150       1118.041          0.000         11.916 2023-02-28T12:57:54
       500     26305     0.874              0         -0.908          4.430        946.042          0.000         11.335 2023-02-28T12:58:05
       510     26797     0.872              0         -0.892          4.920        424.791          0.000         11.269 2023-02-28T12:58:17
       520     27337     0.869              0         -0.875          5.400        826.475          0.005         12.005 2023-02-28T12:58:29
       530     27865     0.867              0         -0.878          5.280        876.199          0.002         11.837 2023-02-28T12:58:40
       540     28339     0.865              0         -0.897          4.740        835.403          0.492         11.572 2023-02-28T12:58:52
       550     28812     0.863              0         -0.898          4.730        584.118          0.003         11.302 2023-02-28T12:59:03
       560     29350     0.860              0         -0.875          5.380       1347.048          0.002         12.663 2023-02-28T12:59:16
       570     29893     0.858              0         -0.873          5.430        896.283          0.492         11.804 2023-02-28T12:59:28
       580     30413     0.856              0         -0.881          5.200        954.843          0.000         11.984 2023-02-28T12:59:40
       590     30884     0.854              0         -0.894          4.710        758.069          0.152         11.614 2023-02-28T12:59:51
       600     31349     0.852              0         -0.898          4.650        545.908          0.000         11.427 2023-02-28T13:00:03
       610     31860     0.849              0         -0.882          5.110        863.535          0.336         11.860 2023-02-28T13:00:15
       620     32382     0.847              0         -0.884          5.220        461.079          0.000         11.516 2023-02-28T13:00:26
       630     32886     0.845              0         -0.888          5.040        445.815         -0.002         11.483 2023-02-28T13:00:38
       640     33391     0.843              0         -0.887          5.050        459.327          0.000         11.253 2023-02-28T13:00:49
       650     33866     0.841              0         -0.901          4.750        968.825          0.000         11.515 2023-02-28T13:01:00
       660     34410     0.838              0         -0.874          5.440       1045.877          0.002         12.082 2023-02-28T13:01:13
       670     34954     0.836              0         -0.884          5.440        962.326          0.335         12.256 2023-02-28T13:01:25
       680     35548     0.833              0         -0.867          5.940        463.961         -0.002         12.100 2023-02-28T13:01:37
       690     36077     0.831              0         -0.884          5.290        877.309          0.000         12.325 2023-02-28T13:01:49
       700     36605     0.829              0         -0.886          5.280        837.332          0.151         11.864 2023-02-28T13:02:01
       710     37183     0.826              0         -0.871          5.780        579.008         -0.002         12.026 2023-02-28T13:02:13
       720     37803     0.824              0         -0.857          6.200       1180.663          0.164         13.086 2023-02-28T13:02:26
       730     38428     0.821              0         -0.855          6.250        358.263          0.001         12.517 2023-02-28T13:02:39
       740     39036     0.819              0         -0.861          6.080        792.247          0.006         12.806 2023-02-28T13:02:52
       750     39727     0.816              0         -0.839          6.910        894.722          0.000         13.114 2023-02-28T13:03:05
       760     40384     0.813              0         -0.851          6.570        890.310          0.001         13.274 2023-02-28T13:03:18
       770     41059     0.810              0         -0.843          6.750        904.813          0.000         13.016 2023-02-28T13:03:31
       780     41651     0.808              0         -0.870          5.920        443.924          0.005         12.391 2023-02-28T13:03:43
       790     42307     0.805              0         -0.846          6.560        875.364          0.006         12.992 2023-02-28T13:03:56
       800     42931     0.803              0         -0.857          6.240        929.718          0.335         12.494 2023-02-28T13:04:09
       810     43557     0.800              0         -0.856          6.260        881.434          0.484         12.945 2023-02-28T13:04:22
       820     44179     0.797              0         -0.855          6.220        840.852          0.004         13.204 2023-02-28T13:04:35
       830     44806     0.795              0         -0.857          6.270        618.685          0.337         12.613 2023-02-28T13:04:48
       840     45455     0.792              0         -0.850          6.490        783.439          0.159         13.011 2023-02-28T13:05:01
       850     46149     0.789              0         -0.829          6.940        372.423          0.149         12.781 2023-02-28T13:05:13
       860     46823     0.787              0         -0.838          6.740        476.175          0.000         12.801 2023-02-28T13:05:26
       870     47514     0.784              0         -0.833          6.910        406.717         -0.001         12.961 2023-02-28T13:05:39
       880     48190     0.781              0         -0.812          6.760       1026.088          0.003         13.673 2023-02-28T13:05:53
       890     48772     0.779              0         -0.859          5.820        378.518          0.000         12.053 2023-02-28T13:06:05
       900     49425     0.776              0         -0.846          6.530        598.319          0.148         12.810 2023-02-28T13:06:18
       910     50008     0.774              0         -0.858          5.830        310.836          0.000         12.198 2023-02-28T13:06:30
       920     50558     0.772              0         -0.866          5.500        294.452          0.340         11.615 2023-02-28T13:06:41
       930     51151     0.769              0         -0.861          5.930        297.175          0.005         12.434 2023-02-28T13:06:54
       940     51813     0.767              0         -0.829          6.620        475.274          0.004         13.105 2023-02-28T13:07:07
       950     52462     0.764              0         -0.834          6.490        635.157          0.010         13.217 2023-02-28T13:07:20
       960     53132     0.762              0         -0.803          6.700        406.501          0.005         12.849 2023-02-28T13:07:33
       970     53815     0.759              0         -0.796          6.830        641.030          0.149         13.486 2023-02-28T13:07:47
       980     54391     0.757              0         -0.861          5.760        165.745          0.006         12.516 2023-02-28T13:07:59
       990     54989     0.754              0         -0.839          5.980        206.116          0.004         12.250 2023-02-28T13:08:11
      1000     55658     0.752              0         -0.813          6.690        570.435          0.484         13.714 2023-02-28T13:08:25
      1010     56377     0.749              0         -0.795          7.190         55.589          0.000         13.559 2023-02-28T13:08:39
      1020     57125     0.746              0         -0.766          7.480         92.708          0.147         13.444 2023-02-28T13:08:52
      1030     57962     0.743              0         -0.736          8.370         98.717          0.340         14.799 2023-02-28T13:09:07
      1040     58733     0.740              0         -0.777          7.710         50.519          0.004         13.684 2023-02-28T13:09:21
      1050     59599     0.737              0         -0.756          8.660         45.036          0.005         14.425 2023-02-28T13:09:35
      1060     60474     0.733              0         -0.730          8.750         46.708          0.000         14.583 2023-02-28T13:09:50
      1070     61316     0.730              0         -0.743          8.420         67.667          0.340         14.303 2023-02-28T13:10:04
      1080     62238     0.727              0         -0.719          9.220         42.116          0.002         14.964 2023-02-28T13:10:19
      1090     63189     0.723              0         -0.636          9.510         36.699          0.000         14.782 2023-02-28T13:10:34
      1100     64180     0.720              0         -0.594          9.910         90.229          0.000         15.992 2023-02-28T13:10:50
      1110     65454     0.715              0         -0.220         12.740         70.899          0.000         17.523 2023-02-28T13:11:07
      1120     66558     0.711              0         -0.556         11.040         92.559          0.147         16.713 2023-02-28T13:11:24
      1130     67819     0.706              0         -0.435         12.610         63.847          0.150         17.840 2023-02-28T13:11:42
      1140     68921     0.702              0         -0.574         11.020         37.927          0.006         16.590 2023-02-28T13:11:58
      1150     69921     0.699              0         -0.576         10.000         29.914          0.002         15.866 2023-02-28T13:12:14
      1160     70810     0.696              0         -0.684          8.890         74.605          0.013         15.343 2023-02-28T13:12:29
      1170     71951     0.692              0         -0.505         11.410         70.395          0.014         17.086 2023-02-28T13:12:47
      1180     73109     0.688              0         -0.512         11.580         62.911          0.004         17.145 2023-02-28T13:13:04
      1190     74287     0.683              0         -0.440         11.780         57.298          0.016         17.819 2023-02-28T13:13:21
      1200     75360     0.680              0         -0.552         10.730         61.338          0.009         16.514 2023-02-28T13:13:38
      1210     76356     0.676              0         -0.592          9.960         60.996          0.000         15.967 2023-02-28T13:13:54
      1220     77286     0.673              0         -0.689          9.300         66.655          0.018         16.062 2023-02-28T13:14:10
      1230     78264     0.670              0         -0.637          9.780         36.425          0.000         15.761 2023-02-28T13:14:26
      1240     79966     0.664              0          0.360         17.020         68.237          0.003         21.896 2023-02-28T13:14:48
      1250     82595     0.655              0          2.008         26.290         74.722          0.018         29.489 2023-02-28T13:15:17
      1260     84946     0.647              0          1.897         23.510         66.470          0.339         26.982 2023-02-28T13:15:44
      1270     86571     0.642              0          0.319         16.250         35.043          0.005         21.500 2023-02-28T13:16:06
      1280     87574     0.638              0         -0.612         10.030         65.741          0.479         16.365 2023-02-28T13:16:22
      1290     88518     0.635              0         -0.655          9.440         54.231          0.147         16.446 2023-02-28T13:16:38
      1300     89565     0.632              0         -0.596         10.470         32.580          0.002         16.924 2023-02-28T13:16:55
      1310     90513     0.629              0         -0.632          9.480         77.728          0.000         16.694 2023-02-28T13:17:12
      1320     91581     0.625              0         -0.561         10.680         69.102          0.339         17.232 2023-02-28T13:17:29
      1330     92889     0.621              0         -0.370         13.080         81.496          0.006         19.486 2023-02-28T13:17:49
      1340     94176     0.617              0         -0.175         12.870         64.902          0.340         19.066 2023-02-28T13:18:08
      1350     95315     0.614              0         -0.477         11.390         59.205          0.343         18.329 2023-02-28T13:18:26
      1360     96243     0.611              0         -0.649          9.280         71.273          0.013         16.613 2023-02-28T13:18:43
      1370     97293     0.607              0         -0.558         10.500         57.723          0.000         16.570 2023-02-28T13:18:59
      1380     98286     0.604              0         -0.621          9.930         35.664          0.014         16.237 2023-02-28T13:19:16
      1390     99445     0.601              0         -0.494         11.590         57.760          0.002         18.159 2023-02-28T13:19:34
      1400    100603     0.597              0         -0.518         11.580         74.305          0.145         17.616 2023-02-28T13:19:51
      1410    102006     0.593              0         -0.140         14.030         28.860          0.000         19.125 2023-02-28T13:20:11
      1420    103357     0.589              0         -0.256         13.510         35.665          0.000         19.069 2023-02-28T13:20:30
      1430    104495     0.585              0         -0.396         11.380         77.186          0.009         18.194 2023-02-28T13:20:48
      1440    105488     0.582              0         -0.610          9.930         25.380          0.008         15.992 2023-02-28T13:21:04
      1450    106408     0.580              0         -0.692          9.200         57.143          0.145         16.397 2023-02-28T13:21:20
      1460    107390     0.577              0         -0.611          9.820         31.055          0.338         15.967 2023-02-28T13:21:36
      1470    108484     0.574              0         -0.512         10.940         62.368          0.000         17.771 2023-02-28T13:21:54
      1480    109321     0.571              0         -0.738          8.370         35.945          0.002         15.464 2023-02-28T13:22:09
      1490    110209     0.568              0         -0.702          8.880         56.371          0.337         15.454 2023-02-28T13:22:25
      1500    111081     0.566              0         -0.735          8.720         66.009          0.012         16.128 2023-02-28T13:22:41
      1510    111935     0.563              0         -0.743          8.540         36.907          0.000         15.120 2023-02-28T13:22:56
      1520    112735     0.561              0         -0.757          8.000         75.831          0.013         15.685 2023-02-28T13:23:12
      1530    113692     0.558              0         -0.688          9.570         32.053          0.000         15.651 2023-02-28T13:23:27
      1540    114627     0.556              0         -0.675          9.350         61.532          0.339         15.701 2023-02-28T13:23:43
      1550    115427     0.553              0         -0.746          8.000         32.546          0.004         15.179 2023-02-28T13:23:58
      1560    116283     0.551              0         -0.737          8.560         60.909          0.012         15.493 2023-02-28T13:24:14
      1570    117122     0.549              0         -0.744          8.390         66.393          0.000         15.788 2023-02-28T13:24:30
      1580    117944     0.546              0         -0.750          8.220         28.908          0.012         14.898 2023-02-28T13:24:44
      1590    118770     0.544              0         -0.752          8.260         68.981          0.012         15.897 2023-02-28T13:25:00
      1600    119623     0.542              0         -0.732          8.530         61.698          0.340         15.455 2023-02-28T13:25:16
      1610    120472     0.539              0         -0.730          8.490         33.519          0.012         15.006 2023-02-28T13:25:31
      1620    121359     0.537              0         -0.717          8.870         60.724          0.338         16.067 2023-02-28T13:25:47
      1630    122211     0.535              0         -0.742          8.520         61.740          0.143         15.928 2023-02-28T13:26:03
      1640    123030     0.532              0         -0.747          8.190          1.417          0.003         14.313 2023-02-28T13:26:17
      1650    123862     0.530              0         -0.738          8.320         63.676          0.347         15.500 2023-02-28T13:26:33
      1660    124732     0.528              0         -0.722          8.700         36.056          0.000         14.933 2023-02-28T13:26:48
      1670    125540     0.526              0         -0.750          8.080         57.495          0.022         15.428 2023-02-28T13:27:03
      1680    126405     0.523              0         -0.735          8.650         56.206          0.009         15.902 2023-02-28T13:27:19
      1690    127279     0.521              0         -0.732          8.740         61.472          0.014         16.417 2023-02-28T13:27:35
      1700    128108     0.519              0         -0.747          8.290         63.583          0.000         15.887 2023-02-28T13:27:51
      1710    128955     0.516              0         -0.739          8.470         65.293          0.011         15.556 2023-02-28T13:28:07
      1720    129824     0.514              0         -0.707          8.690         32.186          0.000         15.186 2023-02-28T13:28:22
      1730    130637     0.512              0         -0.753          8.130         54.085          0.000         15.368 2023-02-28T13:28:37
      1740    131484     0.510              0         -0.737          8.470         64.705          0.143         15.551 2023-02-28T13:28:53
      1750    132358     0.507              0         -0.710          8.740         67.085          0.026         16.670 2023-02-28T13:29:10
      1760    133202     0.505              0         -0.732          8.440         58.037          0.000         15.650 2023-02-28T13:29:25
      1770    134202     0.503              0         -0.676         10.000         51.802          0.489         17.316 2023-02-28T13:29:42
      1780    135164     0.500              0         -0.688          9.620         55.371          0.142         16.509 2023-02-28T13:29:59
      1790    136079     0.498              0         -0.726          9.150         34.791          0.000         16.002 2023-02-28T13:30:15
      1800    136968     0.496              0         -0.714          8.890         22.883          0.000         15.267 2023-02-28T13:30:30
      1810    137818     0.493              0         -0.730          8.500         52.517          0.142         15.132 2023-02-28T13:30:45
      1820    138612     0.491              0         -0.753          7.940         26.295          0.012         14.986 2023-02-28T13:31:00
      1830    139471     0.489              0         -0.727          8.590         32.577          0.000         14.938 2023-02-28T13:31:15
      1840    140322     0.487              0         -0.732          8.510         28.810          0.002         15.084 2023-02-28T13:31:30
      1850    141164     0.485              0         -0.725          8.420         60.120          0.000         16.050 2023-02-28T13:31:46
      1860    142091     0.483              0         -0.674          9.270         61.341          0.013         16.572 2023-02-28T13:32:03
      1870    142954     0.481              0         -0.729          8.630         58.061          0.000         16.042 2023-02-28T13:32:19
      1880    143822     0.479              0         -0.716          8.680         58.445          0.000         15.973 2023-02-28T13:32:35
      1890    144779     0.476              0         -0.650          9.570         31.603          0.000         16.790 2023-02-28T13:32:52
      1900    145717     0.474              0         -0.656          9.380         66.433          0.011         16.360 2023-02-28T13:33:08
      1910    146636     0.472              0         -0.654          9.190         29.925          0.001         15.976 2023-02-28T13:33:24
      1920    147520     0.470              0         -0.703          8.840         94.354          0.353         16.533 2023-02-28T13:33:41
      1930    148548     0.467              0         -0.603         10.280         54.244          0.339         17.331 2023-02-28T13:33:58
      1940    149424     0.465              0         -0.685          8.760         66.849          0.141         16.154 2023-02-28T13:34:14
      1950    150323     0.463              0         -0.679          8.990         32.485          0.004         15.906 2023-02-28T13:34:30
      1960    151310     0.460              0         -0.629          9.870        109.326          0.475         17.484 2023-02-28T13:34:48
      1970    152441     0.458              0         -0.401         11.310         27.538          0.000         17.915 2023-02-28T13:35:05
      1980    153452     0.455              0         -0.584         10.110         32.414          0.000         16.313 2023-02-28T13:35:22
      1990    154616     0.453              0         -0.377         11.640         91.246          0.141         18.587 2023-02-28T13:35:40
      2000    155773     0.450              0         -0.382         11.570         34.524          0.000         18.133 2023-02-28T13:35:59
      2010    157601     0.446              0          0.738         18.280         40.811          0.003         23.315 2023-02-28T13:36:22
      2020    158530     0.444              0         -0.671          9.290         32.971          0.013         16.050 2023-02-28T13:36:38
      2030    159439     0.442              0         -0.676          9.090         30.358          0.141         15.813 2023-02-28T13:36:54
      2040    160387     0.440              0         -0.672          9.480         17.233          0.141         15.678 2023-02-28T13:37:09
      2050    161340     0.437              0         -0.643          9.530         17.664          0.003         16.419 2023-02-28T13:37:26
      2060    162422     0.435              0         -0.536         10.820         31.666          0.000         17.424 2023-02-28T13:37:43
      2070    163913     0.432              0          0.453         14.910         32.468          0.479         20.516 2023-02-28T13:38:04
      2080    167839     0.423              2         11.191         39.260         12.835          0.000         38.489 2023-02-28T13:38:42
      2090    170788     0.417              1          6.023         29.490         12.203          0.000         30.684 2023-02-28T13:39:13
      2100    173140     0.412              0          2.854         23.520         28.392          0.039         27.060 2023-02-28T13:39:40
      2110    174220     0.409              0         -0.562         10.800         30.783          0.143         16.935 2023-02-28T13:39:57
      2120    175433     0.407              0         -0.498         12.130         16.370          0.011         17.952 2023-02-28T13:40:15
      2130    177128     0.403              0          0.104         16.950         29.492          0.053         22.265 2023-02-28T13:40:37
      2140    180013     0.397              1          6.272         28.850         26.765          0.000         30.822 2023-02-28T13:41:08
      2150    183298     0.391              2          8.344         32.850         30.143          0.143         34.567 2023-02-28T13:41:43
      2160    184811     0.388              0          0.184         15.130         12.998          0.012         20.495 2023-02-28T13:42:03
      2170    186105     0.385              0         -0.229         12.940         31.575          0.002         18.827 2023-02-28T13:42:22
      2180    188466     0.381              0          2.936         23.610         30.397          0.008         26.857 2023-02-28T13:42:49
      2190    189936     0.378              0         -0.147         14.700         29.740          0.144         19.932 2023-02-28T13:43:09
      2200    191195     0.375              0         -0.418         12.590         25.632          0.143         18.643 2023-02-28T13:43:27
      2210    192361     0.373              0         -0.527         11.660         15.937          0.000         17.626 2023-02-28T13:43:45
      2220    193507     0.371              0         -0.580         11.460         24.497          0.018         17.935 2023-02-28T13:44:03
      2230    194944     0.368              0         -0.350         14.370         26.524          0.000         20.436 2023-02-28T13:44:23
      2240    196947     0.364              0          0.668         20.030         29.356          0.000         23.914 2023-02-28T13:44:47
      2250    198651     0.361              0          0.295         17.040         12.916          0.050         21.732 2023-02-28T13:45:09
      2260    200083     0.359              0         -0.294         14.320         11.412          0.000         19.056 2023-02-28T13:45:28
      2270    201374     0.356              0         -0.452         12.910         27.439          0.027         18.762 2023-02-28T13:45:47
      2280    202754     0.354              0         -0.408         13.800         16.462          0.002         19.154 2023-02-28T13:46:06
      2290    204315     0.351              0         -0.052         15.610         27.950          0.075         21.367 2023-02-28T13:46:27
      2300    205566     0.349              0         -0.377         12.510         15.385          0.002         17.649 2023-02-28T13:46:45
      2310    207815     0.345              0          2.246         22.490         26.848          0.000         25.921 2023-02-28T13:47:11
      2320    209228     0.342              0         -0.250         14.130         30.739          0.046         19.940 2023-02-28T13:47:31
      2330    210494     0.340              0         -0.372         12.660         26.423          0.140         18.598 2023-02-28T13:47:49
      2340    211813     0.338              0         -0.344         13.190         13.416          0.002         18.674 2023-02-28T13:48:08
      2350    213231     0.335              0         -0.263         14.180         13.506          0.002         19.057 2023-02-28T13:48:27
      2360    214409     0.333              0         -0.505         11.780         27.267          0.000         17.499 2023-02-28T13:48:45
      2370    215923     0.331              0         -0.129         15.140         28.751          0.481         20.709 2023-02-28T13:49:05
      2380    217457     0.328              0         -0.108         15.340         31.499          0.479         21.425 2023-02-28T13:49:27
      2390    218828     0.326              0         -0.416         13.710         15.023          0.073         18.845 2023-02-28T13:49:46
      2400    220353     0.323              0         -0.375         15.250         14.389          0.002         20.337 2023-02-28T13:50:06
      2410    222452     0.320              0          0.524         20.990         24.483          0.001         25.253 2023-02-28T13:50:31
      2420    224340     0.317              0          0.357         18.880         26.007          0.052         22.966 2023-02-28T13:50:54
      2430    226515     0.313              0          0.571         21.750         24.909          0.065         25.638 2023-02-28T13:51:20
      2440    228463     0.310              0          0.521         19.480         41.291          0.142         24.172 2023-02-28T13:51:44
      2450    230380     0.307              0          0.344         19.170         29.443          0.158         24.006 2023-02-28T13:52:08
      2460    232262     0.304              0          0.383         18.820         14.841          0.085         23.086 2023-02-28T13:52:31
      2470    233798     0.302              0         -0.191         15.360         27.910          0.030         20.684 2023-02-28T13:52:52
      2480    235511     0.299              0          0.276         17.130         17.568          0.014         21.615 2023-02-28T13:53:13
      2490    238658     0.294              0          5.894         31.470         28.968          0.046         32.907 2023-02-28T13:53:46
      2500    245559     0.284              2         23.164         69.010         28.368          0.477         62.367 2023-02-28T13:54:49
      2510    249710     0.278              0         10.956         41.510         27.386          0.423         41.474 2023-02-28T13:55:30
      2520    251227     0.276              0          0.030         15.170         16.276          0.000         19.970 2023-02-28T13:55:50
      2530    252693     0.274              0         -0.151         14.660         12.159          0.000         19.535 2023-02-28T13:56:10
      2540    254577     0.271              0          1.755         18.840         21.970          0.002         24.054 2023-02-28T13:56:34
      2550    257587     0.267              0          5.442         30.100         45.670          0.000         32.261 2023-02-28T13:57:06
      2560    261801     0.261              0         10.500         42.140         16.780          0.002         41.483 2023-02-28T13:57:47
      2570    264078     0.258              0          1.377         22.770         23.213          0.049         26.119 2023-02-28T13:58:14
      2580    265565     0.256              0         -0.308         14.870         24.680          0.000         20.628 2023-02-28T13:58:34
      2590    268402     0.253              1          4.056         28.370         14.099          0.000         30.668 2023-02-28T13:59:05
      2600    274662     0.245              0         19.512         62.600         14.348          0.000         56.528 2023-02-28T14:00:01
      2610    279448     0.239              0         11.870         47.860         26.716          0.344         45.759 2023-02-28T14:00:47
      2620    281668     0.236              0          1.252         22.200         13.606          0.031         25.340 2023-02-28T14:01:12
      2630    283238     0.234              0         -0.191         15.700         12.881          0.020         20.792 2023-02-28T14:01:33
      2640    286132     0.231              0          4.458         28.940         27.937          0.000         31.751 2023-02-28T14:02:05
      2650    288433     0.228              0          1.023         23.010         32.164          0.479         26.758 2023-02-28T14:02:32
      2660    292094     0.224              0          9.315         36.610         27.128          0.016         37.980 2023-02-28T14:03:10
      2670    293589     0.222              0         -0.304         14.950         27.642          0.087         20.674 2023-02-28T14:03:30
      2680    295842     0.220              0          2.594         22.530         26.020          0.034         26.616 2023-02-28T14:03:57
      2690    305214     0.209              9         34.368         93.720         15.188          0.000         80.557 2023-02-28T14:05:18
      2700    312606     0.201              5         25.748         73.920         26.793          0.000         65.428 2023-02-28T14:06:23
      2710    315826     0.198              0          4.681         32.200         25.967          0.000         33.678 2023-02-28T14:06:57
      2720    317471     0.197              0          0.004         16.450          9.729          0.000         21.301 2023-02-28T14:07:18
      2730    318823     0.195              0         -0.294         13.520         26.351          0.000         19.656 2023-02-28T14:07:38
      2740    323485     0.191              2         12.933         46.620         24.825          0.036         45.658 2023-02-28T14:08:23
      2750    330897     0.183              5         25.587         74.120          0.427          0.000         65.572 2023-02-28T14:09:29
      2760    341768     0.174             10         42.179        108.710         25.670          0.341         92.802 2023-02-28T14:11:02
      2770    347536     0.168              1         18.471         57.680         28.596          0.479         53.285 2023-02-28T14:11:55
      2780    349328     0.167              0          0.368         17.920         15.652          0.000         22.095 2023-02-28T14:12:17
      2790    351107     0.165              0          0.582         17.790         26.598          0.000         22.493 2023-02-28T14:12:40
      2800    354484     0.163              1          6.451         33.770         23.947          0.000         35.230 2023-02-28T14:13:15
      2810    358437     0.159              3          9.880         39.530         29.512          0.000         39.226 2023-02-28T14:13:54
      2820    362643     0.156              1          9.783         42.060         13.547          0.340         40.705 2023-02-28T14:14:35
      2830    364507     0.154              0          0.415         18.640         27.337          0.000         23.738 2023-02-28T14:14:58
      2840    366263     0.153              0          0.209         17.560         15.002          0.000         22.186 2023-02-28T14:15:21
      2850    369767     0.150              0          6.125         35.040         36.073          0.000         37.332 2023-02-28T14:15:58
      2860    371834     0.149              0          1.223         20.670         38.382          0.137         25.046 2023-02-28T14:16:23
      2870    374310     0.147              0          1.801         24.760         27.693          0.338         28.526 2023-02-28T14:16:52
      2880    379874     0.143              2         14.044         55.640         13.234          0.043         51.897 2023-02-28T14:17:43
      2890    387542     0.137              2         24.314         76.680         23.024          0.137         68.862 2023-02-28T14:18:52
      2900    390027     0.135              0          2.730         24.850         15.931          0.000         28.041 2023-02-28T14:19:20
      2910    392052     0.134              0          0.916         20.250         24.793          0.039         24.621 2023-02-28T14:19:45
      2920    393663     0.133              0         -0.116         16.110         11.401          0.022         20.944 2023-02-28T14:20:06
      2930    398420     0.130              2         12.963         47.570         24.565          0.041         46.138 2023-02-28T14:20:52
      2940    401780     0.128              2          7.274         33.600         11.799          0.073         34.716 2023-02-28T14:21:27
      2950    403902     0.126              0          0.817         21.220         39.733          0.136         26.068 2023-02-28T14:21:53
      2960    405663     0.125              0          0.310         17.610          9.285          0.000         22.964 2023-02-28T14:22:16
      2970    410247     0.122              0         10.976         45.840         23.646          0.000         44.950 2023-02-28T14:23:01
      2980    417028     0.118              2         21.107         67.810         38.466          0.138         62.008 2023-02-28T14:24:03
      2990    426837     0.112              6         35.257         98.090         15.331          0.059         84.809 2023-02-28T14:25:28
      3000    429803     0.110              0          3.898         29.660         29.306          0.382         31.582 2023-02-28T14:25:59
      3010    431714     0.109              0          0.521         19.110         12.292          0.000         23.489 2023-02-28T14:26:23
      3020    433414     0.108              0         -0.009         17.000         22.482          0.055         22.046 2023-02-28T14:26:45
      3030    434991     0.108              0         -0.227         15.770         19.975          0.000         20.961 2023-02-28T14:27:06
      3040    437441     0.106              0          2.344         24.500         21.023          0.475         28.240 2023-02-28T14:27:34
      3050    441158     0.104              0          6.921         37.170         20.833          0.136         37.336 2023-02-28T14:28:11
      3060    446151     0.102              0         11.776         49.930         10.566          0.017         47.214 2023-02-28T14:28:58
      3070    449923     0.100              0          7.690         37.720         19.361          0.337         36.986 2023-02-28T14:29:35
      3080    453334     0.098              0          4.203         34.110          9.611          0.001         35.554 2023-02-28T14:30:11
      3090    455396     0.097              0          0.733         20.620         21.309          0.000         24.707 2023-02-28T14:30:36
      3100    457019     0.096              0          0.127         16.230         20.601          0.057         21.416 2023-02-28T14:30:57
      3110    458660     0.095              0          0.036         16.410         18.024          0.137         21.450 2023-02-28T14:31:19
      3120    461646     0.094              0          4.233         29.860         10.504          0.000         31.628 2023-02-28T14:31:50
      3130    466197     0.092              0         12.020         45.510         19.801          0.477         44.311 2023-02-28T14:32:34
      3140    469891     0.090              0          6.752         36.940         18.718          0.136         37.843 2023-02-28T14:33:12
      3150    472916     0.089              0          4.323         30.250         22.484          0.135         32.346 2023-02-28T14:33:45
      3160    475066     0.088              0          1.943         21.500         10.408          0.019         25.233 2023-02-28T14:34:10
      3170    477210     0.087              0          1.194         21.440         26.997          0.137         26.331 2023-02-28T14:34:36
      3180    479200     0.086              0          0.837         19.900         20.074          0.137         24.415 2023-02-28T14:35:01
      3190    480855     0.085              0          0.187         16.550          9.827          0.000         21.002 2023-02-28T14:35:22
      3200    483533     0.084              0          4.147         26.780         19.641          0.086         29.550 2023-02-28T14:35:51
      3210    486566     0.083              0          3.964         30.330          7.776          0.001         32.105 2023-02-28T14:36:23
      3220    489427     0.081              0          3.789         28.610         21.239          0.001         31.358 2023-02-28T14:36:55
      3230    491342     0.081              0          0.482         19.150         17.132          0.000         23.237 2023-02-28T14:37:18
      3240    493433     0.080              0          0.834         20.910         19.386          0.077         25.421 2023-02-28T14:37:43
      3250    498832     0.078              0         12.847         53.990         17.346          0.058         50.538 2023-02-28T14:38:34
      3260    503605     0.076              0          9.651         47.730         19.425          0.135         45.622 2023-02-28T14:39:19
      3270    505185     0.075              0         -0.241         15.800          9.874          0.000         21.528 2023-02-28T14:39:41
      3280    506899     0.074              0          0.131         17.140         19.358          0.000         22.077 2023-02-28T14:40:03
      3290    511472     0.073              0          8.297         45.730          8.938          0.000         44.015 2023-02-28T14:40:47
      3300    517982     0.070              1         19.920         65.100         19.713          0.000         58.888 2023-02-28T14:41:46
      3310    519731     0.070              0          0.371         17.490         10.704          0.001         22.362 2023-02-28T14:42:08
      3320    521330     0.069              0         -0.209         15.990         18.786          0.060         21.189 2023-02-28T14:42:30
      3330    524541     0.068              0          5.137         32.110         18.122          0.337         33.663 2023-02-28T14:43:03
      3340    530618     0.066              0         15.773         60.770          9.797          0.002         55.965 2023-02-28T14:43:59
      3350    537425     0.064              0         18.977         68.070         14.938          0.000         61.081 2023-02-28T14:45:00
      3360    539653     0.063              0          1.513         22.280          9.444          0.108         25.736 2023-02-28T14:45:26
      3370    541249     0.062              0         -0.145         15.960         20.527          0.000         21.296 2023-02-28T14:45:47
      3380    543382     0.062              0          0.720         21.330         10.816          0.151         25.184 2023-02-28T14:46:12
      3390    548700     0.060              0         11.280         53.180         18.389          0.136         49.865 2023-02-28T14:47:02
      3400    554226     0.058              0         14.567         55.260         10.659          0.001         51.320 2023-02-28T14:47:54
      3410    555922     0.058              0         -0.068         16.960         17.764          0.338         21.937 2023-02-28T14:48:16
      3420    559345     0.057              0          4.999         34.230         20.731          0.000         35.554 2023-02-28T14:48:51
      3430    562943     0.056              0          5.555         35.980         16.522          0.000         37.169 2023-02-28T14:49:28
      3440    565809     0.055              0          2.965         28.660          9.431          0.000         30.741 2023-02-28T14:49:59
      3450    567442     0.055              0         -0.176         16.330         26.054          0.473         22.818 2023-02-28T14:50:22
      3460    572295     0.053              0         11.484         48.530         16.978          0.053         46.258 2023-02-28T14:51:08
      3470    579095     0.051              0         17.854         68.000          9.554          0.053         61.634 2023-02-28T14:52:10
      3480    584045     0.050              0         11.725         49.500         10.473          0.001         46.903 2023-02-28T14:52:57
      3490    587429     0.049              0          5.159         33.840          9.478          0.029         33.921 2023-02-28T14:53:31
      3500    589665     0.049              0          1.447         22.360         17.078          0.000         26.222 2023-02-28T14:53:57
      3510    592679     0.048              0          3.053         30.140         17.915          0.000         32.459 2023-02-28T14:54:29
      3520    596088     0.047              0          6.019         34.090         18.070          0.469         35.940 2023-02-28T14:55:05
      3530    598742     0.046              0          1.854         26.540         18.490          0.471         29.676 2023-02-28T14:55:35
      3540    601174     0.046              0          1.298         24.320         18.261          0.000         28.284 2023-02-28T14:56:03
      3550    604549     0.045              0          4.441         33.750         17.979          0.000         35.846 2023-02-28T14:56:39
      3560    608203     0.044              0          4.804         36.540          9.678          0.000         36.848 2023-02-28T14:57:16
      3570    611908     0.043              0          5.281         37.050         20.230          0.000         37.658 2023-02-28T14:57:53
      3580    615082     0.043              0          3.248         31.740         15.815          0.133         34.138 2023-02-28T14:58:28
      3590    618854     0.042              0          4.750         37.720         10.040          0.340         37.894 2023-02-28T14:59:06
      3600    622205     0.041              0          3.421         33.510          8.971          0.468         34.105 2023-02-28T14:59:40
      3610    625873     0.040              0          4.481         36.680          9.225          0.000         37.078 2023-02-28T15:00:17
      3620    628027     0.040              0          0.806         21.540         18.045          0.087         25.389 2023-02-28T15:00:42
      3630    630141     0.040              0          1.209         21.140         17.567          0.086         25.484 2023-02-28T15:01:08
      3640    632425     0.039              0          1.167         22.840         19.609          0.000         26.665 2023-02-28T15:01:34
      3650    635682     0.038              0          3.542         32.570         19.518          0.134         33.873 2023-02-28T15:02:08
      3660    638664     0.038              0          4.082         29.820         10.423          0.171         31.597 2023-02-28T15:02:40
      3670    644669     0.037              1         15.769         60.050         18.915          0.056         55.175 2023-02-28T15:03:35
      3680    648084     0.036              0          5.093         34.150          8.639          0.000         35.148 2023-02-28T15:04:10
      3690    649781     0.036              0         -0.120         16.970         15.379          0.000         21.633 2023-02-28T15:04:32
      3700    651646     0.035              0          0.256         18.650         17.520          0.000         23.373 2023-02-28T15:04:55
      3710    654547     0.035              0          3.332         29.010         10.294          0.129         31.011 2023-02-28T15:05:26
      3720    659627     0.034              0         12.314         50.800         18.231          0.087         48.657 2023-02-28T15:06:15
      3730    661922     0.034              0          1.285         22.950         16.444          0.000         26.751 2023-02-28T15:06:41
      3740    663884     0.033              0          0.498         19.620         17.942          0.338         24.455 2023-02-28T15:07:06
      3750    666090     0.033              0          1.163         22.060          7.891          0.111         25.633 2023-02-28T15:07:32
      3760    669289     0.032              0          3.550         31.990         16.802          0.000         34.119 2023-02-28T15:08:06
      3770    672862     0.032              0          4.226         35.730          8.769          0.471         35.537 2023-02-28T15:08:41
      3780    676240     0.031              0          3.884         33.780          9.415          0.031         34.644 2023-02-28T15:09:16
      3790    680104     0.031              0          7.423         38.640          9.615          0.000         38.284 2023-02-28T15:09:54
      3800    683869     0.030              0          4.717         37.650         17.323          0.001         38.594 2023-02-28T15:10:33
      3810    685719     0.030              0          0.239         18.500         27.220          0.133         23.376 2023-02-28T15:10:56
      3820    687348     0.030              0         -0.189         16.290          0.232          0.000         20.444 2023-02-28T15:11:17
      3830    688999     0.029              0         -0.171         16.510         16.279          0.132         21.187 2023-02-28T15:11:38
      3840    691883     0.029              0          3.584         28.840          8.645          0.000         31.065 2023-02-28T15:12:09
      3850    695102     0.028              0          3.425         32.190         17.595          0.002         33.863 2023-02-28T15:12:43
      3860    698485     0.028              0          3.710         33.830         18.687          0.000         34.739 2023-02-28T15:13:17
      3870    701658     0.027              0          3.392         31.730         16.814          0.162         35.120 2023-02-28T15:13:53
