   Episode      Step   Epsilon  Get_resultnum     MeanReward     MeanLength       MeanLoss     MeanQValue      TimeDelta                Time
         0        45     1.000              0         -0.894          4.500          0.000          0.000          3.973 2023-03-01T00:46:16
        10       597     0.997              0         -0.859          5.520          0.000          0.000         10.194 2023-03-01T00:46:26
        20      1129     0.994              0         -0.863          5.320          0.000          0.000          9.878 2023-03-01T00:46:36
        30      1691     0.991              0         -0.860          5.620          0.000          0.000          9.990 2023-03-01T00:46:46
        40      2254     0.989              0         -0.858          5.630          0.000          0.000         10.131 2023-03-01T00:46:56
        50      2755     0.986              0         -0.874          5.010          0.000          0.000          9.588 2023-03-01T00:47:06
        60      3247     0.983              0         -0.873          4.920          0.000          0.000          9.677 2023-03-01T00:47:15
        70      3739     0.981              0         -0.879          4.920          0.000          0.000          9.516 2023-03-01T00:47:25
        80      4301     0.978              0         -0.859          5.620          0.000          0.000         10.051 2023-03-01T00:47:35
        90      4789     0.976              0         -0.879          4.880          0.000          0.000          9.748 2023-03-01T00:47:45
       100      5233     0.974              0         -0.894          4.440        819.112          0.706         10.287 2023-03-01T00:47:55
       110      5604     0.972              0         -0.916          3.710       1142.109          0.174         10.081 2023-03-01T00:48:05
       120      6034     0.970              0         -0.898          4.300       1377.564          0.000         10.970 2023-03-01T00:48:16
       130      6552     0.967              0         -0.872          5.180        518.485          0.000         10.885 2023-03-01T00:48:27
       140      7003     0.965              0         -0.891          4.510        564.076          0.145         10.422 2023-03-01T00:48:37
       150      7520     0.962              0         -0.872          5.170        614.526          0.161         11.137 2023-03-01T00:48:48
       160      7964     0.960              0         -0.893          4.440        454.977          0.429         10.342 2023-03-01T00:48:59
       170      8530     0.957              0         -0.861          5.660        546.351          0.838         11.437 2023-03-01T00:49:10
       180      9043     0.955              0         -0.872          5.130       1456.888          0.051         11.303 2023-03-01T00:49:21
       190      9538     0.952              0         -0.883          4.950       1121.017          0.374         11.111 2023-03-01T00:49:33
       200     10053     0.950              0         -0.877          5.150       1208.233          0.196         11.125 2023-03-01T00:49:44
       210     10504     0.948              0         -0.891          4.510      -1225.329          0.000         10.141 2023-03-01T00:49:54
       220     10990     0.945              0         -0.882          4.860       1009.814          0.536         10.730 2023-03-01T00:50:05
       230     11495     0.943              0         -0.874          5.050       1239.662          0.007         10.791 2023-03-01T00:50:15
       240     12073     0.940              0         -0.849          5.780       2550.350          0.009         11.582 2023-03-01T00:50:27
       250     12594     0.937              0         -0.873          5.210       1258.176          0.008         11.368 2023-03-01T00:50:38
       260     13112     0.935              0         -0.870          5.180       -527.955          0.000         11.233 2023-03-01T00:50:50
       270     13728     0.932              0         -0.852          6.160       1407.163          0.001         11.578 2023-03-01T00:51:01
       280     14248     0.930              0         -0.873          5.200       2599.540          0.005         11.433 2023-03-01T00:51:13
       290     14851     0.927              0         -0.848          6.030        588.900          0.000         11.880 2023-03-01T00:51:24
       300     15429     0.924              0         -0.852          5.780       2562.863          0.040         11.742 2023-03-01T00:51:36
       310     16031     0.921              0         -0.848          6.020       2572.626          0.158         12.295 2023-03-01T00:51:48
       320     16548     0.919              0         -0.873          5.170        692.851          0.000         10.905 2023-03-01T00:51:59
       330     17061     0.916              0         -0.875          5.130       2213.847          0.340         11.201 2023-03-01T00:52:11
       340     17628     0.914              0         -0.860          5.670       2190.025          0.341         11.626 2023-03-01T00:52:22
       350     18132     0.911              0         -0.880          5.040       1319.920          0.002         11.394 2023-03-01T00:52:34
       360     18645     0.909              0         -0.875          5.130        847.671          0.004         10.770 2023-03-01T00:52:44
       370     19255     0.906              0         -0.850          6.100       1667.749          0.000         11.976 2023-03-01T00:52:56
       380     19814     0.903              0         -0.862          5.590        974.515          0.000         11.112 2023-03-01T00:53:07
       390     20296     0.901              0         -0.882          4.820       1140.163          0.341         10.776 2023-03-01T00:53:18
       400     20830     0.899              0         -0.872          5.340       1389.271          0.002         11.400 2023-03-01T00:53:30
       410     21363     0.896              0         -0.868          5.330       1124.431          0.001         11.477 2023-03-01T00:53:41
       420     21895     0.894              0         -0.872          5.320        563.182          0.000         10.881 2023-03-01T00:53:52
       430     22445     0.891              0         -0.866          5.500       1520.357          0.004         12.066 2023-03-01T00:54:04
       440     23021     0.889              0         -0.862          5.760       1476.125          0.005         12.314 2023-03-01T00:54:16
       450     23531     0.886              0         -0.878          5.100       1183.787          0.002         11.258 2023-03-01T00:54:28
       460     24086     0.884              0         -0.867          5.550        601.298          0.029         11.195 2023-03-01T00:54:39
       470     24587     0.882              0         -0.882          5.010        931.657          0.000         10.874 2023-03-01T00:54:50
       480     25106     0.879              0         -0.874          5.190        881.668          0.169         11.503 2023-03-01T00:55:01
       490     25656     0.877              0         -0.867          5.500        566.620          0.000         11.201 2023-03-01T00:55:12
       500     26277     0.874              0         -0.845          6.210        888.201          0.001         12.049 2023-03-01T00:55:24
       510     26796     0.872              0         -0.870          5.190        667.300          0.338         11.133 2023-03-01T00:55:36
       520     27269     0.870              0         -0.890          4.730        174.415          0.002         10.672 2023-03-01T00:55:46
       530     27698     0.868              0         -0.901          4.290        560.099          0.004         10.593 2023-03-01T00:55:57
       540     28220     0.865              0         -0.868          5.220        460.626          0.015         11.387 2023-03-01T00:56:08
       550     28799     0.863              0         -0.843          5.790        351.224          0.002         11.611 2023-03-01T00:56:20
       560     29304     0.861              0         -0.879          5.050        285.304          0.000         10.824 2023-03-01T00:56:31
       570     29927     0.858              0         -0.845          6.230        135.637          0.000         11.678 2023-03-01T00:56:42
       580     30448     0.856              0         -0.874          5.210        256.736          0.000         11.577 2023-03-01T00:56:54
       590     31056     0.853              0         -0.847          6.080        317.352          0.000         12.246 2023-03-01T00:57:06
       600     31524     0.851              0         -0.891          4.680        487.090          0.004         11.568 2023-03-01T00:57:18
       610     32036     0.849              0         -0.879          5.120        332.136          0.011         11.553 2023-03-01T00:57:29
       620     32490     0.847              0         -0.896          4.540        303.082          0.341         10.704 2023-03-01T00:57:40
       630     32964     0.845              0         -0.889          4.740        123.625          0.018         10.812 2023-03-01T00:57:51
       640     33412     0.843              0         -0.894          4.480        280.476          0.004         10.694 2023-03-01T00:58:01
       650     33876     0.841              0         -0.893          4.640        317.468          0.000         10.931 2023-03-01T00:58:12
       660     34369     0.838              0         -0.882          4.930        127.898          0.147         10.467 2023-03-01T00:58:23
       670     34927     0.836              0         -0.865          5.580        191.193          0.000         11.564 2023-03-01T00:58:34
       680     35410     0.834              0         -0.887          4.830        355.089          0.151         11.357 2023-03-01T00:58:46
       690     35896     0.832              0         -0.887          4.860        178.137          0.000         11.171 2023-03-01T00:58:57
       700     36370     0.830              0         -0.889          4.740        290.393          0.005         11.351 2023-03-01T00:59:08
       710     36796     0.828              0         -0.900          4.260        180.279          0.000         10.371 2023-03-01T00:59:19
       720     37316     0.826              0         -0.875          5.200        489.175          0.001         11.819 2023-03-01T00:59:30
       730     37776     0.824              0         -0.888          4.600        118.109          0.006         10.738 2023-03-01T00:59:41
       740     38320     0.822              0         -0.869          5.440        206.146          0.004         11.545 2023-03-01T00:59:53
       750     38922     0.819              0         -0.849          6.020        355.954          0.483         11.977 2023-03-01T01:00:05
       760     39573     0.816              0         -0.841          6.510        142.437          0.000         12.335 2023-03-01T01:00:17
       770     40164     0.814              0         -0.861          5.910        478.563          0.337         12.602 2023-03-01T01:00:30
       780     40863     0.811              1         -0.823          6.990        169.698          0.002         12.589 2023-03-01T01:00:42
       790     41481     0.808              0         -0.852          6.180        216.596          0.000         12.114 2023-03-01T01:00:54
       800     42048     0.806              0         -0.864          5.670        219.565          0.004         12.467 2023-03-01T01:01:07
       810     42676     0.804              0         -0.847          6.280        227.354          0.340         12.097 2023-03-01T01:01:19
       820     43284     0.801              0         -0.853          6.080        160.538          0.000         11.685 2023-03-01T01:01:31
       830     43930     0.798              0         -0.847          6.460        112.514          0.005         12.475 2023-03-01T01:01:43
       840     44569     0.796              0         -0.846          6.390        272.661          0.002         12.457 2023-03-01T01:01:56
       850     45153     0.793              0         -0.864          5.840        192.037          0.000         11.898 2023-03-01T01:02:07
       860     45817     0.791              0         -0.832          6.640        195.191          0.009         12.376 2023-03-01T01:02:20
       870     46410     0.788              0         -0.859          5.930        101.569          0.002         11.749 2023-03-01T01:02:32
       880     46996     0.786              0         -0.853          5.860        240.491          0.003         12.043 2023-03-01T01:02:44
       890     47628     0.783              0         -0.847          6.320        321.644          0.336         12.473 2023-03-01T01:02:56
       900     48301     0.781              0         -0.829          6.730        320.655          0.003         12.799 2023-03-01T01:03:09
       910     48905     0.778              0         -0.853          6.040         90.884          0.000         12.137 2023-03-01T01:03:21
       920     49610     0.775              0         -0.822          7.050        268.059          0.002         12.841 2023-03-01T01:03:34
       930     50216     0.773              0         -0.851          6.060        295.344          0.339         12.341 2023-03-01T01:03:46
       940     50878     0.770              0         -0.833          6.620        151.835          0.003         12.449 2023-03-01T01:03:59
       950     51525     0.768              0         -0.838          6.470        262.273          0.000         12.637 2023-03-01T01:04:11
       960     52215     0.765              0         -0.824          6.900         79.737          0.002         12.773 2023-03-01T01:04:24
       970     52888     0.763              0         -0.833          6.730        268.358          0.004         12.822 2023-03-01T01:04:37
       980     53641     0.760              0         -0.811          7.530        226.633          0.002         13.205 2023-03-01T01:04:50
       990     54307     0.757              0         -0.830          6.660        294.163          0.008         12.972 2023-03-01T01:05:03
      1000     54855     0.755              0         -0.868          5.480        241.169          0.000         11.891 2023-03-01T01:05:15
      1010     55470     0.753              0         -0.846          6.150        316.049          0.482         12.575 2023-03-01T01:05:28
      1020     56046     0.750              0         -0.854          5.760         93.756          0.000         11.764 2023-03-01T01:05:39
      1030     56646     0.748              0         -0.852          6.000        184.175          0.000         12.631 2023-03-01T01:05:52
      1040     57278     0.746              0         -0.842          6.320         65.006          0.003         12.226 2023-03-01T01:06:04
      1050     57944     0.743              0         -0.829          6.660        143.077          0.342         12.475 2023-03-01T01:06:17
      1060     58553     0.741              0         -0.849          6.090        130.807          0.143         12.443 2023-03-01T01:06:29
      1070     59137     0.739              0         -0.859          5.840         49.551          0.142         11.468 2023-03-01T01:06:41
      1080     59665     0.737              0         -0.875          5.280         61.312          0.002         11.272 2023-03-01T01:06:52
      1090     60243     0.734              0         -0.856          5.780        102.816          0.343         12.114 2023-03-01T01:07:04
      1100     60862     0.732              0         -0.842          6.190        146.076          0.350         12.382 2023-03-01T01:07:16
      1110     61531     0.730              0         -0.828          6.690         68.688          0.003         12.346 2023-03-01T01:07:29
      1120     62150     0.727              0         -0.845          6.190        115.925          0.016         12.418 2023-03-01T01:07:41
      1130     62720     0.725              0         -0.862          5.700        114.295          0.002         12.007 2023-03-01T01:07:53
      1140     63347     0.723              0         -0.839          6.270        175.519          0.338         12.853 2023-03-01T01:08:06
      1150     63923     0.721              0         -0.863          5.760        107.894          0.141         12.245 2023-03-01T01:08:18
      1160     64448     0.719              0         -0.879          5.250         53.316          0.001         11.544 2023-03-01T01:08:30
      1170     64997     0.717              0         -0.869          5.490         88.338          0.343         11.556 2023-03-01T01:08:41
      1180     65606     0.714              0         -0.846          6.090        111.976          0.140         12.333 2023-03-01T01:08:54
      1190     66178     0.712              0         -0.859          5.720         89.400          0.000         12.114 2023-03-01T01:09:06
      1200     66798     0.710              0         -0.841          6.200         57.009          0.001         12.294 2023-03-01T01:09:18
      1210     67339     0.708              0         -0.870          5.410        168.191          0.004         12.393 2023-03-01T01:09:30
      1250     70364     0.697              0         -0.796          7.580        112.828          0.140         13.398 2023-03-01T01:10:24
      1600     98950     0.602              0         -0.728          8.370         73.662          0.139         14.741 2023-03-01T01:18:34
      1610    100585     0.597              0          1.150         16.350         32.702          0.001         20.493 2023-03-01T01:18:55
      1620    103306     0.589              0          3.500         27.210         45.478          0.015         29.062 2023-03-01T01:19:24
      1630    105551     0.582              0          1.124         22.450         24.249          0.009         24.716 2023-03-01T01:19:48
      1640    107442     0.577              0          0.539         18.910         27.017          0.009         21.854 2023-03-01T01:20:10
      1650    109169     0.571              0          0.308         17.270         22.010          0.000         20.736 2023-03-01T01:20:31
      2100    164425     0.431              0          0.610         14.170         35.740          0.113         19.749 2023-03-01T01:33:39
      2110    166942     0.425              0          3.889         25.170         37.437          0.134         27.936 2023-03-01T01:34:07
      2120    169451     0.420              0          4.016         25.090         18.948          0.000         27.362 2023-03-01T01:34:34
      2130    171574     0.415              0          2.032         21.230         37.931          0.000         24.704 2023-03-01T01:34:59
      2140    173086     0.412              0          0.526         15.120         18.587          0.000         19.227 2023-03-01T01:35:18
      2160    175366     0.407              0          0.215         14.460         30.190          0.133         19.456 2023-03-01T01:35:52
      2170    178982     0.400              0          6.159         36.160         37.592          0.134         37.238 2023-03-01T01:36:30
      2180    184208     0.389              0         12.114         52.260         17.231          0.338         49.435 2023-03-01T01:37:19
      2190    187771     0.382              0          5.760         35.630         37.183          0.365         36.736 2023-03-01T01:37:56
      2200    190993     0.376              0          5.302         32.220         14.732          0.000         33.266 2023-03-01T01:38:29
      2210    192750     0.372              0          1.270         17.570         35.112          0.133         21.377 2023-03-01T01:38:50
      2220    194410     0.369              0          1.010         16.600         34.891          0.133         21.141 2023-03-01T01:39:12
      2230    196125     0.366              0          1.476         17.150         14.354          0.133         21.111 2023-03-01T01:39:33
      2240    197917     0.363              0          1.383         17.920         20.396          0.066         21.810 2023-03-01T01:39:54
      2270    204733     0.350              0          6.744         35.860         29.342          0.053         36.393 2023-03-01T01:41:12
      2280    208540     0.343              0          7.718         38.070         33.011          0.369         38.448 2023-03-01T01:41:51
      2290    210657     0.340              0          1.917         21.170         35.899          0.063         24.960 2023-03-01T01:42:16
      2300    213045     0.336              0          2.681         23.880         40.822          0.081         26.965 2023-03-01T01:42:43
      2310    216068     0.330              0          4.289         30.230         45.095          0.047         31.893 2023-03-01T01:43:15
      2320    218300     0.327              0          3.059         22.320         18.312          0.155         25.224 2023-03-01T01:43:40
      2330    220450     0.323              0          2.183         21.500         28.719          0.133         24.900 2023-03-01T01:44:05
      2340    224160     0.317              0          7.827         37.100         33.648          0.151         37.422 2023-03-01T01:44:42
      2370    228852     0.309              0          1.536         19.960         33.525          0.469         23.708 2023-03-01T01:45:43
      2380    231106     0.306              0          2.442         22.540         19.450          0.000         25.429 2023-03-01T01:46:08
      2390    235795     0.299              0         11.886         46.890         33.384          0.132         45.198 2023-03-01T01:46:53
      2400    239723     0.293              0          8.702         39.280         19.903          0.166         38.448 2023-03-01T01:47:32
      2410    241627     0.290              0          2.059         19.040         30.731          0.026         23.087 2023-03-01T01:47:55
      2490    262696     0.260              0         11.257         48.710         65.500          0.471         47.690 2023-03-01T01:51:47
      2500    268259     0.253              0         13.825         55.630         32.913          0.341         52.958 2023-03-01T01:52:40
      2510    272435     0.248              0          9.430         41.760         15.408          0.110         41.033 2023-03-01T01:53:21
      2540    279020     0.239              0          5.095         32.220         33.573          0.132         33.443 2023-03-01T01:54:37
      2550    283560     0.234              0         10.058         45.400         30.909          0.337         44.730 2023-03-01T01:55:21
      2560    286727     0.230              0          5.413         31.670         19.603          0.044         32.641 2023-03-01T01:55:54
      2570    289159     0.227              0          3.920         24.320         13.122          0.000         26.946 2023-03-01T01:56:21
      2580    290790     0.225              0          0.851         16.310         30.931          0.119         20.920 2023-03-01T01:56:42
      2590    293136     0.223              0          3.196         23.460         30.704          0.000         26.489 2023-03-01T01:57:08
      2600    297571     0.218              0         10.205         44.350         36.690          0.131         43.325 2023-03-01T01:57:52
      2610    303366     0.211              0         14.782         57.950         13.187          0.028         54.026 2023-03-01T01:58:46
      2620    308942     0.205              0         12.720         55.760         14.410          0.044         51.459 2023-03-01T01:59:37
      2630    312438     0.202              0          6.343         34.960         31.449          0.336         36.107 2023-03-01T02:00:13
      2680    325656     0.188              0          6.540         34.390         36.058          0.000         35.319 2023-03-01T02:02:37
      2690    331714     0.183              0         14.886         60.580         26.868          0.061         55.808 2023-03-01T02:03:33
      2700    337244     0.178              0         14.419         55.300         17.733          0.000         51.548 2023-03-01T02:04:25
      2710    343125     0.172              0         15.026         58.810         48.411          0.131         55.037 2023-03-01T02:05:20
      2720    345002     0.171              0          1.807         18.770         18.194          0.067         22.380 2023-03-01T02:05:42
      2730    347420     0.169              0          3.454         24.180         15.324          0.284         26.562 2023-03-01T02:06:09
      2740    350546     0.166              0          5.546         31.260         16.619          0.000         32.427 2023-03-01T02:06:41
      2750    353727     0.163              0          6.486         31.810         29.049          0.000         33.015 2023-03-01T02:07:14
      2760    357898     0.160              0          9.086         41.710         26.551          0.000         41.462 2023-03-01T02:07:56
      2840    380515     0.142              0          3.471         22.260         31.499          0.068         25.954 2023-03-01T02:12:00
      2850    386393     0.138              0         15.295         58.780         14.833          0.000         55.394 2023-03-01T02:12:55
      2860    391161     0.135              0         10.283         47.680         24.450          0.000         46.329 2023-03-01T02:13:42
      2910    402697     0.127              0          4.229         28.680         12.148          0.000         31.262 2023-03-01T02:15:55
      2920    406495     0.125              0          6.828         37.980         32.627          0.042         39.014 2023-03-01T02:16:34
      2930    410802     0.122              0          9.599         43.070         43.824          0.000         43.731 2023-03-01T02:17:18
      2940    414536     0.119              0          7.010         37.340         26.875          0.000         38.869 2023-03-01T02:17:56
      2950    418073     0.117              0          6.133         35.370         27.788          0.000         36.945 2023-03-01T02:18:33
      2960    423396     0.114              0         11.788         53.230          9.946          0.038         50.648 2023-03-01T02:19:24
      3000    432977     0.109              0          3.979         28.230         15.170          0.000         30.589 2023-03-01T02:21:15
      3010    436997     0.106              0          8.222         40.200         12.008          0.042         39.945 2023-03-01T02:21:55
      3020    439333     0.105              0          2.749         23.360         24.893          0.044         27.294 2023-03-01T02:22:22
      3050    447210     0.101              0          9.889         44.530         27.883          0.196         44.486 2023-03-01T02:23:50
      3060    453166     0.098              0         15.259         59.560          9.653          0.000         55.735 2023-03-01T02:24:46
      3220    501452     0.077              0          4.208         27.900         10.662          0.039         30.113 2023-03-01T02:33:20
      3230    506797     0.074              0         13.543         53.450         22.374          0.267         51.008 2023-03-01T02:34:11
      3240    510593     0.073              0          7.472         37.960         26.070          0.230         38.569 2023-03-01T02:34:50
      3290    521645     0.069              0          8.882         38.780         23.777          0.000         39.344 2023-03-01T02:36:57
      3300    523182     0.068              0          0.576         15.370         15.727          0.000         19.597 2023-03-01T02:37:17
      3320    525428     0.068              0          0.502         12.170         26.488          0.338         17.746 2023-03-01T02:37:50
      3330    527827     0.067              0          3.179         23.990         16.219          0.195         27.115 2023-03-01T02:38:17
      3340    530256     0.066              0          3.135         24.290         21.049          0.000         27.781 2023-03-01T02:38:45
      3350    533291     0.065              0          6.094         30.350         20.289          0.128         32.389 2023-03-01T02:39:17
      3360    536728     0.064              0          6.383         34.370         12.576          0.039         35.397 2023-03-01T02:39:52
      3370    538621     0.063              0          1.544         18.930         22.751          0.000         23.536 2023-03-01T02:40:16
      3380    543268     0.062              0         10.639         46.470         24.815          0.039         45.542 2023-03-01T02:41:01
      3390    545266     0.061              0          2.417         19.980         21.507          0.408         24.192 2023-03-01T02:41:26
      3400    550000     0.060              0         11.268         47.340         12.617          0.000         46.329 2023-03-01T02:42:12
      3410    556182     0.058              0         17.174         61.820         25.102          0.000         58.408 2023-03-01T02:43:10
      3420    561443     0.056              0         13.528         52.610         25.127          0.241         50.921 2023-03-01T02:44:01
      3430    563193     0.056              0          1.732         17.500         24.990          0.042         22.414 2023-03-01T02:44:24
      3440    565181     0.055              0          1.611         19.880         24.313          0.000         24.243 2023-03-01T02:44:48
      3450    566710     0.055              0          0.289         15.290         26.073          0.338         20.244 2023-03-01T02:45:08
      3460    572489     0.053              0         14.019         57.790         14.048          0.290         54.331 2023-03-01T02:46:03
      3470    579270     0.051              0         18.198         67.810         25.727          0.469         62.566 2023-03-01T02:47:05
      3480    582700     0.050              0          6.416         34.300         10.488          0.000         35.556 2023-03-01T02:47:41
      3490    585053     0.050              0          2.809         23.530         25.992          0.297         26.877 2023-03-01T02:48:08
      3500    589397     0.049              0          8.915         43.440         21.065          0.039         43.087 2023-03-01T02:48:51
      3540    601599     0.046              0         10.904         48.360         21.982          0.042         33.811 2023-03-01T02:51:00
      3550    606311     0.045              0         10.096         47.120         22.778          0.000         45.617 2023-03-01T02:51:46
      3560    610746     0.044              0          9.067         44.350         17.352          0.128         43.328 2023-03-01T02:52:29
      3570    616350     0.042              0         13.380         56.040         21.311          0.128         53.018 2023-03-01T02:53:22
      3580    622193     0.041              0         13.495         58.430         11.681          0.041         54.963 2023-03-01T02:54:17
      3590    627892     0.040              0         13.635         56.990         14.974          0.315         53.429 2023-03-01T02:55:11
      3600    632225     0.039              0          8.872         43.330         23.713          0.000         43.072 2023-03-01T02:55:54
      3610    634792     0.039              0          3.541         25.670         22.858          0.000         28.578 2023-03-01T02:57:01
      3640    639765     0.038              0          2.814         20.690         16.853          0.308         24.825 2023-03-01T02:57:26
      3650    643427     0.037              0          6.483         36.620         23.193          0.000         37.424 2023-03-01T02:58:03
      3660    648223     0.036              0         10.305         47.960          9.374          0.000         46.202 2023-03-01T02:58:50
      3670    652676     0.035              0          8.456         44.530         18.807          0.042         44.257 2023-03-01T02:59:34
      3680    657353     0.034              0         10.089         46.770         23.297          0.335         45.991 2023-03-01T03:00:20
      3850    705074     0.027              0          5.272         33.760         17.606          0.338         35.259 2023-03-01T03:08:59
      3860    709763     0.026              0         10.760         46.890          8.454          0.000         45.834 2023-03-01T03:09:45
      3870    716009     0.025              0         14.583         62.460         23.131          0.000         58.683 2023-03-01T03:10:44
      3890    874632     0.000              2         23.011         83.690         16.569          0.208         76.188 2023-03-01T03:51:07
      3900    936393     0.000             89        286.414        617.610          6.207          0.000        510.588 2023-03-01T08:59:38
      3910    979191     0.000             56        192.863        427.980         32.045          0.121        357.350 2023-03-01T09:05:35
      3920   1047391     0.000            100        319.182        682.000          0.000          0.000        558.423 2023-03-01T09:14:54
      3930   1115591     0.000            100        319.182        682.000          0.000          0.000        558.200 2023-03-01T09:24:12
      3940   1183791     0.000            100        319.182        682.000          0.000          0.000        559.995 2023-03-01T09:33:32
