   Episode      Step   Epsilon  Get_resultnum     MeanReward     MeanLength       MeanLoss     MeanQValue      TimeDelta                Time
         0        44     1.000              0         -0.734          4.400          0.000          0.000          3.045 2023-03-01T16:33:09
        10       559     0.997              0         -0.492          5.150          0.000          0.000          5.458 2023-03-01T16:33:14
        20      1106     0.994              0         -0.490          5.470          0.000          0.000          5.739 2023-03-01T16:33:20
        30      1570     0.992              0         -0.648          4.640          0.000          0.000          5.183 2023-03-01T16:33:25
        40      2034     0.990              0         -0.587          4.640          0.000          0.000          5.143 2023-03-01T16:33:31
        50      2482     0.987              0         -0.718          4.480          0.000          0.000          5.094 2023-03-01T16:33:36
        60      2943     0.985              0         -0.691          4.610          0.000          0.000          5.089 2023-03-01T16:33:41
        70      3444     0.983              1         -0.519          5.010          0.000          0.000          5.376 2023-03-01T16:33:46
        80      3905     0.980              0         -0.650          4.610          0.000          0.000          5.070 2023-03-01T16:33:51
        90      4363     0.978              0         -0.678          4.580          0.000          0.000          5.044 2023-03-01T16:33:56
       100      4802     0.976              0         -0.694          4.390          0.000          0.000          4.882 2023-03-01T16:34:01
       110      5254     0.973              0         -0.699          4.520       5078.179          0.188          6.038 2023-03-01T16:34:07
       120      5551     0.972              0         -0.891          2.970       4782.407          0.416          5.132 2023-03-01T16:34:12
       130      5828     0.971              0         -0.912          2.770       3628.011          1.561          4.958 2023-03-01T16:34:17
       140      6113     0.969              0         -0.905          2.850       4410.483          1.080          5.285 2023-03-01T16:34:22
       150      6389     0.968              0         -0.911          2.760       3429.983          0.008          5.040 2023-03-01T16:34:28
       160      6662     0.966              0         -0.911          2.730       2855.277          0.198          4.944 2023-03-01T16:34:32
       170      6961     0.965              0         -0.884          2.990       2022.324          0.000          5.035 2023-03-01T16:34:38
       180      7274     0.963              0         -0.822          3.130       1788.505          0.015          4.918 2023-03-01T16:34:42
       190      7598     0.962              0         -0.813          3.240       3065.117          0.000          5.532 2023-03-01T16:34:48
       200      7923     0.960              0         -0.832          3.250       3034.732          0.011          5.500 2023-03-01T16:34:53
       210      8276     0.958              0         -0.784          3.530       1846.399          0.000          5.291 2023-03-01T16:34:59
       220      8641     0.957              0         -0.717          3.650       1259.845          0.014          5.135 2023-03-01T16:35:04
       230      8975     0.955              0         -0.808          3.340       2294.538          0.172          5.327 2023-03-01T16:35:09
       240      9378     0.953              0         -0.669          4.030        608.001          0.000          5.263 2023-03-01T16:35:14
       250      9810     0.951              0         -0.662          4.320       2284.470          0.648          5.895 2023-03-01T16:35:20
       260     10183     0.949              0         -0.771          3.730       2037.872          0.018          5.662 2023-03-01T16:35:26
       270     10559     0.947              0         -0.760          3.760       3024.847          0.314          6.043 2023-03-01T16:35:32
       280     11010     0.945              0         -0.526          4.510       2393.764          0.011          6.221 2023-03-01T16:35:38
       290     11442     0.943              0         -0.599          4.320       1328.957          0.000          5.788 2023-03-01T16:35:44
       300     11871     0.941              0         -0.626          4.290       2558.556          0.000          6.257 2023-03-01T16:35:50
       310     12345     0.939              1         -0.422          4.740       2524.690          0.000          6.597 2023-03-01T16:35:57
       320     12766     0.937              0         -0.707          4.210       1943.770          0.000          5.830 2023-03-01T16:36:03
       330     13180     0.935              0         -0.726          4.140       1798.902          0.023          5.983 2023-03-01T16:36:09
       340     13679     0.932              0         -0.506          4.990       2377.164          0.011          6.576 2023-03-01T16:36:15
       350     14618     0.928             17          1.996          9.390       2189.740          0.000          9.753 2023-03-01T16:36:25
       360     15127     0.925              0         -0.520          5.090       1534.940          0.011          6.382 2023-03-01T16:36:31
       370     15760     0.922              3          0.116          6.330       1972.687          0.350          7.500 2023-03-01T16:36:39
       380     16255     0.920              0         -0.497          4.950       2244.513          0.000          6.847 2023-03-01T16:36:46
       390     16736     0.918              0         -0.558          4.810       2798.252          0.224          6.996 2023-03-01T16:36:53
       400     17177     0.916              0         -0.570          4.410       1470.480          0.000          6.041 2023-03-01T16:36:59
       410     17742     0.913              2         -0.129          5.650       1833.435          0.340          7.105 2023-03-01T16:37:06
       420     18236     0.911              0         -0.532          4.940       1341.171          0.022          6.290 2023-03-01T16:37:12
       430     21051     0.898             86         12.278         28.150        109.594          0.000         21.779 2023-03-01T16:37:34
       440     22141     0.893             22          2.753         10.900       1620.531          0.010         10.612 2023-03-01T16:37:45
       450     22902     0.889             10          1.022          7.610       1731.264          0.151          8.465 2023-03-01T16:37:53
       460     23636     0.886              8          0.786          7.340       2352.500          0.013          8.531 2023-03-01T16:38:02
       470     24245     0.883              5          0.170          6.090       1888.841          0.150          7.436 2023-03-01T16:38:09
       480     24824     0.881              5          0.159          5.790       1179.894          0.493          6.931 2023-03-01T16:38:16
       490     25755     0.876             14          1.793          9.310       1166.912          0.000          9.449 2023-03-01T16:38:25
       500     27258     0.870             35          4.922         15.030       1660.576          0.031         13.637 2023-03-01T16:38:39
       510     28865     0.862             41          5.590         16.070       2969.486          0.000         14.583 2023-03-01T16:38:54
       520     30833     0.854             54          7.515         19.680        119.477          0.000         16.096 2023-03-01T16:39:10
       530     32017     0.849             22          3.049         11.840       1605.521          0.492         11.788 2023-03-01T16:39:22
       540     32958     0.845             13          1.743          9.410        640.174          0.008          9.426 2023-03-01T16:39:31
       550     33838     0.841             12          1.406          8.800        470.855          0.000          8.936 2023-03-01T16:39:40
       560     35583     0.833             45          6.232         17.450       1255.211          0.000         16.005 2023-03-01T16:39:56
       570     38628     0.820             94         13.447         30.450       1229.154          0.168         25.224 2023-03-01T16:40:21
       580     40321     0.813             43          5.910         16.930         79.036          0.000         14.552 2023-03-01T16:40:36
       590     42418     0.805             58          8.181         20.970       1281.670          0.340         18.347 2023-03-01T16:40:54
       600     43330     0.801             15          1.712          9.120        452.067          0.022          9.473 2023-03-01T16:41:04
       610     45062     0.794             44          6.141         17.320        791.158          0.000         15.200 2023-03-01T16:41:19
       620     46999     0.786             51          7.213         19.370        743.974          0.157         16.705 2023-03-01T16:41:35
       630     48983     0.778             53          7.469         19.840        482.931          0.000         17.112 2023-03-01T16:41:53
       640     50604     0.772             40          5.491         16.210        687.107          0.020         14.562 2023-03-01T16:42:07
       650     52602     0.764             54          7.630         19.980        774.034          0.035         17.630 2023-03-01T16:42:25
       660     54093     0.758             34          4.753         14.910        719.682          0.341         13.479 2023-03-01T16:42:38
       670     55957     0.751             47          6.734         18.640        383.375          0.012         16.232 2023-03-01T16:42:54
       680     57790     0.744             47          6.705         18.330       1091.258          0.029         16.928 2023-03-01T16:43:11
       690     59211     0.738             32          4.463         14.210       1138.530          0.018         13.843 2023-03-01T16:43:25
       700     60985     0.732             44          6.339         17.740        815.768          0.026         15.852 2023-03-01T16:43:41
       710     62824     0.725             47          6.661         18.390        746.657          0.049         16.331 2023-03-01T16:43:57
       720     64555     0.718             44          6.100         17.310       1104.280          0.019         15.864 2023-03-01T16:44:13
       730     66848     0.710             65          9.228         22.930        759.311          0.040         19.422 2023-03-01T16:44:33
       740     69431     0.701             76         10.874         25.830       1076.796          0.000         21.960 2023-03-01T16:44:55
       750     71831     0.692             70          9.893         24.000          0.000          0.000         19.085 2023-03-01T16:45:14
       760     74555     0.682             82         11.668         27.240          0.000          0.000         21.513 2023-03-01T16:45:35
       770     76105     0.677             37          5.067         15.500        372.447          0.362         13.901 2023-03-01T16:45:49
       780     78263     0.670             61          8.547         21.580        722.843          0.013         19.401 2023-03-01T16:46:09
       790     80646     0.661             70          9.847         23.830        897.106          0.338         22.206 2023-03-01T16:46:31
       800     82375     0.656             46          6.281         17.290        415.930          0.000         17.363 2023-03-01T16:46:48
       810     84775     0.648             70          9.934         24.000        810.576          0.000         30.412 2023-03-01T16:47:19
       820     87175     0.640             70          9.909         24.000        579.310          0.000         31.986 2023-03-01T16:47:50
       830     89749     0.631             76         10.824         25.740        365.891          0.000         29.630 2023-03-01T16:48:20
       840     92949     0.621            100         14.331         32.000          0.000          0.000         25.309 2023-03-01T16:48:45
       850     95985     0.611             94         13.438         30.360          0.000          0.000         24.010 2023-03-01T16:49:09
       860     99185     0.602            100         14.331         32.000          0.000          0.000         25.418 2023-03-01T16:49:35
       870    102385     0.592            100         14.331         32.000          0.000          0.000         25.455 2023-03-01T16:50:00
       880    105424     0.583             94         13.441         30.390        278.297          0.036         31.154 2023-03-01T16:50:31
       890    107990     0.575             76         10.783         25.660        658.327          0.485         32.589 2023-03-01T16:51:04
       900    110699     0.567             82         11.633         27.090        645.440          0.000         36.757 2023-03-01T16:51:41
       910    111911     0.564             28          3.536         12.120        614.721          0.023         22.013 2023-03-01T16:52:03
       920    113826     0.558             52          7.296         19.150        610.805          0.483         29.839 2023-03-01T16:52:33
       930    116148     0.551             67          9.446         23.220        927.645          0.146         39.199 2023-03-01T16:53:12
       940    118472     0.545             67          9.477         23.240        893.248          0.147         43.032 2023-03-01T16:53:55
       950    120662     0.539             61          8.687         21.900        290.964          0.017         29.089 2023-03-01T16:54:24
       960    123144     0.532             73         10.325         24.820        288.994          0.480         24.333 2023-03-01T16:54:48
       970    126033     0.524             88         12.595         28.890        319.526          0.000         34.104 2023-03-01T16:55:22
       980    128102     0.519             58          8.092         20.690        587.213          0.141         25.564 2023-03-01T16:55:48
       990    130980     0.511             88         12.550         28.780        551.122          0.479         38.353 2023-03-01T16:56:26
      1000    133230     0.505             64          9.037         22.500        621.308          0.003         35.121 2023-03-01T16:57:01
      1010    136264     0.497             94         13.425         30.340        546.608          0.486         46.165 2023-03-01T16:57:48
      1020    139299     0.490             94         13.427         30.350         99.517          0.000         32.979 2023-03-01T16:58:21
      1030    142499     0.482            100         14.332         32.000          0.000          0.000         25.167 2023-03-01T16:58:46
      1040    145532     0.474             94         13.424         30.330        196.742          0.145         34.063 2023-03-01T16:59:20
      1050    148732     0.467            100         14.331         32.000        312.751          0.363         51.853 2023-03-01T17:00:12
      1060    151765     0.459             94         13.425         30.330         76.976          0.000         28.902 2023-03-01T17:00:41
      1070    154965     0.452            100         14.332         32.000          0.000          0.000         25.276 2023-03-01T17:01:06
      1080    158165     0.445            100         14.332         32.000          0.000          0.000         25.222 2023-03-01T17:01:31
      1090    161027     0.438             88         12.513         28.620         97.411          0.000         31.882 2023-03-01T17:02:03
      1100    164227     0.431            100         14.332         32.000          0.000          0.000         25.286 2023-03-01T17:02:28
      1110    166929     0.425             82         11.614         27.020        101.967          0.000         31.331 2023-03-01T17:03:00
      1120    169794     0.419             88         12.516         28.650        172.991          0.043         33.517 2023-03-01T17:03:33
      1130    172994     0.412            100         14.332         32.000        363.543          0.024         58.478 2023-03-01T17:04:32
      1140    176194     0.405            100         14.332         32.000        354.232          0.484         48.604 2023-03-01T17:05:20
      1150    179224     0.399             94         13.421         30.300        293.387          0.368         47.638 2023-03-01T17:06:08
      1160    182424     0.393            100         14.332         32.000        241.772          0.038         51.202 2023-03-01T17:06:59
      1170    185624     0.386            100         14.332         32.000        342.705          0.141         52.411 2023-03-01T17:07:51
      1180    188653     0.380             94         13.421         30.290          1.790          0.000         27.466 2023-03-01T17:08:19
      1190    191683     0.374             94         13.421         30.300          1.235          0.000         24.784 2023-03-01T17:08:44
      1200    194713     0.369             94         13.421         30.300          0.729          0.000         24.981 2023-03-01T17:09:09
      1210    197913     0.363            100         14.332         32.000          0.000          0.000         25.476 2023-03-01T17:09:34
      1220    201113     0.357            100         14.332         32.000          0.000          0.000         25.401 2023-03-01T17:10:00
      1230    204313     0.351            100         14.332         32.000          0.000          0.000         25.300 2023-03-01T17:10:25
      1240    207343     0.346             94         13.421         30.300          1.446          0.002         26.273 2023-03-01T17:10:51
      1250    210518     0.340             99         14.183         31.750          0.000          0.000         25.362 2023-03-01T17:11:16
      1260    213407     0.335             89         12.663         28.890         78.518          0.000         24.423 2023-03-01T17:11:41
      1270    216263     0.330             88         12.509         28.560          1.087          0.000         24.338 2023-03-01T17:12:05
      1280    218954     0.326             82         11.602         26.910          3.028          0.045         25.561 2023-03-01T17:12:31
      1290    222154     0.320            100         14.332         32.000        335.693          0.141         55.907 2023-03-01T17:13:27
      1300    225354     0.315            100         14.332         32.000        260.246          0.368         56.085 2023-03-01T17:14:23
      1310    228554     0.310            100         14.332         32.000        287.072          0.048         52.454 2023-03-01T17:15:15
      1320    231754     0.305            100         14.332         32.000        316.650          0.139         51.916 2023-03-01T17:16:07
      1330    234954     0.300            100         14.332         32.000        208.522          0.372         52.044 2023-03-01T17:16:59
      1340    238154     0.295            100         14.332         32.000        317.491          0.051         54.518 2023-03-01T17:17:54
      1350    241354     0.290            100         14.332         32.000        367.621          0.139         57.239 2023-03-01T17:18:51
      1360    244554     0.286            100         14.332         32.000        262.804          0.361         54.320 2023-03-01T17:19:45
      1370    247754     0.281            100         14.332         32.000        247.408          0.048         55.080 2023-03-01T17:20:40
      1380    250954     0.276            100         14.332         32.000        310.208          0.138         61.258 2023-03-01T17:21:42
