   Episode      Step   Epsilon  Get_resultnum     MeanReward     MeanLength       MeanLoss     MeanQValue      TimeDelta                Time
         0        45     1.000              0         -0.913          4.500          0.000          0.000          4.218 2023-02-26T12:55:14
        10       637     0.997              0         -0.894          5.300          0.000          0.000         19.847 2023-02-26T12:55:34
        20      1131     0.994              0         -0.897          5.000          0.000          0.000         19.329 2023-02-26T12:55:54
        30      1662     0.992              0         -0.859          6.700          0.000          0.000         19.444 2023-02-26T12:56:13
        40      2176     0.989              0         -0.889          5.200          0.000          0.000         19.137 2023-02-26T12:56:32
        50      2702     0.986              0         -0.893          5.300          0.000          0.000         19.523 2023-02-26T12:56:52
        60      3195     0.984              0         -0.918          4.000          0.000          0.000         19.039 2023-02-26T12:57:11
        70      3703     0.981              0         -0.903          4.600          0.000          0.000         19.352 2023-02-26T12:57:30
        80      4227     0.979              0         -0.864          6.300          0.000          0.000         19.220 2023-02-26T12:57:49
        90      4780     0.976              0         -0.913          4.500          0.000          0.000         19.495 2023-02-26T12:58:09
       100      5264     0.973              0         -0.923          3.400       3694.780          2.968         20.104 2023-02-26T12:58:29
       110      5634     0.972              0         -0.926          3.600       3239.220          1.694         18.895 2023-02-26T12:58:48
       120      6188     0.969              0         -0.917          3.800       4251.479          1.119         20.852 2023-02-26T12:59:09
       130      6611     0.967              0         -0.909          4.300          0.000          0.000         19.216 2023-02-26T12:59:28
       140      7089     0.964              0         -0.927          3.400          0.000          0.000         19.981 2023-02-26T12:59:48
       150      7494     0.962              0         -0.910          4.100          0.000          0.000         19.349 2023-02-26T13:00:07
       160      7933     0.960              0         -0.864          6.000       2965.017          0.497         19.112 2023-02-26T13:00:26
       170      8335     0.958              0         -0.897          4.900       3543.143          0.423         19.878 2023-02-26T13:00:46
       180      8762     0.956              0         -0.917          3.800       2862.742          0.281         19.585 2023-02-26T13:01:06
       190      9150     0.954              0         -0.915          3.800       3469.292          0.242         19.640 2023-02-26T13:01:25
       200      9607     0.952              0         -0.889          5.300       1976.353          0.099         20.090 2023-02-26T13:01:46
       210     10003     0.950              0         -0.915          3.600          0.000          0.000         19.439 2023-02-26T13:02:05
       220     10426     0.948              0         -0.889          5.100       1495.725          0.384         19.688 2023-02-26T13:02:25
       230     10796     0.946              0         -0.936          2.800       6833.657          0.280         19.429 2023-02-26T13:02:44
       240     11222     0.944              0         -0.905          4.400       2286.433          0.031         19.701 2023-02-26T13:03:04
       250     11653     0.942              0         -0.908          4.100          0.000          0.000         19.423 2023-02-26T13:03:23
       260     12063     0.940              0         -0.933          3.400        122.031          0.020         19.646 2023-02-26T13:03:43
       270     12473     0.938              0         -0.929          3.500       1881.337          0.356         19.276 2023-02-26T13:04:02
       280     12874     0.936              0         -0.932          3.100       2917.661          0.017         19.407 2023-02-26T13:04:22
       290     13269     0.934              0         -0.905          4.900       1727.854          0.345         19.516 2023-02-26T13:04:41
       300     13645     0.932              0         -0.928          3.000          0.000          0.000         19.476 2023-02-26T13:05:01
       310     14066     0.930              0         -0.894          4.800          0.000          0.000         19.532 2023-02-26T13:05:20
       320     14457     0.929              0         -0.908          4.100          0.000          0.000         19.381 2023-02-26T13:05:39
       330     14852     0.927              0         -0.902          4.200       1543.804          0.339         19.841 2023-02-26T13:05:59
       340     15294     0.925              0         -0.913          4.200       7045.206          0.538         20.268 2023-02-26T13:06:20
       350     15691     0.923              0         -0.899          4.900          0.000          0.000         18.937 2023-02-26T13:06:39
       360     16091     0.921              0         -0.917          3.800          0.000          0.000         19.649 2023-02-26T13:06:58
       370     16501     0.919              0         -0.927          3.400        947.899         -0.001         19.822 2023-02-26T13:07:18
       380     16920     0.917              0         -0.931          3.100       1540.947          0.001         19.626 2023-02-26T13:07:38
       390     17288     0.915              0         -0.937          2.600          0.000          0.000         19.179 2023-02-26T13:07:57
       400     17696     0.913              0         -0.923          3.800          0.000          0.000         19.654 2023-02-26T13:08:16
       410     18100     0.911              0         -0.922          3.700       1077.454          0.001         19.702 2023-02-26T13:08:36
       420     18525     0.909              0         -0.917          4.000       1118.551          0.002         20.128 2023-02-26T13:08:56
       430     18928     0.908              0         -0.932          3.100        756.531          0.000         19.187 2023-02-26T13:09:15
       440     19285     0.906              0         -0.917          4.200          0.000          0.000         19.198 2023-02-26T13:09:35
       450     19669     0.904              0         -0.910          4.500       2214.941          0.001         19.437 2023-02-26T13:09:54
       460     20021     0.902              0         -0.922          3.800          0.000          0.000         18.590 2023-02-26T13:10:13
       470     20421     0.901              0         -0.915          4.000          0.000          0.000         19.352 2023-02-26T13:10:32
       480     20821     0.899              0         -0.885          5.200          0.000          0.000         19.520 2023-02-26T13:10:52
       490     21193     0.897              0         -0.911          3.900          0.000          0.000         19.278 2023-02-26T13:11:11
       500     21605     0.895              0         -0.941          2.700       5909.136          0.520         19.510 2023-02-26T13:11:30
       510     21970     0.894              0         -0.930          3.300       1121.630          0.001         19.072 2023-02-26T13:11:49
       520     22328     0.892              0         -0.936          2.800          0.000          0.000         19.176 2023-02-26T13:12:09
       530     22760     0.890              0         -0.907          4.900       8275.723          0.521         19.959 2023-02-26T13:12:29
       540     23138     0.888              0         -0.926          3.400       2417.285          0.000         19.358 2023-02-26T13:12:48
       550     23552     0.886              0         -0.919          4.100       3516.568          0.000         19.769 2023-02-26T13:13:08
       560     23916     0.885              0         -0.913          4.000       2073.111          0.000         19.523 2023-02-26T13:13:27
       570     24282     0.883              0         -0.905          4.200       1933.382          0.000         19.606 2023-02-26T13:13:47
       580     24627     0.881              0         -0.944          2.500          0.000          0.000         19.042 2023-02-26T13:14:06
       590     25014     0.880              0         -0.909          4.300       2028.937         -0.001         19.909 2023-02-26T13:14:26
       600     25383     0.878              0         -0.923          3.400       3346.286          0.002         19.309 2023-02-26T13:14:45
       610     25741     0.876              0         -0.928          3.000       1102.136          0.001         19.238 2023-02-26T13:15:04
       620     26118     0.875              0         -0.948          2.700       1468.071          0.000         19.350 2023-02-26T13:15:24
       630     26486     0.873              0         -0.937          2.800       1983.567          0.001         19.363 2023-02-26T13:15:43
       640     26852     0.871              0         -0.918          3.800       3165.490          0.001         19.405 2023-02-26T13:16:02
       650     27259     0.870              0         -0.927          3.400       6748.472          0.174         19.559 2023-02-26T13:16:22
       660     27639     0.868              0         -0.917          4.500          0.000          0.000         19.134 2023-02-26T13:16:41
       670     27970     0.866              0         -0.919          3.900        634.380         -0.001         18.779 2023-02-26T13:17:00
       680     28290     0.865              0         -0.932          3.400       2623.636          0.001         19.023 2023-02-26T13:17:19
       690     28690     0.863              0         -0.919          3.900       3299.829         -0.001         20.086 2023-02-26T13:17:39
       700     29077     0.862              0         -0.904          4.400       1086.783          0.001         19.151 2023-02-26T13:17:58
       710     29441     0.860              0         -0.942          3.200        956.155         -0.001         19.673 2023-02-26T13:18:18
       720     29809     0.858              0         -0.936          3.000        892.048          0.001         19.550 2023-02-26T13:18:37
       730     30183     0.857              0         -0.933          2.900        663.811          0.000         19.302 2023-02-26T13:18:57
       740     30521     0.855              0         -0.928          3.000       1101.743          0.001         18.945 2023-02-26T13:19:16
       750     30865     0.854              0         -0.930          3.100       1642.216          0.337         19.259 2023-02-26T13:19:35
       760     31235     0.852              0         -0.937          3.100        587.631          0.000         19.531 2023-02-26T13:19:54
       770     31633     0.850              0         -0.898          4.500       1958.150          0.000         19.615 2023-02-26T13:20:14
       780     32002     0.849              0         -0.933          3.000       1403.066          0.000         19.533 2023-02-26T13:20:34
       790     32348     0.847              0         -0.946          2.600        831.069         -0.001         18.870 2023-02-26T13:20:52
       800     32726     0.846              0         -0.928          3.500       1409.327          0.001         19.506 2023-02-26T13:21:12
       810     33143     0.844              0         -0.913          4.200        667.927          0.000         19.956 2023-02-26T13:21:32
       820     33536     0.842              0         -0.923          4.000        604.359          0.002         19.364 2023-02-26T13:21:51
       830     33964     0.840              0         -0.929          3.800       1670.857          0.000         19.756 2023-02-26T13:22:11
       840     34319     0.839              0         -0.942          2.500          0.000          0.000         19.073 2023-02-26T13:22:30
       850     34697     0.837              0         -0.927          3.200          0.000          0.000         19.409 2023-02-26T13:22:49
       860     35050     0.836              0         -0.925          3.400       1595.294          0.001         19.433 2023-02-26T13:23:09
       870     35417     0.834              0         -0.942          2.500        379.075          0.343         19.742 2023-02-26T13:23:29
       880     35805     0.832              0         -0.917          4.000          0.000          0.000         19.576 2023-02-26T13:23:48
       890     36156     0.831              0         -0.899          4.700        700.645          0.001         18.935 2023-02-26T13:24:07
       900     36487     0.829              0         -0.941          2.900          0.000          0.000         18.987 2023-02-26T13:24:26
       910     36850     0.828              0         -0.913          4.000       1311.975          0.343         19.188 2023-02-26T13:24:45
       920     37262     0.826              0         -0.931          3.300        724.577          0.001         19.872 2023-02-26T13:25:05
       930     37672     0.824              0         -0.915          4.000        647.058          0.340         19.863 2023-02-26T13:25:25
       940     38033     0.823              0         -0.937          3.100        485.027          0.001         19.496 2023-02-26T13:25:45
       950     38403     0.821              0         -0.937          3.000          0.000          0.000         18.984 2023-02-26T13:26:04
       960     38787     0.820              0         -0.936          3.200          0.000          0.000         19.427 2023-02-26T13:26:23
       970     39179     0.818              0         -0.941          3.000          0.000          0.000         19.195 2023-02-26T13:26:42
       980     39555     0.817              0         -0.940          2.900        308.822          0.343         19.388 2023-02-26T13:27:02
       990     39982     0.815              0         -0.897          4.900       6259.565          0.164         19.403 2023-02-26T13:27:21
      1000     40419     0.813              0         -0.904          5.100        610.516          0.001         19.774 2023-02-26T13:27:41
      1010     40769     0.811              0         -0.914          4.000          0.000          0.000         18.982 2023-02-26T13:28:00
      1020     41127     0.810              0         -0.909          4.100        659.461          0.001         18.861 2023-02-26T13:28:19
      1030     41495     0.808              0         -0.908          4.300       1236.563          0.344         19.440 2023-02-26T13:28:38
      1040     41919     0.807              0         -0.898          4.900       2288.644          0.344         19.768 2023-02-26T13:28:58
      1050     42307     0.805              0         -0.923          3.500          0.000          0.000         19.597 2023-02-26T13:29:17
      1060     42724     0.803              0         -0.931          2.900        932.662          0.341         19.538 2023-02-26T13:29:37
      1070     43132     0.802              0         -0.913          4.400       1380.845          0.001         20.147 2023-02-26T13:29:57
      1080     43551     0.800              0         -0.910          4.100          0.000          0.000         20.165 2023-02-26T13:30:17
      1090     43947     0.798              0         -0.934          3.700       1186.111          0.344         19.681 2023-02-26T13:30:37
      1100     44339     0.797              0         -0.934          3.400          0.000          0.000         19.413 2023-02-26T13:30:56
      1110     44757     0.795              0         -0.938          3.300        554.906          0.002         20.073 2023-02-26T13:31:16
      1120     45180     0.793              0         -0.919          4.100        624.899          0.339         20.021 2023-02-26T13:31:36
      1130     45604     0.792              0         -0.899          4.700       1549.448          0.343         20.133 2023-02-26T13:31:57
      1140     46016     0.790              0         -0.913          4.600          0.000          0.000         19.827 2023-02-26T13:32:16
      1150     46450     0.788              0         -0.907          4.300        898.759          0.002         19.907 2023-02-26T13:32:36
      1160     46847     0.787              0         -0.931          2.900       2355.240          0.000         19.305 2023-02-26T13:32:56
      1170     47256     0.785              0         -0.913          3.800        590.121          0.341         19.957 2023-02-26T13:33:16
      1180     47645     0.783              0         -0.884          5.500       1564.057          0.343         19.869 2023-02-26T13:33:35
      1190     48031     0.782              0         -0.952          2.600        573.122          0.342         19.647 2023-02-26T13:33:55
      1200     48412     0.780              0         -0.925          4.100        416.969         -0.001         19.475 2023-02-26T13:34:15
      1210     48745     0.779              0         -0.930          3.900       1184.671          0.342         19.066 2023-02-26T13:34:34
      1220     49098     0.778              0         -0.935          3.500          0.000          0.000         18.701 2023-02-26T13:34:52
      1230     49417     0.776              0         -0.945          3.400          0.000          0.000         18.583 2023-02-26T13:35:11
      1240     49790     0.775              0         -0.936          3.800       1510.991          0.003         19.485 2023-02-26T13:35:30
      1250     50132     0.773              0         -0.937          3.100       1039.087          0.000         18.786 2023-02-26T13:35:49
      1260     50471     0.772              0         -0.920          3.800        759.969          0.002         18.856 2023-02-26T13:36:08
      1270     50810     0.771              0         -0.937          4.000       5970.465          0.502         19.216 2023-02-26T13:36:27
      1280     51156     0.769              0         -0.937          2.800       2125.212          0.000         19.036 2023-02-26T13:36:46
      1290     51518     0.768              0         -0.932          3.600          0.000          0.000         18.876 2023-02-26T13:37:05
      1300     51873     0.767              0         -0.942          3.300          0.000          0.000         18.801 2023-02-26T13:37:24
      1310     52260     0.765              0         -0.914          4.500       1756.358          0.342         19.623 2023-02-26T13:37:44
      1320     52592     0.764              0         -0.942          3.500        568.072          0.002         19.186 2023-02-26T13:38:03
      1330     52958     0.762              0         -0.913          4.300          0.000          0.000         18.940 2023-02-26T13:38:22
      1340     53336     0.761              0         -0.915          4.300          0.000          0.000         19.428 2023-02-26T13:38:41
      1350     53729     0.759              0         -0.948          3.200        142.915          0.005         19.141 2023-02-26T13:39:00
      1360     54095     0.758              0         -0.906          4.800        676.718          0.342         19.124 2023-02-26T13:39:19
      1370     54456     0.756              0         -0.952          2.600       1232.488          0.000         19.394 2023-02-26T13:39:39
      1380     54809     0.755              0         -0.931          3.400        356.280         -0.004         19.080 2023-02-26T13:39:58
      1390     55220     0.754              0         -0.924          4.200       3076.005          0.342         19.552 2023-02-26T13:40:17
      1400     55610     0.752              0         -0.938          2.900       1362.007         -0.004         19.571 2023-02-26T13:40:37
      1410     55986     0.751              0         -0.921          4.000       1470.214          0.345         19.238 2023-02-26T13:40:56
      1420     56352     0.749              0         -0.927          4.000        473.429          0.002         19.327 2023-02-26T13:41:16
      1430     56690     0.748              0         -0.922          4.000       1889.897          0.344         18.991 2023-02-26T13:41:35
      1440     57032     0.747              0         -0.928          3.500        676.350          0.000         19.062 2023-02-26T13:41:54
      1450     57350     0.745              0         -0.948          2.700       1463.568          0.009         18.814 2023-02-26T13:42:12
      1460     57703     0.744              0         -0.934          3.700        927.560          0.343         19.214 2023-02-26T13:42:32
      1470     58088     0.743              0         -0.940          3.200        276.945         -0.004         19.192 2023-02-26T13:42:51
      1480     58484     0.741              0         -0.934          3.500        718.469          0.000         19.935 2023-02-26T13:43:11
      1490     58867     0.740              0         -0.924          3.400        474.581          0.000         18.954 2023-02-26T13:43:30
      1500     59218     0.738              0         -0.953          2.700          0.000          0.000         19.720 2023-02-26T13:43:49
      1510     59597     0.737              0         -0.942          3.500       1806.955          0.000         19.955 2023-02-26T13:44:09
      1520     59995     0.735              0         -0.929          3.300          0.000          0.000         19.549 2023-02-26T13:44:29
      1530     60388     0.734              0         -0.938          3.200        429.558          0.002         19.727 2023-02-26T13:44:49
      1540     60777     0.732              0         -0.930          3.800          0.000          0.000         19.648 2023-02-26T13:45:08
      1550     61148     0.731              0         -0.945          3.100          0.000          0.000         19.091 2023-02-26T13:45:27
      1560     61521     0.730              0         -0.941          3.000          0.000          0.000         20.083 2023-02-26T13:45:47
      1570     61860     0.728              0         -0.930          4.000       1788.614          0.000         19.459 2023-02-26T13:46:07
      1580     62237     0.727              0         -0.929          3.300        235.705          0.006         19.340 2023-02-26T13:46:26
      1590     62589     0.726              0         -0.933          3.900        497.527          0.000         19.258 2023-02-26T13:46:46
      1600     62942     0.724              0         -0.930          3.900       1495.996          0.000         19.138 2023-02-26T13:47:05
      1610     63303     0.723              0         -0.943          2.800          0.000          0.000         18.977 2023-02-26T13:47:24
      1620     63690     0.722              0         -0.921          4.000       1367.927          0.000         19.789 2023-02-26T13:47:43
      1630     64134     0.720              0         -0.921          4.600          0.000          0.000         19.734 2023-02-26T13:48:03
      1640     64508     0.718              0         -0.927          3.700          0.000          0.000         19.341 2023-02-26T13:48:23
      1650     64882     0.717              0         -0.918          4.300          0.000          0.000         19.563 2023-02-26T13:48:42
      1660     65303     0.716              0         -0.922          3.800        479.450          0.000         19.991 2023-02-26T13:49:02
      1670     65701     0.714              0         -0.916          4.300       1153.353         -0.004         19.930 2023-02-26T13:49:22
      1680     66122     0.713              0         -0.909          4.300       1138.236          0.000         20.010 2023-02-26T13:49:42
      1690     66466     0.711              0         -0.918          3.900        413.995          0.007         18.984 2023-02-26T13:50:01
      1700     66833     0.710              0         -0.892          5.400        797.607          0.343         19.932 2023-02-26T13:50:21
      1710     67246     0.708              0         -0.921          3.700        425.357         -0.004         19.695 2023-02-26T13:50:41
      1720     67617     0.707              0         -0.912          4.200        777.968          0.340         19.408 2023-02-26T13:51:00
      1730     68002     0.706              0         -0.910          4.600          0.000          0.000         19.599 2023-02-26T13:51:20
      1740     68425     0.704              0         -0.881          5.500        724.111         -0.004         19.968 2023-02-26T13:51:40
      1750     68892     0.703              0         -0.893          4.600          0.000          0.000         20.409 2023-02-26T13:52:00
      1760     69368     0.701              0         -0.896          4.700          0.000          0.000         20.506 2023-02-26T13:52:21
      1770     70144     0.698              0         -0.451         17.500       3804.993          0.160         23.239 2023-02-26T13:52:44
      1780     70833     0.696              0         -0.907          4.300        193.684         -0.004         22.129 2023-02-26T13:53:06
      1790     71916     0.692              0         -0.705          9.800        219.408          0.344         25.575 2023-02-26T13:53:31
      1800     72932     0.688              0         -0.883          5.000        329.278          0.003         24.840 2023-02-26T13:53:56
      1810     74275     0.683              0         -0.481         16.300          0.000          0.000         27.863 2023-02-26T13:54:24
      1820     75597     0.679              0         -0.688         10.700        268.780          0.003         28.065 2023-02-26T13:54:52
      1830     76824     0.675              0         -0.478         15.800        251.708          0.342         27.495 2023-02-26T13:55:20
      1840     78095     0.670              0         -0.700         10.300        638.417          0.007         27.128 2023-02-26T13:55:47
      1850     79261     0.666              0         -0.852          6.400       2335.069          0.157         26.292 2023-02-26T13:56:13
      1860     80241     0.663              0         -0.748         10.200          0.000          0.000         24.599 2023-02-26T13:56:38
      1870     81018     0.660              0         -0.782          8.300        143.261          0.000         23.075 2023-02-26T13:57:01
      1880     81499     0.659              0         -0.926          3.500         96.029          0.000         20.499 2023-02-26T13:57:21
      1890     81984     0.657              0         -0.906          4.300         91.511          0.003         20.485 2023-02-26T13:57:42
      1900     82576     0.655              0         -0.875          5.500          0.000          0.000         21.484 2023-02-26T13:58:03
      1910     83114     0.653              0         -0.902          4.700          0.000          0.000         21.222 2023-02-26T13:58:25
      1920     83727     0.651              0         -0.944          2.900         49.840          0.000         21.334 2023-02-26T13:58:46
      1930     84303     0.649              0         -0.868          6.200          0.000          0.000         20.856 2023-02-26T13:59:07
      1940     84944     0.647              0         -0.891          4.700          0.000          0.000         21.725 2023-02-26T13:59:28
      1950     85641     0.645              0         -0.753          9.200          0.000          0.000         22.132 2023-02-26T13:59:51
      1960     86367     0.642              0         -0.862          6.100          0.000          0.000         22.346 2023-02-26T14:00:13
      1970     87245     0.639              0         -0.785          8.300          0.000          0.000         23.519 2023-02-26T14:00:36
      1980     87981     0.637              0         -0.658         12.500        266.845         -0.001         22.974 2023-02-26T14:00:59
      1990     88759     0.635              0         -0.894          5.500          0.000          0.000         22.713 2023-02-26T14:01:22
      2000     89783     0.631              0         -0.703         10.300          0.000          0.000         25.467 2023-02-26T14:01:48
      2010     91062     0.627              0         -0.498         15.400          0.000          0.000         28.899 2023-02-26T14:02:16
      2020     92497     0.622              0         -0.567         15.200          0.000          0.000         29.670 2023-02-26T14:02:46
      2030     93781     0.618              0         -0.839          7.000          0.000          0.000         28.623 2023-02-26T14:03:15
      2040     95018     0.614              0         -0.679         11.900          0.000          0.000         29.067 2023-02-26T14:03:44
      2050     96188     0.611              0         -0.695         11.000         36.510          0.349         28.932 2023-02-26T14:04:13
      2060     97097     0.608              0         -0.828          6.600          0.000          0.000         25.142 2023-02-26T14:04:38
      2070     97997     0.605              0         -0.799          7.800          0.000          0.000         25.427 2023-02-26T14:05:03
      2080     98799     0.603              0         -0.908          4.500        325.509          0.003         24.270 2023-02-26T14:05:28
      2090     99485     0.601              0         -0.849          6.500          0.000          0.000         23.456 2023-02-26T14:05:51
      2100    100251     0.598              0         -0.783          8.500        663.192         -0.004         24.363 2023-02-26T14:06:15
      2110    101181     0.595              0         -0.660         12.500          0.000          0.000         25.726 2023-02-26T14:06:41
      2120    102024     0.593              0         -0.815          6.900          0.000          0.000         24.509 2023-02-26T14:07:06
      2130    102938     0.590              0         -0.739         10.000          0.000          0.000         24.464 2023-02-26T14:07:30
      2140    103872     0.587              0         -0.624         12.600        121.867          0.000         25.399 2023-02-26T14:07:56
      2150    104789     0.584              0         -0.803          7.700       1483.666          0.154         24.946 2023-02-26T14:08:20
      2160    105752     0.582              0         -0.729         10.400        187.735          0.008         25.735 2023-02-26T14:08:46
      2170    106780     0.579              0         -0.770          9.600         54.186         -0.003         27.502 2023-02-26T14:09:14
      2180    107809     0.575              0         -0.681         10.800         58.935          0.000         26.304 2023-02-26T14:09:40
      2190    108901     0.572              0         -0.573         13.600         92.329          0.012         27.330 2023-02-26T14:10:07
      2200    110030     0.569              0         -0.676         12.100        164.091         -0.003         29.084 2023-02-26T14:10:36
      2210    110955     0.566              0         -0.857          6.300         25.499          0.000         25.606 2023-02-26T14:11:02
      2220    111868     0.564              0         -0.661         12.700         46.949          0.343         26.652 2023-02-26T14:11:29
      2230    112757     0.561              0         -0.692         12.100         33.417          0.000         25.629 2023-02-26T14:11:54
      2240    113676     0.558              0         -0.868          5.700          0.000          0.000         25.071 2023-02-26T14:12:19
      2250    114605     0.556              0         -0.761          9.800          0.000          0.000         25.227 2023-02-26T14:12:45
      2260    115538     0.553              0         -0.735         10.100         10.353          0.000         25.662 2023-02-26T14:13:10
      2270    116524     0.550              0         -0.805          7.500          0.000          0.000         26.107 2023-02-26T14:13:36
      2280    117406     0.548              0         -0.790          8.300         21.256          0.003         28.068 2023-02-26T14:14:04
      2290    118539     0.545              0         -0.732         10.500         23.480          0.004         26.650 2023-02-26T14:14:31
      2300    119629     0.542              0         -0.696         10.000          0.000          0.000         28.545 2023-02-26T14:15:00
      2310    120584     0.539              0         -0.750          9.900        180.496          0.349         27.560 2023-02-26T14:15:27
      2320    121494     0.537              0         -0.737         10.000        305.403          0.011         26.278 2023-02-26T14:15:53
      2330    122437     0.534              0         -0.821          7.100        304.898          0.348         26.430 2023-02-26T14:16:20
      2340    123354     0.531              0         -0.726         10.300        541.722          0.012         25.420 2023-02-26T14:16:45
      2350    124323     0.529              0         -0.662         11.800         62.633          0.000         25.581 2023-02-26T14:17:11
      2360    125209     0.526              0         -0.860          6.000          0.000          0.000         25.225 2023-02-26T14:17:36
      2370    126184     0.524              0         -0.672         11.900        300.991          0.343         27.550 2023-02-26T14:18:04
      2380    127077     0.521              0         -0.771         10.100          0.000          0.000         24.977 2023-02-26T14:18:29
      2390    127980     0.519              0         -0.821          7.100         63.167          0.343         25.773 2023-02-26T14:18:54
      2400    128972     0.516              0         -0.711         11.200         16.890         -0.003         26.579 2023-02-26T14:19:21
      2410    129902     0.514              0         -0.790          8.600        189.346          0.014         26.065 2023-02-26T14:19:47
      2420    130806     0.512              0         -0.818          6.700         15.046          0.007         26.335 2023-02-26T14:20:13
      2430    131775     0.509              0         -0.800          8.500         35.115          0.344         26.966 2023-02-26T14:20:40
      2440    132736     0.506              0         -0.730         10.200         19.380          0.344         25.516 2023-02-26T14:21:06
      2450    133613     0.504              0         -0.818          7.200         22.441         -0.004         25.416 2023-02-26T14:21:31
      2460    134562     0.502              0         -0.797          8.600        161.666          0.344         26.502 2023-02-26T14:21:58
      2470    135536     0.499              0         -0.737         10.200          0.000          0.000         26.852 2023-02-26T14:22:25
      2480    136447     0.497              0         -0.818          7.200        369.025          0.009         25.801 2023-02-26T14:22:50
      2490    137416     0.494              0         -0.733         10.000        169.052          0.009         27.281 2023-02-26T14:23:18
      2500    138545     0.492              0         -0.740          9.800        124.036          0.000         27.634 2023-02-26T14:23:45
      2510    139579     0.489              0         -0.700          9.600       1633.385          0.151         26.878 2023-02-26T14:24:12
      2520    140704     0.486              0         -0.477         15.400        202.647          0.004         29.230 2023-02-26T14:24:41
      2530    141706     0.484              0         -0.705         11.500          0.000          0.000         26.437 2023-02-26T14:25:08
      2540    142675     0.481              0         -0.706          9.900        215.400         -0.004         27.165 2023-02-26T14:25:35
      2550    143750     0.479              0         -0.791          8.700       1924.138          0.151         27.917 2023-02-26T14:26:03
      2560    144599     0.477              0         -0.809          8.100          0.000          0.000         24.946 2023-02-26T14:26:28
      2570    145394     0.475              0         -0.848          6.900         79.729          0.343         25.971 2023-02-26T14:26:54
      2580    146201     0.473              0         -0.798          8.000          0.000          0.000         25.362 2023-02-26T14:27:19
      2590    147173     0.470              0         -0.733         10.300          0.000          0.000         27.279 2023-02-26T14:27:47
      2600    148567     0.467              0         -0.707          9.600         36.678          0.000         31.106 2023-02-26T14:28:18
      2610    152721     0.457              0         -0.504         15.500          0.000          0.000         57.644 2023-02-26T14:29:15
      2620    154021     0.454              0         -0.473         15.800       1693.014          0.157         30.042 2023-02-26T14:29:45
      2630    182657     0.392              0         -0.724         10.400         61.023          0.044        279.844 2023-02-26T14:34:25
      2640    183496     0.390              0         -0.775         10.000         19.764          0.020         23.968 2023-02-26T14:34:49
      2650    184300     0.389              0         -0.850          6.900         34.518          0.035         25.341 2023-02-26T14:35:15
      2660    185166     0.387              0         -0.779          8.900       1636.973          0.502         25.661 2023-02-26T14:35:40
      2670    186197     0.385              0         -0.716         10.600         15.934          0.018         26.756 2023-02-26T14:36:07
      2680    187473     0.383              0         -0.685         10.000         28.759          0.367         29.145 2023-02-26T14:36:36
      2690    189019     0.380              0         -0.504         14.700         26.366          0.344         32.474 2023-02-26T14:37:09
      2700    190306     0.377              0         -0.740          9.800         95.734          0.039         28.748 2023-02-26T14:37:37
      2710    191299     0.375              0         -0.818          7.200       1272.070          0.152         26.387 2023-02-26T14:38:04
      2720    192794     0.372              0          1.459         33.500       1317.685          0.497         31.877 2023-02-26T14:38:36
      2730    196922     0.365              0         -0.650         12.800         49.865          0.362         55.351 2023-02-26T14:39:31
      2740    197876     0.363              0         -0.842          6.700         12.857          0.007         25.795 2023-02-26T14:39:57
      2750    198720     0.361              0         -0.708         10.800         35.509          0.005         24.783 2023-02-26T14:40:21
      2760    209248     0.342              2         -0.677         10.800         18.011          0.002        114.000 2023-02-26T14:42:15
      2770    212617     0.336              0         -0.797          8.600       1150.194          0.152         48.938 2023-02-26T14:43:04
      2780    213572     0.335              0         -0.763         10.100        103.285          0.348         26.652 2023-02-26T14:43:31
      2790    214345     0.333              0         -0.879          5.800          0.000          0.000         23.857 2023-02-26T14:43:55
      2800    215163     0.332              0         -0.794          8.500         21.426          0.035         24.834 2023-02-26T14:44:20
      2810    217867     0.327              1         74.045        170.400        100.942          0.002         41.786 2023-02-26T14:45:02
      2820    251949     0.275             15        302.816        713.500          0.000          0.000        330.469 2023-02-26T14:50:32
      2830    286964     0.230             17         -0.121         16.600         26.049          0.011        329.828 2023-02-26T14:56:02
      2840    291912     0.224              0         -0.796          8.300        892.246          0.151         59.882 2023-02-26T14:57:02
      2850    292745     0.223              0         -0.801          8.500         26.721          0.031         23.616 2023-02-26T14:57:25
      2860    293477     0.222              0         -0.870          5.700         21.757          0.030         22.204 2023-02-26T14:57:48
      2870    300910     0.214              2          0.029         22.200         23.675          0.366         82.071 2023-02-26T14:59:10
      2880    302420     0.212              0          1.426         28.200         95.704          0.016         29.719 2023-02-26T14:59:39
      2890    303188     0.211              0         -0.797          8.600          7.377          0.016         22.718 2023-02-26T15:00:02
      2900    303949     0.211              0         -0.799          8.400         30.382          0.026         23.065 2023-02-26T15:00:25
      2910    304684     0.210              0         -0.873          5.400          0.000          0.000         22.812 2023-02-26T15:00:48
      2920    305909     0.209              0         -0.283         19.700          0.000          0.000         26.909 2023-02-26T15:01:15
      2930    313216     0.201              0         -0.502         15.400          0.000          0.000         81.614 2023-02-26T15:02:36
      2940    319593     0.194              0          2.761         36.200        937.421          0.150         72.929 2023-02-26T15:03:49
      2950    322648     0.191              0          6.057         57.400         18.865          0.027         43.400 2023-02-26T15:04:33
      2960    324777     0.189              0          0.814         33.500          0.000          0.000         34.771 2023-02-26T15:05:08
      2970    329498     0.185              0         14.134         73.300        685.844          0.052         58.617 2023-02-26T15:06:06
      2980    331554     0.183              0         -0.495         15.100        114.451          0.344         34.730 2023-02-26T15:06:41
      2990    332856     0.182              0         -0.480         15.800          0.000          0.000         27.953 2023-02-26T15:07:09
      3000    334367     0.180              0         -0.726          8.900        937.437          0.148         29.021 2023-02-26T15:07:38
      3010    337017     0.178              0         -0.506         14.800         10.354          0.018         39.272 2023-02-26T15:08:17
      3020    338688     0.176              0          0.033         22.800         26.155          0.043         31.028 2023-02-26T15:08:48
      3030    341183     0.174              0         -0.196         16.400        772.001          0.148         38.147 2023-02-26T15:09:26
      3040    345435     0.170              0          0.699         32.000        205.850          0.053         54.025 2023-02-26T15:10:20
      3050    351426     0.165              0          9.336         71.800          0.000          0.000         69.764 2023-02-26T15:11:30
      3060    358231     0.159              1        148.270        322.300         98.812          0.365         76.885 2023-02-26T15:12:47
      3070    364600     0.154              1          1.978         41.100        799.055          0.147         71.957 2023-02-26T15:13:59
      3080    400079     0.129             15         89.072        239.100         23.151          0.040        328.133 2023-02-26T15:19:27
      3090    408060     0.124              2         82.490        215.200         13.987          0.065         86.333 2023-02-26T15:20:53
      3100    420526     0.116              4         -0.726          9.100          0.000          0.000        126.184 2023-02-26T15:23:00
      3110    424043     0.114              0          0.112         23.300          0.000          0.000         46.987 2023-02-26T15:23:47
      3120    427715     0.112              0         16.026         89.200         12.944          0.386         48.731 2023-02-26T15:24:35
      3130    436508     0.107              0          7.785         55.300          0.000          0.000         94.000 2023-02-26T15:26:09
      3140    473884     0.088             17        130.682        301.800         33.193          0.380        344.683 2023-02-26T15:31:54
      3150    490970     0.081              7        100.707        294.700        158.844          0.483        167.478 2023-02-26T15:34:41
      3160    505810     0.075              1         83.069        238.400          9.974          0.068        148.559 2023-02-26T15:37:10
      3170    521324     0.069              1         91.952        270.200        632.210          0.145        154.538 2023-02-26T15:39:45
      3180    531337     0.066              1         48.869        175.400         46.383          0.001        105.391 2023-02-26T15:41:30
      3190    553254     0.059              5          1.989         41.400          0.000          0.000        210.012 2023-02-26T15:45:00
      3200    565792     0.055              1          8.508         57.700         29.921          0.034        125.013 2023-02-26T15:47:05
      3210    587019     0.049              5         28.286        102.000          0.000          0.000        204.007 2023-02-26T15:50:29
      3220    599305     0.046              0         24.091        130.100          0.000          0.000        124.658 2023-02-26T15:52:34
      3230    616377     0.042              3        112.895        281.500        780.529          0.144        167.480 2023-02-26T15:55:21
      3240    632138     0.039              1         14.237         84.500         30.140          0.391        154.402 2023-02-26T15:57:56
      3250    643444     0.037              2          1.980         41.000         29.645          0.001        116.454 2023-02-26T15:59:52
      3260    663066     0.033              7         76.126        188.300          0.000          0.000        190.604 2023-02-26T16:03:03
      3270    685145     0.030              3         72.437        218.900          0.000          0.000        210.061 2023-02-26T16:06:33
      3280    698210     0.028              1         -0.462         15.600          9.895          0.031        130.358 2023-02-26T16:08:43
      3290    748572     0.022             26        335.822        754.600         22.442          0.342        460.898 2023-02-26T16:16:24
      3300    834260     0.014             46        215.742        474.200       1098.907          0.518        769.131 2023-02-26T16:29:13
      3310    888165     0.011             23         39.390        118.800          0.000          0.000        490.780 2023-02-26T16:37:24
      3320    940319     0.008             23        144.278        317.400          0.000          0.000        477.357 2023-02-26T16:45:21
      3330    987443     0.006             20          8.522         57.100         20.690          0.049        432.451 2023-02-26T16:52:34
      3340   1003050     0.006              0         38.028        153.800        752.856          0.535        153.808 2023-02-26T16:55:07
      3350   1014178     0.006              0         17.994        112.200         11.202          0.344        113.849 2023-02-26T16:57:01
      3360   1026220     0.005              0         55.974        141.300         20.001          0.092        123.150 2023-02-26T16:59:04
      3370   1047515     0.005              3         65.446        196.400        605.312          0.490        205.017 2023-02-26T17:02:29
      3380   1086958     0.004             14         28.850        138.600          0.000          0.000        363.598 2023-02-26T17:08:33
      3390   1133318     0.003             20         20.120         85.600        102.820          0.395        427.947 2023-02-26T17:15:41
      3400   1157513     0.003              8        354.603        780.600          0.000          0.000        230.812 2023-02-26T17:19:32
      3410   1181627     0.002              8         16.784        103.300         13.436          0.030        229.971 2023-02-26T17:23:22
      3420   1204406     0.002              6         -0.467         15.800        727.096          0.143        216.292 2023-02-26T17:26:58
      3430   1220783     0.002              3         56.211        148.400          7.544          0.075        160.997 2023-02-26T17:29:39
      3440   1237610     0.002              1         55.967        141.600         23.405          0.111        165.415 2023-02-26T17:32:25
      3450   1348374     0.001             64        131.559        302.500          0.000          0.000        991.422 2023-02-26T17:48:56
      3460   1399558     0.001             21        280.087        621.000          8.843          0.345        467.878 2023-02-26T17:56:44
      3470   1465338     0.001             34        746.118       1600.000          0.000          0.000        597.205 2023-02-26T18:06:41
      3480   1490182     0.000              9         17.243        110.500         29.060          0.080        235.807 2023-02-26T18:10:37
      3490   1501548     0.000              1         88.837        232.500          9.079          0.051        116.499 2023-02-26T18:12:33
      3500   1545866     0.000             19        594.414       1278.300          0.000          0.000        410.218 2023-02-26T18:19:24
      3510   1697879     0.000             95        746.118       1600.000          0.000          0.000       1363.866 2023-02-26T18:42:07
      3520   1857879     0.000            100        746.118       1600.000          0.000          0.000       1430.861 2023-02-26T19:05:58
      3530   2017879     0.000            100        746.118       1600.000          0.000          0.000       1426.974 2023-02-26T19:29:45
      3540   2177879     0.000            100        746.118       1600.000          0.000          0.000       1429.547 2023-02-26T19:53:35
