   Episode      Step   Epsilon  Get_resultnum     MeanReward     MeanLength       MeanLoss     MeanQValue      TimeDelta                Time
         0     220   1.000             0       -0.957        2.200        0.000        0.000        4.523 2023-01-19T23:55:16
        10    2480   0.999             0       -0.953        2.255        0.234        0.041       17.664 2023-01-19T23:55:33
        20    4828   0.999             0       -0.950        2.299        0.193        0.040       18.299 2023-01-19T23:55:52
        30    7285   0.998             0       -0.946        2.350        0.178        0.047       18.368 2023-01-19T23:56:10
        40    9871   0.998             0       -0.942        2.408        0.169        0.067       19.642 2023-01-19T23:56:30
        50   12429   0.997             0       -0.939        2.437        0.190        0.135       22.808 2023-01-19T23:56:53
        60   14918   0.996             0       -0.938        2.446        0.180        0.147       20.754 2023-01-19T23:57:13
        70   17428   0.996             0       -0.937        2.455        0.174        0.167       20.658 2023-01-19T23:57:34
        80   20004   0.995             0       -0.936        2.470        0.169        0.183       21.051 2023-01-19T23:57:55
        90   22605   0.994             0       -0.935        2.484        0.182        0.273       22.896 2023-01-19T23:58:18
       100   25180   0.994             0       -0.934        2.496        0.179        0.302       20.910 2023-01-19T23:58:39
       110   27735   0.993             0       -0.932        2.526        0.169        0.353       20.993 2023-01-19T23:59:00
       120   30340   0.992             0       -0.930        2.551        0.183        0.490       22.880 2023-01-19T23:59:23
       130   33060   0.992             0       -0.927        2.578        0.185        0.568       74.274 2023-01-20T00:00:37
       140   35794   0.991             0       -0.926        2.592        0.186        0.657       78.831 2023-01-20T00:01:56
       150   38566   0.990             0       -0.924        2.614        0.192        0.910      108.164 2023-01-20T00:03:44
       160   41430   0.990             0       -0.921        2.651        0.198        1.077       94.758 2023-01-20T00:05:19
       170   44338   0.989             0       -0.918        2.691        0.201        1.266       80.676 2023-01-20T00:06:39
       180   47175   0.988             0       -0.915        2.717        0.218        1.781      112.251 2023-01-20T00:08:32
       190   49925   0.988             0       -0.914        2.732        0.202        1.987       85.377 2023-01-20T00:09:57
       200   52659   0.987             0       -0.912        2.748        0.217        2.508      106.088 2023-01-20T00:11:43
       210   55333   0.986             0       -0.911        2.760        0.213        2.722       52.692 2023-01-20T00:12:36
       220   58060   0.986             0       -0.910        2.772        0.195        2.770       19.859 2023-01-20T00:12:56
       230   60915   0.985             0       -0.908        2.786        0.214        3.448       22.850 2023-01-20T00:13:18
       240   63639   0.984             0       -0.908        2.784        0.219        3.889       21.226 2023-01-20T00:13:40
       250   66400   0.984             0       -0.908        2.783        0.202        4.253       21.194 2023-01-20T00:14:01
       260   69280   0.983             0       -0.908        2.785        0.227        5.257       23.580 2023-01-20T00:14:24
       270   72152   0.982             0       -0.908        2.781        0.235        5.663       21.569 2023-01-20T00:14:46
       280   75084   0.981             0       -0.907        2.791        0.263        6.448       23.499 2023-01-20T00:15:10
       290   77899   0.981             0       -0.907        2.797        0.275        6.800       21.777 2023-01-20T00:15:31
       300   80681   0.980             0       -0.906        2.802        0.274        6.892       20.988 2023-01-20T00:15:52
       310   83513   0.979             0       -0.905        2.818        0.301        7.964       23.092 2023-01-20T00:16:15
       320   86329   0.979             0       -0.903        2.827        0.312        8.524       21.405 2023-01-20T00:16:37
       330   89077   0.978             0       -0.904        2.816        0.315        9.247       22.610 2023-01-20T00:16:59
       340   91882   0.977             0       -0.902        2.824        0.312        9.418       58.647 2023-01-20T00:17:58
       350   94587   0.977             0       -0.903        2.819        0.313        9.569       81.683 2023-01-20T00:19:20
       360   97244   0.976             0       -0.905        2.796        0.303        9.901       86.671 2023-01-20T00:20:46
       370   99958   0.975             0       -0.906        2.781        0.298       10.108       79.650 2023-01-20T00:22:06
       380  102616   0.975             0       -0.909        2.753        0.260        9.609       70.920 2023-01-20T00:23:17
       390  105283   0.974             0       -0.910        2.738        0.273       10.578       85.657 2023-01-20T00:24:43
       400  107911   0.973             0       -0.911        2.723        0.264       10.696       78.583 2023-01-20T00:26:01
       410  110515   0.973             0       -0.913        2.700        0.240       10.125       82.690 2023-01-20T00:27:24
       420  113102   0.972             0       -0.915        2.677        0.250       10.962       91.879 2023-01-20T00:28:56
       430  115729   0.971             0       -0.917        2.665        0.229       10.276       76.181 2023-01-20T00:30:12
       440  118346   0.971             0       -0.919        2.646        0.226       10.316       78.041 2023-01-20T00:31:30
       450  120892   0.970             0       -0.920        2.631        0.226       10.342       81.319 2023-01-20T00:32:51
       460  123401   0.970             0       -0.921        2.616        0.224       10.215       92.731 2023-01-20T00:34:24
       470  125908   0.969             0       -0.923        2.595        0.221       10.123       82.663 2023-01-20T00:35:47
       480  128404   0.968             0       -0.924        2.579        0.219        9.987       82.571 2023-01-20T00:37:09
       490  130934   0.968             0       -0.926        2.565        0.219        9.779       96.346 2023-01-20T00:38:46
       500  133448   0.967             0       -0.927        2.554        0.219        9.680       74.101 2023-01-20T00:40:00
       510  135955   0.967             0       -0.927        2.544        0.223        9.596       81.959 2023-01-20T00:41:22
       520  138405   0.966             0       -0.929        2.530        0.208        8.632       78.821 2023-01-20T00:42:41
       530  140826   0.965             0       -0.931        2.510        0.212        8.512       85.424 2023-01-20T00:44:06
       540  143262   0.965             0       -0.932        2.492        0.234        8.945       89.488 2023-01-20T00:45:35
       550  145763   0.964             0       -0.932        2.487        0.238        8.841       78.516 2023-01-20T00:46:54
       560  148244   0.964             0       -0.933        2.484        0.227        8.123       81.094 2023-01-20T00:48:15
       570  150660   0.963             0       -0.934        2.475        0.227        8.041       84.183 2023-01-20T00:49:39
       580  153065   0.962             0       -0.934        2.466        0.247        8.634       27.581 2023-01-20T00:50:07
       590  155483   0.962             0       -0.935        2.455        0.227        7.858       18.519 2023-01-20T00:50:25
       600  157924   0.961             0       -0.936        2.448        0.227        7.823       18.745 2023-01-20T00:50:44
       610  160314   0.961             0       -0.937        2.436        0.226        7.728       17.738 2023-01-20T00:51:02
       620  162698   0.960             0       -0.937        2.429        0.227        7.697       18.277 2023-01-20T00:51:20
       630  165112   0.960             0       -0.937        2.429        0.245        8.270       19.714 2023-01-20T00:51:40
       640  167517   0.959             0       -0.937        2.425        0.227        7.725       17.850 2023-01-20T00:51:58
       650  169880   0.958             0       -0.939        2.412        0.222        7.566       17.814 2023-01-20T00:52:15
       660  172206   0.958             0       -0.940        2.396        0.216        7.387       17.453 2023-01-20T00:52:33
       670  174581   0.957             0       -0.940        2.392        0.216        7.327       18.275 2023-01-20T00:52:51
       680  176945   0.957             0       -0.941        2.388        0.195        6.630       18.239 2023-01-20T00:53:09
       690  179354   0.956             0       -0.941        2.387        0.212        7.265       20.076 2023-01-20T00:53:30
       700  181702   0.956             0       -0.941        2.378        0.212        7.231       17.941 2023-01-20T00:53:47
       710  184077   0.955             0       -0.941        2.376        0.211        7.257       18.182 2023-01-20T00:54:06
       720  186469   0.954             0       -0.941        2.377        0.209        7.233       18.205 2023-01-20T00:54:24
       730  188817   0.954             0       -0.941        2.371        0.191        6.595       18.036 2023-01-20T00:54:42
       740  191143   0.953             0       -0.942        2.363        0.193        6.532       18.023 2023-01-20T00:55:00
       750  193447   0.953             0       -0.942        2.357        0.216        7.012       19.500 2023-01-20T00:55:19
       760  195749   0.952             0       -0.942        2.354        0.218        7.034       17.691 2023-01-20T00:55:37
       770  198041   0.952             0       -0.943        2.346        0.218        6.942       17.621 2023-01-20T00:55:55
       780  200388   0.951             0       -0.943        2.344        0.224        6.907       18.066 2023-01-20T00:56:13
       790  202689   0.951             0       -0.944        2.333        0.208        6.153       17.941 2023-01-20T00:56:31
       800  204987   0.950             0       -0.945        2.329        0.210        6.077       17.770 2023-01-20T00:56:49
       810  207339   0.949             0       -0.945        2.326        0.210        5.967       17.895 2023-01-20T00:57:06
       820  209651   0.949             0       -0.946        2.318        0.233        6.556       19.619 2023-01-20T00:57:26
       830  211970   0.948             0       -0.946        2.315        0.230        6.468       17.953 2023-01-20T00:57:44
       840  214308   0.948             0       -0.945        2.317        0.230        6.470       18.234 2023-01-20T00:58:02
       850  216641   0.947             0       -0.945        2.319        0.211        5.958       18.464 2023-01-20T00:58:21
       860  218987   0.947             0       -0.944        2.324        0.214        5.976       18.350 2023-01-20T00:58:39
       870  221292   0.946             0       -0.944        2.325        0.216        6.053       18.143 2023-01-20T00:58:57
       880  223613   0.946             0       -0.944        2.322        0.232        6.564       19.918 2023-01-20T00:59:17
       890  225936   0.945             0       -0.944        2.325        0.233        6.583       18.003 2023-01-20T00:59:35
       900  228277   0.945             0       -0.943        2.329        0.238        6.579       18.076 2023-01-20T00:59:53
       910  230553   0.944             0       -0.944        2.321        0.246        6.606       17.547 2023-01-20T01:00:11
       920  232858   0.943             0       -0.944        2.321        0.225        5.957       18.017 2023-01-20T01:00:29
       930  235139   0.943             0       -0.945        2.317        0.226        5.947       17.699 2023-01-20T01:00:46
       940  237467   0.942             0       -0.945        2.316        0.225        5.877       18.135 2023-01-20T01:01:05
       950  239769   0.942             0       -0.945        2.313        0.245        6.462       19.670 2023-01-20T01:01:24
       960  242082   0.941             0       -0.946        2.309        0.242        6.432       17.852 2023-01-20T01:01:42
       970  244388   0.941             0       -0.946        2.310        0.244        6.392       17.803 2023-01-20T01:02:00
       980  246721   0.940             0       -0.945        2.311        0.230        5.929       17.987 2023-01-20T01:02:18
       990  248983   0.940             0       -0.946        2.305        0.229        5.890       17.586 2023-01-20T01:02:35
      1000  251278   0.939             0       -0.946        2.300        0.220        5.820       17.602 2023-01-20T01:02:53
      1010  253559   0.939             0       -0.946        2.301        0.217        5.808       17.714 2023-01-20T01:03:11
      1020  255833   0.938             0       -0.946        2.297        0.231        6.273       19.750 2023-01-20T01:03:31
      1030  258132   0.938             0       -0.946        2.299        0.232        6.284       18.297 2023-01-20T01:03:49
      1040  260444   0.937             0       -0.946        2.298        0.231        6.328       18.613 2023-01-20T01:04:07
      1050  262717   0.936             0       -0.946        2.295        0.209        5.730       17.920 2023-01-20T01:04:25
      1060  264996   0.936             0       -0.947        2.291        0.211        5.773       18.293 2023-01-20T01:04:44
      1070  267307   0.935             0       -0.946        2.292        0.205        5.742       18.610 2023-01-20T01:05:02
      1080  269533   0.935             0       -0.947        2.281        0.201        5.687       18.309 2023-01-20T01:05:21
      1090  271815   0.934             0       -0.947        2.283        0.212        6.143       20.280 2023-01-20T01:05:41
      1100  274105   0.934             0       -0.947        2.283        0.215        6.170       18.427 2023-01-20T01:05:59
      1110  276414   0.933             0       -0.947        2.286        0.215        6.186       18.215 2023-01-20T01:06:17
      1120  278666   0.933             0       -0.947        2.283        0.199        5.738       18.393 2023-01-20T01:06:36
      1130  280949   0.932             0       -0.947        2.282        0.200        5.710       18.213 2023-01-20T01:06:54
      1140  283218   0.932             0       -0.948        2.277        0.200        5.640       17.951 2023-01-20T01:07:12
      1150  285461   0.931             0       -0.948        2.274        0.202        5.611       18.245 2023-01-20T01:07:30
      1160  287735   0.931             0       -0.948        2.274        0.202        5.472       18.565 2023-01-20T01:07:49
      1170  289990   0.930             0       -0.949        2.268        0.221        5.936       20.268 2023-01-20T01:08:09
      1180  292223   0.930             0       -0.949        2.269        0.219        5.847       18.382 2023-01-20T01:08:28
      1190  294501   0.929             0       -0.949        2.269        0.208        5.373       18.219 2023-01-20T01:08:46
      1200  296757   0.928             0       -0.949        2.265        0.207        5.366       17.713 2023-01-20T01:09:03
      1210  299002   0.928             0       -0.950        2.259        0.203        5.284       18.191 2023-01-20T01:09:22
      1220  301278   0.927             0       -0.950        2.261        0.207        5.233       18.307 2023-01-20T01:09:40
      1230  303514   0.927             0       -0.950        2.256        0.212        5.213       18.339 2023-01-20T01:09:58
      1240  305761   0.926             0       -0.951        2.254        0.215        5.156       18.290 2023-01-20T01:10:17
      1250  308014   0.926             0       -0.950        2.255        0.244        5.608       20.647 2023-01-20T01:10:37
      1260  310253   0.925             0       -0.951        2.252        0.252        5.647       17.699 2023-01-20T01:10:55
      1270  312506   0.925             0       -0.950        2.252        0.242        5.150       17.587 2023-01-20T01:11:12
      1280  314714   0.924             0       -0.951        2.249        0.246        5.102       17.732 2023-01-20T01:11:30
      1290  316970   0.924             0       -0.951        2.247        0.247        5.063       17.899 2023-01-20T01:11:48
      1300  319242   0.923             0       -0.951        2.248        0.252        5.077       18.356 2023-01-20T01:12:06
      1310  321503   0.923             0       -0.950        2.250        0.258        5.097       18.534 2023-01-20T01:12:25
      1320  323748   0.922             0       -0.951        2.247        0.257        5.095       18.620 2023-01-20T01:12:44
      1330  325980   0.922             0       -0.951        2.247        0.252        5.065       17.670 2023-01-20T01:13:01
      1340  328219   0.921             0       -0.951        2.246        0.267        5.527       19.203 2023-01-20T01:13:21
      1350  330447   0.921             0       -0.951        2.243        0.237        5.013       17.240 2023-01-20T01:13:38
      1360  332703   0.920             0       -0.951        2.245        0.232        5.060       18.228 2023-01-20T01:13:56
      1370  334922   0.920             0       -0.951        2.242        0.228        5.006       17.919 2023-01-20T01:14:14
      1380  337177   0.919             0       -0.951        2.246        0.226        5.051       17.608 2023-01-20T01:14:32
      1390  339439   0.919             0       -0.951        2.247        0.225        5.101       18.419 2023-01-20T01:14:50
      1400  341694   0.918             0       -0.951        2.245        0.224        5.042       17.812 2023-01-20T01:15:08
      1410  343952   0.918             0       -0.951        2.245        0.227        5.076       18.312 2023-01-20T01:15:26
      1420  346196   0.917             0       -0.951        2.245        0.226        5.082       18.260 2023-01-20T01:15:44
      1430  348442   0.917             0       -0.951        2.246        0.253        5.537       20.075 2023-01-20T01:16:04
      1440  350691   0.916             0       -0.950        2.247        0.237        5.116       18.187 2023-01-20T01:16:23
      1450  352961   0.916             0       -0.950        2.251        0.243        5.184       18.654 2023-01-20T01:16:41
      1460  355161   0.915             0       -0.950        2.246        0.244        5.129       18.133 2023-01-20T01:16:59
      1470  357391   0.915             0       -0.950        2.247        0.244        5.113       17.949 2023-01-20T01:17:17
      1480  359636   0.914             0       -0.950        2.246        0.246        5.120       18.564 2023-01-20T01:17:36
      1490  361887   0.914             0       -0.950        2.245        0.249        5.095       18.073 2023-01-20T01:17:54
      1500  364147   0.913             0       -0.950        2.245        0.249        5.103       17.957 2023-01-20T01:18:12
      1510  366421   0.912             0       -0.950        2.247        0.245        5.096       18.115 2023-01-20T01:18:30
      1520  368640   0.912             0       -0.950        2.244        0.261        5.529       19.151 2023-01-20T01:18:49
      1530  370901   0.911             0       -0.950        2.246        0.236        5.092       17.665 2023-01-20T01:19:07
      1540  373144   0.911             0       -0.951        2.245        0.235        5.095       18.124 2023-01-20T01:19:25
      1550  375381   0.910             0       -0.951        2.242        0.232        5.058       18.393 2023-01-20T01:19:43
      1560  377665   0.910             0       -0.950        2.250        0.227        5.097       18.400 2023-01-20T01:20:02
      1570  379883   0.909             0       -0.951        2.249        0.227        5.197       17.536 2023-01-20T01:20:19
      1580  382136   0.909             0       -0.951        2.250        0.221        5.179       17.786 2023-01-20T01:20:37
      1590  384357   0.908             0       -0.951        2.247        0.215        5.214       17.457 2023-01-20T01:20:55
      1600  386647   0.908             0       -0.951        2.250        0.231        5.713       19.415 2023-01-20T01:21:14
      1610  388932   0.907             0       -0.950        2.251        0.229        5.713       17.616 2023-01-20T01:21:32
      1620  391202   0.907             0       -0.950        2.256        0.212        5.240       17.632 2023-01-20T01:21:49
      1630  393431   0.906             0       -0.950        2.253        0.212        5.285       17.367 2023-01-20T01:22:07
      1640  395650   0.906             0       -0.950        2.251        0.211        5.224       18.270 2023-01-20T01:22:25
      1650  397906   0.905             0       -0.950        2.252        0.210        5.195       18.299 2023-01-20T01:22:43
      1660  400168   0.905             0       -0.950        2.250        0.212        5.185       18.572 2023-01-20T01:23:02
      1670  402437   0.904             0       -0.950        2.255        0.208        5.117       18.366 2023-01-20T01:23:20
      1680  404744   0.904             0       -0.949        2.261        0.234        5.703       20.459 2023-01-20T01:23:41
      1690  407064   0.903             0       -0.948        2.271        0.242        5.726       18.608 2023-01-20T01:23:59
      1700  409311   0.903             0       -0.949        2.266        0.228        5.242       18.241 2023-01-20T01:24:17
      1710  411568   0.902             0       -0.949        2.264        0.226        5.207       18.441 2023-01-20T01:24:36
      1720  413854   0.902             0       -0.949        2.265        0.230        5.267       18.378 2023-01-20T01:24:54
      1730  416149   0.901             0       -0.948        2.272        0.232        5.243       18.499 2023-01-20T01:25:13
      1740  418496   0.901             0       -0.947        2.285        0.234        5.343       18.653 2023-01-20T01:25:31
      1750  420749   0.900             0       -0.947        2.284        0.236        5.449       18.362 2023-01-20T01:25:50
      1760  423028   0.900             0       -0.947        2.286        0.258        5.960       20.214 2023-01-20T01:26:10
      1770  425352   0.899             0       -0.946        2.292        0.260        6.058       18.664 2023-01-20T01:26:29
      1780  427625   0.899             0       -0.947        2.288        0.236        5.537       18.682 2023-01-20T01:26:47
      1790  429902   0.898             0       -0.947        2.284        0.230        5.472       18.235 2023-01-20T01:27:06
      1800  432237   0.898             0       -0.946        2.293        0.225        5.551       18.399 2023-01-20T01:27:24
      1810  434539   0.897             0       -0.946        2.297        0.229        5.636       18.243 2023-01-20T01:27:42
      1820  436820   0.897             0       -0.946        2.297        0.242        6.097       19.736 2023-01-20T01:28:02
      1830  439111   0.896             0       -0.946        2.296        0.237        6.107       18.616 2023-01-20T01:28:20
      1840  441417   0.896             0       -0.947        2.292        0.233        6.078       18.344 2023-01-20T01:28:39
      1850  443782   0.895             0       -0.946        2.303        0.233        6.134       18.143 2023-01-20T01:28:57
      1860  446088   0.894             0       -0.945        2.306        0.210        5.734       18.717 2023-01-20T01:29:16
      1870  448361   0.894             0       -0.946        2.301        0.206        5.702       18.467 2023-01-20T01:29:34
      1880  450644   0.893             0       -0.946        2.302        0.206        5.727       18.368 2023-01-20T01:29:53
      1890  452921   0.893             0       -0.946        2.302        0.222        6.262       20.236 2023-01-20T01:30:13
      1900  455245   0.892             0       -0.946        2.301        0.221        6.262       18.549 2023-01-20T01:30:31
      1910  457623   0.892             0       -0.945        2.308        0.221        6.339       19.065 2023-01-20T01:30:50
      1920  459960   0.891             0       -0.944        2.314        0.204        5.943       18.851 2023-01-20T01:31:09
      1930  462228   0.891             0       -0.944        2.312        0.204        5.954       18.479 2023-01-20T01:31:28
      1940  464540   0.890             0       -0.944        2.312        0.206        5.947       17.980 2023-01-20T01:31:46
      1950  466895   0.890             0       -0.945        2.311        0.203        5.868       18.228 2023-01-20T01:32:04
      1960  469160   0.889             0       -0.945        2.307        0.224        6.338       19.655 2023-01-20T01:32:24
      1970  471481   0.889             0       -0.945        2.312        0.231        6.373       18.484 2023-01-20T01:32:42
      1980  473783   0.888             0       -0.944        2.314        0.239        6.400       17.785 2023-01-20T01:33:00
      1990  476139   0.888             0       -0.944        2.322        0.225        5.887       18.119 2023-01-20T01:33:18
      2000  478468   0.887             0       -0.944        2.322        0.232        5.924       18.152 2023-01-20T01:33:36
      2010  480825   0.887             0       -0.944        2.320        0.234        5.824       18.122 2023-01-20T01:33:54
      2020  483124   0.886             0       -0.945        2.316        0.262        6.367       20.310 2023-01-20T01:34:15
      2030  485444   0.886             0       -0.945        2.322        0.266        6.392       18.530 2023-01-20T01:34:33
      2040  487792   0.885             0       -0.944        2.325        0.266        6.450       18.777 2023-01-20T01:34:52
      2050  490146   0.885             0       -0.944        2.325        0.267        6.512       18.109 2023-01-20T01:35:10
      2060  492486   0.884             0       -0.943        2.333        0.245        5.957       18.555 2023-01-20T01:35:29
      2070  494828   0.884             0       -0.943        2.335        0.243        5.956       18.352 2023-01-20T01:35:47
      2080  497187   0.883             0       -0.943        2.340        0.259        6.523       20.607 2023-01-20T01:36:07
      2090  499531   0.883             0       -0.943        2.339        0.255        6.598       19.029 2023-01-20T01:36:27
      2100  501895   0.882             0       -0.943        2.343        0.252        6.568       19.541 2023-01-20T01:36:46
      2110  504240   0.882             0       -0.943        2.341        0.250        6.604       19.047 2023-01-20T01:37:05
      2120  506594   0.881             0       -0.942        2.347        0.223        6.089       18.570 2023-01-20T01:37:24
      2130  508964   0.881             0       -0.941        2.352        0.219        6.061       18.697 2023-01-20T01:37:42
      2140  511276   0.880             0       -0.942        2.348        0.244        6.620       20.781 2023-01-20T01:38:03
      2150  513605   0.880             0       -0.942        2.346        0.246        6.573       18.639 2023-01-20T01:38:22
      2160  515954   0.879             0       -0.942        2.347        0.252        6.660       18.483 2023-01-20T01:38:40
      2170  518288   0.878             0       -0.943        2.346        0.255        6.669       18.333 2023-01-20T01:38:59
      2180  520651   0.878             0       -0.943        2.346        0.233        6.042       19.369 2023-01-20T01:39:18
      2190  523002   0.877             0       -0.943        2.347        0.239        6.043       18.392 2023-01-20T01:39:36
      2200  525360   0.877             0       -0.943        2.347        0.265        6.594       21.134 2023-01-20T01:39:57
      2210  527692   0.876             0       -0.943        2.345        0.269        6.564       18.960 2023-01-20T01:40:16
      2220  530098   0.876             0       -0.943        2.350        0.273        6.559       18.761 2023-01-20T01:40:35
      2230  532453   0.875             0       -0.943        2.349        0.281        6.679       18.340 2023-01-20T01:40:54
      2240  534823   0.875             0       -0.942        2.355        0.260        6.142       18.691 2023-01-20T01:41:12
      2250  537238   0.874             0       -0.942        2.363        0.258        6.154       18.929 2023-01-20T01:41:31
      2260  539633   0.874             0       -0.941        2.368        0.284        6.813       20.636 2023-01-20T01:41:52
      2270  542044   0.873             0       -0.940        2.376        0.280        6.886       18.818 2023-01-20T01:42:11
      2280  544452   0.873             0       -0.939        2.380        0.285        7.007       18.994 2023-01-20T01:42:30
      2290  546836   0.872             0       -0.939        2.383        0.283        7.037       18.889 2023-01-20T01:42:49
      2300  549223   0.872             0       -0.938        2.386        0.255        6.516       18.660 2023-01-20T01:43:07
      2310  551604   0.871             0       -0.938        2.391        0.273        7.175       20.090 2023-01-20T01:43:27
      2320  554013   0.871             0       -0.938        2.392        0.268        7.193       18.955 2023-01-20T01:43:46
      2330  556468   0.870             0       -0.937        2.401        0.264        7.168       19.082 2023-01-20T01:44:05
      2340  558853   0.870             0       -0.937        2.403        0.259        7.283       18.816 2023-01-20T01:44:24
      2350  561306   0.869             0       -0.936        2.407        0.258        7.274       18.967 2023-01-20T01:44:43
      2360  563715   0.869             0       -0.936        2.408        0.253        7.331       20.408 2023-01-20T01:45:03
      2370  566186   0.868             0       -0.935        2.414        0.254        7.344       19.384 2023-01-20T01:45:23
      2380  568629   0.867             0       -0.935        2.418        0.253        7.390       19.170 2023-01-20T01:45:42
      2390  571086   0.867             0       -0.935        2.425        0.251        7.439       19.187 2023-01-20T01:46:01
      2400  573549   0.866             0       -0.934        2.433        0.252        7.528       18.939 2023-01-20T01:46:20
      2410  576086   0.866             0       -0.933        2.448        0.249        7.638       21.258 2023-01-20T01:46:41
      2420  578628   0.865             0       -0.932        2.462        0.249        7.710       19.411 2023-01-20T01:47:01
      2430  581059   0.865             0       -0.932        2.459        0.247        7.804       19.138 2023-01-20T01:47:20
      2440  583561   0.864             0       -0.931        2.471        0.245        7.742       19.257 2023-01-20T01:47:39
      2450  586081   0.864             0       -0.931        2.478        0.269        8.560       21.042 2023-01-20T01:48:00
      2460  588671   0.863             0       -0.929        2.496        0.249        7.944       19.433 2023-01-20T01:48:20
      2470  591246   0.863             0       -0.928        2.506        0.252        8.009       19.555 2023-01-20T01:48:39
      2480  593860   0.862             0       -0.927        2.523        0.280        8.903       21.043 2023-01-20T01:49:00
      2490  596507   0.861             0       -0.925        2.542        0.284        9.000       19.268 2023-01-20T01:49:20
      2500  599189   0.861             0       -0.923        2.564        0.290        9.114       19.608 2023-01-20T01:49:39
      2510  601953   0.860             0       -0.920        2.587        0.305        9.405       21.763 2023-01-20T01:50:01
      2520  604732   0.860             0       -0.918        2.610        0.314        9.561       20.063 2023-01-20T01:50:21
      2530  607537   0.859             0       -0.914        2.648        0.322        9.635       20.660 2023-01-20T01:50:42
      2540  610376   0.858             0       -0.912        2.681        0.359       10.684       22.253 2023-01-20T01:51:04
      2550  613274   0.858             0       -0.909        2.719        0.340       10.153       21.304 2023-01-20T01:51:25
      2560  616358   0.857             0       -0.904        2.769        0.368       11.188       23.306 2023-01-20T01:51:49
      2570  619762   0.856             0       -0.896        2.852        0.369       11.372       22.796 2023-01-20T01:52:11
      2580  623383   0.856             0       -0.885        2.952        0.367       11.568       25.190 2023-01-20T01:52:37
      2590  627235   0.855             0       -0.873        3.073        0.393       12.531       25.924 2023-01-20T01:53:02
      2600  631378   0.854             0       -0.857        3.219        0.415       13.317       26.655 2023-01-20T01:53:29
      2610  635879   0.853             0       -0.838        3.393        0.403       13.134       27.929 2023-01-20T01:53:57
      2620  640859   0.852             0       -0.813        3.613        0.427       13.921       31.451 2023-01-20T01:54:28
      2630  646072   0.851             0       -0.785        3.854        0.425       14.023       30.457 2023-01-20T01:54:59
      2640  651461   0.850             0       -0.753        4.109        0.392       13.194       32.285 2023-01-20T01:55:31
      2650  656389   0.849             0       -0.729        4.311        0.381       12.535       31.683 2023-01-20T01:56:03
      2660  659710   0.848             0       -0.729        4.335        0.333       10.835       22.583 2023-01-20T01:56:25
      2670  662710   0.847             0       -0.737        4.295        0.313        9.985       23.431 2023-01-20T01:56:49
      2680  665710   0.847             0       -0.748        4.233        0.267        8.241       21.751 2023-01-20T01:57:11
      2690  668710   0.846             0       -0.760        4.147        0.221        6.568       23.164 2023-01-20T01:57:34
      2700  671710   0.845             0       -0.777        4.033        0.176        5.010       21.671 2023-01-20T01:57:56
      2710  674710   0.845             0       -0.797        3.883        0.140        3.628       23.139 2023-01-20T01:58:19
      2720  677710   0.844             0       -0.824        3.685        0.092        2.028       21.524 2023-01-20T01:58:40
      2730  680710   0.844             0       -0.853        3.464        0.076        1.182       23.493 2023-01-20T01:59:04
      2740  683710   0.843             0       -0.886        3.225        0.059        0.370       21.241 2023-01-20T01:59:25
      2750  686710   0.842             0       -0.912        3.032        0.057        0.232       23.178 2023-01-20T01:59:48
      2760  689710   0.842             0       -0.917        3.000        0.059        0.224       21.218 2023-01-20T02:00:09
      2770  692710   0.841             0       -0.917        3.000        0.067        0.219       23.399 2023-01-20T02:00:33
      2780  695710   0.840             0       -0.917        3.000        0.071        0.220       21.354 2023-01-20T02:00:54
      2790  698710   0.840             0       -0.917        3.000        0.082        0.217       23.736 2023-01-20T02:01:18
      2800  701710   0.839             0       -0.917        3.000        0.087        0.217       21.137 2023-01-20T02:01:39
      2810  704710   0.838             0       -0.917        3.000        0.099        0.217       23.599 2023-01-20T02:02:03
      2820  707710   0.838             0       -0.917        3.000        0.103        0.215       21.291 2023-01-20T02:02:24
      2830  710710   0.837             0       -0.917        3.000        0.113        0.215       23.404 2023-01-20T02:02:47
      2840  713710   0.837             0       -0.917        3.000        0.117        0.214       21.411 2023-01-20T02:03:09
      2850  716710   0.836             0       -0.917        3.000        0.126        0.212       23.552 2023-01-20T02:03:32
      2860  719710   0.835             0       -0.917        3.000        0.130        0.212       21.109 2023-01-20T02:03:53
      2870  722710   0.835             0       -0.917        3.000        0.136        0.215       23.892 2023-01-20T02:04:17
      2880  725710   0.834             0       -0.917        3.000        0.139        0.214       20.947 2023-01-20T02:04:38
      2890  728710   0.833             0       -0.917        3.000        0.132        0.202       22.088 2023-01-20T02:05:00
      2900  731710   0.833             0       -0.917        3.000        0.142        0.214       22.279 2023-01-20T02:05:22
      2910  734710   0.832             0       -0.917        3.000        0.133        0.199       21.598 2023-01-20T02:05:44
      2920  737710   0.832             0       -0.917        3.000        0.143        0.216       23.365 2023-01-20T02:06:07
      2930  740710   0.831             0       -0.917        3.000        0.133        0.200       21.030 2023-01-20T02:06:28
      2940  743710   0.830             0       -0.917        3.000        0.141        0.214       23.044 2023-01-20T02:06:52
      2950  746710   0.830             0       -0.917        3.000        0.130        0.201       20.815 2023-01-20T02:07:12
      2960  749710   0.829             0       -0.917        3.000        0.140        0.216       22.739 2023-01-20T02:07:35
      2970  752710   0.828             0       -0.917        3.000        0.130        0.200       21.014 2023-01-20T02:07:56
      2980  755710   0.828             0       -0.917        3.000        0.138        0.216       22.577 2023-01-20T02:08:19
      2990  758710   0.827             0       -0.917        3.000        0.138        0.214       21.083 2023-01-20T02:08:40
      3000  761710   0.827             0       -0.917        3.000        0.139        0.215       22.630 2023-01-20T02:09:02
      3010  764710   0.826             0       -0.917        3.000        0.138        0.216       21.015 2023-01-20T02:09:23
      3020  767710   0.825             0       -0.917        3.000        0.138        0.216       22.611 2023-01-20T02:09:46
      3030  770710   0.825             0       -0.917        3.000        0.139        0.217       20.699 2023-01-20T02:10:07
      3040  773710   0.824             0       -0.917        3.000        0.138        0.217       23.038 2023-01-20T02:10:30
      3050  776710   0.824             0       -0.917        3.000        0.138        0.219       20.801 2023-01-20T02:10:51
      3060  779710   0.823             0       -0.917        3.000        0.137        0.217       22.660 2023-01-20T02:11:13
      3070  782710   0.822             0       -0.917        3.000        0.137        0.218       20.887 2023-01-20T02:11:34
      3080  785710   0.822             0       -0.917        3.000        0.139        0.215       22.803 2023-01-20T02:11:57
      3090  788710   0.821             0       -0.917        3.000        0.140        0.216       20.785 2023-01-20T02:12:18
      3100  791710   0.820             0       -0.917        3.000        0.142        0.216       22.625 2023-01-20T02:12:40
      3110  794710   0.820             0       -0.917        3.000        0.143        0.217       21.036 2023-01-20T02:13:01
      3120  797710   0.819             0       -0.917        3.000        0.145        0.215       22.800 2023-01-20T02:13:24
      3130  800710   0.819             0       -0.917        3.000        0.146        0.217       20.755 2023-01-20T02:13:45
      3140  803710   0.818             0       -0.917        3.000        0.149        0.217       22.617 2023-01-20T02:14:08
      3150  806710   0.817             0       -0.917        3.000        0.150        0.216       20.606 2023-01-20T02:14:28
      3160  809710   0.817             0       -0.917        3.000        0.152        0.217       22.142 2023-01-20T02:14:50
      3170  812710   0.816             0       -0.917        3.000        0.153        0.217       20.772 2023-01-20T02:15:11
      3180  815710   0.816             0       -0.917        3.000        0.154        0.218       22.932 2023-01-20T02:15:34
      3190  818710   0.815             0       -0.917        3.000        0.154        0.218       20.721 2023-01-20T02:15:55
      3200  821710   0.814             0       -0.917        3.000        0.153        0.217       22.300 2023-01-20T02:16:17
      3210  824710   0.814             0       -0.917        3.000        0.152        0.216       20.018 2023-01-20T02:16:37
      3220  827710   0.813             0       -0.917        3.000        0.153        0.215       21.705 2023-01-20T02:16:59
      3230  830710   0.812             0       -0.917        3.000        0.152        0.213       19.880 2023-01-20T02:17:19
      3240  833710   0.812             0       -0.917        3.000        0.150        0.213       21.627 2023-01-20T02:17:40
      3250  836710   0.811             0       -0.917        3.000        0.149        0.213       21.478 2023-01-20T02:18:02
      3260  839710   0.811             0       -0.917        3.000        0.148        0.215       22.051 2023-01-20T02:18:24
      3270  842710   0.810             0       -0.917        3.000        0.146        0.214       20.258 2023-01-20T02:18:44
      3280  845710   0.809             0       -0.917        3.000        0.143        0.216       21.920 2023-01-20T02:19:06
      3290  848710   0.809             0       -0.917        3.000        0.142        0.216       19.635 2023-01-20T02:19:26
      3300  851710   0.808             0       -0.917        3.000        0.140        0.216       21.734 2023-01-20T02:19:47
      3310  854710   0.808             0       -0.917        3.000        0.139        0.218       20.413 2023-01-20T02:20:08
      3320  857710   0.807             0       -0.917        3.000        0.137        0.218       21.956 2023-01-20T02:20:30
      3330  860710   0.806             0       -0.917        3.000        0.136        0.218       20.206 2023-01-20T02:20:50
      3340  863710   0.806             0       -0.917        3.000        0.134        0.218       21.601 2023-01-20T02:21:11
      3350  866710   0.805             0       -0.917        3.000        0.134        0.218       20.120 2023-01-20T02:21:32
      3360  869710   0.805             0       -0.917        3.000        0.134        0.214       21.944 2023-01-20T02:21:54
      3370  872710   0.804             0       -0.917        3.000        0.134        0.213       20.065 2023-01-20T02:22:14
      3380  875710   0.803             0       -0.917        3.000        0.137        0.209       21.743 2023-01-20T02:22:35
      3390  878710   0.803             0       -0.917        3.000        0.138        0.210       19.942 2023-01-20T02:22:55
      3400  881710   0.802             0       -0.917        3.000        0.143        0.211       21.994 2023-01-20T02:23:17
      3410  884710   0.802             0       -0.917        3.000        0.144        0.210       20.341 2023-01-20T02:23:38
      3420  887710   0.801             0       -0.917        3.000        0.148        0.210       21.254 2023-01-20T02:23:59
      3430  890710   0.800             0       -0.917        3.000        0.150        0.211       20.075 2023-01-20T02:24:19
      3440  893710   0.800             0       -0.917        3.000        0.152        0.211       21.905 2023-01-20T02:24:41
      3450  896710   0.799             0       -0.917        3.000        0.153        0.211       20.255 2023-01-20T02:25:01
      3460  899710   0.799             0       -0.917        3.000        0.155        0.210       21.903 2023-01-20T02:25:23
      3470  902710   0.798             0       -0.917        3.000        0.156        0.211       20.008 2023-01-20T02:25:43
      3480  905710   0.797             0       -0.917        3.000        0.156        0.212       21.577 2023-01-20T02:26:05
      3490  908710   0.797             0       -0.917        3.000        0.157        0.211       20.252 2023-01-20T02:26:25
      3500  911710   0.796             0       -0.917        3.000        0.154        0.207       21.866 2023-01-20T02:26:47
      3510  914710   0.796             0       -0.917        3.000        0.154        0.207       20.068 2023-01-20T02:27:07
      3520  917710   0.795             0       -0.917        3.000        0.153        0.206       21.949 2023-01-20T02:27:29
      3530  920710   0.794             0       -0.917        3.000        0.152        0.205       19.740 2023-01-20T02:27:48
      3540  923710   0.794             0       -0.917        3.000        0.150        0.209       22.074 2023-01-20T02:28:11
      3550  926710   0.793             0       -0.917        3.000        0.150        0.208       19.912 2023-01-20T02:28:30
      3560  929710   0.793             0       -0.917        3.000        0.138        0.196       20.461 2023-01-20T02:28:51
      3570  932710   0.792             0       -0.917        3.000        0.148        0.211       22.359 2023-01-20T02:29:13
      3580  935710   0.791             0       -0.917        3.000        0.137        0.197       20.406 2023-01-20T02:29:34
      3590  938710   0.791             0       -0.917        3.000        0.146        0.213       21.896 2023-01-20T02:29:56
      3600  941710   0.790             0       -0.917        3.000        0.136        0.202       20.453 2023-01-20T02:30:16
      3610  944710   0.790             0       -0.917        3.000        0.145        0.217       22.064 2023-01-20T02:30:38
      3620  947710   0.789             0       -0.917        3.000        0.134        0.202       20.141 2023-01-20T02:30:58
      3630  950710   0.788             0       -0.917        3.000        0.145        0.216       21.977 2023-01-20T02:31:20
      3640  953710   0.788             0       -0.917        3.000        0.136        0.199       20.262 2023-01-20T02:31:40
      3650  956710   0.787             0       -0.917        3.000        0.146        0.213       21.923 2023-01-20T02:32:02
      3660  959710   0.787             0       -0.917        3.000        0.146        0.214       21.646 2023-01-20T02:32:24
      3670  962710   0.786             0       -0.917        3.000        0.145        0.212       23.302 2023-01-20T02:32:47
      3680  965710   0.786             0       -0.917        3.000        0.145        0.212       21.476 2023-01-20T02:33:09
      3690  968710   0.785             0       -0.917        3.000        0.144        0.210       23.202 2023-01-20T02:33:32
      3700  971710   0.784             0       -0.917        3.000        0.144        0.210       20.309 2023-01-20T02:33:52
      3710  974710   0.784             0       -0.917        3.000        0.143        0.208       22.034 2023-01-20T02:34:14
      3720  977710   0.783             0       -0.917        3.000        0.142        0.208       20.467 2023-01-20T02:34:35
      3730  980710   0.783             0       -0.917        3.000        0.140        0.205       22.890 2023-01-20T02:34:58
      3740  983710   0.782             0       -0.917        3.000        0.138        0.206       20.705 2023-01-20T02:35:18
      3750  986710   0.781             0       -0.917        3.000        0.136        0.205       22.439 2023-01-20T02:35:41
      3760  989710   0.781             0       -0.917        3.000        0.136        0.204       20.328 2023-01-20T02:36:01
      3770  992710   0.780             0       -0.917        3.000        0.135        0.203       22.511 2023-01-20T02:36:24
      3780  995710   0.780             0       -0.917        3.000        0.135        0.204       20.801 2023-01-20T02:36:45
      3790  998710   0.779             0       -0.917        3.000        0.135        0.205       22.519 2023-01-20T02:37:07
      3800 1001710   0.778             0       -0.917        3.000        0.135        0.205       22.432 2023-01-20T02:37:29
      3810 1004710   0.778             0       -0.917        3.000        0.137        0.204       22.717 2023-01-20T02:37:52
      3820 1007710   0.777             0       -0.917        3.000        0.139        0.204       20.816 2023-01-20T02:38:13
      3830 1010710   0.777             0       -0.917        3.000        0.144        0.207       22.747 2023-01-20T02:38:36
      3840 1013710   0.776             0       -0.917        3.000        0.146        0.207       20.763 2023-01-20T02:38:57
      3850 1016710   0.776             0       -0.917        3.000        0.151        0.207       22.933 2023-01-20T02:39:19
      3860 1019710   0.775             0       -0.917        3.000        0.153        0.206       20.430 2023-01-20T02:39:40
      3870 1022710   0.774             0       -0.917        3.000        0.158        0.209       23.327 2023-01-20T02:40:03
      3880 1025710   0.774             0       -0.917        3.000        0.160        0.208       21.296 2023-01-20T02:40:25
      3890 1028710   0.773             0       -0.917        3.000        0.163        0.207       22.366 2023-01-20T02:40:47
      3900 1031710   0.773             0       -0.917        3.000        0.164        0.208       20.170 2023-01-20T02:41:07
      3910 1034710   0.772             0       -0.917        3.000        0.165        0.207       21.858 2023-01-20T02:41:29
      3920 1037710   0.771             0       -0.917        3.000        0.164        0.207       20.023 2023-01-20T02:41:49
      3930 1040710   0.771             0       -0.917        3.000        0.161        0.206       21.628 2023-01-20T02:42:11
      3940 1043710   0.770             0       -0.917        3.000        0.160        0.206       19.817 2023-01-20T02:42:30
      3950 1046710   0.770             0       -0.917        3.000        0.157        0.204       22.291 2023-01-20T02:42:53
      3960 1049710   0.769             0       -0.917        3.000        0.155        0.202       20.488 2023-01-20T02:43:13
      3970 1052710   0.769             0       -0.917        3.000        0.152        0.201       22.346 2023-01-20T02:43:35
      3980 1055710   0.768             0       -0.917        3.000        0.151        0.200       20.184 2023-01-20T02:43:56
      3990 1058710   0.767             0       -0.917        3.000        0.149        0.199       21.600 2023-01-20T02:44:17
      4000 1061710   0.767             0       -0.917        3.000        0.148        0.198       20.206 2023-01-20T02:44:37
      4010 1064710   0.766             0       -0.917        3.000        0.148        0.198       22.063 2023-01-20T02:45:00
      4020 1067710   0.766             0       -0.917        3.000        0.147        0.200       19.916 2023-01-20T02:45:19
      4030 1070710   0.765             0       -0.917        3.000        0.148        0.200       21.898 2023-01-20T02:45:41
      4040 1073710   0.765             0       -0.917        3.000        0.149        0.200       19.997 2023-01-20T02:46:01
      4050 1076710   0.764             0       -0.917        3.000        0.150        0.203       22.413 2023-01-20T02:46:24
      4060 1079710   0.763             0       -0.917        3.000        0.151        0.204       20.455 2023-01-20T02:46:44
      4070 1082710   0.763             0       -0.917        3.000        0.154        0.205       22.210 2023-01-20T02:47:06
      4080 1085710   0.762             0       -0.917        3.000        0.155        0.206       20.133 2023-01-20T02:47:27
      4090 1088710   0.762             0       -0.917        3.000        0.157        0.205       21.775 2023-01-20T02:47:48
      4100 1091710   0.761             0       -0.917        3.000        0.157        0.205       19.987 2023-01-20T02:48:08
      4110 1094710   0.761             0       -0.917        3.000        0.157        0.206       21.609 2023-01-20T02:48:30
      4120 1097710   0.760             0       -0.917        3.000        0.157        0.204       19.974 2023-01-20T02:48:50
      4130 1100710   0.759             0       -0.917        3.000        0.157        0.205       21.730 2023-01-20T02:49:12
      4140 1103710   0.759             0       -0.917        3.000        0.156        0.206       20.107 2023-01-20T02:49:32
      4150 1106710   0.758             0       -0.917        3.000        0.156        0.206       22.037 2023-01-20T02:49:54
      4160 1109710   0.758             0       -0.917        3.000        0.155        0.207       20.142 2023-01-20T02:50:14
      4170 1112710   0.757             0       -0.917        3.000        0.153        0.207       21.970 2023-01-20T02:50:36
      4180 1115710   0.757             0       -0.917        3.000        0.152        0.208       19.967 2023-01-20T02:50:56
      4190 1118710   0.756             0       -0.917        3.000        0.150        0.211       22.110 2023-01-20T02:51:18
      4200 1121710   0.755             0       -0.917        3.000        0.150        0.210       20.137 2023-01-20T02:51:38
      4210 1124710   0.755             0       -0.917        3.000        0.150        0.208       21.951 2023-01-20T02:52:00
      4220 1127710   0.754             0       -0.917        3.000        0.150        0.208       20.337 2023-01-20T02:52:20
      4230 1130710   0.754             0       -0.917        3.000        0.140        0.193       20.324 2023-01-20T02:52:41
      4240 1133710   0.753             0       -0.917        3.000        0.148        0.206       22.262 2023-01-20T02:53:03
      4250 1136710   0.753             0       -0.917        3.000        0.137        0.193       20.206 2023-01-20T02:53:23
      4260 1139710   0.752             0       -0.917        3.000        0.146        0.206       21.899 2023-01-20T02:53:45
      4270 1142710   0.752             0       -0.917        3.000        0.135        0.191       20.234 2023-01-20T02:54:05
      4280 1145710   0.751             0       -0.917        3.000        0.143        0.204       22.116 2023-01-20T02:54:27
      4290 1148710   0.750             0       -0.917        3.000        0.132        0.189       20.528 2023-01-20T02:54:48
      4300 1151710   0.750             0       -0.917        3.000        0.139        0.204       22.025 2023-01-20T02:55:10
      4310 1154710   0.749             0       -0.917        3.000        0.128        0.191       20.100 2023-01-20T02:55:30
      4320 1157710   0.749             0       -0.917        3.000        0.137        0.206       22.061 2023-01-20T02:55:52
      4330 1160710   0.748             0       -0.917        3.000        0.137        0.207       20.352 2023-01-20T02:56:13
      4340 1163710   0.748             0       -0.917        3.000        0.137        0.206       21.893 2023-01-20T02:56:34
      4350 1166710   0.747             0       -0.917        3.000        0.137        0.204       20.303 2023-01-20T02:56:55
      4360 1169710   0.746             0       -0.917        3.000        0.138        0.201       22.010 2023-01-20T02:57:17
      4370 1172710   0.746             0       -0.917        3.000        0.138        0.201       20.230 2023-01-20T02:57:37
      4380 1176122   0.745             0       -0.908        3.041        0.191        0.207       23.188 2023-01-20T02:58:00
      4390 1179202   0.745             0       -0.907        3.049        0.199        0.218       21.976 2023-01-20T02:58:22
      4400 1183222   0.744             0       -0.886        3.151        0.289        0.230       25.330 2023-01-20T02:58:47
      4410 1187872   0.743             0       -0.852        3.316        0.342        0.301       27.686 2023-01-20T02:59:15
      4420 1195460   0.742             0       -0.759        3.775        0.395        1.047       41.260 2023-01-20T02:59:56
      4430 1202856   0.740             0       -0.672        4.215        0.420        1.691       38.405 2023-01-20T03:00:35
      4440 1210366   0.739             0       -0.581        4.666        0.444        2.519       41.075 2023-01-20T03:01:16
      4450 1217676   0.738             0       -0.495        5.097        0.469        3.107       39.574 2023-01-20T03:01:55
      4460 1225580   0.736             0       -0.396        5.587        0.496        3.772       42.529 2023-01-20T03:02:38
      4470 1233093   0.735             0       -0.305        6.038        0.522        4.441       41.514 2023-01-20T03:03:19
      4480 1240907   0.733             0       -0.216        6.479        0.486        4.963       42.500 2023-01-20T03:04:02
      4490 1248775   0.732             0       -0.118        6.957        0.504        5.440       41.631 2023-01-20T03:04:44
      4500 1257007   0.730             0       -0.032        7.378        0.420        5.865       42.770 2023-01-20T03:05:26
      4510 1264867   0.729             0        0.033        7.700        0.378        6.102       40.138 2023-01-20T03:06:07
      4520 1273183   0.727             0        0.050        7.772        0.338        5.759       45.361 2023-01-20T03:06:52
      4530 1282097   0.726             0        0.084        7.924        0.322        5.395       45.652 2023-01-20T03:07:38
      4540 1291195   0.724             0        0.119        8.083        0.298        4.819       47.530 2023-01-20T03:08:25
      4550 1300059   0.723             0        0.154        8.238        0.287        4.515       47.818 2023-01-20T03:09:13
      4560 1309301   0.721             0        0.184        8.372        0.266        4.045       46.899 2023-01-20T03:10:00
      4570 1318373   0.719             0        0.218        8.528        0.266        3.702       48.261 2023-01-20T03:10:48
      4580 1328461   0.717             0        0.266        8.755        0.251        3.442       52.170 2023-01-20T03:11:40
      4590 1339189   0.715             0        0.326        9.041        0.230        3.181       55.337 2023-01-20T03:12:36
      4600 1349751   0.714             0        0.375        9.274        0.222        2.925       54.523 2023-01-20T03:13:30
      4610 1361247   0.712             0        0.452        9.638        0.213        2.832       60.768 2023-01-20T03:14:31
      4620 1373427   0.709             0        0.532       10.024        0.190        2.597       62.944 2023-01-20T03:15:34
      4630 1386067   0.707             0        0.610       10.397        0.177        2.478       64.221 2023-01-20T03:16:38
      4640 1398795   0.705             0        0.685       10.760        0.164        2.377       63.325 2023-01-20T03:17:41
      4650 1411609   0.703             0        0.767       11.155        0.145        2.242       64.449 2023-01-20T03:18:46
      4660 1424609   0.700             0        0.845       11.531        0.126        2.137       64.570 2023-01-20T03:19:50
      4670 1437609   0.698             0        0.927       11.924        0.096        1.931       65.933 2023-01-20T03:20:56
      4680 1450471   0.696             0        0.984       12.201        0.082        1.787       64.327 2023-01-20T03:22:01
      4690 1462457   0.694             0        1.001       12.327        0.073        1.711       58.258 2023-01-20T03:22:59
      4700 1474385   0.692             0        1.021       12.463        0.064        1.726       62.027 2023-01-20T03:24:01
      4710 1486029   0.690             0        1.012       12.478        0.059        1.739       60.588 2023-01-20T03:25:01
      4720 1498177   0.688             0        1.003       12.475        0.059        1.741       62.343 2023-01-20T03:26:04
      4730 1510435   0.685             0        0.988       12.437        0.061        1.737       62.641 2023-01-20T03:27:06
      4740 1522469   0.683             0        0.967       12.367        0.062        1.750       59.718 2023-01-20T03:28:06
      4750 1534577   0.681             0        0.946       12.297        0.065        1.819       62.307 2023-01-20T03:29:08
      4760 1546685   0.679             0        0.919       12.208        0.069        1.939       62.500 2023-01-20T03:30:11
      4770 1558675   0.677             0        0.889       12.107        0.071        2.021       59.308 2023-01-20T03:31:10
      4780 1570287   0.675             0        0.852       11.982        0.074        2.187       59.613 2023-01-20T03:32:10
      4790 1581961   0.673             0        0.842       11.950        0.076        2.278       57.743 2023-01-20T03:33:08
      4800 1593627   0.671             0        0.833       11.924        0.077        2.326       60.872 2023-01-20T03:34:09
      4810 1604589   0.670             0        0.811       11.856        0.078        2.245       55.290 2023-01-20T03:35:04
      4820 1614139   0.668             0        0.736       11.596        0.077        2.123       50.182 2023-01-20T03:35:54
      4830 1623139   0.666             0        0.642       11.270        0.074        2.005       47.066 2023-01-20T03:36:41
      4840 1632139   0.665             0        0.553       10.967        0.071        1.868       46.823 2023-01-20T03:37:28
      4850 1641139   0.663             0        0.463       10.656        0.067        1.700       49.431 2023-01-20T03:38:17
      4860 1650139   0.662             0        0.374       10.345        0.063        1.520       46.620 2023-01-20T03:39:04
      4870 1659139   0.660             0        0.288       10.046        0.060        1.354       47.151 2023-01-20T03:39:51
      4880 1668139   0.659             0        0.214        9.785        0.058        1.100       48.527 2023-01-20T03:40:40
      4890 1677139   0.658             0        0.138        9.518        0.057        0.895       46.355 2023-01-20T03:41:26
      4900 1687517   0.656             0        0.102        9.389        0.068        0.785       53.304 2023-01-20T03:42:19
      4910 1697957   0.654             0        0.103        9.337        0.078        1.330       52.827 2023-01-20T03:43:12
      4920 1706717   0.653             0        0.111        9.258        0.083        2.188       44.931 2023-01-20T03:43:57
      4930 1715669   0.651             0        0.137        9.253        0.091        3.253       47.756 2023-01-20T03:44:45
      4940 1723937   0.650             0        0.150        9.180        0.097        4.060       44.159 2023-01-20T03:45:29
      4950 1732464   0.648             0        0.167        9.133        0.101        4.760       44.055 2023-01-20T03:46:13
      4960 1740894   0.647             0        0.183        9.075        0.106        5.498       44.939 2023-01-20T03:46:58
      4970 1748640   0.646             0        0.186        8.950        0.112        6.179       41.738 2023-01-20T03:47:40
      4980 1756378   0.645             0        0.188        8.824        0.114        6.678       41.365 2023-01-20T03:48:21
      4990 1763829   0.643             0        0.185        8.669        0.119        7.357       40.680 2023-01-20T03:49:02
      5000 1771219   0.642             0        0.142        8.370        0.108        7.672       39.482 2023-01-20T03:49:41
      5010 1779545   0.641             0        0.101        8.159        0.105        7.705       45.868 2023-01-20T03:50:27
      5020 1788237   0.640             0        0.101        8.152        0.103        7.400       45.099 2023-01-20T03:51:12
      5030 1797375   0.638             0        0.108        8.171        0.098        6.818       46.586 2023-01-20T03:51:59
      5040 1807154   0.636             0        0.141        8.322        0.097        6.532       49.943 2023-01-20T03:52:49
      5050 1816473   0.635             0        0.160        8.401        0.096        6.319       49.356 2023-01-20T03:53:38
      5060 1825577   0.634             0        0.177        8.468        0.094        5.947       47.020 2023-01-20T03:54:25
      5070 1834818   0.632             0        0.210        8.618        0.091        5.626       46.535 2023-01-20T03:55:12
      5080 1844341   0.631             0        0.247        8.796        0.091        5.576       51.437 2023-01-20T03:56:03
      5090 1853395   0.629             0        0.280        8.957        0.086        5.236       46.689 2023-01-20T03:56:50
      5100 1862675   0.628             0        0.317        9.146        0.087        5.260       48.525 2023-01-20T03:57:38
      5110 1871851   0.626             0        0.336        9.231        0.078        4.902       46.987 2023-01-20T03:58:25
      5120 1880535   0.625             0        0.336        9.230        0.076        4.662       44.568 2023-01-20T03:59:10
      5130 1889587   0.624             0        0.333        9.221        0.077        4.479       48.375 2023-01-20T03:59:58
      5140 1899195   0.622             0        0.329        9.204        0.077        4.283       51.263 2023-01-20T04:00:49
      5150 1908850   0.621             0        0.334        9.238        0.075        4.063       49.488 2023-01-20T04:01:39
      5160 1917699   0.619             0        0.327        9.212        0.077        3.997       48.641 2023-01-20T04:02:28
      5170 1927599   0.618             0        0.337        9.278        0.078        4.083       52.039 2023-01-20T04:03:20
      5180 1937186   0.616             0        0.334        9.285        0.075        3.976       50.044 2023-01-20T04:04:10
      5190 1946710   0.615             0        0.343        9.332        0.075        4.022       51.330 2023-01-20T04:05:01
      5200 1955595   0.613             0        0.335        9.292        0.074        3.831       47.448 2023-01-20T04:05:48
      5210 1964050   0.612             0        0.318        9.220        0.075        3.742       45.953 2023-01-20T04:06:34
      5220 1972567   0.611             0        0.312        9.203        0.077        3.678       47.808 2023-01-20T04:07:22
      5230 1981411   0.609             0        0.306        9.182        0.075        3.649       47.484 2023-01-20T04:08:10
      5240 1989378   0.608             0        0.269        9.018        0.075        3.570       44.035 2023-01-20T04:08:54
      5250 1997083   0.607             0        0.229        8.823        0.077        3.409       41.442 2023-01-20T04:09:35
      5260 2004678   0.606             0        0.204        8.698        0.079        3.285       42.892 2023-01-20T04:10:18
      5270 2012968   0.605             0        0.171        8.537        0.081        3.020       43.816 2023-01-20T04:11:02
      5280 2021184   0.603             0        0.144        8.400        0.085        2.864       44.545 2023-01-20T04:11:46
      5290 2029339   0.602             0        0.116        8.263        0.085        2.679       44.338 2023-01-20T04:12:31
      5300 2037901   0.601             0        0.110        8.231        0.093        2.698       48.166 2023-01-20T04:13:19
      5310 2046231   0.600             0        0.108        8.218        0.097        2.656       45.218 2023-01-20T04:14:04
      5320 2054507   0.598             0        0.105        8.194        0.099        2.574       45.205 2023-01-20T04:14:49
      5330 2062829   0.597             0        0.096        8.142        0.111        2.497       45.140 2023-01-20T04:15:35
      5340 2071633   0.596             0        0.115        8.226        0.118        2.456       47.260 2023-01-20T04:16:22
      5350 2080750   0.594             0        0.145        8.367        0.131        2.654       50.323 2023-01-20T04:17:12
      5360 2089508   0.593             0        0.168        8.483        0.136        2.722       47.051 2023-01-20T04:17:59
      5370 2098110   0.592             0        0.177        8.514        0.154        2.796       46.866 2023-01-20T04:18:46
      5380 2106594   0.591             0        0.185        8.541        0.165        2.832       45.827 2023-01-20T04:19:32
      5390 2114811   0.589             0        0.190        8.547        0.183        2.848       45.088 2023-01-20T04:20:17
      5400 2122746   0.588             0        0.180        8.485        0.192        2.802       44.002 2023-01-20T04:21:01
      5410 2130487   0.587             0        0.169        8.426        0.205        2.830       42.908 2023-01-20T04:21:44
      5420 2138075   0.586             0        0.160        8.357        0.220        2.882       42.768 2023-01-20T04:22:27
      5430 2145591   0.585             0        0.148        8.276        0.217        2.867       40.638 2023-01-20T04:23:07
      5440 2152636   0.584             0        0.120        8.100        0.223        2.904       40.809 2023-01-20T04:23:48
      5450 2160347   0.583             0        0.096        7.960        0.219        2.760       41.737 2023-01-20T04:24:30
      5460 2168395   0.582             0        0.091        7.889        0.224        2.850       44.568 2023-01-20T04:25:14
      5470 2176701   0.580             0        0.088        7.859        0.216        3.013       45.535 2023-01-20T04:26:00
      5480 2185022   0.579             0        0.086        7.843        0.216        3.199       45.476 2023-01-20T04:26:45
      5490 2193075   0.578             0        0.081        7.826        0.209        3.378       44.103 2023-01-20T04:27:29
      5500 2200388   0.577             0        0.063        7.764        0.206        3.450       41.775 2023-01-20T04:28:11
      5510 2207796   0.576             0        0.052        7.731        0.202        3.561       42.002 2023-01-20T04:28:53
      5520 2216092   0.575             0        0.061        7.802        0.194        3.761       45.035 2023-01-20T04:29:38
      5530 2224302   0.573             0        0.073        7.871        0.196        3.976       44.620 2023-01-20T04:30:23
      5540 2231810   0.572             0        0.071        7.917        0.189        3.938       40.400 2023-01-20T04:31:03
      5550 2239281   0.571             0        0.059        7.893        0.193        4.026       42.720 2023-01-20T04:31:46
      5560 2246684   0.570             0        0.034        7.829        0.192        3.953       41.693 2023-01-20T04:32:28
      5570 2254100   0.569             0        0.005        7.740        0.186        3.726       39.516 2023-01-20T04:33:07
      5580 2261660   0.568             0       -0.018        7.664        0.185        3.542       41.491 2023-01-20T04:33:49
      5590 2268749   0.567             0       -0.042        7.567        0.180        3.334       37.754 2023-01-20T04:34:26
      5600 2275586   0.566             0       -0.056        7.520        0.173        3.157       37.916 2023-01-20T04:35:04
      5610 2282137   0.565             0       -0.075        7.434        0.173        3.019       37.876 2023-01-20T04:35:42
      5620 2289029   0.564             0       -0.105        7.294        0.171        2.700       38.635 2023-01-20T04:36:21
      5630 2295495   0.563             0       -0.147        7.119        0.168        2.443       36.981 2023-01-20T04:36:58
      5640 2302250   0.562             0       -0.161        7.044        0.176        2.442       39.649 2023-01-20T04:37:38
      5650 2309323   0.561             0       -0.169        7.004        0.172        2.338       38.061 2023-01-20T04:38:16
      5660 2316176   0.560             0       -0.180        6.949        0.173        2.276       39.651 2023-01-20T04:38:55
      5670 2323884   0.559             0       -0.171        6.978        0.173        2.271       40.272 2023-01-20T04:39:36
      5680 2331527   0.558             0       -0.167        6.987        0.173        2.315       42.005 2023-01-20T04:40:18
      5688 2337637   0.557             1       -0.163        6.999        0.178        2.377       35.013 2023-01-20T04:40:53
